CUDA Memory Cleared. Current VRAM Usage: 0.00 MB
On device cuda
Getting data loader crumb
/idia/users/bevan/pid-radast/classifier-guided-physics-informed-diffusion/.venv/lib/python3.11/site-packages/torchvision/models/_utils.py:208: UserWarning: The parameter 'pretrained' is deprecated since 0.13 and may be removed in the future, please use 'weights' instead.
  warnings.warn(
/idia/users/bevan/pid-radast/classifier-guided-physics-informed-diffusion/.venv/lib/python3.11/site-packages/torchvision/models/_utils.py:223: UserWarning: Arguments other than a weight enum or `None` for 'weights' are deprecated since 0.13 and may be removed in the future. The current behavior is equivalent to passing `weights=ResNet50_Weights.IMAGENET1K_V1`. You can also use `weights=ResNet50_Weights.DEFAULT` to get the most up-to-date weights.
  warnings.warn(msg)
Total unique classes found: 2
Label IDs: [0, 1]
Total images in dataset: 2003
Total batches: 86 (at batch size 16)

============================================================
Run 1/1  |  seed=43  |  results -> results/classification/run_20260629_195304_seed43
============================================================

Training classification for 100 epochs
Epoch 0
Epoch 0, Training Loss: 0.6255, Validation Loss: 0.6183, LR: 1.68e-05
--- Saved model to checkpoints/classification/state.pt ---
Epoch 1
Epoch 1, Training Loss: 0.5890, Validation Loss: 0.5993, LR: 1.68e-05
--- Saved model to checkpoints/classification/state.pt ---
Epoch 2
Epoch 2, Training Loss: 0.5792, Validation Loss: 0.6001, LR: 1.68e-05
--- Saved model to checkpoints/classification/state.pt ---
Epoch 3
Epoch 3, Training Loss: 0.5778, Validation Loss: 0.5617, LR: 1.68e-05
--- Saved model to checkpoints/classification/state.pt ---
Epoch 4
Epoch 4, Training Loss: 0.5685, Validation Loss: 0.5682, LR: 1.67e-05
--- Saved model to checkpoints/classification/state.pt ---
Epoch 5
Epoch 5, Training Loss: 0.5495, Validation Loss: 0.5523, LR: 1.67e-05
--- Saved model to checkpoints/classification/state.pt ---
Epoch 6
Epoch 6, Training Loss: 0.5480, Validation Loss: 0.5668, LR: 1.66e-05
--- Saved model to checkpoints/classification/state.pt ---
Epoch 7
Epoch 7, Training Loss: 0.5333, Validation Loss: 0.5493, LR: 1.66e-05
--- Saved model to checkpoints/classification/state.pt ---
Epoch 8
Epoch 8, Training Loss: 0.5426, Validation Loss: 0.5839, LR: 1.65e-05
--- Saved model to checkpoints/classification/state.pt ---
Epoch 9
Epoch 9, Training Loss: 0.5421, Validation Loss: 0.5714, LR: 1.64e-05
--- Saved model to checkpoints/classification/state.pt ---
Epoch 10
Epoch 10, Training Loss: 0.5190, Validation Loss: 0.5663, LR: 1.64e-05
--- Saved model to checkpoints/classification/state.pt ---
Epoch 11
Epoch 11, Training Loss: 0.5325, Validation Loss: 0.5569, LR: 1.63e-05
--- Saved model to checkpoints/classification/state.pt ---
Epoch 12
Epoch 12, Training Loss: 0.5251, Validation Loss: 0.5461, LR: 1.62e-05
--- Saved model to checkpoints/classification/state.pt ---
Epoch 13
Epoch 13, Training Loss: 0.5209, Validation Loss: 0.5260, LR: 1.60e-05
--- Saved model to checkpoints/classification/state.pt ---
Epoch 14
Epoch 14, Training Loss: 0.5311, Validation Loss: 0.5867, LR: 1.59e-05
--- Saved model to checkpoints/classification/state.pt ---
Epoch 15
Epoch 15, Training Loss: 0.5220, Validation Loss: 0.5446, LR: 1.58e-05
--- Saved model to checkpoints/classification/state.pt ---
Epoch 16
Epoch 16, Training Loss: 0.5046, Validation Loss: 0.5506, LR: 1.57e-05
--- Saved model to checkpoints/classification/state.pt ---
Epoch 17
Epoch 17, Training Loss: 0.5077, Validation Loss: 0.6067, LR: 1.55e-05
--- Saved model to checkpoints/classification/state.pt ---
Epoch 18
Epoch 18, Training Loss: 0.5202, Validation Loss: 0.5494, LR: 1.54e-05
--- Saved model to checkpoints/classification/state.pt ---
Epoch 19
Epoch 19, Training Loss: 0.5097, Validation Loss: 0.5419, LR: 1.52e-05
--- Saved model to checkpoints/classification/state.pt ---
Epoch 20
Epoch 20, Training Loss: 0.5116, Validation Loss: 0.5227, LR: 1.51e-05
--- Saved model to checkpoints/classification/state.pt ---
Epoch 21
Epoch 21, Training Loss: 0.5187, Validation Loss: 0.5744, LR: 1.49e-05
--- Saved model to checkpoints/classification/state.pt ---
Epoch 22
