CUDA Memory Cleared. Current VRAM Usage: 0.00 MB
On device cuda
Getting data loader crumb
Total unique classes found: 2
Label IDs: [0, 1]
Total images in dataset: 2003
Total batches: 86 (at batch size 16)

============================================================
Run 1/1  |  seed=43  |  results -> results/classification/run_20260629_141624_seed43
============================================================

Training classification for 100 epochs
Epoch 0
Epoch 0, Training Loss: 0.7057, Validation Loss: 0.6541, LR: 5.00e-04
--- Saved model to checkpoints/classification/state.pt ---
Epoch 1
Epoch 1, Training Loss: 0.6283, Validation Loss: 0.6550, LR: 5.00e-04
--- Saved model to checkpoints/classification/state.pt ---
Epoch 2
Epoch 2, Training Loss: 0.6331, Validation Loss: 0.7419, LR: 4.99e-04
--- Saved model to checkpoints/classification/state.pt ---
Epoch 3
Epoch 3, Training Loss: 0.6388, Validation Loss: 0.7082, LR: 4.98e-04
--- Saved model to checkpoints/classification/state.pt ---
Epoch 4
Epoch 4, Training Loss: 0.6369, Validation Loss: 0.7137, LR: 4.97e-04
--- Saved model to checkpoints/classification/state.pt ---
Epoch 5
Epoch 5, Training Loss: 0.6590, Validation Loss: 0.8402, LR: 4.96e-04
--- Saved model to checkpoints/classification/state.pt ---
Epoch 6
Epoch 6, Training Loss: 0.6348, Validation Loss: 0.6735, LR: 4.94e-04
--- Saved model to checkpoints/classification/state.pt ---
Epoch 7
Epoch 7, Training Loss: 0.6450, Validation Loss: 0.6730, LR: 4.92e-04
--- Saved model to checkpoints/classification/state.pt ---
Epoch 8
Epoch 8, Training Loss: 0.6515, Validation Loss: 0.7306, LR: 4.90e-04
--- Saved model to checkpoints/classification/state.pt ---
Epoch 9
Epoch 9, Training Loss: 0.6231, Validation Loss: 0.6517, LR: 4.88e-04
--- Saved model to checkpoints/classification/state.pt ---
Epoch 10
Epoch 10, Training Loss: 0.6261, Validation Loss: 0.9557, LR: 4.85e-04
--- Saved model to checkpoints/classification/state.pt ---
Epoch 11
Epoch 11, Training Loss: 0.6645, Validation Loss: 0.8529, LR: 4.82e-04
--- Saved model to checkpoints/classification/state.pt ---
Epoch 12
Epoch 12, Training Loss: 0.6512, Validation Loss: 1.5051, LR: 4.79e-04
--- Saved model to checkpoints/classification/state.pt ---
Epoch 13
Epoch 13, Training Loss: 0.6465, Validation Loss: 0.6428, LR: 4.76e-04
--- Saved model to checkpoints/classification/state.pt ---
Epoch 14
Epoch 14, Training Loss: 0.6393, Validation Loss: 0.7252, LR: 4.73e-04
--- Saved model to checkpoints/classification/state.pt ---
Epoch 15
Epoch 15, Training Loss: 0.6225, Validation Loss: 1.8553, LR: 4.69e-04
--- Saved model to checkpoints/classification/state.pt ---
Epoch 16
Epoch 16, Training Loss: 0.6254, Validation Loss: 2.5126, LR: 4.65e-04
--- Saved model to checkpoints/classification/state.pt ---
Epoch 17
Epoch 17, Training Loss: 0.6207, Validation Loss: 0.6769, LR: 4.61e-04
--- Saved model to checkpoints/classification/state.pt ---
Epoch 18
Epoch 18, Training Loss: 0.6207, Validation Loss: 2.8453, LR: 4.57e-04
--- Saved model to checkpoints/classification/state.pt ---
Epoch 19
Epoch 19, Training Loss: 0.6200, Validation Loss: 0.7599, LR: 4.52e-04
--- Saved model to checkpoints/classification/state.pt ---
Epoch 20
Epoch 20, Training Loss: 0.6250, Validation Loss: 0.6685, LR: 4.48e-04
--- Saved model to checkpoints/classification/state.pt ---
Epoch 21
Epoch 21, Training Loss: 0.6063, Validation Loss: 0.6955, LR: 4.43e-04
--- Saved model to checkpoints/classification/state.pt ---
Epoch 22
Epoch 22, Training Loss: 0.6222, Validation Loss: 0.6334, LR: 4.38e-04
--- Saved model to checkpoints/classification/state.pt ---
Epoch 23
Epoch 23, Training Loss: 0.6005, Validation Loss: 0.6635, LR: 4.32e-04
--- Saved model to checkpoints/classification/state.pt ---
Epoch 24
Epoch 24, Training Loss: 0.6001, Validation Loss: 0.6584, LR: 4.27e-04
--- Saved model to checkpoints/classification/state.pt ---
Epoch 25
Epoch 25, Training Loss: 0.6107, Validation Loss: 0.7740, LR: 4.21e-04
--- Saved model to checkpoints/classification/state.pt ---
Epoch 26
Epoch 26, Training Loss: 0.6028, Validation Loss: 0.7833, LR: 4.15e-04
--- Saved model to checkpoints/classification/state.pt ---
Epoch 27
Epoch 27, Training Loss: 0.6088, Validation Loss: 0.6646, LR: 4.09e-04
--- Saved model to checkpoints/classification/state.pt ---
Epoch 28
Epoch 28, Training Loss: 0.5962, Validation Loss: 0.7286, LR: 4.03e-04
--- Saved model to checkpoints/classification/state.pt ---
Epoch 29
Epoch 29, Training Loss: 0.6000, Validation Loss: 0.6674, LR: 3.97e-04
--- Saved model to checkpoints/classification/state.pt ---
Epoch 30
Epoch 30, Training Loss: 0.5979, Validation Loss: 0.7484, LR: 3.91e-04
--- Saved model to checkpoints/classification/state.pt ---
Epoch 31
Epoch 31, Training Loss: 0.5942, Validation Loss: 0.8429, LR: 3.84e-04
--- Saved model to checkpoints/classification/state.pt ---
Epoch 32
Epoch 32, Training Loss: 0.5894, Validation Loss: 0.8179, LR: 3.77e-04
--- Saved model to checkpoints/classification/state.pt ---
Epoch 33
Epoch 33, Training Loss: 0.5870, Validation Loss: 0.5996, LR: 3.70e-04
--- Saved model to checkpoints/classification/state.pt ---
Epoch 34
Epoch 34, Training Loss: 0.5897, Validation Loss: 0.7668, LR: 3.63e-04
--- Saved model to checkpoints/classification/state.pt ---
Epoch 35
Epoch 35, Training Loss: 0.5858, Validation Loss: 0.7556, LR: 3.56e-04
--- Saved model to checkpoints/classification/state.pt ---
Epoch 36
Epoch 36, Training Loss: 0.5838, Validation Loss: 0.7767, LR: 3.49e-04
--- Saved model to checkpoints/classification/state.pt ---
Epoch 37
Epoch 37, Training Loss: 0.5888, Validation Loss: 0.7076, LR: 3.42e-04
--- Saved model to checkpoints/classification/state.pt ---
Epoch 38
Epoch 38, Training Loss: 0.5818, Validation Loss: 0.7028, LR: 3.35e-04
--- Saved model to checkpoints/classification/state.pt ---
Epoch 39
Epoch 39, Training Loss: 0.5863, Validation Loss: 0.7356, LR: 3.27e-04
--- Saved model to checkpoints/classification/state.pt ---
Epoch 40
Epoch 40, Training Loss: 0.5802, Validation Loss: 0.8579, LR: 3.20e-04
--- Saved model to checkpoints/classification/state.pt ---
Epoch 41
Epoch 41, Training Loss: 0.5753, Validation Loss: 0.6762, LR: 3.12e-04
--- Saved model to checkpoints/classification/state.pt ---
Epoch 42
Epoch 42, Training Loss: 0.5752, Validation Loss: 0.7384, LR: 3.05e-04
--- Saved model to checkpoints/classification/state.pt ---
Epoch 43
Epoch 43, Training Loss: 0.5780, Validation Loss: 0.7171, LR: 2.97e-04
--- Saved model to checkpoints/classification/state.pt ---
Epoch 44
Epoch 44, Training Loss: 0.5732, Validation Loss: 0.6444, LR: 2.89e-04
--- Saved model to checkpoints/classification/state.pt ---
Epoch 45
Epoch 45, Training Loss: 0.5810, Validation Loss: 0.6959, LR: 2.81e-04
--- Saved model to checkpoints/classification/state.pt ---
Epoch 46
Epoch 46, Training Loss: 0.5706, Validation Loss: 0.5588, LR: 2.74e-04
--- Saved model to checkpoints/classification/state.pt ---
Epoch 47
Epoch 47, Training Loss: 0.5738, Validation Loss: 0.7021, LR: 2.66e-04
--- Saved model to checkpoints/classification/state.pt ---
Epoch 48
Epoch 48, Training Loss: 0.5670, Validation Loss: 0.7109, LR: 2.58e-04
--- Saved model to checkpoints/classification/state.pt ---
Epoch 49
Epoch 49, Training Loss: 0.5611, Validation Loss: 0.6936, LR: 2.50e-04
--- Saved model to checkpoints/classification/state.pt ---
Epoch 50
Epoch 50, Training Loss: 0.5602, Validation Loss: 0.7164, LR: 2.42e-04
--- Saved model to checkpoints/classification/state.pt ---
Epoch 51
Epoch 51, Training Loss: 0.5477, Validation Loss: 0.7299, LR: 2.34e-04
--- Saved model to checkpoints/classification/state.pt ---
Epoch 52
Epoch 52, Training Loss: 0.5599, Validation Loss: 0.6981, LR: 2.26e-04
--- Saved model to checkpoints/classification/state.pt ---
Epoch 53
Epoch 53, Training Loss: 0.5501, Validation Loss: 0.7205, LR: 2.19e-04
--- Saved model to checkpoints/classification/state.pt ---
Epoch 54
Epoch 54, Training Loss: 0.5458, Validation Loss: 0.7463, LR: 2.11e-04
--- Saved model to checkpoints/classification/state.pt ---
Epoch 55
Epoch 55, Training Loss: 0.5423, Validation Loss: 0.7015, LR: 2.03e-04
--- Saved model to checkpoints/classification/state.pt ---
Epoch 56
Epoch 56, Training Loss: 0.5392, Validation Loss: 0.6359, LR: 1.95e-04
--- Saved model to checkpoints/classification/state.pt ---
Epoch 57
Epoch 57, Training Loss: 0.5476, Validation Loss: 0.5588, LR: 1.88e-04
--- Saved model to checkpoints/classification/state.pt ---
Epoch 58
Epoch 58, Training Loss: 0.5355, Validation Loss: 0.8932, LR: 1.80e-04
--- Saved model to checkpoints/classification/state.pt ---
Epoch 59
Epoch 59, Training Loss: 0.5257, Validation Loss: 0.5551, LR: 1.73e-04
--- Saved model to checkpoints/classification/state.pt ---
Epoch 60
Epoch 60, Training Loss: 0.5374, Validation Loss: 0.7960, LR: 1.65e-04
--- Saved model to checkpoints/classification/state.pt ---
Epoch 61
Epoch 61, Training Loss: 0.5233, Validation Loss: 0.5848, LR: 1.58e-04
--- Saved model to checkpoints/classification/state.pt ---
Epoch 62
Epoch 62, Training Loss: 0.5227, Validation Loss: 0.8283, LR: 1.51e-04
--- Saved model to checkpoints/classification/state.pt ---
Epoch 63
Epoch 63, Training Loss: 0.5265, Validation Loss: 1.0930, LR: 1.44e-04
--- Saved model to checkpoints/classification/state.pt ---
Epoch 64
Epoch 64, Training Loss: 0.5214, Validation Loss: 0.8673, LR: 1.37e-04
--- Saved model to checkpoints/classification/state.pt ---
Epoch 65
Epoch 65, Training Loss: 0.5147, Validation Loss: 1.0527, LR: 1.30e-04
--- Saved model to checkpoints/classification/state.pt ---
Epoch 66
Epoch 66, Training Loss: 0.5019, Validation Loss: 0.7871, LR: 1.23e-04
--- Saved model to checkpoints/classification/state.pt ---
Epoch 67
Epoch 67, Training Loss: 0.4957, Validation Loss: 0.7363, LR: 1.16e-04
--- Saved model to checkpoints/classification/state.pt ---
Epoch 68
Epoch 68, Training Loss: 0.5099, Validation Loss: 0.9331, LR: 1.09e-04
--- Saved model to checkpoints/classification/state.pt ---
Epoch 69
Epoch 69, Training Loss: 0.4973, Validation Loss: 0.5474, LR: 1.03e-04
--- Saved model to checkpoints/classification/state.pt ---
Epoch 70
Epoch 70, Training Loss: 0.4998, Validation Loss: 0.5341, LR: 9.68e-05
--- Saved model to checkpoints/classification/state.pt ---
Epoch 71
Epoch 71, Training Loss: 0.4904, Validation Loss: 1.2164, LR: 9.06e-05
--- Saved model to checkpoints/classification/state.pt ---
Epoch 72
Epoch 72, Training Loss: 0.4842, Validation Loss: 0.7536, LR: 8.47e-05
--- Saved model to checkpoints/classification/state.pt ---
Epoch 73
Epoch 73, Training Loss: 0.4928, Validation Loss: 0.5370, LR: 7.89e-05
--- Saved model to checkpoints/classification/state.pt ---
Epoch 74
Epoch 74, Training Loss: 0.4844, Validation Loss: 0.5676, LR: 7.32e-05
--- Saved model to checkpoints/classification/state.pt ---
Epoch 75
Epoch 75, Training Loss: 0.4971, Validation Loss: 0.5462, LR: 6.78e-05
--- Saved model to checkpoints/classification/state.pt ---
Epoch 76
Epoch 76, Training Loss: 0.4914, Validation Loss: 0.6036, LR: 6.25e-05
--- Saved model to checkpoints/classification/state.pt ---
Epoch 77
Epoch 77, Training Loss: 0.4838, Validation Loss: 0.6901, LR: 5.74e-05
--- Saved model to checkpoints/classification/state.pt ---
Epoch 78
Epoch 78, Training Loss: 0.4944, Validation Loss: 0.8631, LR: 5.25e-05
--- Saved model to checkpoints/classification/state.pt ---
Epoch 79
Epoch 79, Training Loss: 0.4973, Validation Loss: 0.8031, LR: 4.77e-05
--- Saved model to checkpoints/classification/state.pt ---
Epoch 80
Epoch 80, Training Loss: 0.4829, Validation Loss: 0.5614, LR: 4.32e-05
--- Saved model to checkpoints/classification/state.pt ---
Epoch 81
Epoch 81, Training Loss: 0.4743, Validation Loss: 0.5331, LR: 3.89e-05
--- Saved model to checkpoints/classification/state.pt ---
Epoch 82
Epoch 82, Training Loss: 0.4964, Validation Loss: 0.5945, LR: 3.48e-05
--- Saved model to checkpoints/classification/state.pt ---
Epoch 83
Epoch 83, Training Loss: 0.4701, Validation Loss: 0.5361, LR: 3.09e-05
--- Saved model to checkpoints/classification/state.pt ---
Epoch 84
Epoch 84, Training Loss: 0.4726, Validation Loss: 0.5461, LR: 2.72e-05
--- Saved model to checkpoints/classification/state.pt ---
Epoch 85
Epoch 85, Training Loss: 0.4874, Validation Loss: 0.7312, LR: 2.38e-05
--- Saved model to checkpoints/classification/state.pt ---
Epoch 86
Epoch 86, Training Loss: 0.4831, Validation Loss: 0.5830, LR: 2.06e-05
--- Saved model to checkpoints/classification/state.pt ---
Epoch 87
Epoch 87, Training Loss: 0.4676, Validation Loss: 0.5426, LR: 1.76e-05
--- Saved model to checkpoints/classification/state.pt ---
Epoch 88
Epoch 88, Training Loss: 0.4850, Validation Loss: 0.5466, LR: 1.48e-05
--- Saved model to checkpoints/classification/state.pt ---
Epoch 89
Epoch 89, Training Loss: 0.4725, Validation Loss: 0.5517, LR: 1.22e-05
--- Saved model to checkpoints/classification/state.pt ---
Epoch 90
Epoch 90, Training Loss: 0.4786, Validation Loss: 0.5167, LR: 9.93e-06
--- Saved model to checkpoints/classification/state.pt ---
Epoch 91
Epoch 91, Training Loss: 0.4839, Validation Loss: 0.5121, LR: 7.85e-06
--- Saved model to checkpoints/classification/state.pt ---
Epoch 92
Epoch 92, Training Loss: 0.4756, Validation Loss: 0.5241, LR: 6.02e-06
--- Saved model to checkpoints/classification/state.pt ---
Epoch 93
Epoch 93, Training Loss: 0.4735, Validation Loss: 0.5161, LR: 4.43e-06
--- Saved model to checkpoints/classification/state.pt ---
Epoch 94
Epoch 94, Training Loss: 0.4767, Validation Loss: 0.5149, LR: 3.08e-06
--- Saved model to checkpoints/classification/state.pt ---
Epoch 95
Epoch 95, Training Loss: 0.4619, Validation Loss: 0.5085, LR: 1.97e-06
--- Saved model to checkpoints/classification/state.pt ---
Epoch 96
Epoch 96, Training Loss: 0.4803, Validation Loss: 0.5298, LR: 1.11e-06
--- Saved model to checkpoints/classification/state.pt ---
Epoch 97
Epoch 97, Training Loss: 0.4737, Validation Loss: 0.5258, LR: 4.93e-07
--- Saved model to checkpoints/classification/state.pt ---
Epoch 98
Epoch 98, Training Loss: 0.4819, Validation Loss: 0.5303, LR: 1.23e-07
--- Saved model to checkpoints/classification/state.pt ---
Epoch 99
Epoch 99, Training Loss: 0.4715, Validation Loss: 0.5146, LR: 0.00e+00
--- Saved model to checkpoints/classification/state.pt ---
Testing model
Accuracy: 55.94405594405595%
