CUDA Memory Cleared. Current VRAM Usage: 0.00 MB
On device cuda
Getting data loader crumb
Total unique classes found: 2
Label IDs: [0, 1]
Total images in dataset: 2003
Total batches: 86 (at batch size 16)

============================================================
Run 1/1  |  seed=44  |  results -> results/classification/run_20260701_103602_seed44
============================================================

Training classification for 100 epochs
Epoch 0
Epoch 0, Training Loss: 0.5967, Validation Loss: 0.6329
--- Saved model to checkpoints/classification/state.pt ---
Epoch 1
Epoch 1, Training Loss: 0.5430, Validation Loss: 0.5890
--- Saved model to checkpoints/classification/state.pt ---
Epoch 2
Epoch 2, Training Loss: 0.5313, Validation Loss: 0.6145
--- Saved model to checkpoints/classification/state.pt ---
Epoch 3
Epoch 3, Training Loss: 0.5139, Validation Loss: 0.6070
--- Saved model to checkpoints/classification/state.pt ---
Epoch 4
Epoch 4, Training Loss: 0.5018, Validation Loss: 0.5913
--- Saved model to checkpoints/classification/state.pt ---
Epoch 5
Epoch 5, Training Loss: 0.5040, Validation Loss: 0.6019
--- Saved model to checkpoints/classification/state.pt ---
Epoch 6
Epoch 6, Training Loss: 0.4791, Validation Loss: 0.6012
--- Saved model to checkpoints/classification/state.pt ---
Epoch 7
Epoch 7, Training Loss: 0.4536, Validation Loss: 0.5978
--- Saved model to checkpoints/classification/state.pt ---
Epoch 8
Epoch 8, Training Loss: 0.4738, Validation Loss: 0.5995
--- Saved model to checkpoints/classification/state.pt ---
Epoch 9
Epoch 9, Training Loss: 0.4704, Validation Loss: 0.5974
--- Saved model to checkpoints/classification/state.pt ---
Epoch 10
Epoch 10, Training Loss: 0.4445, Validation Loss: 0.5808
--- Saved model to checkpoints/classification/state.pt ---
Epoch 11
Epoch 11, Training Loss: 0.4652, Validation Loss: 0.5779
--- Saved model to checkpoints/classification/state.pt ---
Epoch 12
Epoch 12, Training Loss: 0.4336, Validation Loss: 0.6569
--- Saved model to checkpoints/classification/state.pt ---
Epoch 13
Epoch 13, Training Loss: 0.4467, Validation Loss: 0.5787
--- Saved model to checkpoints/classification/state.pt ---
Epoch 14
Epoch 14, Training Loss: 0.4448, Validation Loss: 0.6637
--- Saved model to checkpoints/classification/state.pt ---
Epoch 15
Epoch 15, Training Loss: 0.4157, Validation Loss: 0.6484
--- Saved model to checkpoints/classification/state.pt ---
Epoch 16
Epoch 16, Training Loss: 0.4181, Validation Loss: 0.6119
--- Saved model to checkpoints/classification/state.pt ---
Epoch 17
Epoch 17, Training Loss: 0.4261, Validation Loss: 0.5982
--- Saved model to checkpoints/classification/state.pt ---
Epoch 18
Epoch 18, Training Loss: 0.4200, Validation Loss: 0.5854
--- Saved model to checkpoints/classification/state.pt ---
Epoch 19
Epoch 19, Training Loss: 0.4076, Validation Loss: 0.6002
--- Saved model to checkpoints/classification/state.pt ---
Epoch 20
Epoch 20, Training Loss: 0.4023, Validation Loss: 0.6023
--- Saved model to checkpoints/classification/state.pt ---
Epoch 21
Epoch 21, Training Loss: 0.4242, Validation Loss: 0.5833
--- Saved model to checkpoints/classification/state.pt ---
Epoch 22
Testing model
Accuracy: 52.80%
