CUDA Memory Cleared. Current VRAM Usage: 0.00 MB
On device cuda
Getting data loader crumb
Total unique classes found: 2
Label IDs: [0, 1]
Total images in dataset: 2003
Total batches: 86 (at batch size 16)

============================================================
Run 1/1  |  seed=43  |  results -> results/classification/run_20260630_202252_seed43
============================================================

Training classification for 100 epochs
Epoch 0
Epoch 0, Training Loss: 0.6083, Validation Loss: 0.6134, LR: 1.68e-05
--- Saved model to checkpoints/classification/state.pt ---
Epoch 1
Epoch 1, Training Loss: 0.5573, Validation Loss: 0.5751, LR: 1.68e-05
--- Saved model to checkpoints/classification/state.pt ---
Epoch 2
Epoch 2, Training Loss: 0.5334, Validation Loss: 0.5310, LR: 1.68e-05
--- Saved model to checkpoints/classification/state.pt ---
Epoch 3
Epoch 3, Training Loss: 0.5235, Validation Loss: 0.5551, LR: 1.68e-05
--- Saved model to checkpoints/classification/state.pt ---
Epoch 4
Epoch 4, Training Loss: 0.4967, Validation Loss: 0.5586, LR: 1.67e-05
--- Saved model to checkpoints/classification/state.pt ---
Epoch 5
Epoch 5, Training Loss: 0.4923, Validation Loss: 0.5591, LR: 1.67e-05
--- Saved model to checkpoints/classification/state.pt ---
Epoch 6
Epoch 6, Training Loss: 0.4765, Validation Loss: 0.5277, LR: 1.66e-05
--- Saved model to checkpoints/classification/state.pt ---
Epoch 7
Epoch 7, Training Loss: 0.4711, Validation Loss: 0.5857, LR: 1.66e-05
--- Saved model to checkpoints/classification/state.pt ---
Epoch 8
Epoch 8, Training Loss: 0.4717, Validation Loss: 0.5340, LR: 1.65e-05
--- Saved model to checkpoints/classification/state.pt ---
Epoch 9
Epoch 9, Training Loss: 0.4554, Validation Loss: 0.5344, LR: 1.64e-05
--- Saved model to checkpoints/classification/state.pt ---
Epoch 10
Epoch 10, Training Loss: 0.4414, Validation Loss: 0.5191, LR: 1.64e-05
--- Saved model to checkpoints/classification/state.pt ---
Epoch 11
Epoch 11, Training Loss: 0.4466, Validation Loss: 0.5042, LR: 1.63e-05
--- Saved model to checkpoints/classification/state.pt ---
Epoch 12
Epoch 12, Training Loss: 0.4352, Validation Loss: 0.5148, LR: 1.62e-05
--- Saved model to checkpoints/classification/state.pt ---
Epoch 13
Epoch 13, Training Loss: 0.4463, Validation Loss: 0.5431, LR: 1.60e-05
--- Saved model to checkpoints/classification/state.pt ---
Epoch 14
Epoch 14, Training Loss: 0.4381, Validation Loss: 0.5074, LR: 1.59e-05
--- Saved model to checkpoints/classification/state.pt ---
Epoch 15
Epoch 15, Training Loss: 0.4289, Validation Loss: 0.5456, LR: 1.58e-05
--- Saved model to checkpoints/classification/state.pt ---
Epoch 16
Epoch 16, Training Loss: 0.4211, Validation Loss: 0.5295, LR: 1.57e-05
--- Saved model to checkpoints/classification/state.pt ---
Epoch 17
Epoch 17, Training Loss: 0.4203, Validation Loss: 0.5794, LR: 1.55e-05
--- Saved model to checkpoints/classification/state.pt ---
Epoch 18
Epoch 18, Training Loss: 0.4032, Validation Loss: 0.5003, LR: 1.54e-05
--- Saved model to checkpoints/classification/state.pt ---
Epoch 19
Epoch 19, Training Loss: 0.4117, Validation Loss: 0.5272, LR: 1.52e-05
--- Saved model to checkpoints/classification/state.pt ---
Epoch 20
Epoch 20, Training Loss: 0.4049, Validation Loss: 0.5420, LR: 1.51e-05
--- Saved model to checkpoints/classification/state.pt ---
Epoch 21
Epoch 21, Training Loss: 0.3842, Validation Loss: 0.5128, LR: 1.49e-05
--- Saved model to checkpoints/classification/state.pt ---
Epoch 22
Epoch 22, Training Loss: 0.3946, Validation Loss: 0.5633, LR: 1.47e-05
--- Saved model to checkpoints/classification/state.pt ---
Epoch 23
Epoch 23, Training Loss: 0.4130, Validation Loss: 0.5068, LR: 1.46e-05
--- Saved model to checkpoints/classification/state.pt ---
Epoch 24
Epoch 24, Training Loss: 0.3901, Validation Loss: 0.5293, LR: 1.44e-05
--- Saved model to checkpoints/classification/state.pt ---
Epoch 25
Epoch 25, Training Loss: 0.3837, Validation Loss: 0.5344, LR: 1.42e-05
--- Saved model to checkpoints/classification/state.pt ---
Epoch 26
Epoch 26, Training Loss: 0.3746, Validation Loss: 0.5529, LR: 1.40e-05
--- Saved model to checkpoints/classification/state.pt ---
Epoch 27
Epoch 27, Training Loss: 0.3754, Validation Loss: 0.5766, LR: 1.38e-05
--- Saved model to checkpoints/classification/state.pt ---
Epoch 28
Epoch 28, Training Loss: 0.3543, Validation Loss: 0.6099, LR: 1.36e-05
--- Saved model to checkpoints/classification/state.pt ---
Epoch 29
Epoch 29, Training Loss: 0.3775, Validation Loss: 0.5066, LR: 1.34e-05
--- Saved model to checkpoints/classification/state.pt ---
Epoch 30
Epoch 30, Training Loss: 0.3584, Validation Loss: 0.6223, LR: 1.32e-05
--- Saved model to checkpoints/classification/state.pt ---
Epoch 31
Epoch 31, Training Loss: 0.3611, Validation Loss: 0.5416, LR: 1.29e-05
--- Saved model to checkpoints/classification/state.pt ---
Epoch 32
Epoch 32, Training Loss: 0.3375, Validation Loss: 0.5465, LR: 1.27e-05
--- Saved model to checkpoints/classification/state.pt ---
Epoch 33
Epoch 33, Training Loss: 0.3157, Validation Loss: 0.5941, LR: 1.25e-05
--- Saved model to checkpoints/classification/state.pt ---
Epoch 34
Epoch 34, Training Loss: 0.3576, Validation Loss: 0.5541, LR: 1.23e-05
--- Saved model to checkpoints/classification/state.pt ---
Epoch 35
Epoch 35, Training Loss: 0.3142, Validation Loss: 0.6018, LR: 1.20e-05
--- Saved model to checkpoints/classification/state.pt ---
Epoch 36
Epoch 36, Training Loss: 0.3466, Validation Loss: 0.5897, LR: 1.18e-05
--- Saved model to checkpoints/classification/state.pt ---
Epoch 37
Epoch 37, Training Loss: 0.3211, Validation Loss: 0.5497, LR: 1.15e-05
--- Saved model to checkpoints/classification/state.pt ---
Epoch 38
Epoch 38, Training Loss: 0.3206, Validation Loss: 0.6101, LR: 1.13e-05
--- Saved model to checkpoints/classification/state.pt ---
Epoch 39
Epoch 39, Training Loss: 0.3228, Validation Loss: 0.6243, LR: 1.10e-05
--- Saved model to checkpoints/classification/state.pt ---
Epoch 40
Epoch 40, Training Loss: 0.2864, Validation Loss: 0.5813, LR: 1.08e-05
--- Saved model to checkpoints/classification/state.pt ---
Epoch 41
Epoch 41, Training Loss: 0.2926, Validation Loss: 0.6953, LR: 1.05e-05
--- Saved model to checkpoints/classification/state.pt ---
Epoch 42
Epoch 42, Training Loss: 0.3019, Validation Loss: 0.6011, LR: 1.03e-05
--- Saved model to checkpoints/classification/state.pt ---
Epoch 43
Epoch 43, Training Loss: 0.2982, Validation Loss: 0.6303, LR: 1.00e-05
--- Saved model to checkpoints/classification/state.pt ---
Epoch 44
Epoch 44, Training Loss: 0.2841, Validation Loss: 0.6342, LR: 9.74e-06
--- Saved model to checkpoints/classification/state.pt ---
Epoch 45
Epoch 45, Training Loss: 0.2916, Validation Loss: 0.5921, LR: 9.48e-06
--- Saved model to checkpoints/classification/state.pt ---
Epoch 46
Epoch 46, Training Loss: 0.2846, Validation Loss: 0.6640, LR: 9.22e-06
--- Saved model to checkpoints/classification/state.pt ---
Epoch 47
Epoch 47, Training Loss: 0.2881, Validation Loss: 0.6371, LR: 8.95e-06
--- Saved model to checkpoints/classification/state.pt ---
Epoch 48
Testing model
Accuracy: 49.30%
