CUDA Memory Cleared. Current VRAM Usage: 0.00 MB
On device cuda
Getting data loader crumb
Total unique classes found: 2
Label IDs: [0, 1]
Total images in dataset: 2003
Total batches: 86 (at batch size 16)

============================================================
Run 1/1  |  seed=42  |  results -> results/classification/run_20260629_140219_seed42
============================================================

Training classification for 100 epochs
Epoch 0
Epoch 0, Training Loss: 0.6932, Validation Loss: 0.6351, LR: 5.00e-04
--- Saved model to checkpoints/classification/state.pt ---
Epoch 1
Epoch 1, Training Loss: 0.6257, Validation Loss: 0.6959, LR: 5.00e-04
--- Saved model to checkpoints/classification/state.pt ---
Epoch 2
Epoch 2, Training Loss: 0.6485, Validation Loss: 0.7083, LR: 4.99e-04
--- Saved model to checkpoints/classification/state.pt ---
Epoch 3
Epoch 3, Training Loss: 0.6452, Validation Loss: 0.9059, LR: 4.98e-04
--- Saved model to checkpoints/classification/state.pt ---
Epoch 4
Epoch 4, Training Loss: 0.6345, Validation Loss: 1.1486, LR: 4.97e-04
--- Saved model to checkpoints/classification/state.pt ---
Epoch 5
Epoch 5, Training Loss: 0.6416, Validation Loss: 0.6730, LR: 4.96e-04
--- Saved model to checkpoints/classification/state.pt ---
Epoch 6
Epoch 6, Training Loss: 0.6443, Validation Loss: 0.6542, LR: 4.94e-04
--- Saved model to checkpoints/classification/state.pt ---
Epoch 7
Epoch 7, Training Loss: 0.6267, Validation Loss: 0.7933, LR: 4.92e-04
--- Saved model to checkpoints/classification/state.pt ---
Epoch 8
Epoch 8, Training Loss: 0.6519, Validation Loss: 0.8675, LR: 4.90e-04
--- Saved model to checkpoints/classification/state.pt ---
Epoch 9
Epoch 9, Training Loss: 0.6365, Validation Loss: 0.7148, LR: 4.88e-04
--- Saved model to checkpoints/classification/state.pt ---
Epoch 10
Epoch 10, Training Loss: 0.6305, Validation Loss: 0.7294, LR: 4.85e-04
--- Saved model to checkpoints/classification/state.pt ---
Epoch 11
Epoch 11, Training Loss: 0.6331, Validation Loss: 0.6637, LR: 4.82e-04
--- Saved model to checkpoints/classification/state.pt ---
Epoch 12
Epoch 12, Training Loss: 0.6286, Validation Loss: 0.7997, LR: 4.79e-04
--- Saved model to checkpoints/classification/state.pt ---
Epoch 13
Epoch 13, Training Loss: 0.6304, Validation Loss: 0.6426, LR: 4.76e-04
--- Saved model to checkpoints/classification/state.pt ---
Epoch 14
Epoch 14, Training Loss: 0.6225, Validation Loss: 0.7455, LR: 4.73e-04
--- Saved model to checkpoints/classification/state.pt ---
Epoch 15
Epoch 15, Training Loss: 0.6203, Validation Loss: 2.5493, LR: 4.69e-04
--- Saved model to checkpoints/classification/state.pt ---
Epoch 16
Epoch 16, Training Loss: 0.6154, Validation Loss: 1.0244, LR: 4.65e-04
--- Saved model to checkpoints/classification/state.pt ---
Epoch 17
Epoch 17, Training Loss: 0.6017, Validation Loss: 2.3703, LR: 4.61e-04
--- Saved model to checkpoints/classification/state.pt ---
Epoch 18
Epoch 18, Training Loss: 0.5980, Validation Loss: 1.0080, LR: 4.57e-04
--- Saved model to checkpoints/classification/state.pt ---
Epoch 19
Epoch 19, Training Loss: 0.6088, Validation Loss: 0.5979, LR: 4.52e-04
--- Saved model to checkpoints/classification/state.pt ---
Epoch 20
Epoch 20, Training Loss: 0.5999, Validation Loss: 0.7327, LR: 4.48e-04
--- Saved model to checkpoints/classification/state.pt ---
Epoch 21
Epoch 21, Training Loss: 0.6141, Validation Loss: 0.8793, LR: 4.43e-04
--- Saved model to checkpoints/classification/state.pt ---
Epoch 22
Epoch 22, Training Loss: 0.5903, Validation Loss: 2.1858, LR: 4.38e-04
--- Saved model to checkpoints/classification/state.pt ---
Epoch 23
Epoch 23, Training Loss: 0.5879, Validation Loss: 0.9416, LR: 4.32e-04
--- Saved model to checkpoints/classification/state.pt ---
Epoch 24
Epoch 24, Training Loss: 0.5917, Validation Loss: 0.7602, LR: 4.27e-04
--- Saved model to checkpoints/classification/state.pt ---
Epoch 25
Epoch 25, Training Loss: 0.5873, Validation Loss: 1.0031, LR: 4.21e-04
--- Saved model to checkpoints/classification/state.pt ---
Epoch 26
Epoch 26, Training Loss: 0.5740, Validation Loss: 0.8580, LR: 4.15e-04
--- Saved model to checkpoints/classification/state.pt ---
Epoch 27
Epoch 27, Training Loss: 0.5748, Validation Loss: 0.9856, LR: 4.09e-04
--- Saved model to checkpoints/classification/state.pt ---
Epoch 28
Epoch 28, Training Loss: 0.5882, Validation Loss: 0.7060, LR: 4.03e-04
--- Saved model to checkpoints/classification/state.pt ---
Epoch 29
Epoch 29, Training Loss: 0.5672, Validation Loss: 0.6187, LR: 3.97e-04
--- Saved model to checkpoints/classification/state.pt ---
Epoch 30
Epoch 30, Training Loss: 0.5712, Validation Loss: 0.8813, LR: 3.91e-04
--- Saved model to checkpoints/classification/state.pt ---
Epoch 31
Epoch 31, Training Loss: 0.5643, Validation Loss: 0.8193, LR: 3.84e-04
--- Saved model to checkpoints/classification/state.pt ---
Epoch 32
Epoch 32, Training Loss: 0.5680, Validation Loss: 0.9078, LR: 3.77e-04
--- Saved model to checkpoints/classification/state.pt ---
Epoch 33
Epoch 33, Training Loss: 0.5584, Validation Loss: 0.5817, LR: 3.70e-04
--- Saved model to checkpoints/classification/state.pt ---
Epoch 34
Epoch 34, Training Loss: 0.5586, Validation Loss: 0.9337, LR: 3.63e-04
--- Saved model to checkpoints/classification/state.pt ---
Epoch 35
Epoch 35, Training Loss: 0.5651, Validation Loss: 0.9416, LR: 3.56e-04
--- Saved model to checkpoints/classification/state.pt ---
Epoch 36
Epoch 36, Training Loss: 0.5584, Validation Loss: 0.8559, LR: 3.49e-04
--- Saved model to checkpoints/classification/state.pt ---
Epoch 37
Epoch 37, Training Loss: 0.5620, Validation Loss: 0.5713, LR: 3.42e-04
--- Saved model to checkpoints/classification/state.pt ---
Epoch 38
Epoch 38, Training Loss: 0.5428, Validation Loss: 1.0048, LR: 3.35e-04
--- Saved model to checkpoints/classification/state.pt ---
Epoch 39
Epoch 39, Training Loss: 0.5735, Validation Loss: 0.5432, LR: 3.27e-04
--- Saved model to checkpoints/classification/state.pt ---
Epoch 40
Epoch 40, Training Loss: 0.5471, Validation Loss: 0.7725, LR: 3.20e-04
--- Saved model to checkpoints/classification/state.pt ---
Epoch 41
Epoch 41, Training Loss: 0.5404, Validation Loss: 0.8743, LR: 3.12e-04
--- Saved model to checkpoints/classification/state.pt ---
Epoch 42
Epoch 42, Training Loss: 0.5491, Validation Loss: 0.9083, LR: 3.05e-04
--- Saved model to checkpoints/classification/state.pt ---
Epoch 43
Epoch 43, Training Loss: 0.5439, Validation Loss: 1.1791, LR: 2.97e-04
--- Saved model to checkpoints/classification/state.pt ---
Epoch 44
Epoch 44, Training Loss: 0.5503, Validation Loss: 0.5443, LR: 2.89e-04
--- Saved model to checkpoints/classification/state.pt ---
Epoch 45
Epoch 45, Training Loss: 0.5422, Validation Loss: 0.6518, LR: 2.81e-04
--- Saved model to checkpoints/classification/state.pt ---
Epoch 46
Epoch 46, Training Loss: 0.5498, Validation Loss: 0.6684, LR: 2.74e-04
--- Saved model to checkpoints/classification/state.pt ---
Epoch 47
Epoch 47, Training Loss: 0.5192, Validation Loss: 0.7920, LR: 2.66e-04
--- Saved model to checkpoints/classification/state.pt ---
Epoch 48
Epoch 48, Training Loss: 0.5234, Validation Loss: 1.3483, LR: 2.58e-04
--- Saved model to checkpoints/classification/state.pt ---
Epoch 49
Epoch 49, Training Loss: 0.5261, Validation Loss: 0.8414, LR: 2.50e-04
--- Saved model to checkpoints/classification/state.pt ---
Epoch 50
Epoch 50, Training Loss: 0.5234, Validation Loss: 0.5451, LR: 2.42e-04
--- Saved model to checkpoints/classification/state.pt ---
Epoch 51
Epoch 51, Training Loss: 0.5200, Validation Loss: 1.2111, LR: 2.34e-04
--- Saved model to checkpoints/classification/state.pt ---
Epoch 52
Epoch 52, Training Loss: 0.5113, Validation Loss: 0.7665, LR: 2.26e-04
--- Saved model to checkpoints/classification/state.pt ---
Epoch 53
Epoch 53, Training Loss: 0.5264, Validation Loss: 0.8212, LR: 2.19e-04
--- Saved model to checkpoints/classification/state.pt ---
Epoch 54
Epoch 54, Training Loss: 0.5160, Validation Loss: 1.3819, LR: 2.11e-04
--- Saved model to checkpoints/classification/state.pt ---
Epoch 55
Epoch 55, Training Loss: 0.5107, Validation Loss: 0.7363, LR: 2.03e-04
--- Saved model to checkpoints/classification/state.pt ---
Epoch 56
Epoch 56, Training Loss: 0.5074, Validation Loss: 0.5513, LR: 1.95e-04
--- Saved model to checkpoints/classification/state.pt ---
Epoch 57
Epoch 57, Training Loss: 0.5000, Validation Loss: 1.1609, LR: 1.88e-04
--- Saved model to checkpoints/classification/state.pt ---
Epoch 58
Epoch 58, Training Loss: 0.5040, Validation Loss: 0.5658, LR: 1.80e-04
--- Saved model to checkpoints/classification/state.pt ---
Epoch 59
Epoch 59, Training Loss: 0.4873, Validation Loss: 1.1099, LR: 1.73e-04
--- Saved model to checkpoints/classification/state.pt ---
Epoch 60
Epoch 60, Training Loss: 0.4866, Validation Loss: 0.8678, LR: 1.65e-04
--- Saved model to checkpoints/classification/state.pt ---
Epoch 61
Epoch 61, Training Loss: 0.5019, Validation Loss: 0.6101, LR: 1.58e-04
--- Saved model to checkpoints/classification/state.pt ---
Epoch 62
Epoch 62, Training Loss: 0.4898, Validation Loss: 0.5251, LR: 1.51e-04
--- Saved model to checkpoints/classification/state.pt ---
Epoch 63
Epoch 63, Training Loss: 0.4931, Validation Loss: 1.0592, LR: 1.44e-04
--- Saved model to checkpoints/classification/state.pt ---
Epoch 64
Epoch 64, Training Loss: 0.4871, Validation Loss: 1.0954, LR: 1.37e-04
--- Saved model to checkpoints/classification/state.pt ---
Epoch 65
Epoch 65, Training Loss: 0.4939, Validation Loss: 0.6460, LR: 1.30e-04
--- Saved model to checkpoints/classification/state.pt ---
Epoch 66
Epoch 66, Training Loss: 0.4797, Validation Loss: 0.8466, LR: 1.23e-04
--- Saved model to checkpoints/classification/state.pt ---
Epoch 67
Epoch 67, Training Loss: 0.4962, Validation Loss: 0.4876, LR: 1.16e-04
--- Saved model to checkpoints/classification/state.pt ---
Epoch 68
Epoch 68, Training Loss: 0.4926, Validation Loss: 1.2271, LR: 1.09e-04
--- Saved model to checkpoints/classification/state.pt ---
Epoch 69
Epoch 69, Training Loss: 0.4853, Validation Loss: 0.5582, LR: 1.03e-04
--- Saved model to checkpoints/classification/state.pt ---
Epoch 70
Epoch 70, Training Loss: 0.4853, Validation Loss: 1.1985, LR: 9.68e-05
--- Saved model to checkpoints/classification/state.pt ---
Epoch 71
Epoch 71, Training Loss: 0.4703, Validation Loss: 0.5463, LR: 9.06e-05
--- Saved model to checkpoints/classification/state.pt ---
Epoch 72
Epoch 72, Training Loss: 0.4789, Validation Loss: 1.1419, LR: 8.47e-05
--- Saved model to checkpoints/classification/state.pt ---
Epoch 73
Epoch 73, Training Loss: 0.4801, Validation Loss: 1.1603, LR: 7.89e-05
--- Saved model to checkpoints/classification/state.pt ---
Epoch 74
Epoch 74, Training Loss: 0.4656, Validation Loss: 0.9552, LR: 7.32e-05
--- Saved model to checkpoints/classification/state.pt ---
Epoch 75
Epoch 75, Training Loss: 0.4843, Validation Loss: 1.1365, LR: 6.78e-05
--- Saved model to checkpoints/classification/state.pt ---
Epoch 76
Epoch 76, Training Loss: 0.4741, Validation Loss: 0.6727, LR: 6.25e-05
--- Saved model to checkpoints/classification/state.pt ---
Epoch 77
Epoch 77, Training Loss: 0.4723, Validation Loss: 0.5345, LR: 5.74e-05
--- Saved model to checkpoints/classification/state.pt ---
Epoch 78
Epoch 78, Training Loss: 0.4929, Validation Loss: 1.0011, LR: 5.25e-05
--- Saved model to checkpoints/classification/state.pt ---
Epoch 79
Epoch 79, Training Loss: 0.4899, Validation Loss: 0.6570, LR: 4.77e-05
--- Saved model to checkpoints/classification/state.pt ---
Epoch 80
Epoch 80, Training Loss: 0.4592, Validation Loss: 0.5631, LR: 4.32e-05
--- Saved model to checkpoints/classification/state.pt ---
Epoch 81
Epoch 81, Training Loss: 0.4623, Validation Loss: 0.5401, LR: 3.89e-05
--- Saved model to checkpoints/classification/state.pt ---
Epoch 82
Epoch 82, Training Loss: 0.4703, Validation Loss: 0.5351, LR: 3.48e-05
--- Saved model to checkpoints/classification/state.pt ---
Epoch 83
Epoch 83, Training Loss: 0.4637, Validation Loss: 0.5605, LR: 3.09e-05
--- Saved model to checkpoints/classification/state.pt ---
Epoch 84
Epoch 84, Training Loss: 0.4721, Validation Loss: 0.4895, LR: 2.72e-05
--- Saved model to checkpoints/classification/state.pt ---
Epoch 85
Epoch 85, Training Loss: 0.4550, Validation Loss: 0.5979, LR: 2.38e-05
--- Saved model to checkpoints/classification/state.pt ---
Epoch 86
Epoch 86, Training Loss: 0.4650, Validation Loss: 0.6132, LR: 2.06e-05
--- Saved model to checkpoints/classification/state.pt ---
Epoch 87
Epoch 87, Training Loss: 0.4603, Validation Loss: 0.5876, LR: 1.76e-05
--- Saved model to checkpoints/classification/state.pt ---
Epoch 88
Epoch 88, Training Loss: 0.4602, Validation Loss: 0.5471, LR: 1.48e-05
--- Saved model to checkpoints/classification/state.pt ---
Epoch 89
Epoch 89, Training Loss: 0.4527, Validation Loss: 0.4939, LR: 1.22e-05
--- Saved model to checkpoints/classification/state.pt ---
Epoch 90
Epoch 90, Training Loss: 0.4583, Validation Loss: 0.5389, LR: 9.93e-06
--- Saved model to checkpoints/classification/state.pt ---
Epoch 91
Epoch 91, Training Loss: 0.4734, Validation Loss: 0.7497, LR: 7.85e-06
--- Saved model to checkpoints/classification/state.pt ---
Epoch 92
Epoch 92, Training Loss: 0.4635, Validation Loss: 0.5022, LR: 6.02e-06
--- Saved model to checkpoints/classification/state.pt ---
Epoch 93
Epoch 93, Training Loss: 0.4531, Validation Loss: 0.5025, LR: 4.43e-06
--- Saved model to checkpoints/classification/state.pt ---
Epoch 94
Epoch 94, Training Loss: 0.4579, Validation Loss: 0.4928, LR: 3.08e-06
--- Saved model to checkpoints/classification/state.pt ---
Epoch 95
Epoch 95, Training Loss: 0.4544, Validation Loss: 0.5258, LR: 1.97e-06
--- Saved model to checkpoints/classification/state.pt ---
Epoch 96
Epoch 96, Training Loss: 0.4518, Validation Loss: 0.4955, LR: 1.11e-06
--- Saved model to checkpoints/classification/state.pt ---
Epoch 97
Epoch 97, Training Loss: 0.4465, Validation Loss: 0.4814, LR: 4.93e-07
--- Saved model to checkpoints/classification/state.pt ---
Epoch 98
Epoch 98, Training Loss: 0.4553, Validation Loss: 0.4983, LR: 1.23e-07
--- Saved model to checkpoints/classification/state.pt ---
Epoch 99
Epoch 99, Training Loss: 0.4564, Validation Loss: 0.5018, LR: 0.00e+00
--- Saved model to checkpoints/classification/state.pt ---
Testing model
Accuracy: 53.14685314685315%
