CUDA Memory Cleared. Current VRAM Usage: 0.00 MB
On device cuda
Getting data loader crumb
Total unique classes found: 2
Label IDs: [0, 1]
Total images in dataset: 2003
Total batches: 86 (at batch size 16)

============================================================
Run 1/1  |  seed=42  |  results -> results/classification/run_20260626_175235_seed42
============================================================

Training classification for 100 epochs
Epoch 0
Epoch 0, Training Loss: 0.6964, Validation Loss: 0.6282
Epoch 1
Epoch 1, Training Loss: 0.6418, Validation Loss: 0.6544
Epoch 2
Epoch 2, Training Loss: 0.6425, Validation Loss: 4.3601
Epoch 3
Epoch 3, Training Loss: 0.6469, Validation Loss: 0.6467
Epoch 4
Epoch 4, Training Loss: 0.6336, Validation Loss: 0.7218
Epoch 5
Epoch 5, Training Loss: 0.6527, Validation Loss: 0.6859
Epoch 6
Epoch 6, Training Loss: 0.6363, Validation Loss: 0.7842
Epoch 7
Epoch 7, Training Loss: 0.6315, Validation Loss: 0.8463
Epoch 8
Epoch 8, Training Loss: 0.6455, Validation Loss: 1.6147
Epoch 9
Epoch 9, Training Loss: 0.6415, Validation Loss: 0.6679
Epoch 10
Epoch 10, Training Loss: 0.6442, Validation Loss: 0.7207
Epoch 11
Testing model
Accuracy: 50.0%
