CUDA Memory Cleared. Current VRAM Usage: 0.00 MB
On device cuda
Getting data loader crumb
Total unique classes found: 2
Label IDs: [0, 1]
Total images in dataset: 2003
Total batches: 86 (at batch size 16)

============================================================
Run 1/1  |  seed=43  |  results -> results/classification/run_20260701_095353_seed43
============================================================

Training classification for 100 epochs
Epoch 0
Epoch 0, Training Loss: 0.6070, Validation Loss: 0.6324, LR: 1.68e-05
--- Saved model to checkpoints/classification/state.pt ---
Epoch 1
Epoch 1, Training Loss: 0.5542, Validation Loss: 0.6244, LR: 1.68e-05
--- Saved model to checkpoints/classification/state.pt ---
Epoch 2
Epoch 2, Training Loss: 0.5378, Validation Loss: 0.6101, LR: 1.68e-05
--- Saved model to checkpoints/classification/state.pt ---
Epoch 3
Epoch 3, Training Loss: 0.5169, Validation Loss: 0.5832, LR: 1.68e-05
--- Saved model to checkpoints/classification/state.pt ---
Epoch 4
Epoch 4, Training Loss: 0.4948, Validation Loss: 0.5796, LR: 1.67e-05
--- Saved model to checkpoints/classification/state.pt ---
Epoch 5
Epoch 5, Training Loss: 0.4919, Validation Loss: 0.5944, LR: 1.67e-05
--- Saved model to checkpoints/classification/state.pt ---
Epoch 6
Epoch 6, Training Loss: 0.4718, Validation Loss: 0.5951, LR: 1.66e-05
--- Saved model to checkpoints/classification/state.pt ---
Epoch 7
Epoch 7, Training Loss: 0.4765, Validation Loss: 0.5704, LR: 1.66e-05
--- Saved model to checkpoints/classification/state.pt ---
Epoch 8
Epoch 8, Training Loss: 0.4652, Validation Loss: 0.5986, LR: 1.65e-05
--- Saved model to checkpoints/classification/state.pt ---
Epoch 9
Epoch 9, Training Loss: 0.4563, Validation Loss: 0.5950, LR: 1.64e-05
--- Saved model to checkpoints/classification/state.pt ---
Epoch 10
Epoch 10, Training Loss: 0.4510, Validation Loss: 0.5609, LR: 1.64e-05
--- Saved model to checkpoints/classification/state.pt ---
Epoch 11
Epoch 11, Training Loss: 0.4517, Validation Loss: 0.5949, LR: 1.63e-05
--- Saved model to checkpoints/classification/state.pt ---
Epoch 12
Epoch 12, Training Loss: 0.4330, Validation Loss: 0.5734, LR: 1.62e-05
--- Saved model to checkpoints/classification/state.pt ---
Epoch 13
Epoch 13, Training Loss: 0.4443, Validation Loss: 0.6170, LR: 1.60e-05
--- Saved model to checkpoints/classification/state.pt ---
Epoch 14
Epoch 14, Training Loss: 0.4309, Validation Loss: 0.5715, LR: 1.59e-05
--- Saved model to checkpoints/classification/state.pt ---
Epoch 15
Epoch 15, Training Loss: 0.4258, Validation Loss: 0.5805, LR: 1.58e-05
--- Saved model to checkpoints/classification/state.pt ---
Epoch 16
Epoch 16, Training Loss: 0.4189, Validation Loss: 0.6371, LR: 1.57e-05
--- Saved model to checkpoints/classification/state.pt ---
Epoch 17
Epoch 17, Training Loss: 0.4212, Validation Loss: 0.5859, LR: 1.55e-05
--- Saved model to checkpoints/classification/state.pt ---
Epoch 18
Epoch 18, Training Loss: 0.4113, Validation Loss: 0.5774, LR: 1.54e-05
--- Saved model to checkpoints/classification/state.pt ---
Epoch 19
Epoch 19, Training Loss: 0.4048, Validation Loss: 0.6203, LR: 1.52e-05
--- Saved model to checkpoints/classification/state.pt ---
Epoch 20
Epoch 20, Training Loss: 0.4028, Validation Loss: 0.6207, LR: 1.51e-05
--- Saved model to checkpoints/classification/state.pt ---
Epoch 21
Epoch 21, Training Loss: 0.3817, Validation Loss: 0.6180, LR: 1.49e-05
--- Saved model to checkpoints/classification/state.pt ---
Epoch 22
Epoch 22, Training Loss: 0.3911, Validation Loss: 0.6455, LR: 1.47e-05
--- Saved model to checkpoints/classification/state.pt ---
Epoch 23
Epoch 23, Training Loss: 0.4140, Validation Loss: 0.5931, LR: 1.46e-05
--- Saved model to checkpoints/classification/state.pt ---
Epoch 24
Epoch 24, Training Loss: 0.3888, Validation Loss: 0.6094, LR: 1.44e-05
--- Saved model to checkpoints/classification/state.pt ---
Epoch 25
Epoch 25, Training Loss: 0.3826, Validation Loss: 0.6008, LR: 1.42e-05
--- Saved model to checkpoints/classification/state.pt ---
Epoch 26
Epoch 26, Training Loss: 0.3840, Validation Loss: 0.6271, LR: 1.40e-05
--- Saved model to checkpoints/classification/state.pt ---
Epoch 27
Epoch 27, Training Loss: 0.3733, Validation Loss: 0.6805, LR: 1.38e-05
--- Saved model to checkpoints/classification/state.pt ---
Epoch 28
Epoch 28, Training Loss: 0.3478, Validation Loss: 0.6930, LR: 1.36e-05
--- Saved model to checkpoints/classification/state.pt ---
Epoch 29
Epoch 29, Training Loss: 0.3678, Validation Loss: 0.6526, LR: 1.34e-05
--- Saved model to checkpoints/classification/state.pt ---
Epoch 30
Epoch 30, Training Loss: 0.3419, Validation Loss: 0.6557, LR: 1.32e-05
--- Saved model to checkpoints/classification/state.pt ---
Epoch 31
Epoch 31, Training Loss: 0.3563, Validation Loss: 0.7688, LR: 1.29e-05
--- Saved model to checkpoints/classification/state.pt ---
Epoch 32
Epoch 32, Training Loss: 0.3364, Validation Loss: 0.6320, LR: 1.27e-05
--- Saved model to checkpoints/classification/state.pt ---
Epoch 33
Epoch 33, Training Loss: 0.3110, Validation Loss: 0.7922, LR: 1.25e-05
--- Saved model to checkpoints/classification/state.pt ---
Epoch 34
Epoch 34, Training Loss: 0.3417, Validation Loss: 0.7225, LR: 1.23e-05
--- Saved model to checkpoints/classification/state.pt ---
Epoch 35
Epoch 35, Training Loss: 0.3206, Validation Loss: 0.6841, LR: 1.20e-05
--- Saved model to checkpoints/classification/state.pt ---
Epoch 36
Epoch 36, Training Loss: 0.3387, Validation Loss: 0.7108, LR: 1.18e-05
--- Saved model to checkpoints/classification/state.pt ---
Epoch 37
Epoch 37, Training Loss: 0.3178, Validation Loss: 0.6961, LR: 1.15e-05
--- Saved model to checkpoints/classification/state.pt ---
Epoch 38
Epoch 38, Training Loss: 0.3236, Validation Loss: 0.7163, LR: 1.13e-05
--- Saved model to checkpoints/classification/state.pt ---
Epoch 39
Epoch 39, Training Loss: 0.3163, Validation Loss: 0.6577, LR: 1.10e-05
--- Saved model to checkpoints/classification/state.pt ---
Epoch 40
Testing model
Accuracy: 54.55%
