CUDA Memory Cleared. Current VRAM Usage: 0.00 MB
On device cuda
Getting data loader crumb
Total unique classes found: 2
Label IDs: [0, 1]
Total images in dataset: 2003
Total batches: 86 (at batch size 16)

============================================================
Run 1/1  |  seed=43  |  results -> results/classification/run_20260626_175434_seed43
============================================================

Training classification for 100 epochs
Epoch 0
Epoch 0, Training Loss: 0.7055, Validation Loss: 0.6267
Epoch 1
Epoch 1, Training Loss: 0.6214, Validation Loss: 0.6395
Epoch 2
Epoch 2, Training Loss: 0.6065, Validation Loss: 0.6824
Epoch 3
Epoch 3, Training Loss: 0.6316, Validation Loss: 0.6660
Epoch 4
Epoch 4, Training Loss: 0.6224, Validation Loss: 8.7765
Epoch 5
Epoch 5, Training Loss: 0.6517, Validation Loss: 0.7011
Epoch 6
Epoch 6, Training Loss: 0.6282, Validation Loss: 0.6431
Epoch 7
Epoch 7, Training Loss: 0.6329, Validation Loss: 0.6954
Epoch 8
Epoch 8, Training Loss: 0.6274, Validation Loss: 8.4498
Epoch 9
Epoch 9, Training Loss: 0.6227, Validation Loss: 1.2766
Epoch 10
Epoch 10, Training Loss: 0.6739, Validation Loss: 0.6919
Epoch 11
Testing model
Accuracy: 50.0%
