CUDA Memory Cleared. Current VRAM Usage: 0.00 MB
On device cuda
Getting data loader crumb
Total unique classes found: 2
Label IDs: [0, 1]
Total images in dataset: 2003
Total batches: 86 (at batch size 16)

============================================================
Run 1/1  |  seed=42  |  results -> results/classification/run_20260701_164840_seed42
============================================================

Training classification for 100 epochs
Epoch 0
Epoch 0, Training Loss: 0.6352, Validation Loss: 0.6051 (best)
--- Saved model to checkpoints/classification/state.pt ---
Epoch 1
Epoch 1, Training Loss: 0.5537, Validation Loss: 0.5987 (best)
--- Saved model to checkpoints/classification/state.pt ---
Epoch 2
Epoch 2, Training Loss: 0.5221, Validation Loss: 0.5935 (best)
--- Saved model to checkpoints/classification/state.pt ---
Epoch 3
Epoch 3, Training Loss: 0.4868, Validation Loss: 0.5708 (best)
--- Saved model to checkpoints/classification/state.pt ---
Epoch 4
Epoch 4, Training Loss: 0.4676, Validation Loss: 0.6047
--- Saved model to checkpoints/classification/state.pt ---
Epoch 5
Epoch 5, Training Loss: 0.4453, Validation Loss: 0.6068
--- Saved model to checkpoints/classification/state.pt ---
Epoch 6
Epoch 6, Training Loss: 0.4178, Validation Loss: 0.5854
--- Saved model to checkpoints/classification/state.pt ---
Epoch 7
Epoch 7, Training Loss: 0.3813, Validation Loss: 0.5907
--- Saved model to checkpoints/classification/state.pt ---
Epoch 8
Epoch 8, Training Loss: 0.3783, Validation Loss: 0.5598 (best)
--- Saved model to checkpoints/classification/state.pt ---
Epoch 9
Epoch 9, Training Loss: 0.3640, Validation Loss: 0.5790
--- Saved model to checkpoints/classification/state.pt ---
Epoch 10
Epoch 10, Training Loss: 0.3257, Validation Loss: 0.5920
--- Saved model to checkpoints/classification/state.pt ---
Epoch 11
Epoch 11, Training Loss: 0.3070, Validation Loss: 0.6085
--- Saved model to checkpoints/classification/state.pt ---
Epoch 12
Epoch 12, Training Loss: 0.2807, Validation Loss: 0.6049
--- Saved model to checkpoints/classification/state.pt ---
Epoch 13
Epoch 13, Training Loss: 0.2813, Validation Loss: 0.7400
--- Saved model to checkpoints/classification/state.pt ---
Epoch 14
Epoch 14, Training Loss: 0.2819, Validation Loss: 0.6374
--- Saved model to checkpoints/classification/state.pt ---
Epoch 15
Epoch 15, Training Loss: 0.2517, Validation Loss: 0.6591
--- Saved model to checkpoints/classification/state.pt ---
Epoch 16
Epoch 16, Training Loss: 0.2419, Validation Loss: 0.6445
--- Saved model to checkpoints/classification/state.pt ---
Epoch 17
Epoch 17, Training Loss: 0.2363, Validation Loss: 0.6697
--- Saved model to checkpoints/classification/state.pt ---
Epoch 18
Epoch 18, Training Loss: 0.2318, Validation Loss: 0.6696
--- Saved model to checkpoints/classification/state.pt ---
Epoch 19
Epoch 19, Training Loss: 0.2090, Validation Loss: 0.7013
--- Saved model to checkpoints/classification/state.pt ---
Epoch 20
Epoch 20, Training Loss: 0.2099, Validation Loss: 0.6407
--- Saved model to checkpoints/classification/state.pt ---
Epoch 21
Epoch 21, Training Loss: 0.1896, Validation Loss: 0.6962
--- Saved model to checkpoints/classification/state.pt ---
Epoch 22
Epoch 22, Training Loss: 0.1835, Validation Loss: 0.7183
--- Saved model to checkpoints/classification/state.pt ---
Epoch 23
Epoch 23, Training Loss: 0.1624, Validation Loss: 0.7402
--- Saved model to checkpoints/classification/state.pt ---
Epoch 24
Epoch 24, Training Loss: 0.1615, Validation Loss: 0.7115
--- Saved model to checkpoints/classification/state.pt ---
Epoch 25
Epoch 25, Training Loss: 0.1697, Validation Loss: 0.7429
--- Saved model to checkpoints/classification/state.pt ---
Epoch 26
Epoch 26, Training Loss: 0.1310, Validation Loss: 0.7277
--- Saved model to checkpoints/classification/state.pt ---
Epoch 27
Epoch 27, Training Loss: 0.1371, Validation Loss: 0.7396
--- Saved model to checkpoints/classification/state.pt ---
Epoch 28
Epoch 28, Training Loss: 0.1242, Validation Loss: 0.7793
--- Saved model to checkpoints/classification/state.pt ---
Epoch 29
Epoch 29, Training Loss: 0.1338, Validation Loss: 0.7887
--- Saved model to checkpoints/classification/state.pt ---
Epoch 30
Epoch 30, Training Loss: 0.1231, Validation Loss: 0.7874
--- Saved model to checkpoints/classification/state.pt ---
Epoch 31
Epoch 31, Training Loss: 0.1353, Validation Loss: 0.7826
--- Saved model to checkpoints/classification/state.pt ---
Epoch 32
Epoch 32, Training Loss: 0.1160, Validation Loss: 0.9274
--- Saved model to checkpoints/classification/state.pt ---
Epoch 33
Epoch 33, Training Loss: 0.1325, Validation Loss: 0.8771
--- Saved model to checkpoints/classification/state.pt ---
Epoch 34
Epoch 34, Training Loss: 0.1209, Validation Loss: 0.9004
--- Saved model to checkpoints/classification/state.pt ---
Epoch 35
Epoch 35, Training Loss: 0.1163, Validation Loss: 0.9000
--- Saved model to checkpoints/classification/state.pt ---
Epoch 36
Epoch 36, Training Loss: 0.1186, Validation Loss: 0.9189
--- Saved model to checkpoints/classification/state.pt ---
Epoch 37
Epoch 37, Training Loss: 0.1218, Validation Loss: 0.9368
--- Saved model to checkpoints/classification/state.pt ---
Epoch 38
Epoch 38, Training Loss: 0.1135, Validation Loss: 0.9062
--- Saved model to checkpoints/classification/state.pt ---
Epoch 39
Epoch 39, Training Loss: 0.1101, Validation Loss: 1.0421
--- Saved model to checkpoints/classification/state.pt ---
Epoch 40
Epoch 40, Training Loss: 0.1121, Validation Loss: 0.9455
--- Saved model to checkpoints/classification/state.pt ---
Epoch 41
Epoch 41, Training Loss: 0.1011, Validation Loss: 1.0193
--- Saved model to checkpoints/classification/state.pt ---
Epoch 42
Epoch 42, Training Loss: 0.1120, Validation Loss: 1.0173
--- Saved model to checkpoints/classification/state.pt ---
Epoch 43
Epoch 43, Training Loss: 0.0948, Validation Loss: 1.0010
--- Saved model to checkpoints/classification/state.pt ---
Epoch 44
Epoch 44, Training Loss: 0.1165, Validation Loss: 0.9833
--- Saved model to checkpoints/classification/state.pt ---
Epoch 45
Epoch 45, Training Loss: 0.1017, Validation Loss: 0.9595
--- Saved model to checkpoints/classification/state.pt ---
Epoch 46
Epoch 46, Training Loss: 0.1085, Validation Loss: 1.0175
--- Saved model to checkpoints/classification/state.pt ---
Epoch 47
Epoch 47, Training Loss: 0.0863, Validation Loss: 0.9864
--- Saved model to checkpoints/classification/state.pt ---
Epoch 48
Epoch 48, Training Loss: 0.0860, Validation Loss: 1.0699
--- Saved model to checkpoints/classification/state.pt ---
Epoch 49
Epoch 49, Training Loss: 0.1008, Validation Loss: 0.9689
--- Saved model to checkpoints/classification/state.pt ---
Epoch 50
Epoch 50, Training Loss: 0.0872, Validation Loss: 1.0399
--- Saved model to checkpoints/classification/state.pt ---
Epoch 51
Epoch 51, Training Loss: 0.1004, Validation Loss: 1.0330
--- Saved model to checkpoints/classification/state.pt ---
Epoch 52
Epoch 52, Training Loss: 0.0847, Validation Loss: 0.9614
--- Saved model to checkpoints/classification/state.pt ---
Epoch 53
Epoch 53, Training Loss: 0.0762, Validation Loss: 0.9579
--- Saved model to checkpoints/classification/state.pt ---
Epoch 54
Epoch 54, Training Loss: 0.0856, Validation Loss: 0.9834
--- Saved model to checkpoints/classification/state.pt ---
Epoch 55
Epoch 55, Training Loss: 0.0566, Validation Loss: 1.0902
--- Saved model to checkpoints/classification/state.pt ---
Epoch 56
Epoch 56, Training Loss: 0.0795, Validation Loss: 1.0579
--- Saved model to checkpoints/classification/state.pt ---
Epoch 57
Epoch 57, Training Loss: 0.0900, Validation Loss: 1.0883
--- Saved model to checkpoints/classification/state.pt ---
Epoch 58
Epoch 58, Training Loss: 0.0668, Validation Loss: 1.0745
--- Saved model to checkpoints/classification/state.pt ---
Epoch 59
Epoch 59, Training Loss: 0.1058, Validation Loss: 1.0929
--- Saved model to checkpoints/classification/state.pt ---
Epoch 60
Epoch 60, Training Loss: 0.0796, Validation Loss: 1.0960
--- Saved model to checkpoints/classification/state.pt ---
Epoch 61
Epoch 61, Training Loss: 0.0579, Validation Loss: 1.1556
--- Saved model to checkpoints/classification/state.pt ---
Epoch 62
Epoch 62, Training Loss: 0.0655, Validation Loss: 1.0105
--- Saved model to checkpoints/classification/state.pt ---
Epoch 63
Epoch 63, Training Loss: 0.0538, Validation Loss: 1.1403
--- Saved model to checkpoints/classification/state.pt ---
Epoch 64
Epoch 64, Training Loss: 0.0770, Validation Loss: 1.1075
--- Saved model to checkpoints/classification/state.pt ---
Epoch 65
Epoch 65, Training Loss: 0.0819, Validation Loss: 1.2854
--- Saved model to checkpoints/classification/state.pt ---
Epoch 66
Epoch 66, Training Loss: 0.0824, Validation Loss: 1.2196
--- Saved model to checkpoints/classification/state.pt ---
Epoch 67
Epoch 67, Training Loss: 0.0724, Validation Loss: 1.2706
--- Saved model to checkpoints/classification/state.pt ---
Epoch 68
Epoch 68, Training Loss: 0.0744, Validation Loss: 1.2061
--- Saved model to checkpoints/classification/state.pt ---
Epoch 69
Epoch 69, Training Loss: 0.0826, Validation Loss: 1.1147
--- Saved model to checkpoints/classification/state.pt ---
Epoch 70
Epoch 70, Training Loss: 0.0678, Validation Loss: 1.2315
--- Saved model to checkpoints/classification/state.pt ---
Epoch 71
Epoch 71, Training Loss: 0.0770, Validation Loss: 1.0966
--- Saved model to checkpoints/classification/state.pt ---
Epoch 72
Epoch 72, Training Loss: 0.0597, Validation Loss: 1.1319
--- Saved model to checkpoints/classification/state.pt ---
Epoch 73
Epoch 73, Training Loss: 0.0631, Validation Loss: 1.1484
--- Saved model to checkpoints/classification/state.pt ---
Epoch 74
Epoch 74, Training Loss: 0.0821, Validation Loss: 1.1713
--- Saved model to checkpoints/classification/state.pt ---
Epoch 75
Epoch 75, Training Loss: 0.0766, Validation Loss: 1.1432
--- Saved model to checkpoints/classification/state.pt ---
Epoch 76
Epoch 76, Training Loss: 0.0485, Validation Loss: 1.1892
--- Saved model to checkpoints/classification/state.pt ---
Epoch 77
Epoch 77, Training Loss: 0.0706, Validation Loss: 1.2683
--- Saved model to checkpoints/classification/state.pt ---
Epoch 78
Epoch 78, Training Loss: 0.0782, Validation Loss: 1.2507
--- Saved model to checkpoints/classification/state.pt ---
Epoch 79
Epoch 79, Training Loss: 0.0962, Validation Loss: 1.1394
--- Saved model to checkpoints/classification/state.pt ---
Epoch 80
Epoch 80, Training Loss: 0.0690, Validation Loss: 1.1189
--- Saved model to checkpoints/classification/state.pt ---
Epoch 81
Epoch 81, Training Loss: 0.0486, Validation Loss: 1.1382
--- Saved model to checkpoints/classification/state.pt ---
Epoch 82
Epoch 82, Training Loss: 0.0551, Validation Loss: 1.0897
--- Saved model to checkpoints/classification/state.pt ---
Epoch 83
Epoch 83, Training Loss: 0.0557, Validation Loss: 1.1205
--- Saved model to checkpoints/classification/state.pt ---
Epoch 84
Epoch 84, Training Loss: 0.0394, Validation Loss: 1.1620
--- Saved model to checkpoints/classification/state.pt ---
Epoch 85
Epoch 85, Training Loss: 0.0779, Validation Loss: 1.3046
--- Saved model to checkpoints/classification/state.pt ---
Epoch 86
Epoch 86, Training Loss: 0.0680, Validation Loss: 1.0989
--- Saved model to checkpoints/classification/state.pt ---
Epoch 87
Epoch 87, Training Loss: 0.0552, Validation Loss: 1.1256
--- Saved model to checkpoints/classification/state.pt ---
Epoch 88
Epoch 88, Training Loss: 0.0566, Validation Loss: 1.1315
--- Saved model to checkpoints/classification/state.pt ---
Epoch 89
Epoch 89, Training Loss: 0.0366, Validation Loss: 1.3581
--- Saved model to checkpoints/classification/state.pt ---
Epoch 90
Epoch 90, Training Loss: 0.0581, Validation Loss: 1.1582
--- Saved model to checkpoints/classification/state.pt ---
Epoch 91
Epoch 91, Training Loss: 0.0468, Validation Loss: 1.1208
--- Saved model to checkpoints/classification/state.pt ---
Epoch 92
Epoch 92, Training Loss: 0.0595, Validation Loss: 1.1679
--- Saved model to checkpoints/classification/state.pt ---
Epoch 93
Epoch 93, Training Loss: 0.0686, Validation Loss: 1.2257
--- Saved model to checkpoints/classification/state.pt ---
Epoch 94
Epoch 94, Training Loss: 0.0646, Validation Loss: 1.1822
--- Saved model to checkpoints/classification/state.pt ---
Epoch 95
Epoch 95, Training Loss: 0.0530, Validation Loss: 1.3538
--- Saved model to checkpoints/classification/state.pt ---
Epoch 96
Epoch 96, Training Loss: 0.0540, Validation Loss: 1.2968
--- Saved model to checkpoints/classification/state.pt ---
Epoch 97
Epoch 97, Training Loss: 0.0378, Validation Loss: 1.2228
--- Saved model to checkpoints/classification/state.pt ---
Epoch 98
Epoch 98, Training Loss: 0.0536, Validation Loss: 1.4108
--- Saved model to checkpoints/classification/state.pt ---
Epoch 99
Epoch 99, Training Loss: 0.0594, Validation Loss: 1.3765
--- Saved model to checkpoints/classification/state.pt ---
Restored best model (val loss 0.5598)
Testing model
Accuracy: 47.90%
