CUDA Memory Cleared. Current VRAM Usage: 0.00 MB
On device cuda
Getting data loader crumb
Total unique classes found: 2
Label IDs: [0, 1]
Total images in dataset: 2003
Total batches: 86 (at batch size 16)

============================================================
Run 1/1  |  seed=43  |  results -> results/classification/run_20260626_034244_seed43
============================================================

Training classification for 100 epochs
Epoch 0
Epoch 0, Training Loss: 0.7100, Validation Loss: 0.7259
Epoch 1
Epoch 1, Training Loss: 0.6711, Validation Loss: 0.6857
Epoch 2
Epoch 2, Training Loss: 0.6644, Validation Loss: 1.0584
Epoch 3
Epoch 3, Training Loss: 0.6959, Validation Loss: 0.7052
Epoch 4
Epoch 4, Training Loss: 0.6981, Validation Loss: 0.7093
Epoch 5
Epoch 5, Training Loss: 0.7006, Validation Loss: 0.6964
Epoch 6
Epoch 6, Training Loss: 0.6983, Validation Loss: 0.6983
Epoch 7
Epoch 7, Training Loss: 0.7032, Validation Loss: 0.6941
Epoch 8
Epoch 8, Training Loss: 0.6973, Validation Loss: 0.6931
Epoch 9
Epoch 9, Training Loss: 0.6954, Validation Loss: 0.7221
Epoch 10
Epoch 10, Training Loss: 0.6911, Validation Loss: 0.7694
Epoch 11
Epoch 11, Training Loss: 0.6966, Validation Loss: 0.7051
Epoch 12
Testing model
Accuracy: 51.3986013986014%
