CUDA Memory Cleared. Current VRAM Usage: 0.00 MB
On device cuda
Getting data loader crumb
Total unique classes found: 2
Label IDs: [0, 1]
Total images in dataset: 2003
Total batches: 86 (at batch size 16)

============================================================
Run 1/1  |  seed=44  |  results -> results/classification/run_20260629_143025_seed44
============================================================

Training classification for 100 epochs
Epoch 0
Epoch 0, Training Loss: 0.6824, Validation Loss: 0.7373, LR: 5.00e-04
--- Saved model to checkpoints/classification/state.pt ---
Epoch 1
Epoch 1, Training Loss: 0.6578, Validation Loss: 0.7096, LR: 5.00e-04
--- Saved model to checkpoints/classification/state.pt ---
Epoch 2
Epoch 2, Training Loss: 0.6367, Validation Loss: 0.7275, LR: 4.99e-04
--- Saved model to checkpoints/classification/state.pt ---
Epoch 3
Epoch 3, Training Loss: 0.6513, Validation Loss: 0.7158, LR: 4.98e-04
--- Saved model to checkpoints/classification/state.pt ---
Epoch 4
Epoch 4, Training Loss: 0.6691, Validation Loss: 0.7371, LR: 4.97e-04
--- Saved model to checkpoints/classification/state.pt ---
Epoch 5
Epoch 5, Training Loss: 0.6717, Validation Loss: 0.7097, LR: 4.96e-04
--- Saved model to checkpoints/classification/state.pt ---
Epoch 6
Epoch 6, Training Loss: 0.6816, Validation Loss: 0.7383, LR: 4.94e-04
--- Saved model to checkpoints/classification/state.pt ---
Epoch 7
Epoch 7, Training Loss: 0.6742, Validation Loss: 1.2211, LR: 4.92e-04
--- Saved model to checkpoints/classification/state.pt ---
Epoch 8
Epoch 8, Training Loss: 0.6561, Validation Loss: 0.6716, LR: 4.90e-04
--- Saved model to checkpoints/classification/state.pt ---
Epoch 9
Epoch 9, Training Loss: 0.6453, Validation Loss: 0.8077, LR: 4.88e-04
--- Saved model to checkpoints/classification/state.pt ---
Epoch 10
Epoch 10, Training Loss: 0.6265, Validation Loss: 0.6462, LR: 4.85e-04
--- Saved model to checkpoints/classification/state.pt ---
Epoch 11
Epoch 11, Training Loss: 0.6387, Validation Loss: 0.6388, LR: 4.82e-04
--- Saved model to checkpoints/classification/state.pt ---
Epoch 12
Epoch 12, Training Loss: 0.6369, Validation Loss: 0.8681, LR: 4.79e-04
--- Saved model to checkpoints/classification/state.pt ---
Epoch 13
Epoch 13, Training Loss: 0.6137, Validation Loss: 2.0401, LR: 4.76e-04
--- Saved model to checkpoints/classification/state.pt ---
Epoch 14
Epoch 14, Training Loss: 0.6312, Validation Loss: 0.8008, LR: 4.73e-04
--- Saved model to checkpoints/classification/state.pt ---
Epoch 15
Epoch 15, Training Loss: 0.6246, Validation Loss: 0.8621, LR: 4.69e-04
--- Saved model to checkpoints/classification/state.pt ---
Epoch 16
Epoch 16, Training Loss: 0.6111, Validation Loss: 0.6564, LR: 4.65e-04
--- Saved model to checkpoints/classification/state.pt ---
Epoch 17
Epoch 17, Training Loss: 0.6207, Validation Loss: 0.6417, LR: 4.61e-04
--- Saved model to checkpoints/classification/state.pt ---
Epoch 18
Epoch 18, Training Loss: 0.6128, Validation Loss: 0.8284, LR: 4.57e-04
--- Saved model to checkpoints/classification/state.pt ---
Epoch 19
Epoch 19, Training Loss: 0.6244, Validation Loss: 0.9295, LR: 4.52e-04
--- Saved model to checkpoints/classification/state.pt ---
Epoch 20
Epoch 20, Training Loss: 0.6072, Validation Loss: 0.7997, LR: 4.48e-04
--- Saved model to checkpoints/classification/state.pt ---
Epoch 21
Epoch 21, Training Loss: 0.6054, Validation Loss: 0.8269, LR: 4.43e-04
--- Saved model to checkpoints/classification/state.pt ---
Epoch 22
Epoch 22, Training Loss: 0.6003, Validation Loss: 1.3452, LR: 4.38e-04
--- Saved model to checkpoints/classification/state.pt ---
Epoch 23
Epoch 23, Training Loss: 0.6130, Validation Loss: 0.9647, LR: 4.32e-04
--- Saved model to checkpoints/classification/state.pt ---
Epoch 24
Epoch 24, Training Loss: 0.5988, Validation Loss: 0.9211, LR: 4.27e-04
--- Saved model to checkpoints/classification/state.pt ---
Epoch 25
Epoch 25, Training Loss: 0.6097, Validation Loss: 1.0452, LR: 4.21e-04
--- Saved model to checkpoints/classification/state.pt ---
Epoch 26
Epoch 26, Training Loss: 0.6034, Validation Loss: 0.7808, LR: 4.15e-04
--- Saved model to checkpoints/classification/state.pt ---
Epoch 27
Epoch 27, Training Loss: 0.5881, Validation Loss: 0.6294, LR: 4.09e-04
--- Saved model to checkpoints/classification/state.pt ---
Epoch 28
Epoch 28, Training Loss: 0.6096, Validation Loss: 1.0530, LR: 4.03e-04
--- Saved model to checkpoints/classification/state.pt ---
Epoch 29
Epoch 29, Training Loss: 0.5858, Validation Loss: 0.7251, LR: 3.97e-04
--- Saved model to checkpoints/classification/state.pt ---
Epoch 30
Epoch 30, Training Loss: 0.5898, Validation Loss: 0.9804, LR: 3.91e-04
--- Saved model to checkpoints/classification/state.pt ---
Epoch 31
Epoch 31, Training Loss: 0.5825, Validation Loss: 0.8449, LR: 3.84e-04
--- Saved model to checkpoints/classification/state.pt ---
Epoch 32
Epoch 32, Training Loss: 0.5870, Validation Loss: 0.8781, LR: 3.77e-04
--- Saved model to checkpoints/classification/state.pt ---
Epoch 33
Epoch 33, Training Loss: 0.5841, Validation Loss: 0.6460, LR: 3.70e-04
--- Saved model to checkpoints/classification/state.pt ---
Epoch 34
Epoch 34, Training Loss: 0.5849, Validation Loss: 0.9552, LR: 3.63e-04
--- Saved model to checkpoints/classification/state.pt ---
Epoch 35
Epoch 35, Training Loss: 0.5836, Validation Loss: 0.6998, LR: 3.56e-04
--- Saved model to checkpoints/classification/state.pt ---
Epoch 36
Epoch 36, Training Loss: 0.5649, Validation Loss: 1.1188, LR: 3.49e-04
--- Saved model to checkpoints/classification/state.pt ---
Epoch 37
Epoch 37, Training Loss: 0.5704, Validation Loss: 0.8898, LR: 3.42e-04
--- Saved model to checkpoints/classification/state.pt ---
Epoch 38
Epoch 38, Training Loss: 0.5694, Validation Loss: 0.9301, LR: 3.35e-04
--- Saved model to checkpoints/classification/state.pt ---
Epoch 39
Epoch 39, Training Loss: 0.5568, Validation Loss: 0.6307, LR: 3.27e-04
--- Saved model to checkpoints/classification/state.pt ---
Epoch 40
Epoch 40, Training Loss: 0.5595, Validation Loss: 0.7229, LR: 3.20e-04
--- Saved model to checkpoints/classification/state.pt ---
Epoch 41
Epoch 41, Training Loss: 0.5631, Validation Loss: 0.5818, LR: 3.12e-04
--- Saved model to checkpoints/classification/state.pt ---
Epoch 42
Epoch 42, Training Loss: 0.5340, Validation Loss: 0.9548, LR: 3.05e-04
--- Saved model to checkpoints/classification/state.pt ---
Epoch 43
Epoch 43, Training Loss: 0.5476, Validation Loss: 0.9491, LR: 2.97e-04
--- Saved model to checkpoints/classification/state.pt ---
Epoch 44
Epoch 44, Training Loss: 0.5443, Validation Loss: 0.9536, LR: 2.89e-04
--- Saved model to checkpoints/classification/state.pt ---
Epoch 45
Epoch 45, Training Loss: 0.5487, Validation Loss: 0.5802, LR: 2.81e-04
--- Saved model to checkpoints/classification/state.pt ---
Epoch 46
Epoch 46, Training Loss: 0.5363, Validation Loss: 0.5493, LR: 2.74e-04
--- Saved model to checkpoints/classification/state.pt ---
Epoch 47
Epoch 47, Training Loss: 0.5362, Validation Loss: 0.6067, LR: 2.66e-04
--- Saved model to checkpoints/classification/state.pt ---
Epoch 48
Epoch 48, Training Loss: 0.5451, Validation Loss: 0.6044, LR: 2.58e-04
--- Saved model to checkpoints/classification/state.pt ---
Epoch 49
Epoch 49, Training Loss: 0.5385, Validation Loss: 0.7112, LR: 2.50e-04
--- Saved model to checkpoints/classification/state.pt ---
Epoch 50
Epoch 50, Training Loss: 0.5336, Validation Loss: 0.6542, LR: 2.42e-04
--- Saved model to checkpoints/classification/state.pt ---
Epoch 51
Epoch 51, Training Loss: 0.5315, Validation Loss: 1.1742, LR: 2.34e-04
--- Saved model to checkpoints/classification/state.pt ---
Epoch 52
Epoch 52, Training Loss: 0.5314, Validation Loss: 0.7284, LR: 2.26e-04
--- Saved model to checkpoints/classification/state.pt ---
Epoch 53
Epoch 53, Training Loss: 0.5302, Validation Loss: 0.5318, LR: 2.19e-04
--- Saved model to checkpoints/classification/state.pt ---
Epoch 54
Epoch 54, Training Loss: 0.5318, Validation Loss: 0.7816, LR: 2.11e-04
--- Saved model to checkpoints/classification/state.pt ---
Epoch 55
Epoch 55, Training Loss: 0.5352, Validation Loss: 0.6674, LR: 2.03e-04
--- Saved model to checkpoints/classification/state.pt ---
Epoch 56
Epoch 56, Training Loss: 0.5035, Validation Loss: 0.6611, LR: 1.95e-04
--- Saved model to checkpoints/classification/state.pt ---
Epoch 57
Epoch 57, Training Loss: 0.5073, Validation Loss: 0.6442, LR: 1.88e-04
--- Saved model to checkpoints/classification/state.pt ---
Epoch 58
Epoch 58, Training Loss: 0.5026, Validation Loss: 0.5263, LR: 1.80e-04
--- Saved model to checkpoints/classification/state.pt ---
Epoch 59
Epoch 59, Training Loss: 0.5185, Validation Loss: 0.6473, LR: 1.73e-04
--- Saved model to checkpoints/classification/state.pt ---
Epoch 60
Epoch 60, Training Loss: 0.5055, Validation Loss: 0.5373, LR: 1.65e-04
--- Saved model to checkpoints/classification/state.pt ---
Epoch 61
Epoch 61, Training Loss: 0.4991, Validation Loss: 0.6046, LR: 1.58e-04
--- Saved model to checkpoints/classification/state.pt ---
Epoch 62
Epoch 62, Training Loss: 0.5034, Validation Loss: 0.8588, LR: 1.51e-04
--- Saved model to checkpoints/classification/state.pt ---
Epoch 63
Epoch 63, Training Loss: 0.4973, Validation Loss: 0.6710, LR: 1.44e-04
--- Saved model to checkpoints/classification/state.pt ---
Epoch 64
Epoch 64, Training Loss: 0.5063, Validation Loss: 0.5210, LR: 1.37e-04
--- Saved model to checkpoints/classification/state.pt ---
Epoch 65
Epoch 65, Training Loss: 0.4911, Validation Loss: 0.8956, LR: 1.30e-04
--- Saved model to checkpoints/classification/state.pt ---
Epoch 66
Epoch 66, Training Loss: 0.4941, Validation Loss: 0.5635, LR: 1.23e-04
--- Saved model to checkpoints/classification/state.pt ---
Epoch 67
Epoch 67, Training Loss: 0.4975, Validation Loss: 0.7089, LR: 1.16e-04
--- Saved model to checkpoints/classification/state.pt ---
Epoch 68
Epoch 68, Training Loss: 0.4868, Validation Loss: 0.7418, LR: 1.09e-04
--- Saved model to checkpoints/classification/state.pt ---
Epoch 69
Epoch 69, Training Loss: 0.4834, Validation Loss: 1.1664, LR: 1.03e-04
--- Saved model to checkpoints/classification/state.pt ---
Epoch 70
Epoch 70, Training Loss: 0.4774, Validation Loss: 0.5436, LR: 9.68e-05
--- Saved model to checkpoints/classification/state.pt ---
Epoch 71
Epoch 71, Training Loss: 0.4937, Validation Loss: 0.5250, LR: 9.06e-05
--- Saved model to checkpoints/classification/state.pt ---
Epoch 72
Epoch 72, Training Loss: 0.4899, Validation Loss: 0.5126, LR: 8.47e-05
--- Saved model to checkpoints/classification/state.pt ---
Epoch 73
Epoch 73, Training Loss: 0.4829, Validation Loss: 0.5029, LR: 7.89e-05
--- Saved model to checkpoints/classification/state.pt ---
Epoch 74
Epoch 74, Training Loss: 0.4868, Validation Loss: 0.6008, LR: 7.32e-05
--- Saved model to checkpoints/classification/state.pt ---
Epoch 75
Epoch 75, Training Loss: 0.4640, Validation Loss: 0.5151, LR: 6.78e-05
--- Saved model to checkpoints/classification/state.pt ---
Epoch 76
Epoch 76, Training Loss: 0.4696, Validation Loss: 0.6819, LR: 6.25e-05
--- Saved model to checkpoints/classification/state.pt ---
Epoch 77
Epoch 77, Training Loss: 0.4783, Validation Loss: 0.5594, LR: 5.74e-05
--- Saved model to checkpoints/classification/state.pt ---
Epoch 78
Epoch 78, Training Loss: 0.4883, Validation Loss: 0.5094, LR: 5.25e-05
--- Saved model to checkpoints/classification/state.pt ---
Epoch 79
Epoch 79, Training Loss: 0.4645, Validation Loss: 0.5149, LR: 4.77e-05
--- Saved model to checkpoints/classification/state.pt ---
Epoch 80
Epoch 80, Training Loss: 0.4628, Validation Loss: 0.6712, LR: 4.32e-05
--- Saved model to checkpoints/classification/state.pt ---
Epoch 81
Epoch 81, Training Loss: 0.4672, Validation Loss: 0.7208, LR: 3.89e-05
--- Saved model to checkpoints/classification/state.pt ---
Epoch 82
Epoch 82, Training Loss: 0.4715, Validation Loss: 0.6130, LR: 3.48e-05
--- Saved model to checkpoints/classification/state.pt ---
Epoch 83
Epoch 83, Training Loss: 0.4744, Validation Loss: 0.5044, LR: 3.09e-05
--- Saved model to checkpoints/classification/state.pt ---
Epoch 84
Epoch 84, Training Loss: 0.4726, Validation Loss: 0.6762, LR: 2.72e-05
--- Saved model to checkpoints/classification/state.pt ---
Epoch 85
Epoch 85, Training Loss: 0.4829, Validation Loss: 0.5667, LR: 2.38e-05
--- Saved model to checkpoints/classification/state.pt ---
Epoch 86
Epoch 86, Training Loss: 0.4651, Validation Loss: 0.5115, LR: 2.06e-05
--- Saved model to checkpoints/classification/state.pt ---
Epoch 87
Epoch 87, Training Loss: 0.4713, Validation Loss: 0.5806, LR: 1.76e-05
--- Saved model to checkpoints/classification/state.pt ---
Epoch 88
Epoch 88, Training Loss: 0.4614, Validation Loss: 0.5190, LR: 1.48e-05
--- Saved model to checkpoints/classification/state.pt ---
Epoch 89
Epoch 89, Training Loss: 0.4798, Validation Loss: 0.5082, LR: 1.22e-05
--- Saved model to checkpoints/classification/state.pt ---
Epoch 90
Epoch 90, Training Loss: 0.4593, Validation Loss: 0.5107, LR: 9.93e-06
--- Saved model to checkpoints/classification/state.pt ---
Epoch 91
Epoch 91, Training Loss: 0.4668, Validation Loss: 0.5039, LR: 7.85e-06
--- Saved model to checkpoints/classification/state.pt ---
Epoch 92
Epoch 92, Training Loss: 0.4724, Validation Loss: 0.5062, LR: 6.02e-06
--- Saved model to checkpoints/classification/state.pt ---
Epoch 93
Epoch 93, Training Loss: 0.4706, Validation Loss: 0.5176, LR: 4.43e-06
--- Saved model to checkpoints/classification/state.pt ---
Epoch 94
Epoch 94, Training Loss: 0.4707, Validation Loss: 0.5129, LR: 3.08e-06
--- Saved model to checkpoints/classification/state.pt ---
Epoch 95
Epoch 95, Training Loss: 0.4719, Validation Loss: 0.5053, LR: 1.97e-06
--- Saved model to checkpoints/classification/state.pt ---
Epoch 96
Epoch 96, Training Loss: 0.4587, Validation Loss: 0.5055, LR: 1.11e-06
--- Saved model to checkpoints/classification/state.pt ---
Epoch 97
Epoch 97, Training Loss: 0.4676, Validation Loss: 0.4937, LR: 4.93e-07
--- Saved model to checkpoints/classification/state.pt ---
Epoch 98
Epoch 98, Training Loss: 0.4746, Validation Loss: 0.5180, LR: 1.23e-07
--- Saved model to checkpoints/classification/state.pt ---
Epoch 99
Epoch 99, Training Loss: 0.4579, Validation Loss: 0.5014, LR: 0.00e+00
--- Saved model to checkpoints/classification/state.pt ---
Testing model
Accuracy: 50.6993006993007%
