CUDA Memory Cleared. Current VRAM Usage: 0.00 MB
On device cuda
Getting data loader crumb
Total unique classes found: 2
Label IDs: [0, 1]
Total images in dataset: 2003
Total batches: 86 (at batch size 16)

============================================================
Run 1/1  |  seed=44  |  results -> results/classification/run_20260626_034544_seed44
============================================================

Training classification for 100 epochs
Epoch 0
Epoch 0, Training Loss: 0.7309, Validation Loss: 0.8190
Epoch 1
Epoch 1, Training Loss: 0.6648, Validation Loss: 0.6400
Epoch 2
Epoch 2, Training Loss: 0.6641, Validation Loss: 0.7874
Epoch 3
Epoch 3, Training Loss: 0.6727, Validation Loss: 1.2232
Epoch 4
Epoch 4, Training Loss: 0.6732, Validation Loss: 0.7024
Epoch 5
Epoch 5, Training Loss: 0.7028, Validation Loss: 0.7765
Epoch 6
Epoch 6, Training Loss: 0.7010, Validation Loss: 0.6930
Epoch 7
Epoch 7, Training Loss: 0.6992, Validation Loss: 0.6945
Epoch 8
Epoch 8, Training Loss: 0.6978, Validation Loss: 0.6935
Epoch 9
Epoch 9, Training Loss: 0.6984, Validation Loss: 0.6925
Epoch 10
Epoch 10, Training Loss: 0.6959, Validation Loss: 2.8269
Epoch 11
Epoch 11, Training Loss: 0.6935, Validation Loss: 0.6939
Epoch 12
Testing model
Accuracy: 48.25174825174825%
