CUDA Memory Cleared. Current VRAM Usage: 0.00 MB
On device cuda
Getting data loader crumb
Total unique classes found: 2
Label IDs: [0, 1]
Total images in dataset: 2003
Total batches: 86 (at batch size 16)

============================================================
Run 1/1  |  seed=43  |  results -> results/classification/run_20260701_132928_seed43
============================================================

Training classification for 100 epochs
Epoch 0
Epoch 0, Training Loss: 0.7075, Validation Loss: 0.6982
--- Saved model to checkpoints/classification/state.pt ---
Epoch 1
Epoch 1, Training Loss: 0.6637, Validation Loss: 3.6136
--- Saved model to checkpoints/classification/state.pt ---
Epoch 2
Epoch 2, Training Loss: 0.6403, Validation Loss: 5.3313
--- Saved model to checkpoints/classification/state.pt ---
Epoch 3
Epoch 3, Training Loss: 0.6217, Validation Loss: 5.8640
--- Saved model to checkpoints/classification/state.pt ---
Epoch 4
Epoch 4, Training Loss: 0.6169, Validation Loss: 9.8044
--- Saved model to checkpoints/classification/state.pt ---
Epoch 5
Epoch 5, Training Loss: 0.6183, Validation Loss: 8.5754
--- Saved model to checkpoints/classification/state.pt ---
Epoch 6
Epoch 6, Training Loss: 0.6052, Validation Loss: 7.7038
--- Saved model to checkpoints/classification/state.pt ---
Epoch 7
Epoch 7, Training Loss: 0.6195, Validation Loss: 2.7358
--- Saved model to checkpoints/classification/state.pt ---
Epoch 8
Epoch 8, Training Loss: 0.6028, Validation Loss: 6.3178
--- Saved model to checkpoints/classification/state.pt ---
Epoch 9
Epoch 9, Training Loss: 0.5997, Validation Loss: 2.0370
--- Saved model to checkpoints/classification/state.pt ---
Epoch 10
Epoch 10, Training Loss: 0.5903, Validation Loss: 7.1615
--- Saved model to checkpoints/classification/state.pt ---
Epoch 11
Testing model
Accuracy: 50.00%
