CUDA Memory Cleared. Current VRAM Usage: 0.00 MB
On device cuda
Getting data loader crumb
Total unique classes found: 2
Label IDs: [0, 1]
Total images in dataset: 2003
Total batches: 86 (at batch size 16)

============================================================
Run 1/1  |  seed=42  |  results -> results/classification/run_20260630_201620_seed42
============================================================

Training classification for 100 epochs
Epoch 0
Epoch 0, Training Loss: 0.5938, Validation Loss: 0.6301, LR: 1.68e-05
--- Saved model to checkpoints/classification/state.pt ---
Epoch 1
Epoch 1, Training Loss: 0.5372, Validation Loss: 0.5661, LR: 1.68e-05
--- Saved model to checkpoints/classification/state.pt ---
Epoch 2
Epoch 2, Training Loss: 0.5274, Validation Loss: 0.5796, LR: 1.68e-05
--- Saved model to checkpoints/classification/state.pt ---
Epoch 3
Epoch 3, Training Loss: 0.5112, Validation Loss: 0.5566, LR: 1.68e-05
--- Saved model to checkpoints/classification/state.pt ---
Epoch 4
Epoch 4, Training Loss: 0.5204, Validation Loss: 0.5100, LR: 1.67e-05
--- Saved model to checkpoints/classification/state.pt ---
Epoch 5
Epoch 5, Training Loss: 0.4824, Validation Loss: 0.5388, LR: 1.67e-05
--- Saved model to checkpoints/classification/state.pt ---
Epoch 6
Epoch 6, Training Loss: 0.4845, Validation Loss: 0.5206, LR: 1.66e-05
--- Saved model to checkpoints/classification/state.pt ---
Epoch 7
Epoch 7, Training Loss: 0.4686, Validation Loss: 0.5554, LR: 1.66e-05
--- Saved model to checkpoints/classification/state.pt ---
Epoch 8
Epoch 8, Training Loss: 0.4604, Validation Loss: 0.5748, LR: 1.65e-05
--- Saved model to checkpoints/classification/state.pt ---
Epoch 9
Epoch 9, Training Loss: 0.4613, Validation Loss: 0.5178, LR: 1.64e-05
--- Saved model to checkpoints/classification/state.pt ---
Epoch 10
Epoch 10, Training Loss: 0.4464, Validation Loss: 0.5546, LR: 1.64e-05
--- Saved model to checkpoints/classification/state.pt ---
Epoch 11
Epoch 11, Training Loss: 0.4380, Validation Loss: 0.5342, LR: 1.63e-05
--- Saved model to checkpoints/classification/state.pt ---
Epoch 12
Epoch 12, Training Loss: 0.4494, Validation Loss: 0.5170, LR: 1.62e-05
--- Saved model to checkpoints/classification/state.pt ---
Epoch 13
Epoch 13, Training Loss: 0.4419, Validation Loss: 0.5311, LR: 1.60e-05
--- Saved model to checkpoints/classification/state.pt ---
Epoch 14
Epoch 14, Training Loss: 0.4344, Validation Loss: 0.4864, LR: 1.59e-05
--- Saved model to checkpoints/classification/state.pt ---
Epoch 15
Epoch 15, Training Loss: 0.4173, Validation Loss: 0.5036, LR: 1.58e-05
--- Saved model to checkpoints/classification/state.pt ---
Epoch 16
Epoch 16, Training Loss: 0.4133, Validation Loss: 0.5523, LR: 1.57e-05
--- Saved model to checkpoints/classification/state.pt ---
Epoch 17
Epoch 17, Training Loss: 0.4043, Validation Loss: 0.5794, LR: 1.55e-05
--- Saved model to checkpoints/classification/state.pt ---
Epoch 18
Epoch 18, Training Loss: 0.4042, Validation Loss: 0.5755, LR: 1.54e-05
--- Saved model to checkpoints/classification/state.pt ---
Epoch 19
Epoch 19, Training Loss: 0.4041, Validation Loss: 0.5468, LR: 1.52e-05
--- Saved model to checkpoints/classification/state.pt ---
Epoch 20
Epoch 20, Training Loss: 0.4055, Validation Loss: 0.5344, LR: 1.51e-05
--- Saved model to checkpoints/classification/state.pt ---
Epoch 21
Epoch 21, Training Loss: 0.4104, Validation Loss: 0.5349, LR: 1.49e-05
--- Saved model to checkpoints/classification/state.pt ---
Epoch 22
Epoch 22, Training Loss: 0.3881, Validation Loss: 0.5152, LR: 1.47e-05
--- Saved model to checkpoints/classification/state.pt ---
Epoch 23
Epoch 23, Training Loss: 0.3884, Validation Loss: 0.6037, LR: 1.46e-05
--- Saved model to checkpoints/classification/state.pt ---
Epoch 24
Epoch 24, Training Loss: 0.3737, Validation Loss: 0.5562, LR: 1.44e-05
--- Saved model to checkpoints/classification/state.pt ---
Epoch 25
Epoch 25, Training Loss: 0.3672, Validation Loss: 0.5577, LR: 1.42e-05
--- Saved model to checkpoints/classification/state.pt ---
Epoch 26
Epoch 26, Training Loss: 0.3512, Validation Loss: 0.5690, LR: 1.40e-05
--- Saved model to checkpoints/classification/state.pt ---
Epoch 27
Epoch 27, Training Loss: 0.3781, Validation Loss: 0.5798, LR: 1.38e-05
--- Saved model to checkpoints/classification/state.pt ---
Epoch 28
Epoch 28, Training Loss: 0.3762, Validation Loss: 0.5123, LR: 1.36e-05
--- Saved model to checkpoints/classification/state.pt ---
Epoch 29
Epoch 29, Training Loss: 0.3739, Validation Loss: 0.5547, LR: 1.34e-05
--- Saved model to checkpoints/classification/state.pt ---
Epoch 30
Epoch 30, Training Loss: 0.3322, Validation Loss: 0.5762, LR: 1.32e-05
--- Saved model to checkpoints/classification/state.pt ---
Epoch 31
Epoch 31, Training Loss: 0.3544, Validation Loss: 0.6028, LR: 1.29e-05
--- Saved model to checkpoints/classification/state.pt ---
Epoch 32
Epoch 32, Training Loss: 0.3495, Validation Loss: 0.5486, LR: 1.27e-05
--- Saved model to checkpoints/classification/state.pt ---
Epoch 33
Epoch 33, Training Loss: 0.3400, Validation Loss: 0.5978, LR: 1.25e-05
--- Saved model to checkpoints/classification/state.pt ---
Epoch 34
Epoch 34, Training Loss: 0.3308, Validation Loss: 0.6270, LR: 1.23e-05
--- Saved model to checkpoints/classification/state.pt ---
Epoch 35
Epoch 35, Training Loss: 0.3411, Validation Loss: 0.5557, LR: 1.20e-05
--- Saved model to checkpoints/classification/state.pt ---
Epoch 36
Epoch 36, Training Loss: 0.3200, Validation Loss: 0.5798, LR: 1.18e-05
--- Saved model to checkpoints/classification/state.pt ---
Epoch 37
Epoch 37, Training Loss: 0.3327, Validation Loss: 0.5990, LR: 1.15e-05
--- Saved model to checkpoints/classification/state.pt ---
Epoch 38
Epoch 38, Training Loss: 0.3329, Validation Loss: 0.5852, LR: 1.13e-05
--- Saved model to checkpoints/classification/state.pt ---
Epoch 39
Epoch 39, Training Loss: 0.3230, Validation Loss: 0.5744, LR: 1.10e-05
--- Saved model to checkpoints/classification/state.pt ---
Epoch 40
Epoch 40, Training Loss: 0.3097, Validation Loss: 0.5975, LR: 1.08e-05
--- Saved model to checkpoints/classification/state.pt ---
Epoch 41
Epoch 41, Training Loss: 0.3119, Validation Loss: 0.5760, LR: 1.05e-05
--- Saved model to checkpoints/classification/state.pt ---
Epoch 42
Epoch 42, Training Loss: 0.3004, Validation Loss: 0.6434, LR: 1.03e-05
--- Saved model to checkpoints/classification/state.pt ---
Epoch 43
Epoch 43, Training Loss: 0.3028, Validation Loss: 0.5894, LR: 1.00e-05
--- Saved model to checkpoints/classification/state.pt ---
Epoch 44
Testing model
Accuracy: 51.75%
