CUDA Memory Cleared. Current VRAM Usage: 0.00 MB
On device cuda
Getting data loader crumb
Total unique classes found: 2
Label IDs: [0, 1]
Total images in dataset: 2003
Total batches: 86 (at batch size 16)

============================================================
Run 1/1  |  seed=43  |  results -> results/classification/run_20260701_161503_seed43
============================================================

Training classification for 100 epochs
Epoch 0
Epoch 0, Training Loss: 0.6103, Validation Loss: 0.5974 (best)
--- Saved model to checkpoints/classification/state.pt ---
Epoch 1
Epoch 1, Training Loss: 0.5568, Validation Loss: 0.5684 (best)
--- Saved model to checkpoints/classification/state.pt ---
Epoch 2
Epoch 2, Training Loss: 0.5158, Validation Loss: 0.5794
--- Saved model to checkpoints/classification/state.pt ---
Epoch 3
Epoch 3, Training Loss: 0.5001, Validation Loss: 0.5645 (best)
--- Saved model to checkpoints/classification/state.pt ---
Epoch 4
Epoch 4, Training Loss: 0.4664, Validation Loss: 0.5780
--- Saved model to checkpoints/classification/state.pt ---
Epoch 5
Epoch 5, Training Loss: 0.4341, Validation Loss: 0.5906
--- Saved model to checkpoints/classification/state.pt ---
Epoch 6
Epoch 6, Training Loss: 0.4211, Validation Loss: 0.5890
--- Saved model to checkpoints/classification/state.pt ---
Epoch 7
Epoch 7, Training Loss: 0.3858, Validation Loss: 0.6467
--- Saved model to checkpoints/classification/state.pt ---
Epoch 8
Epoch 8, Training Loss: 0.3887, Validation Loss: 0.6040
--- Saved model to checkpoints/classification/state.pt ---
Epoch 9
Epoch 9, Training Loss: 0.3595, Validation Loss: 0.6233
--- Saved model to checkpoints/classification/state.pt ---
Epoch 10
Epoch 10, Training Loss: 0.3426, Validation Loss: 0.6372
--- Saved model to checkpoints/classification/state.pt ---
Epoch 11
Epoch 11, Training Loss: 0.3270, Validation Loss: 0.6026
--- Saved model to checkpoints/classification/state.pt ---
Epoch 12
Epoch 12, Training Loss: 0.3103, Validation Loss: 0.6215
--- Saved model to checkpoints/classification/state.pt ---
Epoch 13
Epoch 13, Training Loss: 0.2952, Validation Loss: 0.6371
--- Saved model to checkpoints/classification/state.pt ---
Epoch 14
Epoch 14, Training Loss: 0.2694, Validation Loss: 0.7029
--- Saved model to checkpoints/classification/state.pt ---
Epoch 15
Epoch 15, Training Loss: 0.2508, Validation Loss: 0.6584
--- Saved model to checkpoints/classification/state.pt ---
Epoch 16
Epoch 16, Training Loss: 0.2545, Validation Loss: 0.7438
--- Saved model to checkpoints/classification/state.pt ---
Epoch 17
Epoch 17, Training Loss: 0.2284, Validation Loss: 0.7088
--- Saved model to checkpoints/classification/state.pt ---
Epoch 18
Epoch 18, Training Loss: 0.2204, Validation Loss: 0.8235
--- Saved model to checkpoints/classification/state.pt ---
Epoch 19
Epoch 19, Training Loss: 0.1855, Validation Loss: 0.7235
--- Saved model to checkpoints/classification/state.pt ---
Epoch 20
Epoch 20, Training Loss: 0.2043, Validation Loss: 0.7749
--- Saved model to checkpoints/classification/state.pt ---
Epoch 21
Epoch 21, Training Loss: 0.2031, Validation Loss: 0.8044
--- Saved model to checkpoints/classification/state.pt ---
Epoch 22
Epoch 22, Training Loss: 0.1828, Validation Loss: 0.8532
--- Saved model to checkpoints/classification/state.pt ---
Epoch 23
Epoch 23, Training Loss: 0.1749, Validation Loss: 0.8059
--- Saved model to checkpoints/classification/state.pt ---
Epoch 24
Epoch 24, Training Loss: 0.1773, Validation Loss: 0.8169
--- Saved model to checkpoints/classification/state.pt ---
Epoch 25
Epoch 25, Training Loss: 0.1539, Validation Loss: 0.7794
--- Saved model to checkpoints/classification/state.pt ---
Epoch 26
Epoch 26, Training Loss: 0.1498, Validation Loss: 0.8100
--- Saved model to checkpoints/classification/state.pt ---
Epoch 27
Epoch 27, Training Loss: 0.1303, Validation Loss: 0.9027
--- Saved model to checkpoints/classification/state.pt ---
Epoch 28
Epoch 28, Training Loss: 0.1558, Validation Loss: 0.8548
--- Saved model to checkpoints/classification/state.pt ---
Epoch 29
Epoch 29, Training Loss: 0.1313, Validation Loss: 0.8533
--- Saved model to checkpoints/classification/state.pt ---
Epoch 30
Epoch 30, Training Loss: 0.1420, Validation Loss: 0.8552
--- Saved model to checkpoints/classification/state.pt ---
Epoch 31
Epoch 31, Training Loss: 0.1202, Validation Loss: 0.8681
--- Saved model to checkpoints/classification/state.pt ---
Epoch 32
Epoch 32, Training Loss: 0.1454, Validation Loss: 0.7858
--- Saved model to checkpoints/classification/state.pt ---
Epoch 33
Epoch 33, Training Loss: 0.1325, Validation Loss: 1.0116
--- Saved model to checkpoints/classification/state.pt ---
Epoch 34
Epoch 34, Training Loss: 0.1226, Validation Loss: 1.0063
--- Saved model to checkpoints/classification/state.pt ---
Epoch 35
Epoch 35, Training Loss: 0.1165, Validation Loss: 0.8741
--- Saved model to checkpoints/classification/state.pt ---
Epoch 36
Epoch 36, Training Loss: 0.1053, Validation Loss: 0.9366
--- Saved model to checkpoints/classification/state.pt ---
Epoch 37
Epoch 37, Training Loss: 0.1129, Validation Loss: 0.9590
--- Saved model to checkpoints/classification/state.pt ---
Epoch 38
Epoch 38, Training Loss: 0.0965, Validation Loss: 1.1021
--- Saved model to checkpoints/classification/state.pt ---
Epoch 39
Epoch 39, Training Loss: 0.1070, Validation Loss: 1.0397
--- Saved model to checkpoints/classification/state.pt ---
Epoch 40
Epoch 40, Training Loss: 0.1101, Validation Loss: 1.1423
--- Saved model to checkpoints/classification/state.pt ---
Epoch 41
Epoch 41, Training Loss: 0.1129, Validation Loss: 0.9236
--- Saved model to checkpoints/classification/state.pt ---
Epoch 42
Epoch 42, Training Loss: 0.0889, Validation Loss: 1.0883
--- Saved model to checkpoints/classification/state.pt ---
Epoch 43
Epoch 43, Training Loss: 0.1127, Validation Loss: 0.9787
--- Saved model to checkpoints/classification/state.pt ---
Epoch 44
Epoch 44, Training Loss: 0.0992, Validation Loss: 0.9872
--- Saved model to checkpoints/classification/state.pt ---
Epoch 45
Epoch 45, Training Loss: 0.0826, Validation Loss: 1.0524
--- Saved model to checkpoints/classification/state.pt ---
Epoch 46
Epoch 46, Training Loss: 0.1134, Validation Loss: 1.0373
--- Saved model to checkpoints/classification/state.pt ---
Epoch 47
Epoch 47, Training Loss: 0.0972, Validation Loss: 1.0142
--- Saved model to checkpoints/classification/state.pt ---
Epoch 48
Epoch 48, Training Loss: 0.1090, Validation Loss: 0.9999
--- Saved model to checkpoints/classification/state.pt ---
Epoch 49
Epoch 49, Training Loss: 0.0994, Validation Loss: 1.1429
--- Saved model to checkpoints/classification/state.pt ---
Epoch 50
Epoch 50, Training Loss: 0.0926, Validation Loss: 1.0859
--- Saved model to checkpoints/classification/state.pt ---
Epoch 51
Epoch 51, Training Loss: 0.0789, Validation Loss: 1.1602
--- Saved model to checkpoints/classification/state.pt ---
Epoch 52
Epoch 52, Training Loss: 0.0636, Validation Loss: 1.0532
--- Saved model to checkpoints/classification/state.pt ---
Epoch 53
Epoch 53, Training Loss: 0.0809, Validation Loss: 1.0777
--- Saved model to checkpoints/classification/state.pt ---
Epoch 54
Epoch 54, Training Loss: 0.0846, Validation Loss: 1.1883
--- Saved model to checkpoints/classification/state.pt ---
Epoch 55
Epoch 55, Training Loss: 0.0531, Validation Loss: 1.1479
--- Saved model to checkpoints/classification/state.pt ---
Epoch 56
Epoch 56, Training Loss: 0.0837, Validation Loss: 1.0370
--- Saved model to checkpoints/classification/state.pt ---
Epoch 57
Epoch 57, Training Loss: 0.0870, Validation Loss: 1.1444
--- Saved model to checkpoints/classification/state.pt ---
Epoch 58
Epoch 58, Training Loss: 0.1028, Validation Loss: 1.2771
--- Saved model to checkpoints/classification/state.pt ---
Epoch 59
Epoch 59, Training Loss: 0.0682, Validation Loss: 1.1033
--- Saved model to checkpoints/classification/state.pt ---
Epoch 60
Epoch 60, Training Loss: 0.0879, Validation Loss: 1.1607
--- Saved model to checkpoints/classification/state.pt ---
Epoch 61
Epoch 61, Training Loss: 0.0913, Validation Loss: 1.2441
--- Saved model to checkpoints/classification/state.pt ---
Epoch 62
Epoch 62, Training Loss: 0.0893, Validation Loss: 1.1436
--- Saved model to checkpoints/classification/state.pt ---
Epoch 63
Epoch 63, Training Loss: 0.0743, Validation Loss: 1.2202
--- Saved model to checkpoints/classification/state.pt ---
Epoch 64
Epoch 64, Training Loss: 0.0731, Validation Loss: 1.1174
--- Saved model to checkpoints/classification/state.pt ---
Epoch 65
Epoch 65, Training Loss: 0.0629, Validation Loss: 1.0785
--- Saved model to checkpoints/classification/state.pt ---
Epoch 66
Epoch 66, Training Loss: 0.0709, Validation Loss: 1.1520
--- Saved model to checkpoints/classification/state.pt ---
Epoch 67
Epoch 67, Training Loss: 0.0716, Validation Loss: 1.1089
--- Saved model to checkpoints/classification/state.pt ---
Epoch 68
Epoch 68, Training Loss: 0.0517, Validation Loss: 1.1302
--- Saved model to checkpoints/classification/state.pt ---
Epoch 69
Epoch 69, Training Loss: 0.0381, Validation Loss: 1.2901
--- Saved model to checkpoints/classification/state.pt ---
Epoch 70
Epoch 70, Training Loss: 0.0871, Validation Loss: 1.2304
--- Saved model to checkpoints/classification/state.pt ---
Epoch 71
Epoch 71, Training Loss: 0.0723, Validation Loss: 1.4189
--- Saved model to checkpoints/classification/state.pt ---
Epoch 72
Epoch 72, Training Loss: 0.0718, Validation Loss: 1.2301
--- Saved model to checkpoints/classification/state.pt ---
Epoch 73
Epoch 73, Training Loss: 0.0756, Validation Loss: 1.1570
--- Saved model to checkpoints/classification/state.pt ---
Epoch 74
Epoch 74, Training Loss: 0.0673, Validation Loss: 1.2297
--- Saved model to checkpoints/classification/state.pt ---
Epoch 75
Epoch 75, Training Loss: 0.0622, Validation Loss: 1.2764
--- Saved model to checkpoints/classification/state.pt ---
Epoch 76
Epoch 76, Training Loss: 0.0602, Validation Loss: 1.2082
--- Saved model to checkpoints/classification/state.pt ---
Epoch 77
Epoch 77, Training Loss: 0.0559, Validation Loss: 1.5145
--- Saved model to checkpoints/classification/state.pt ---
Epoch 78
Epoch 78, Training Loss: 0.0770, Validation Loss: 1.3288
--- Saved model to checkpoints/classification/state.pt ---
Epoch 79
Epoch 79, Training Loss: 0.0730, Validation Loss: 1.2542
--- Saved model to checkpoints/classification/state.pt ---
Epoch 80
Epoch 80, Training Loss: 0.1120, Validation Loss: 1.0820
--- Saved model to checkpoints/classification/state.pt ---
Epoch 81
Epoch 81, Training Loss: 0.0798, Validation Loss: 1.2245
--- Saved model to checkpoints/classification/state.pt ---
Epoch 82
Epoch 82, Training Loss: 0.0591, Validation Loss: 1.2096
--- Saved model to checkpoints/classification/state.pt ---
Epoch 83
Epoch 83, Training Loss: 0.0595, Validation Loss: 1.2284
--- Saved model to checkpoints/classification/state.pt ---
Epoch 84
Epoch 84, Training Loss: 0.0892, Validation Loss: 1.2842
--- Saved model to checkpoints/classification/state.pt ---
Epoch 85
Epoch 85, Training Loss: 0.0588, Validation Loss: 1.2703
--- Saved model to checkpoints/classification/state.pt ---
Epoch 86
Epoch 86, Training Loss: 0.0472, Validation Loss: 1.1867
--- Saved model to checkpoints/classification/state.pt ---
Epoch 87
Epoch 87, Training Loss: 0.0492, Validation Loss: 1.2939
--- Saved model to checkpoints/classification/state.pt ---
Epoch 88
Epoch 88, Training Loss: 0.0535, Validation Loss: 1.1704
--- Saved model to checkpoints/classification/state.pt ---
Epoch 89
Epoch 89, Training Loss: 0.0683, Validation Loss: 1.2939
--- Saved model to checkpoints/classification/state.pt ---
Epoch 90
Epoch 90, Training Loss: 0.0617, Validation Loss: 1.2304
--- Saved model to checkpoints/classification/state.pt ---
Epoch 91
Epoch 91, Training Loss: 0.0638, Validation Loss: 1.2148
--- Saved model to checkpoints/classification/state.pt ---
Epoch 92
Epoch 92, Training Loss: 0.0278, Validation Loss: 1.3124
--- Saved model to checkpoints/classification/state.pt ---
Epoch 93
Epoch 93, Training Loss: 0.0271, Validation Loss: 1.2909
--- Saved model to checkpoints/classification/state.pt ---
Epoch 94
Epoch 94, Training Loss: 0.0391, Validation Loss: 1.2515
--- Saved model to checkpoints/classification/state.pt ---
Epoch 95
Epoch 95, Training Loss: 0.0543, Validation Loss: 1.2854
--- Saved model to checkpoints/classification/state.pt ---
Epoch 96
Epoch 96, Training Loss: 0.0588, Validation Loss: 1.2826
--- Saved model to checkpoints/classification/state.pt ---
Epoch 97
Epoch 97, Training Loss: 0.0442, Validation Loss: 1.2913
--- Saved model to checkpoints/classification/state.pt ---
Epoch 98
Epoch 98, Training Loss: 0.0567, Validation Loss: 1.3455
--- Saved model to checkpoints/classification/state.pt ---
Epoch 99
Epoch 99, Training Loss: 0.0686, Validation Loss: 1.3020
--- Saved model to checkpoints/classification/state.pt ---
Restored best model (val loss 0.5645)
Testing model
Accuracy: 50.70%
