CUDA Memory Cleared. Current VRAM Usage: 0.00 MB
On device cuda
Getting data loader crumb
Total unique classes found: 2
Label IDs: [0, 1]
Total images in dataset: 2003
Total batches: 86 (at batch size 16)

============================================================
Run 1/1  |  seed=44  |  results -> results/classification/run_20260626_175634_seed44
============================================================

Training classification for 100 epochs
Epoch 0
Epoch 0, Training Loss: 0.6859, Validation Loss: 0.6451
Epoch 1
Epoch 1, Training Loss: 0.6443, Validation Loss: 0.6925
Epoch 2
Epoch 2, Training Loss: 0.6314, Validation Loss: 0.6731
Epoch 3
Epoch 3, Training Loss: 0.6517, Validation Loss: 0.7166
Epoch 4
Epoch 4, Training Loss: 0.6648, Validation Loss: 1.0563
Epoch 5
Epoch 5, Training Loss: 0.6409, Validation Loss: 0.7172
Epoch 6
Epoch 6, Training Loss: 0.6367, Validation Loss: 0.7960
Epoch 7
Epoch 7, Training Loss: 0.6646, Validation Loss: 0.7989
Epoch 8
Epoch 8, Training Loss: 0.6446, Validation Loss: 0.6984
Epoch 9
Epoch 9, Training Loss: 0.6544, Validation Loss: 2.4751
Epoch 10
Epoch 10, Training Loss: 0.6355, Validation Loss: 1.3593
Epoch 11
Testing model
Accuracy: 51.74825174825175%
