
A module that was compiled using NumPy 1.x cannot be run in
NumPy 2.4.6 as it may crash. To support both 1.x and 2.x
versions of NumPy, modules must be compiled with NumPy 2.0.
Some module may need to rebuild instead e.g. with 'pybind11>=2.12'.

If you are a user of the module, the easiest solution will be to
downgrade to 'numpy<2' or try to upgrade the affected module.
We expect that some modules will need time to support NumPy 2.

Traceback (most recent call last):  File "/idia/users/bevan/pid-radast/classifier-guided-physics-informed-diffusion/main.py", line 6, in <module>
    import torchvision.transforms as transforms
  File "/idia/users/bevan/pid-radast/classifier-guided-physics-informed-diffusion/.venv/lib/python3.11/site-packages/torchvision/__init__.py", line 6, in <module>
    from torchvision import datasets, io, models, ops, transforms, utils
  File "/idia/users/bevan/pid-radast/classifier-guided-physics-informed-diffusion/.venv/lib/python3.11/site-packages/torchvision/models/__init__.py", line 17, in <module>
    from . import detection, optical_flow, quantization, segmentation, video
  File "/idia/users/bevan/pid-radast/classifier-guided-physics-informed-diffusion/.venv/lib/python3.11/site-packages/torchvision/models/detection/__init__.py", line 1, in <module>
    from .faster_rcnn import *
  File "/idia/users/bevan/pid-radast/classifier-guided-physics-informed-diffusion/.venv/lib/python3.11/site-packages/torchvision/models/detection/faster_rcnn.py", line 16, in <module>
    from .anchor_utils import AnchorGenerator
  File "/idia/users/bevan/pid-radast/classifier-guided-physics-informed-diffusion/.venv/lib/python3.11/site-packages/torchvision/models/detection/anchor_utils.py", line 10, in <module>
    class AnchorGenerator(nn.Module):
  File "/idia/users/bevan/pid-radast/classifier-guided-physics-informed-diffusion/.venv/lib/python3.11/site-packages/torchvision/models/detection/anchor_utils.py", line 63, in AnchorGenerator
    device: torch.device = torch.device("cpu"),
/idia/users/bevan/pid-radast/classifier-guided-physics-informed-diffusion/.venv/lib/python3.11/site-packages/torchvision/models/detection/anchor_utils.py:63: UserWarning: Failed to initialize NumPy: _ARRAY_API not found (Triggered internally at ../torch/csrc/utils/tensor_numpy.cpp:84.)
  device: torch.device = torch.device("cpu"),
Traceback (most recent call last):
  File "/idia/users/bevan/pid-radast/classifier-guided-physics-informed-diffusion/main.py", line 8, in <module>
    from src.pipelines.optimize_parameters_pipeline import optimize_parameters
  File "/idia/users/bevan/pid-radast/classifier-guided-physics-informed-diffusion/src/pipelines/optimize_parameters_pipeline.py", line 8, in <module>
    from diffusers import UNet2DConditionModel, DDPMScheduler
  File "/idia/users/bevan/pid-radast/classifier-guided-physics-informed-diffusion/.venv/lib/python3.11/site-packages/diffusers/__init__.py", line 5, in <module>
    from .utils import (
  File "/idia/users/bevan/pid-radast/classifier-guided-physics-informed-diffusion/.venv/lib/python3.11/site-packages/diffusers/utils/__init__.py", line 135, in <module>
    from .peft_utils import (
  File "/idia/users/bevan/pid-radast/classifier-guided-physics-informed-diffusion/.venv/lib/python3.11/site-packages/diffusers/utils/peft_utils.py", line 26, in <module>
    from .torch_utils import empty_device_cache
  File "/idia/users/bevan/pid-radast/classifier-guided-physics-informed-diffusion/.venv/lib/python3.11/site-packages/diffusers/utils/torch_utils.py", line 39, in <module>
    "xpu": torch.xpu.empty_cache,
           ^^^^^^^^^
AttributeError: module 'torch' has no attribute 'xpu'
