CUDA Memory Cleared. Current VRAM Usage: 0.00 MB
On device cuda
Getting data loader mirabest_fits
Loaded FITS stats: noise_rms=0.000274, peak_log=3.938847
Total unique classes found: 2
Label IDs: [0, 1]
Total images in dataset: 1221
Total batches: 107 (at batch size 8)

============================================================
Run 1/1  |  seed=43  |  results -> results/diffusion/run_20260627_075902_seed43
============================================================

Training diffusion for 300 epochs
Epoch 0
Epoch 0 | Loss: 0.075324 | Val: 0.172703
FITS files saved to results/diffusion/run_20260627_075902_seed43/generated_fits
Computing FID/KID/PDF at epoch 0...
  FID: 149.6708 | KID: 0.149416
  Pixel PDF W-dist: 0.0825
--- Saved model to checkpoints/diffusion/state.pt ---
Epoch 1
Epoch 1 | Loss: 0.032657 | Val: 0.163286
--- Saved model to checkpoints/diffusion/state.pt ---
Epoch 2
Epoch 2 | Loss: 0.030660 | Val: 0.161489
--- Saved model to checkpoints/diffusion/state.pt ---
Epoch 3
Epoch 3 | Loss: 0.033012 | Val: 0.158446
--- Saved model to checkpoints/diffusion/state.pt ---
Epoch 4
Epoch 4 | Loss: 0.034941 | Val: 0.152850
--- Saved model to checkpoints/diffusion/state.pt ---
Epoch 5
Epoch 5 | Loss: 0.027408 | Val: 0.155952
FITS files saved to results/diffusion/run_20260627_075902_seed43/generated_fits
Computing FID/KID/PDF at epoch 5...
  FID: 109.4954 | KID: 0.082398
  Pixel PDF W-dist: 0.1049
--- Saved model to checkpoints/diffusion/state.pt ---
Epoch 6
Epoch 6 | Loss: 0.031718 | Val: 0.156268
--- Saved model to checkpoints/diffusion/state.pt ---
Epoch 7
Epoch 7 | Loss: 0.028097 | Val: 0.150998
--- Saved model to checkpoints/diffusion/state.pt ---
Epoch 8
Epoch 8 | Loss: 0.024926 | Val: 0.154731
--- Saved model to checkpoints/diffusion/state.pt ---
Epoch 9
Epoch 9 | Loss: 0.025332 | Val: 0.155519
--- Saved model to checkpoints/diffusion/state.pt ---
Epoch 10
Epoch 10 | Loss: 0.025380 | Val: 0.152118
FITS files saved to results/diffusion/run_20260627_075902_seed43/generated_fits
Computing FID/KID/PDF at epoch 10...
  FID: 105.5255 | KID: 0.081873
  Pixel PDF W-dist: 0.1333
--- Saved model to checkpoints/diffusion/state.pt ---
Epoch 11
Epoch 11 | Loss: 0.026976 | Val: 0.155032
--- Saved model to checkpoints/diffusion/state.pt ---
Epoch 12
Epoch 12 | Loss: 0.029244 | Val: 0.151809
--- Saved model to checkpoints/diffusion/state.pt ---
Epoch 13
Epoch 13 | Loss: 0.027517 | Val: 0.149564
--- Saved model to checkpoints/diffusion/state.pt ---
Epoch 14
Epoch 14 | Loss: 0.025017 | Val: 0.149577
--- Saved model to checkpoints/diffusion/state.pt ---
Epoch 15
Epoch 15 | Loss: 0.023508 | Val: 0.147808
FITS files saved to results/diffusion/run_20260627_075902_seed43/generated_fits
Computing FID/KID/PDF at epoch 15...
  FID: 116.7274 | KID: 0.093225
  Pixel PDF W-dist: 0.1595
--- Saved model to checkpoints/diffusion/state.pt ---
Epoch 16
Epoch 16 | Loss: 0.032442 | Val: 0.149120
--- Saved model to checkpoints/diffusion/state.pt ---
Epoch 17
Epoch 17 | Loss: 0.027988 | Val: 0.148079
--- Saved model to checkpoints/diffusion/state.pt ---
Epoch 18
Epoch 18 | Loss: 0.033506 | Val: 0.152535
--- Saved model to checkpoints/diffusion/state.pt ---
Epoch 19
Epoch 19 | Loss: 0.023451 | Val: 0.147734
--- Saved model to checkpoints/diffusion/state.pt ---
Epoch 20
Epoch 20 | Loss: 0.023380 | Val: 0.145747
FITS files saved to results/diffusion/run_20260627_075902_seed43/generated_fits
Computing FID/KID/PDF at epoch 20...
  FID: 118.6891 | KID: 0.098712
  Pixel PDF W-dist: 0.2866
--- Saved model to checkpoints/diffusion/state.pt ---
Epoch 21
Epoch 21 | Loss: 0.022895 | Val: 0.147572
--- Saved model to checkpoints/diffusion/state.pt ---
Epoch 22
Epoch 22 | Loss: 0.029891 | Val: 0.149887
--- Saved model to checkpoints/diffusion/state.pt ---
Epoch 23
Epoch 23 | Loss: 0.027959 | Val: 0.147934
--- Saved model to checkpoints/diffusion/state.pt ---
Epoch 24
Epoch 24 | Loss: 0.022929 | Val: 0.147446
--- Saved model to checkpoints/diffusion/state.pt ---
Epoch 25
Epoch 25 | Loss: 0.025357 | Val: 0.147298
FITS files saved to results/diffusion/run_20260627_075902_seed43/generated_fits
Computing FID/KID/PDF at epoch 25...
  FID: 103.6932 | KID: 0.070803
  Pixel PDF W-dist: 0.1548
--- Saved model to checkpoints/diffusion/state.pt ---
Epoch 26
Epoch 26 | Loss: 0.035553 | Val: 0.148136
--- Saved model to checkpoints/diffusion/state.pt ---
Epoch 27
Epoch 27 | Loss: 0.029323 | Val: 0.148018
--- Saved model to checkpoints/diffusion/state.pt ---
Epoch 28
Epoch 28 | Loss: 0.032128 | Val: 0.145596
--- Saved model to checkpoints/diffusion/state.pt ---
Epoch 29
Epoch 29 | Loss: 0.023402 | Val: 0.147824
--- Saved model to checkpoints/diffusion/state.pt ---
Epoch 30
Epoch 30 | Loss: 0.032965 | Val: 0.147762
FITS files saved to results/diffusion/run_20260627_075902_seed43/generated_fits
Computing FID/KID/PDF at epoch 30...
  FID: 127.4089 | KID: 0.109304
  Pixel PDF W-dist: 0.1997
--- Saved model to checkpoints/diffusion/state.pt ---
Epoch 31
Epoch 31 | Loss: 0.026643 | Val: 0.147122
--- Saved model to checkpoints/diffusion/state.pt ---
Epoch 32
Epoch 32 | Loss: 0.026044 | Val: 0.149002
--- Saved model to checkpoints/diffusion/state.pt ---
Epoch 33
Epoch 33 | Loss: 0.025065 | Val: 0.146617
--- Saved model to checkpoints/diffusion/state.pt ---
Epoch 34
Epoch 34 | Loss: 0.030794 | Val: 0.145692
--- Saved model to checkpoints/diffusion/state.pt ---
Epoch 35
Epoch 35 | Loss: 0.029561 | Val: 0.145365
FITS files saved to results/diffusion/run_20260627_075902_seed43/generated_fits
Computing FID/KID/PDF at epoch 35...
  FID: 109.9004 | KID: 0.088944
  Pixel PDF W-dist: 0.1436
--- Saved model to checkpoints/diffusion/state.pt ---
Epoch 36
Epoch 36 | Loss: 0.030427 | Val: 0.149059
--- Saved model to checkpoints/diffusion/state.pt ---
Epoch 37
Epoch 37 | Loss: 0.031827 | Val: 0.147450
--- Saved model to checkpoints/diffusion/state.pt ---
Epoch 38
Epoch 38 | Loss: 0.023474 | Val: 0.146343
--- Saved model to checkpoints/diffusion/state.pt ---
Epoch 39
Epoch 39 | Loss: 0.027443 | Val: 0.145387
--- Saved model to checkpoints/diffusion/state.pt ---
Epoch 40
Epoch 40 | Loss: 0.033290 | Val: 0.146021
FITS files saved to results/diffusion/run_20260627_075902_seed43/generated_fits
Computing FID/KID/PDF at epoch 40...
  FID: 120.0709 | KID: 0.100394
  Pixel PDF W-dist: 0.2708
--- Saved model to checkpoints/diffusion/state.pt ---
Epoch 41
Epoch 41 | Loss: 0.028080 | Val: 0.148383
--- Saved model to checkpoints/diffusion/state.pt ---
Epoch 42
Epoch 42 | Loss: 0.026939 | Val: 0.145828
--- Saved model to checkpoints/diffusion/state.pt ---
Epoch 43
Epoch 43 | Loss: 0.034086 | Val: 0.149011
--- Saved model to checkpoints/diffusion/state.pt ---
Epoch 44
Epoch 44 | Loss: 0.027628 | Val: 0.148451
--- Saved model to checkpoints/diffusion/state.pt ---
Epoch 45
Epoch 45 | Loss: 0.032647 | Val: 0.145871
FITS files saved to results/diffusion/run_20260627_075902_seed43/generated_fits
Computing FID/KID/PDF at epoch 45...
  FID: 108.5483 | KID: 0.075120
  Pixel PDF W-dist: 0.1722
--- Saved model to checkpoints/diffusion/state.pt ---
Epoch 46
Epoch 46 | Loss: 0.016718 | Val: 0.145207
--- Saved model to checkpoints/diffusion/state.pt ---
Epoch 47
Epoch 47 | Loss: 0.028803 | Val: 0.144784
--- Saved model to checkpoints/diffusion/state.pt ---
Epoch 48
Epoch 48 | Loss: 0.031732 | Val: 0.145675
--- Saved model to checkpoints/diffusion/state.pt ---
Epoch 49
Epoch 49 | Loss: 0.022489 | Val: 0.145322
--- Saved model to checkpoints/diffusion/state.pt ---
Epoch 50
Epoch 50 | Loss: 0.027568 | Val: 0.144650
FITS files saved to results/diffusion/run_20260627_075902_seed43/generated_fits
Computing FID/KID/PDF at epoch 50...
  FID: 141.1124 | KID: 0.129077
  Pixel PDF W-dist: 0.4491
--- Saved model to checkpoints/diffusion/state.pt ---
Epoch 51
Epoch 51 | Loss: 0.027873 | Val: 0.143724
--- Saved model to checkpoints/diffusion/state.pt ---
Epoch 52
Epoch 52 | Loss: 0.032087 | Val: 0.145164
--- Saved model to checkpoints/diffusion/state.pt ---
Epoch 53
Epoch 53 | Loss: 0.028590 | Val: 0.147876
--- Saved model to checkpoints/diffusion/state.pt ---
Epoch 54
Epoch 54 | Loss: 0.030232 | Val: 0.144214
--- Saved model to checkpoints/diffusion/state.pt ---
Epoch 55
Epoch 55 | Loss: 0.025249 | Val: 0.143267
FITS files saved to results/diffusion/run_20260627_075902_seed43/generated_fits
Computing FID/KID/PDF at epoch 55...
  FID: 122.1488 | KID: 0.100168
  Pixel PDF W-dist: 0.1810
--- Saved model to checkpoints/diffusion/state.pt ---
Epoch 56
Epoch 56 | Loss: 0.024745 | Val: 0.144668
--- Saved model to checkpoints/diffusion/state.pt ---
Epoch 57
Epoch 57 | Loss: 0.018286 | Val: 0.146660
--- Saved model to checkpoints/diffusion/state.pt ---
Epoch 58
Epoch 58 | Loss: 0.029453 | Val: 0.145423
--- Saved model to checkpoints/diffusion/state.pt ---
Epoch 59
Epoch 59 | Loss: 0.028810 | Val: 0.143212
--- Saved model to checkpoints/diffusion/state.pt ---
Epoch 60
Epoch 60 | Loss: 0.028606 | Val: 0.145813
FITS files saved to results/diffusion/run_20260627_075902_seed43/generated_fits
Computing FID/KID/PDF at epoch 60...
  FID: 112.8895 | KID: 0.091185
  Pixel PDF W-dist: 0.2371
--- Saved model to checkpoints/diffusion/state.pt ---
Epoch 61
Epoch 61 | Loss: 0.022132 | Val: 0.145616
--- Saved model to checkpoints/diffusion/state.pt ---
Epoch 62
Epoch 62 | Loss: 0.023507 | Val: 0.142783
--- Saved model to checkpoints/diffusion/state.pt ---
Epoch 63
Epoch 63 | Loss: 0.024767 | Val: 0.143903
--- Saved model to checkpoints/diffusion/state.pt ---
Epoch 64
Epoch 64 | Loss: 0.022803 | Val: 0.144295
--- Saved model to checkpoints/diffusion/state.pt ---
Epoch 65
Epoch 65 | Loss: 0.028626 | Val: 0.144752
FITS files saved to results/diffusion/run_20260627_075902_seed43/generated_fits
Computing FID/KID/PDF at epoch 65...
  FID: 116.6464 | KID: 0.086334
  Pixel PDF W-dist: 0.1093
--- Saved model to checkpoints/diffusion/state.pt ---
Epoch 66
Epoch 66 | Loss: 0.025715 | Val: 0.144088
--- Saved model to checkpoints/diffusion/state.pt ---
Epoch 67
Epoch 67 | Loss: 0.026771 | Val: 0.145925
--- Saved model to checkpoints/diffusion/state.pt ---
Epoch 68
Epoch 68 | Loss: 0.023448 | Val: 0.143213
--- Saved model to checkpoints/diffusion/state.pt ---
Epoch 69
Epoch 69 | Loss: 0.029040 | Val: 0.147319
--- Saved model to checkpoints/diffusion/state.pt ---
Epoch 70
Epoch 70 | Loss: 0.029943 | Val: 0.145143
FITS files saved to results/diffusion/run_20260627_075902_seed43/generated_fits
Computing FID/KID/PDF at epoch 70...
  FID: 108.8018 | KID: 0.078281
  Pixel PDF W-dist: 0.0939
--- Saved model to checkpoints/diffusion/state.pt ---
Epoch 71
Epoch 71 | Loss: 0.028903 | Val: 0.143651
--- Saved model to checkpoints/diffusion/state.pt ---
Epoch 72
Epoch 72 | Loss: 0.023731 | Val: 0.143182
--- Saved model to checkpoints/diffusion/state.pt ---
Epoch 73
Epoch 73 | Loss: 0.026148 | Val: 0.142171
--- Saved model to checkpoints/diffusion/state.pt ---
Epoch 74
Epoch 74 | Loss: 0.026508 | Val: 0.143885
--- Saved model to checkpoints/diffusion/state.pt ---
Epoch 75
Epoch 75 | Loss: 0.029091 | Val: 0.145321
FITS files saved to results/diffusion/run_20260627_075902_seed43/generated_fits
Computing FID/KID/PDF at epoch 75...
  FID: 126.8126 | KID: 0.109291
  Pixel PDF W-dist: 0.0900
--- Saved model to checkpoints/diffusion/state.pt ---
Epoch 76
Epoch 76 | Loss: 0.021266 | Val: 0.143736
--- Saved model to checkpoints/diffusion/state.pt ---
Epoch 77
Epoch 77 | Loss: 0.022168 | Val: 0.144439
--- Saved model to checkpoints/diffusion/state.pt ---
Epoch 78
Epoch 78 | Loss: 0.031026 | Val: 0.144773
--- Saved model to checkpoints/diffusion/state.pt ---
Epoch 79
Epoch 79 | Loss: 0.023812 | Val: 0.143296
--- Saved model to checkpoints/diffusion/state.pt ---
Epoch 80
Epoch 80 | Loss: 0.023286 | Val: 0.144482
FITS files saved to results/diffusion/run_20260627_075902_seed43/generated_fits
Computing FID/KID/PDF at epoch 80...
  FID: 136.1298 | KID: 0.130969
  Pixel PDF W-dist: 0.3851
--- Saved model to checkpoints/diffusion/state.pt ---
Epoch 81
Epoch 81 | Loss: 0.025328 | Val: 0.143659
--- Saved model to checkpoints/diffusion/state.pt ---
Epoch 82
Epoch 82 | Loss: 0.027897 | Val: 0.144339
--- Saved model to checkpoints/diffusion/state.pt ---
Epoch 83
Epoch 83 | Loss: 0.024673 | Val: 0.143458
--- Saved model to checkpoints/diffusion/state.pt ---
Epoch 84
Epoch 84 | Loss: 0.021279 | Val: 0.141640
--- Saved model to checkpoints/diffusion/state.pt ---
Epoch 85
Epoch 85 | Loss: 0.024374 | Val: 0.148175
FITS files saved to results/diffusion/run_20260627_075902_seed43/generated_fits
Computing FID/KID/PDF at epoch 85...
  FID: 116.8812 | KID: 0.096281
  Pixel PDF W-dist: 0.1858
--- Saved model to checkpoints/diffusion/state.pt ---
Epoch 86
Epoch 86 | Loss: 0.031717 | Val: 0.143969
--- Saved model to checkpoints/diffusion/state.pt ---
Epoch 87
Epoch 87 | Loss: 0.025211 | Val: 0.143513
--- Saved model to checkpoints/diffusion/state.pt ---
Epoch 88
Epoch 88 | Loss: 0.033406 | Val: 0.143346
--- Saved model to checkpoints/diffusion/state.pt ---
Epoch 89
Epoch 89 | Loss: 0.027545 | Val: 0.143846
--- Saved model to checkpoints/diffusion/state.pt ---
Epoch 90
Epoch 90 | Loss: 0.024441 | Val: 0.142559
FITS files saved to results/diffusion/run_20260627_075902_seed43/generated_fits
Computing FID/KID/PDF at epoch 90...
  FID: 111.9733 | KID: 0.086503
  Pixel PDF W-dist: 0.1621
--- Saved model to checkpoints/diffusion/state.pt ---
Epoch 91
Epoch 91 | Loss: 0.024225 | Val: 0.144333
--- Saved model to checkpoints/diffusion/state.pt ---
Epoch 92
Epoch 92 | Loss: 0.024894 | Val: 0.145271
--- Saved model to checkpoints/diffusion/state.pt ---
Epoch 93
Epoch 93 | Loss: 0.025316 | Val: 0.143137
--- Saved model to checkpoints/diffusion/state.pt ---
Epoch 94
Epoch 94 | Loss: 0.027218 | Val: 0.145055
--- Saved model to checkpoints/diffusion/state.pt ---
Epoch 95
Epoch 95 | Loss: 0.026619 | Val: 0.143073
FITS files saved to results/diffusion/run_20260627_075902_seed43/generated_fits
Computing FID/KID/PDF at epoch 95...
  FID: 104.0832 | KID: 0.070596
  Pixel PDF W-dist: 0.1093
--- Saved model to checkpoints/diffusion/state.pt ---
Epoch 96
Epoch 96 | Loss: 0.027551 | Val: 0.145257
--- Saved model to checkpoints/diffusion/state.pt ---
Epoch 97
Epoch 97 | Loss: 0.032327 | Val: 0.143259
--- Saved model to checkpoints/diffusion/state.pt ---
Epoch 98
Epoch 98 | Loss: 0.025116 | Val: 0.143399
--- Saved model to checkpoints/diffusion/state.pt ---
Epoch 99
Epoch 99 | Loss: 0.029386 | Val: 0.141880
--- Saved model to checkpoints/diffusion/state.pt ---
Epoch 100
Epoch 100 | Loss: 0.027702 | Val: 0.141268
FITS files saved to results/diffusion/run_20260627_075902_seed43/generated_fits
Computing FID/KID/PDF at epoch 100...
  FID: 113.0664 | KID: 0.081743
  Pixel PDF W-dist: 0.1596
--- Saved model to checkpoints/diffusion/state.pt ---
Epoch 101
Epoch 101 | Loss: 0.027065 | Val: 0.144781
--- Saved model to checkpoints/diffusion/state.pt ---
Epoch 102
Epoch 102 | Loss: 0.024879 | Val: 0.145652
--- Saved model to checkpoints/diffusion/state.pt ---
Epoch 103
Epoch 103 | Loss: 0.029638 | Val: 0.144394
--- Saved model to checkpoints/diffusion/state.pt ---
Epoch 104
Epoch 104 | Loss: 0.031807 | Val: 0.143613
--- Saved model to checkpoints/diffusion/state.pt ---
Epoch 105
Epoch 105 | Loss: 0.030552 | Val: 0.144230
FITS files saved to results/diffusion/run_20260627_075902_seed43/generated_fits
Computing FID/KID/PDF at epoch 105...
  FID: 113.7594 | KID: 0.085064
  Pixel PDF W-dist: 0.2149
--- Saved model to checkpoints/diffusion/state.pt ---
Epoch 106
Epoch 106 | Loss: 0.021567 | Val: 0.144594
--- Saved model to checkpoints/diffusion/state.pt ---
Epoch 107
Epoch 107 | Loss: 0.025128 | Val: 0.145783
--- Saved model to checkpoints/diffusion/state.pt ---
Epoch 108
Epoch 108 | Loss: 0.020715 | Val: 0.143303
--- Saved model to checkpoints/diffusion/state.pt ---
Epoch 109
Epoch 109 | Loss: 0.024547 | Val: 0.143462
--- Saved model to checkpoints/diffusion/state.pt ---
Epoch 110
Epoch 110 | Loss: 0.024784 | Val: 0.143953
FITS files saved to results/diffusion/run_20260627_075902_seed43/generated_fits
Computing FID/KID/PDF at epoch 110...
  FID: 115.0276 | KID: 0.091509
  Pixel PDF W-dist: 0.2629
--- Saved model to checkpoints/diffusion/state.pt ---
Epoch 111
Epoch 111 | Loss: 0.028405 | Val: 0.142865
--- Saved model to checkpoints/diffusion/state.pt ---
Epoch 112
Epoch 112 | Loss: 0.027252 | Val: 0.145361
--- Saved model to checkpoints/diffusion/state.pt ---
Epoch 113
Epoch 113 | Loss: 0.033653 | Val: 0.142495
--- Saved model to checkpoints/diffusion/state.pt ---
Epoch 114
Epoch 114 | Loss: 0.026771 | Val: 0.143229
--- Saved model to checkpoints/diffusion/state.pt ---
Epoch 115
Epoch 115 | Loss: 0.023106 | Val: 0.144029
FITS files saved to results/diffusion/run_20260627_075902_seed43/generated_fits
Computing FID/KID/PDF at epoch 115...
  FID: 129.8660 | KID: 0.125863
  Pixel PDF W-dist: 0.2862
--- Saved model to checkpoints/diffusion/state.pt ---
Epoch 116
Epoch 116 | Loss: 0.023703 | Val: 0.144166
--- Saved model to checkpoints/diffusion/state.pt ---
Epoch 117
Epoch 117 | Loss: 0.024444 | Val: 0.143109
--- Saved model to checkpoints/diffusion/state.pt ---
Epoch 118
Epoch 118 | Loss: 0.022061 | Val: 0.142571
--- Saved model to checkpoints/diffusion/state.pt ---
Epoch 119
Epoch 119 | Loss: 0.028362 | Val: 0.143553
--- Saved model to checkpoints/diffusion/state.pt ---
Epoch 120
Epoch 120 | Loss: 0.027917 | Val: 0.145081
FITS files saved to results/diffusion/run_20260627_075902_seed43/generated_fits
Computing FID/KID/PDF at epoch 120...
  FID: 109.6515 | KID: 0.082588
  Pixel PDF W-dist: 0.3494
--- Saved model to checkpoints/diffusion/state.pt ---
Epoch 121
Epoch 121 | Loss: 0.027288 | Val: 0.143250
--- Saved model to checkpoints/diffusion/state.pt ---
Epoch 122
Epoch 122 | Loss: 0.025497 | Val: 0.145355
--- Saved model to checkpoints/diffusion/state.pt ---
Epoch 123
Epoch 123 | Loss: 0.020317 | Val: 0.144566
--- Saved model to checkpoints/diffusion/state.pt ---
Epoch 124
Epoch 124 | Loss: 0.031312 | Val: 0.143471
--- Saved model to checkpoints/diffusion/state.pt ---
Epoch 125
Epoch 125 | Loss: 0.030573 | Val: 0.144033
FITS files saved to results/diffusion/run_20260627_075902_seed43/generated_fits
Computing FID/KID/PDF at epoch 125...
  FID: 114.5012 | KID: 0.087477
  Pixel PDF W-dist: 0.0656
--- Saved model to checkpoints/diffusion/state.pt ---
Epoch 126
Epoch 126 | Loss: 0.027978 | Val: 0.140676
--- Saved model to checkpoints/diffusion/state.pt ---
Epoch 127
Epoch 127 | Loss: 0.024890 | Val: 0.143520
--- Saved model to checkpoints/diffusion/state.pt ---
Epoch 128
Epoch 128 | Loss: 0.026761 | Val: 0.143354
--- Saved model to checkpoints/diffusion/state.pt ---
Epoch 129
Epoch 129 | Loss: 0.025944 | Val: 0.144498
--- Saved model to checkpoints/diffusion/state.pt ---
Epoch 130
Epoch 130 | Loss: 0.023249 | Val: 0.144497
FITS files saved to results/diffusion/run_20260627_075902_seed43/generated_fits
Computing FID/KID/PDF at epoch 130...
  FID: 98.9246 | KID: 0.074619
  Pixel PDF W-dist: 0.2218
--- Saved model to checkpoints/diffusion/state.pt ---
Epoch 131
Epoch 131 | Loss: 0.024278 | Val: 0.144688
--- Saved model to checkpoints/diffusion/state.pt ---
Epoch 132
Epoch 132 | Loss: 0.029589 | Val: 0.144195
--- Saved model to checkpoints/diffusion/state.pt ---
Epoch 133
Epoch 133 | Loss: 0.026961 | Val: 0.142214
--- Saved model to checkpoints/diffusion/state.pt ---
Epoch 134
Epoch 134 | Loss: 0.023314 | Val: 0.143082
--- Saved model to checkpoints/diffusion/state.pt ---
Epoch 135
Epoch 135 | Loss: 0.021080 | Val: 0.143810
FITS files saved to results/diffusion/run_20260627_075902_seed43/generated_fits
Computing FID/KID/PDF at epoch 135...
  FID: 134.5809 | KID: 0.120789
  Pixel PDF W-dist: 0.2279
--- Saved model to checkpoints/diffusion/state.pt ---
Epoch 136
Epoch 136 | Loss: 0.028537 | Val: 0.141867
--- Saved model to checkpoints/diffusion/state.pt ---
Epoch 137
Epoch 137 | Loss: 0.022324 | Val: 0.144264
--- Saved model to checkpoints/diffusion/state.pt ---
Epoch 138
Epoch 138 | Loss: 0.032096 | Val: 0.143923
--- Saved model to checkpoints/diffusion/state.pt ---
Epoch 139
Epoch 139 | Loss: 0.029756 | Val: 0.142326
--- Saved model to checkpoints/diffusion/state.pt ---
Epoch 140
Epoch 140 | Loss: 0.022436 | Val: 0.145249
FITS files saved to results/diffusion/run_20260627_075902_seed43/generated_fits
Computing FID/KID/PDF at epoch 140...
  FID: 97.2480 | KID: 0.066779
  Pixel PDF W-dist: 0.2654
--- Saved model to checkpoints/diffusion/state.pt ---
Epoch 141
Epoch 141 | Loss: 0.021416 | Val: 0.143947
--- Saved model to checkpoints/diffusion/state.pt ---
Epoch 142
Epoch 142 | Loss: 0.027355 | Val: 0.143109
--- Saved model to checkpoints/diffusion/state.pt ---
Epoch 143
Epoch 143 | Loss: 0.029751 | Val: 0.143126
--- Saved model to checkpoints/diffusion/state.pt ---
Epoch 144
Epoch 144 | Loss: 0.027054 | Val: 0.142615
--- Saved model to checkpoints/diffusion/state.pt ---
Epoch 145
Epoch 145 | Loss: 0.032496 | Val: 0.142423
FITS files saved to results/diffusion/run_20260627_075902_seed43/generated_fits
Computing FID/KID/PDF at epoch 145...
  FID: 70.5390 | KID: 0.024728
  Pixel PDF W-dist: 0.1819
--- Saved model to checkpoints/diffusion/state.pt ---
Epoch 146
Epoch 146 | Loss: 0.022241 | Val: 0.140343
--- Saved model to checkpoints/diffusion/state.pt ---
Epoch 147
Epoch 147 | Loss: 0.028669 | Val: 0.141636
--- Saved model to checkpoints/diffusion/state.pt ---
Epoch 148
Epoch 148 | Loss: 0.024541 | Val: 0.145311
--- Saved model to checkpoints/diffusion/state.pt ---
Epoch 149
Epoch 149 | Loss: 0.023237 | Val: 0.143842
--- Saved model to checkpoints/diffusion/state.pt ---
Epoch 150
Epoch 150 | Loss: 0.028553 | Val: 0.142777
FITS files saved to results/diffusion/run_20260627_075902_seed43/generated_fits
Computing FID/KID/PDF at epoch 150...
  FID: 73.7642 | KID: 0.029708
  Pixel PDF W-dist: 0.0472
--- Saved model to checkpoints/diffusion/state.pt ---
Epoch 151
Epoch 151 | Loss: 0.026424 | Val: 0.142728
--- Saved model to checkpoints/diffusion/state.pt ---
Epoch 152
Epoch 152 | Loss: 0.027102 | Val: 0.142271
--- Saved model to checkpoints/diffusion/state.pt ---
Epoch 153
Epoch 153 | Loss: 0.022630 | Val: 0.142698
--- Saved model to checkpoints/diffusion/state.pt ---
Epoch 154
Epoch 154 | Loss: 0.025700 | Val: 0.143051
--- Saved model to checkpoints/diffusion/state.pt ---
Epoch 155
Epoch 155 | Loss: 0.021603 | Val: 0.144521
FITS files saved to results/diffusion/run_20260627_075902_seed43/generated_fits
Computing FID/KID/PDF at epoch 155...
  FID: 73.6295 | KID: 0.026984
  Pixel PDF W-dist: 0.2448
--- Saved model to checkpoints/diffusion/state.pt ---
Epoch 156
Epoch 156 | Loss: 0.028903 | Val: 0.142626
--- Saved model to checkpoints/diffusion/state.pt ---
Epoch 157
Epoch 157 | Loss: 0.028651 | Val: 0.144744
--- Saved model to checkpoints/diffusion/state.pt ---
Epoch 158
Epoch 158 | Loss: 0.029636 | Val: 0.144913
--- Saved model to checkpoints/diffusion/state.pt ---
Epoch 159
Epoch 159 | Loss: 0.025092 | Val: 0.144088
--- Saved model to checkpoints/diffusion/state.pt ---
Epoch 160
Epoch 160 | Loss: 0.031117 | Val: 0.143679
FITS files saved to results/diffusion/run_20260627_075902_seed43/generated_fits
Computing FID/KID/PDF at epoch 160...
  FID: 84.6295 | KID: 0.047181
  Pixel PDF W-dist: 0.3472
--- Saved model to checkpoints/diffusion/state.pt ---
Epoch 161
Epoch 161 | Loss: 0.023794 | Val: 0.143623
--- Saved model to checkpoints/diffusion/state.pt ---
Epoch 162
Epoch 162 | Loss: 0.030238 | Val: 0.142585
--- Saved model to checkpoints/diffusion/state.pt ---
Epoch 163
Epoch 163 | Loss: 0.027068 | Val: 0.144211
--- Saved model to checkpoints/diffusion/state.pt ---
Epoch 164
Epoch 164 | Loss: 0.023237 | Val: 0.144106
--- Saved model to checkpoints/diffusion/state.pt ---
Epoch 165
Epoch 165 | Loss: 0.033180 | Val: 0.140627
FITS files saved to results/diffusion/run_20260627_075902_seed43/generated_fits
Computing FID/KID/PDF at epoch 165...
  FID: 60.2082 | KID: 0.011807
  Pixel PDF W-dist: 0.0406
--- Saved model to checkpoints/diffusion/state.pt ---
Epoch 166
Epoch 166 | Loss: 0.029215 | Val: 0.143429
--- Saved model to checkpoints/diffusion/state.pt ---
Epoch 167
Epoch 167 | Loss: 0.023107 | Val: 0.144037
--- Saved model to checkpoints/diffusion/state.pt ---
Epoch 168
Epoch 168 | Loss: 0.021136 | Val: 0.140518
--- Saved model to checkpoints/diffusion/state.pt ---
Epoch 169
Epoch 169 | Loss: 0.023123 | Val: 0.143003
--- Saved model to checkpoints/diffusion/state.pt ---
Epoch 170
Epoch 170 | Loss: 0.023878 | Val: 0.142092
FITS files saved to results/diffusion/run_20260627_075902_seed43/generated_fits
Computing FID/KID/PDF at epoch 170...
  FID: 94.7425 | KID: 0.062617
  Pixel PDF W-dist: 0.2675
--- Saved model to checkpoints/diffusion/state.pt ---
Epoch 171
Epoch 171 | Loss: 0.026183 | Val: 0.141911
--- Saved model to checkpoints/diffusion/state.pt ---
Epoch 172
Epoch 172 | Loss: 0.029187 | Val: 0.142707
--- Saved model to checkpoints/diffusion/state.pt ---
Epoch 173
Epoch 173 | Loss: 0.023585 | Val: 0.143989
--- Saved model to checkpoints/diffusion/state.pt ---
Epoch 174
Epoch 174 | Loss: 0.026230 | Val: 0.143930
--- Saved model to checkpoints/diffusion/state.pt ---
Epoch 175
Epoch 175 | Loss: 0.031121 | Val: 0.142174
FITS files saved to results/diffusion/run_20260627_075902_seed43/generated_fits
Computing FID/KID/PDF at epoch 175...
  FID: 59.8602 | KID: 0.010722
  Pixel PDF W-dist: 0.0521
--- Saved model to checkpoints/diffusion/state.pt ---
Epoch 176
Epoch 176 | Loss: 0.027227 | Val: 0.141396
--- Saved model to checkpoints/diffusion/state.pt ---
Epoch 177
Epoch 177 | Loss: 0.023886 | Val: 0.142261
--- Saved model to checkpoints/diffusion/state.pt ---
Epoch 178
Epoch 178 | Loss: 0.024997 | Val: 0.142820
--- Saved model to checkpoints/diffusion/state.pt ---
Epoch 179
Epoch 179 | Loss: 0.023797 | Val: 0.141493
--- Saved model to checkpoints/diffusion/state.pt ---
Epoch 180
Epoch 180 | Loss: 0.026246 | Val: 0.143071
FITS files saved to results/diffusion/run_20260627_075902_seed43/generated_fits
Computing FID/KID/PDF at epoch 180...
  FID: 72.2856 | KID: 0.017284
  Pixel PDF W-dist: 0.0889
--- Saved model to checkpoints/diffusion/state.pt ---
Epoch 181
Epoch 181 | Loss: 0.025877 | Val: 0.144734
--- Saved model to checkpoints/diffusion/state.pt ---
Epoch 182
Epoch 182 | Loss: 0.021801 | Val: 0.144015
--- Saved model to checkpoints/diffusion/state.pt ---
Epoch 183
Epoch 183 | Loss: 0.025392 | Val: 0.141494
--- Saved model to checkpoints/diffusion/state.pt ---
Epoch 184
Epoch 184 | Loss: 0.026300 | Val: 0.142039
--- Saved model to checkpoints/diffusion/state.pt ---
Epoch 185
Epoch 185 | Loss: 0.023611 | Val: 0.139877
FITS files saved to results/diffusion/run_20260627_075902_seed43/generated_fits
Computing FID/KID/PDF at epoch 185...
  FID: 67.6593 | KID: 0.021717
  Pixel PDF W-dist: 0.1618
--- Saved model to checkpoints/diffusion/state.pt ---
Epoch 186
Epoch 186 | Loss: 0.025190 | Val: 0.139671
--- Saved model to checkpoints/diffusion/state.pt ---
Epoch 187
Epoch 187 | Loss: 0.028764 | Val: 0.140410
--- Saved model to checkpoints/diffusion/state.pt ---
Epoch 188
Epoch 188 | Loss: 0.021059 | Val: 0.142985
--- Saved model to checkpoints/diffusion/state.pt ---
Epoch 189
Epoch 189 | Loss: 0.023541 | Val: 0.142100
--- Saved model to checkpoints/diffusion/state.pt ---
Epoch 190
Epoch 190 | Loss: 0.026397 | Val: 0.142453
FITS files saved to results/diffusion/run_20260627_075902_seed43/generated_fits
Computing FID/KID/PDF at epoch 190...
  FID: 67.5262 | KID: 0.019129
  Pixel PDF W-dist: 0.0347
--- Saved model to checkpoints/diffusion/state.pt ---
Epoch 191
Epoch 191 | Loss: 0.024975 | Val: 0.143495
--- Saved model to checkpoints/diffusion/state.pt ---
Epoch 192
Epoch 192 | Loss: 0.027495 | Val: 0.143367
--- Saved model to checkpoints/diffusion/state.pt ---
Epoch 193
Epoch 193 | Loss: 0.029310 | Val: 0.142755
--- Saved model to checkpoints/diffusion/state.pt ---
Epoch 194
Epoch 194 | Loss: 0.024784 | Val: 0.142311
--- Saved model to checkpoints/diffusion/state.pt ---
Epoch 195
Epoch 195 | Loss: 0.027112 | Val: 0.143790
FITS files saved to results/diffusion/run_20260627_075902_seed43/generated_fits
Computing FID/KID/PDF at epoch 195...
  FID: 66.3179 | KID: 0.018792
  Pixel PDF W-dist: 0.0222
--- Saved model to checkpoints/diffusion/state.pt ---
Epoch 196
Epoch 196 | Loss: 0.027247 | Val: 0.139926
--- Saved model to checkpoints/diffusion/state.pt ---
Epoch 197
Epoch 197 | Loss: 0.028958 | Val: 0.143174
--- Saved model to checkpoints/diffusion/state.pt ---
Epoch 198
Epoch 198 | Loss: 0.026013 | Val: 0.141598
--- Saved model to checkpoints/diffusion/state.pt ---
Epoch 199
Epoch 199 | Loss: 0.027016 | Val: 0.142077
--- Saved model to checkpoints/diffusion/state.pt ---
Epoch 200
Epoch 200 | Loss: 0.025304 | Val: 0.141603
FITS files saved to results/diffusion/run_20260627_075902_seed43/generated_fits
Computing FID/KID/PDF at epoch 200...
  FID: 71.0053 | KID: 0.023159
  Pixel PDF W-dist: 0.0240
--- Saved model to checkpoints/diffusion/state.pt ---
Epoch 201
Epoch 201 | Loss: 0.023528 | Val: 0.144815
--- Saved model to checkpoints/diffusion/state.pt ---
Epoch 202
Epoch 202 | Loss: 0.028932 | Val: 0.142590
--- Saved model to checkpoints/diffusion/state.pt ---
Epoch 203
Epoch 203 | Loss: 0.024864 | Val: 0.143713
--- Saved model to checkpoints/diffusion/state.pt ---
Epoch 204
Epoch 204 | Loss: 0.024453 | Val: 0.143229
--- Saved model to checkpoints/diffusion/state.pt ---
Epoch 205
Epoch 205 | Loss: 0.026421 | Val: 0.142707
FITS files saved to results/diffusion/run_20260627_075902_seed43/generated_fits
Computing FID/KID/PDF at epoch 205...
  FID: 87.3935 | KID: 0.058146
  Pixel PDF W-dist: 0.1418
--- Saved model to checkpoints/diffusion/state.pt ---
Epoch 206
Epoch 206 | Loss: 0.020243 | Val: 0.143732
--- Saved model to checkpoints/diffusion/state.pt ---
Epoch 207
Epoch 207 | Loss: 0.025615 | Val: 0.141271
--- Saved model to checkpoints/diffusion/state.pt ---
Epoch 208
Epoch 208 | Loss: 0.027812 | Val: 0.144003
--- Saved model to checkpoints/diffusion/state.pt ---
Epoch 209
Epoch 209 | Loss: 0.024302 | Val: 0.141859
--- Saved model to checkpoints/diffusion/state.pt ---
Epoch 210
Epoch 210 | Loss: 0.020447 | Val: 0.145532
FITS files saved to results/diffusion/run_20260627_075902_seed43/generated_fits
Computing FID/KID/PDF at epoch 210...
  FID: 63.6953 | KID: 0.009722
  Pixel PDF W-dist: 0.0784
--- Saved model to checkpoints/diffusion/state.pt ---
Epoch 211
Epoch 211 | Loss: 0.026912 | Val: 0.143952
--- Saved model to checkpoints/diffusion/state.pt ---
Epoch 212
Epoch 212 | Loss: 0.020389 | Val: 0.148147
--- Saved model to checkpoints/diffusion/state.pt ---
Epoch 213
Epoch 213 | Loss: 0.025885 | Val: 0.148230
--- Saved model to checkpoints/diffusion/state.pt ---
Epoch 214
Epoch 214 | Loss: 0.027925 | Val: 0.141568
--- Saved model to checkpoints/diffusion/state.pt ---
Epoch 215
Epoch 215 | Loss: 0.023526 | Val: 0.143635
FITS files saved to results/diffusion/run_20260627_075902_seed43/generated_fits
Computing FID/KID/PDF at epoch 215...
  FID: 73.8658 | KID: 0.024176
  Pixel PDF W-dist: 0.1283
--- Saved model to checkpoints/diffusion/state.pt ---
Epoch 216
Epoch 216 | Loss: 0.032614 | Val: 0.143068
--- Saved model to checkpoints/diffusion/state.pt ---
Epoch 217
Epoch 217 | Loss: 0.028941 | Val: 0.141995
--- Saved model to checkpoints/diffusion/state.pt ---
Epoch 218
Epoch 218 | Loss: 0.023961 | Val: 0.143791
--- Saved model to checkpoints/diffusion/state.pt ---
Epoch 219
Epoch 219 | Loss: 0.022910 | Val: 0.139842
--- Saved model to checkpoints/diffusion/state.pt ---
Epoch 220
Epoch 220 | Loss: 0.026857 | Val: 0.143821
FITS files saved to results/diffusion/run_20260627_075902_seed43/generated_fits
Computing FID/KID/PDF at epoch 220...
  FID: 85.2117 | KID: 0.049336
  Pixel PDF W-dist: 0.1544
--- Saved model to checkpoints/diffusion/state.pt ---
Epoch 221
Epoch 221 | Loss: 0.023661 | Val: 0.142388
--- Saved model to checkpoints/diffusion/state.pt ---
Epoch 222
Epoch 222 | Loss: 0.022460 | Val: 0.143600
--- Saved model to checkpoints/diffusion/state.pt ---
Epoch 223
Epoch 223 | Loss: 0.028231 | Val: 0.143907
--- Saved model to checkpoints/diffusion/state.pt ---
Epoch 224
Epoch 224 | Loss: 0.022836 | Val: 0.143664
--- Saved model to checkpoints/diffusion/state.pt ---
Epoch 225
Epoch 225 | Loss: 0.023528 | Val: 0.142342
FITS files saved to results/diffusion/run_20260627_075902_seed43/generated_fits
Computing FID/KID/PDF at epoch 225...
  FID: 56.6232 | KID: 0.010775
  Pixel PDF W-dist: 0.0720
--- Saved model to checkpoints/diffusion/state.pt ---
Epoch 226
Epoch 226 | Loss: 0.024813 | Val: 0.142975
--- Saved model to checkpoints/diffusion/state.pt ---
Epoch 227
Epoch 227 | Loss: 0.022754 | Val: 0.143477
--- Saved model to checkpoints/diffusion/state.pt ---
Epoch 228
Epoch 228 | Loss: 0.030109 | Val: 0.142662
--- Saved model to checkpoints/diffusion/state.pt ---
Epoch 229
Epoch 229 | Loss: 0.026675 | Val: 0.142845
--- Saved model to checkpoints/diffusion/state.pt ---
Epoch 230
Epoch 230 | Loss: 0.032439 | Val: 0.142726
FITS files saved to results/diffusion/run_20260627_075902_seed43/generated_fits
Computing FID/KID/PDF at epoch 230...
  FID: 76.1843 | KID: 0.009349
  Pixel PDF W-dist: 0.0147
--- Saved model to checkpoints/diffusion/state.pt ---
Epoch 231
Epoch 231 | Loss: 0.029098 | Val: 0.143245
--- Saved model to checkpoints/diffusion/state.pt ---
Epoch 232
Epoch 232 | Loss: 0.025810 | Val: 0.142108
--- Saved model to checkpoints/diffusion/state.pt ---
Epoch 233
Epoch 233 | Loss: 0.024495 | Val: 0.138950
--- Saved model to checkpoints/diffusion/state.pt ---
Epoch 234
Epoch 234 | Loss: 0.022059 | Val: 0.139657
--- Saved model to checkpoints/diffusion/state.pt ---
Epoch 235
Epoch 235 | Loss: 0.023789 | Val: 0.141276
FITS files saved to results/diffusion/run_20260627_075902_seed43/generated_fits
Computing FID/KID/PDF at epoch 235...
  FID: 72.1035 | KID: 0.033495
  Pixel PDF W-dist: 0.0493
--- Saved model to checkpoints/diffusion/state.pt ---
Epoch 236
Epoch 236 | Loss: 0.021552 | Val: 0.142330
--- Saved model to checkpoints/diffusion/state.pt ---
Epoch 237
Epoch 237 | Loss: 0.027424 | Val: 0.143457
--- Saved model to checkpoints/diffusion/state.pt ---
Epoch 238
Epoch 238 | Loss: 0.028371 | Val: 0.142358
--- Saved model to checkpoints/diffusion/state.pt ---
Epoch 239
Epoch 239 | Loss: 0.030869 | Val: 0.142337
--- Saved model to checkpoints/diffusion/state.pt ---
Epoch 240
Epoch 240 | Loss: 0.036020 | Val: 0.141569
FITS files saved to results/diffusion/run_20260627_075902_seed43/generated_fits
Computing FID/KID/PDF at epoch 240...
  FID: 112.5097 | KID: 0.092164
  Pixel PDF W-dist: 0.0326
--- Saved model to checkpoints/diffusion/state.pt ---
Epoch 241
Epoch 241 | Loss: 0.025949 | Val: 0.140087
--- Saved model to checkpoints/diffusion/state.pt ---
Epoch 242
Epoch 242 | Loss: 0.027853 | Val: 0.143065
--- Saved model to checkpoints/diffusion/state.pt ---
Epoch 243
Epoch 243 | Loss: 0.022503 | Val: 0.142484
--- Saved model to checkpoints/diffusion/state.pt ---
Epoch 244
Epoch 244 | Loss: 0.025090 | Val: 0.142403
--- Saved model to checkpoints/diffusion/state.pt ---
Epoch 245
Epoch 245 | Loss: 0.022993 | Val: 0.142649
FITS files saved to results/diffusion/run_20260627_075902_seed43/generated_fits
Computing FID/KID/PDF at epoch 245...
  FID: 66.0828 | KID: 0.013186
  Pixel PDF W-dist: 0.0074
--- Saved model to checkpoints/diffusion/state.pt ---
Epoch 246
Epoch 246 | Loss: 0.024028 | Val: 0.140812
--- Saved model to checkpoints/diffusion/state.pt ---
Epoch 247
Epoch 247 | Loss: 0.035053 | Val: 0.140001
--- Saved model to checkpoints/diffusion/state.pt ---
Epoch 248
Epoch 248 | Loss: 0.023293 | Val: 0.141739
--- Saved model to checkpoints/diffusion/state.pt ---
Epoch 249
Epoch 249 | Loss: 0.028067 | Val: 0.143058
--- Saved model to checkpoints/diffusion/state.pt ---
Epoch 250
Epoch 250 | Loss: 0.019847 | Val: 0.141679
FITS files saved to results/diffusion/run_20260627_075902_seed43/generated_fits
Computing FID/KID/PDF at epoch 250...
  FID: 65.7910 | KID: 0.011767
  Pixel PDF W-dist: 0.0982
--- Saved model to checkpoints/diffusion/state.pt ---
Epoch 251
Epoch 251 | Loss: 0.022209 | Val: 0.140685
--- Saved model to checkpoints/diffusion/state.pt ---
Epoch 252
Epoch 252 | Loss: 0.025924 | Val: 0.141053
--- Saved model to checkpoints/diffusion/state.pt ---
Epoch 253
Epoch 253 | Loss: 0.027061 | Val: 0.142579
--- Saved model to checkpoints/diffusion/state.pt ---
Epoch 254
Epoch 254 | Loss: 0.025703 | Val: 0.142441
--- Saved model to checkpoints/diffusion/state.pt ---
Epoch 255
Epoch 255 | Loss: 0.019407 | Val: 0.143240
FITS files saved to results/diffusion/run_20260627_075902_seed43/generated_fits
Computing FID/KID/PDF at epoch 255...
  FID: 63.3223 | KID: 0.021094
  Pixel PDF W-dist: 0.0935
--- Saved model to checkpoints/diffusion/state.pt ---
Epoch 256
Epoch 256 | Loss: 0.024441 | Val: 0.139471
--- Saved model to checkpoints/diffusion/state.pt ---
Epoch 257
Epoch 257 | Loss: 0.031443 | Val: 0.140179
--- Saved model to checkpoints/diffusion/state.pt ---
Epoch 258
Epoch 258 | Loss: 0.024296 | Val: 0.143086
--- Saved model to checkpoints/diffusion/state.pt ---
Epoch 259
Epoch 259 | Loss: 0.023687 | Val: 0.140586
--- Saved model to checkpoints/diffusion/state.pt ---
Epoch 260
Epoch 260 | Loss: 0.026410 | Val: 0.144703
FITS files saved to results/diffusion/run_20260627_075902_seed43/generated_fits
Computing FID/KID/PDF at epoch 260...
  FID: 75.0821 | KID: 0.029702
  Pixel PDF W-dist: 0.0833
--- Saved model to checkpoints/diffusion/state.pt ---
Epoch 261
Epoch 261 | Loss: 0.027749 | Val: 0.143723
--- Saved model to checkpoints/diffusion/state.pt ---
Epoch 262
Epoch 262 | Loss: 0.029805 | Val: 0.140157
--- Saved model to checkpoints/diffusion/state.pt ---
Epoch 263
Epoch 263 | Loss: 0.026088 | Val: 0.141475
--- Saved model to checkpoints/diffusion/state.pt ---
Epoch 264
Epoch 264 | Loss: 0.023972 | Val: 0.141884
--- Saved model to checkpoints/diffusion/state.pt ---
Epoch 265
Epoch 265 | Loss: 0.024134 | Val: 0.139650
FITS files saved to results/diffusion/run_20260627_075902_seed43/generated_fits
Computing FID/KID/PDF at epoch 265...
  FID: 79.7638 | KID: 0.051624
  Pixel PDF W-dist: 0.0357
--- Saved model to checkpoints/diffusion/state.pt ---
Epoch 266
Epoch 266 | Loss: 0.026165 | Val: 0.142733
--- Saved model to checkpoints/diffusion/state.pt ---
Epoch 267
Epoch 267 | Loss: 0.023999 | Val: 0.142906
--- Saved model to checkpoints/diffusion/state.pt ---
Epoch 268
Epoch 268 | Loss: 0.030103 | Val: 0.143542
--- Saved model to checkpoints/diffusion/state.pt ---
Epoch 269
Epoch 269 | Loss: 0.022454 | Val: 0.142204
--- Saved model to checkpoints/diffusion/state.pt ---
Epoch 270
Epoch 270 | Loss: 0.023446 | Val: 0.140750
FITS files saved to results/diffusion/run_20260627_075902_seed43/generated_fits
Computing FID/KID/PDF at epoch 270...
  FID: 90.5097 | KID: 0.051004
  Pixel PDF W-dist: 0.0274
--- Saved model to checkpoints/diffusion/state.pt ---
Epoch 271
Epoch 271 | Loss: 0.024752 | Val: 0.142582
--- Saved model to checkpoints/diffusion/state.pt ---
Epoch 272
Epoch 272 | Loss: 0.024236 | Val: 0.142474
--- Saved model to checkpoints/diffusion/state.pt ---
Epoch 273
Epoch 273 | Loss: 0.026346 | Val: 0.140840
--- Saved model to checkpoints/diffusion/state.pt ---
Epoch 274
Epoch 274 | Loss: 0.024487 | Val: 0.143254
--- Saved model to checkpoints/diffusion/state.pt ---
Epoch 275
