CUDA Memory Cleared. Current VRAM Usage: 0.00 MB
On device cuda
Getting data loader mirabest_fits
Loaded FITS stats: noise_rms=0.000274, peak_log=3.938847
Total unique classes found: 2
Label IDs: [0, 1]
Total images in dataset: 1221
Total batches: 107 (at batch size 8)

============================================================
Run 1/1  |  seed=42  |  results -> results/diffusion/run_20260626_105324_seed42
============================================================

Training diffusion for 300 epochs
Epoch 0
Epoch 0 | Loss: 0.082399 | Val: 0.169149
FITS files saved to results/diffusion/run_20260626_105324_seed42/generated_fits
Computing FID/KID/PDF at epoch 0...
  FID: 160.5031 | KID: 0.171833
  Pixel PDF W-dist: 0.0532
--- Saved model to checkpoints/diffusion/state.pt ---
Epoch 1
Epoch 1 | Loss: 0.035076 | Val: 0.158435
--- Saved model to checkpoints/diffusion/state.pt ---
Epoch 2
Epoch 2 | Loss: 0.035565 | Val: 0.159894
--- Saved model to checkpoints/diffusion/state.pt ---
Epoch 3
Epoch 3 | Loss: 0.026725 | Val: 0.161046
--- Saved model to checkpoints/diffusion/state.pt ---
Epoch 4
Epoch 4 | Loss: 0.029346 | Val: 0.158432
--- Saved model to checkpoints/diffusion/state.pt ---
Epoch 5
Epoch 5 | Loss: 0.027336 | Val: 0.155142
FITS files saved to results/diffusion/run_20260626_105324_seed42/generated_fits
Computing FID/KID/PDF at epoch 5...
  FID: 151.0352 | KID: 0.154360
  Pixel PDF W-dist: 0.2086
--- Saved model to checkpoints/diffusion/state.pt ---
Epoch 6
Epoch 6 | Loss: 0.031102 | Val: 0.154300
--- Saved model to checkpoints/diffusion/state.pt ---
Epoch 7
Epoch 7 | Loss: 0.028418 | Val: 0.155429
--- Saved model to checkpoints/diffusion/state.pt ---
Epoch 8
Epoch 8 | Loss: 0.030660 | Val: 0.148312
--- Saved model to checkpoints/diffusion/state.pt ---
Epoch 9
Epoch 9 | Loss: 0.028774 | Val: 0.149421
--- Saved model to checkpoints/diffusion/state.pt ---
Epoch 10
Epoch 10 | Loss: 0.028134 | Val: 0.152024
FITS files saved to results/diffusion/run_20260626_105324_seed42/generated_fits
Computing FID/KID/PDF at epoch 10...
  FID: 112.6927 | KID: 0.069284
  Pixel PDF W-dist: 0.1120
--- Saved model to checkpoints/diffusion/state.pt ---
Epoch 11
Epoch 11 | Loss: 0.025610 | Val: 0.148938
--- Saved model to checkpoints/diffusion/state.pt ---
Epoch 12
Epoch 12 | Loss: 0.022961 | Val: 0.152581
--- Saved model to checkpoints/diffusion/state.pt ---
Epoch 13
Epoch 13 | Loss: 0.028692 | Val: 0.150024
--- Saved model to checkpoints/diffusion/state.pt ---
Epoch 14
Epoch 14 | Loss: 0.023539 | Val: 0.153640
--- Saved model to checkpoints/diffusion/state.pt ---
Epoch 15
Epoch 15 | Loss: 0.026876 | Val: 0.148828
FITS files saved to results/diffusion/run_20260626_105324_seed42/generated_fits
Computing FID/KID/PDF at epoch 15...
  FID: 133.0484 | KID: 0.120562
  Pixel PDF W-dist: 0.3221
--- Saved model to checkpoints/diffusion/state.pt ---
Epoch 16
Epoch 16 | Loss: 0.024228 | Val: 0.147896
--- Saved model to checkpoints/diffusion/state.pt ---
Epoch 17
Epoch 17 | Loss: 0.027759 | Val: 0.151628
--- Saved model to checkpoints/diffusion/state.pt ---
Epoch 18
Epoch 18 | Loss: 0.026725 | Val: 0.153658
--- Saved model to checkpoints/diffusion/state.pt ---
Epoch 19
Epoch 19 | Loss: 0.027814 | Val: 0.153875
--- Saved model to checkpoints/diffusion/state.pt ---
Epoch 20
Epoch 20 | Loss: 0.026805 | Val: 0.149784
FITS files saved to results/diffusion/run_20260626_105324_seed42/generated_fits
Computing FID/KID/PDF at epoch 20...
  FID: 116.8944 | KID: 0.085701
  Pixel PDF W-dist: 0.1472
--- Saved model to checkpoints/diffusion/state.pt ---
Epoch 21
Epoch 21 | Loss: 0.024895 | Val: 0.151995
--- Saved model to checkpoints/diffusion/state.pt ---
Epoch 22
Epoch 22 | Loss: 0.024125 | Val: 0.148946
--- Saved model to checkpoints/diffusion/state.pt ---
Epoch 23
Epoch 23 | Loss: 0.028257 | Val: 0.148083
--- Saved model to checkpoints/diffusion/state.pt ---
Epoch 24
Epoch 24 | Loss: 0.027354 | Val: 0.148345
--- Saved model to checkpoints/diffusion/state.pt ---
Epoch 25
Epoch 25 | Loss: 0.024704 | Val: 0.149387
FITS files saved to results/diffusion/run_20260626_105324_seed42/generated_fits
Computing FID/KID/PDF at epoch 25...
  FID: 112.1583 | KID: 0.085071
  Pixel PDF W-dist: 0.1131
--- Saved model to checkpoints/diffusion/state.pt ---
Epoch 26
Epoch 26 | Loss: 0.025021 | Val: 0.150851
--- Saved model to checkpoints/diffusion/state.pt ---
Epoch 27
Epoch 27 | Loss: 0.026576 | Val: 0.150623
--- Saved model to checkpoints/diffusion/state.pt ---
Epoch 28
Epoch 28 | Loss: 0.028891 | Val: 0.146343
--- Saved model to checkpoints/diffusion/state.pt ---
Epoch 29
Epoch 29 | Loss: 0.025200 | Val: 0.149503
--- Saved model to checkpoints/diffusion/state.pt ---
Epoch 30
Epoch 30 | Loss: 0.032622 | Val: 0.145573
FITS files saved to results/diffusion/run_20260626_105324_seed42/generated_fits
Computing FID/KID/PDF at epoch 30...
  FID: 125.6091 | KID: 0.101121
  Pixel PDF W-dist: 0.2754
--- Saved model to checkpoints/diffusion/state.pt ---
Epoch 31
Epoch 31 | Loss: 0.029770 | Val: 0.148843
--- Saved model to checkpoints/diffusion/state.pt ---
Epoch 32
Epoch 32 | Loss: 0.027183 | Val: 0.144555
--- Saved model to checkpoints/diffusion/state.pt ---
Epoch 33
Epoch 33 | Loss: 0.026093 | Val: 0.150109
--- Saved model to checkpoints/diffusion/state.pt ---
Epoch 34
Epoch 34 | Loss: 0.026183 | Val: 0.146480
--- Saved model to checkpoints/diffusion/state.pt ---
Epoch 35
Epoch 35 | Loss: 0.024051 | Val: 0.151247
FITS files saved to results/diffusion/run_20260626_105324_seed42/generated_fits
Computing FID/KID/PDF at epoch 35...
  FID: 119.3052 | KID: 0.083603
  Pixel PDF W-dist: 0.1389
--- Saved model to checkpoints/diffusion/state.pt ---
Epoch 36
Epoch 36 | Loss: 0.029176 | Val: 0.147066
--- Saved model to checkpoints/diffusion/state.pt ---
Epoch 37
Epoch 37 | Loss: 0.036151 | Val: 0.145157
--- Saved model to checkpoints/diffusion/state.pt ---
Epoch 38
Epoch 38 | Loss: 0.023620 | Val: 0.148485
--- Saved model to checkpoints/diffusion/state.pt ---
Epoch 39
Epoch 39 | Loss: 0.029573 | Val: 0.148884
--- Saved model to checkpoints/diffusion/state.pt ---
Epoch 40
Epoch 40 | Loss: 0.024793 | Val: 0.147102
FITS files saved to results/diffusion/run_20260626_105324_seed42/generated_fits
Computing FID/KID/PDF at epoch 40...
  FID: 105.6755 | KID: 0.075106
  Pixel PDF W-dist: 0.1869
--- Saved model to checkpoints/diffusion/state.pt ---
Epoch 41
Epoch 41 | Loss: 0.027210 | Val: 0.146296
--- Saved model to checkpoints/diffusion/state.pt ---
Epoch 42
Epoch 42 | Loss: 0.026567 | Val: 0.148035
--- Saved model to checkpoints/diffusion/state.pt ---
Epoch 43
Epoch 43 | Loss: 0.028621 | Val: 0.147064
--- Saved model to checkpoints/diffusion/state.pt ---
Epoch 44
Epoch 44 | Loss: 0.029461 | Val: 0.145544
--- Saved model to checkpoints/diffusion/state.pt ---
Epoch 45
Epoch 45 | Loss: 0.028409 | Val: 0.147268
FITS files saved to results/diffusion/run_20260626_105324_seed42/generated_fits
Computing FID/KID/PDF at epoch 45...
  FID: 145.1041 | KID: 0.148351
  Pixel PDF W-dist: 0.3741
--- Saved model to checkpoints/diffusion/state.pt ---
Epoch 46
Epoch 46 | Loss: 0.034382 | Val: 0.148142
--- Saved model to checkpoints/diffusion/state.pt ---
Epoch 47
Epoch 47 | Loss: 0.026040 | Val: 0.146969
--- Saved model to checkpoints/diffusion/state.pt ---
Epoch 48
Epoch 48 | Loss: 0.018407 | Val: 0.144419
--- Saved model to checkpoints/diffusion/state.pt ---
Epoch 49
Epoch 49 | Loss: 0.024223 | Val: 0.145874
--- Saved model to checkpoints/diffusion/state.pt ---
Epoch 50
Epoch 50 | Loss: 0.027800 | Val: 0.145516
FITS files saved to results/diffusion/run_20260626_105324_seed42/generated_fits
Computing FID/KID/PDF at epoch 50...
  FID: 128.9490 | KID: 0.112697
  Pixel PDF W-dist: 0.1609
--- Saved model to checkpoints/diffusion/state.pt ---
Epoch 51
Epoch 51 | Loss: 0.028572 | Val: 0.148027
--- Saved model to checkpoints/diffusion/state.pt ---
Epoch 52
Epoch 52 | Loss: 0.031173 | Val: 0.145957
--- Saved model to checkpoints/diffusion/state.pt ---
Epoch 53
Epoch 53 | Loss: 0.027679 | Val: 0.154278
--- Saved model to checkpoints/diffusion/state.pt ---
Epoch 54
Epoch 54 | Loss: 0.029519 | Val: 0.149469
--- Saved model to checkpoints/diffusion/state.pt ---
Epoch 55
Epoch 55 | Loss: 0.031017 | Val: 0.151371
FITS files saved to results/diffusion/run_20260626_105324_seed42/generated_fits
Computing FID/KID/PDF at epoch 55...
  FID: 146.5215 | KID: 0.152441
  Pixel PDF W-dist: 0.4226
--- Saved model to checkpoints/diffusion/state.pt ---
Epoch 56
Epoch 56 | Loss: 0.026394 | Val: 0.144738
--- Saved model to checkpoints/diffusion/state.pt ---
Epoch 57
Epoch 57 | Loss: 0.029370 | Val: 0.145696
--- Saved model to checkpoints/diffusion/state.pt ---
Epoch 58
Epoch 58 | Loss: 0.026147 | Val: 0.143964
--- Saved model to checkpoints/diffusion/state.pt ---
Epoch 59
Epoch 59 | Loss: 0.030847 | Val: 0.146348
--- Saved model to checkpoints/diffusion/state.pt ---
Epoch 60
Epoch 60 | Loss: 0.028672 | Val: 0.144554
FITS files saved to results/diffusion/run_20260626_105324_seed42/generated_fits
Computing FID/KID/PDF at epoch 60...
  FID: 113.4310 | KID: 0.092650
  Pixel PDF W-dist: 0.3363
--- Saved model to checkpoints/diffusion/state.pt ---
Epoch 61
Epoch 61 | Loss: 0.024488 | Val: 0.146051
--- Saved model to checkpoints/diffusion/state.pt ---
Epoch 62
Epoch 62 | Loss: 0.026536 | Val: 0.144677
--- Saved model to checkpoints/diffusion/state.pt ---
Epoch 63
Epoch 63 | Loss: 0.027368 | Val: 0.146805
--- Saved model to checkpoints/diffusion/state.pt ---
Epoch 64
Epoch 64 | Loss: 0.030420 | Val: 0.145194
--- Saved model to checkpoints/diffusion/state.pt ---
Epoch 65
Epoch 65 | Loss: 0.031347 | Val: 0.144426
FITS files saved to results/diffusion/run_20260626_105324_seed42/generated_fits
Computing FID/KID/PDF at epoch 65...
  FID: 134.2495 | KID: 0.108478
  Pixel PDF W-dist: 0.3958
--- Saved model to checkpoints/diffusion/state.pt ---
Epoch 66
Epoch 66 | Loss: 0.025971 | Val: 0.144620
--- Saved model to checkpoints/diffusion/state.pt ---
Epoch 67
Epoch 67 | Loss: 0.026283 | Val: 0.147341
--- Saved model to checkpoints/diffusion/state.pt ---
Epoch 68
Epoch 68 | Loss: 0.033844 | Val: 0.144955
--- Saved model to checkpoints/diffusion/state.pt ---
Epoch 69
Epoch 69 | Loss: 0.025133 | Val: 0.144598
--- Saved model to checkpoints/diffusion/state.pt ---
Epoch 70
Epoch 70 | Loss: 0.024237 | Val: 0.144107
FITS files saved to results/diffusion/run_20260626_105324_seed42/generated_fits
Computing FID/KID/PDF at epoch 70...
  FID: 137.0490 | KID: 0.123448
  Pixel PDF W-dist: 0.3233
--- Saved model to checkpoints/diffusion/state.pt ---
Epoch 71
Epoch 71 | Loss: 0.025533 | Val: 0.148124
--- Saved model to checkpoints/diffusion/state.pt ---
Epoch 72
Epoch 72 | Loss: 0.024329 | Val: 0.146229
--- Saved model to checkpoints/diffusion/state.pt ---
Epoch 73
Epoch 73 | Loss: 0.026873 | Val: 0.143800
--- Saved model to checkpoints/diffusion/state.pt ---
Epoch 74
Epoch 74 | Loss: 0.028369 | Val: 0.144607
--- Saved model to checkpoints/diffusion/state.pt ---
Epoch 75
Epoch 75 | Loss: 0.034385 | Val: 0.145305
FITS files saved to results/diffusion/run_20260626_105324_seed42/generated_fits
Computing FID/KID/PDF at epoch 75...
  FID: 109.2688 | KID: 0.081118
  Pixel PDF W-dist: 0.1822
--- Saved model to checkpoints/diffusion/state.pt ---
Epoch 76
Epoch 76 | Loss: 0.025102 | Val: 0.144275
--- Saved model to checkpoints/diffusion/state.pt ---
Epoch 77
Epoch 77 | Loss: 0.026969 | Val: 0.146499
--- Saved model to checkpoints/diffusion/state.pt ---
Epoch 78
Epoch 78 | Loss: 0.028741 | Val: 0.144488
--- Saved model to checkpoints/diffusion/state.pt ---
Epoch 79
Epoch 79 | Loss: 0.029920 | Val: 0.147505
--- Saved model to checkpoints/diffusion/state.pt ---
Epoch 80
Epoch 80 | Loss: 0.026468 | Val: 0.145805
FITS files saved to results/diffusion/run_20260626_105324_seed42/generated_fits
Computing FID/KID/PDF at epoch 80...
  FID: 124.0456 | KID: 0.100896
  Pixel PDF W-dist: 0.1865
--- Saved model to checkpoints/diffusion/state.pt ---
Epoch 81
Epoch 81 | Loss: 0.024964 | Val: 0.144281
--- Saved model to checkpoints/diffusion/state.pt ---
Epoch 82
Epoch 82 | Loss: 0.022456 | Val: 0.144669
--- Saved model to checkpoints/diffusion/state.pt ---
Epoch 83
Epoch 83 | Loss: 0.023527 | Val: 0.145919
--- Saved model to checkpoints/diffusion/state.pt ---
Epoch 84
Epoch 84 | Loss: 0.028526 | Val: 0.146618
--- Saved model to checkpoints/diffusion/state.pt ---
Epoch 85
Epoch 85 | Loss: 0.029198 | Val: 0.143798
FITS files saved to results/diffusion/run_20260626_105324_seed42/generated_fits
Computing FID/KID/PDF at epoch 85...
  FID: 140.8706 | KID: 0.138274
  Pixel PDF W-dist: 0.3347
--- Saved model to checkpoints/diffusion/state.pt ---
Epoch 86
Epoch 86 | Loss: 0.028818 | Val: 0.146389
--- Saved model to checkpoints/diffusion/state.pt ---
Epoch 87
Epoch 87 | Loss: 0.028514 | Val: 0.145131
--- Saved model to checkpoints/diffusion/state.pt ---
Epoch 88
Epoch 88 | Loss: 0.023144 | Val: 0.144161
--- Saved model to checkpoints/diffusion/state.pt ---
Epoch 89
Epoch 89 | Loss: 0.026847 | Val: 0.146014
--- Saved model to checkpoints/diffusion/state.pt ---
Epoch 90
Epoch 90 | Loss: 0.028899 | Val: 0.144039
FITS files saved to results/diffusion/run_20260626_105324_seed42/generated_fits
Computing FID/KID/PDF at epoch 90...
  FID: 118.4540 | KID: 0.084188
  Pixel PDF W-dist: 0.1010
--- Saved model to checkpoints/diffusion/state.pt ---
Epoch 91
Epoch 91 | Loss: 0.026595 | Val: 0.144756
--- Saved model to checkpoints/diffusion/state.pt ---
Epoch 92
Epoch 92 | Loss: 0.029619 | Val: 0.143990
--- Saved model to checkpoints/diffusion/state.pt ---
Epoch 93
Epoch 93 | Loss: 0.025411 | Val: 0.146206
--- Saved model to checkpoints/diffusion/state.pt ---
Epoch 94
Epoch 94 | Loss: 0.026333 | Val: 0.145565
--- Saved model to checkpoints/diffusion/state.pt ---
Epoch 95
Epoch 95 | Loss: 0.031873 | Val: 0.144378
FITS files saved to results/diffusion/run_20260626_105324_seed42/generated_fits
Computing FID/KID/PDF at epoch 95...
  FID: 110.1711 | KID: 0.074168
  Pixel PDF W-dist: 0.1273
--- Saved model to checkpoints/diffusion/state.pt ---
Epoch 96
Epoch 96 | Loss: 0.022749 | Val: 0.144643
--- Saved model to checkpoints/diffusion/state.pt ---
Epoch 97
Epoch 97 | Loss: 0.025140 | Val: 0.148554
--- Saved model to checkpoints/diffusion/state.pt ---
Epoch 98
Epoch 98 | Loss: 0.026703 | Val: 0.143909
--- Saved model to checkpoints/diffusion/state.pt ---
Epoch 99
Epoch 99 | Loss: 0.033588 | Val: 0.141792
--- Saved model to checkpoints/diffusion/state.pt ---
Epoch 100
Epoch 100 | Loss: 0.032582 | Val: 0.143524
FITS files saved to results/diffusion/run_20260626_105324_seed42/generated_fits
Computing FID/KID/PDF at epoch 100...
  FID: 110.2030 | KID: 0.071558
  Pixel PDF W-dist: 0.1037
--- Saved model to checkpoints/diffusion/state.pt ---
Epoch 101
Epoch 101 | Loss: 0.026329 | Val: 0.146565
--- Saved model to checkpoints/diffusion/state.pt ---
Epoch 102
Epoch 102 | Loss: 0.030519 | Val: 0.143948
--- Saved model to checkpoints/diffusion/state.pt ---
Epoch 103
Epoch 103 | Loss: 0.022218 | Val: 0.144883
--- Saved model to checkpoints/diffusion/state.pt ---
Epoch 104
Epoch 104 | Loss: 0.029048 | Val: 0.143385
--- Saved model to checkpoints/diffusion/state.pt ---
Epoch 105
Epoch 105 | Loss: 0.030434 | Val: 0.141436
FITS files saved to results/diffusion/run_20260626_105324_seed42/generated_fits
Computing FID/KID/PDF at epoch 105...
  FID: 119.0280 | KID: 0.082839
  Pixel PDF W-dist: 0.0970
--- Saved model to checkpoints/diffusion/state.pt ---
Epoch 106
Epoch 106 | Loss: 0.025579 | Val: 0.143600
--- Saved model to checkpoints/diffusion/state.pt ---
Epoch 107
Epoch 107 | Loss: 0.025969 | Val: 0.143263
--- Saved model to checkpoints/diffusion/state.pt ---
Epoch 108
Epoch 108 | Loss: 0.022695 | Val: 0.142775
--- Saved model to checkpoints/diffusion/state.pt ---
Epoch 109
Epoch 109 | Loss: 0.036390 | Val: 0.143127
--- Saved model to checkpoints/diffusion/state.pt ---
Epoch 110
Epoch 110 | Loss: 0.023049 | Val: 0.146288
FITS files saved to results/diffusion/run_20260626_105324_seed42/generated_fits
Computing FID/KID/PDF at epoch 110...
  FID: 100.5847 | KID: 0.061428
  Pixel PDF W-dist: 0.1250
--- Saved model to checkpoints/diffusion/state.pt ---
Epoch 111
Epoch 111 | Loss: 0.023434 | Val: 0.144862
--- Saved model to checkpoints/diffusion/state.pt ---
Epoch 112
Epoch 112 | Loss: 0.026372 | Val: 0.141312
--- Saved model to checkpoints/diffusion/state.pt ---
Epoch 113
Epoch 113 | Loss: 0.024968 | Val: 0.143794
--- Saved model to checkpoints/diffusion/state.pt ---
Epoch 114
Epoch 114 | Loss: 0.024801 | Val: 0.145622
--- Saved model to checkpoints/diffusion/state.pt ---
Epoch 115
Epoch 115 | Loss: 0.025219 | Val: 0.143684
FITS files saved to results/diffusion/run_20260626_105324_seed42/generated_fits
Computing FID/KID/PDF at epoch 115...
  FID: 114.5700 | KID: 0.093957
  Pixel PDF W-dist: 0.2049
--- Saved model to checkpoints/diffusion/state.pt ---
Epoch 116
Epoch 116 | Loss: 0.026387 | Val: 0.143099
--- Saved model to checkpoints/diffusion/state.pt ---
Epoch 117
Epoch 117 | Loss: 0.026330 | Val: 0.143009
--- Saved model to checkpoints/diffusion/state.pt ---
Epoch 118
Epoch 118 | Loss: 0.027087 | Val: 0.141778
--- Saved model to checkpoints/diffusion/state.pt ---
Epoch 119
Epoch 119 | Loss: 0.028936 | Val: 0.146158
--- Saved model to checkpoints/diffusion/state.pt ---
Epoch 120
Epoch 120 | Loss: 0.025437 | Val: 0.140657
FITS files saved to results/diffusion/run_20260626_105324_seed42/generated_fits
Computing FID/KID/PDF at epoch 120...
  FID: 104.2653 | KID: 0.071416
  Pixel PDF W-dist: 0.0851
--- Saved model to checkpoints/diffusion/state.pt ---
Epoch 121
Epoch 121 | Loss: 0.026027 | Val: 0.145213
--- Saved model to checkpoints/diffusion/state.pt ---
Epoch 122
Epoch 122 | Loss: 0.028446 | Val: 0.140048
--- Saved model to checkpoints/diffusion/state.pt ---
Epoch 123
Epoch 123 | Loss: 0.025872 | Val: 0.143731
--- Saved model to checkpoints/diffusion/state.pt ---
Epoch 124
Epoch 124 | Loss: 0.027423 | Val: 0.143273
--- Saved model to checkpoints/diffusion/state.pt ---
Epoch 125
Epoch 125 | Loss: 0.028879 | Val: 0.144988
FITS files saved to results/diffusion/run_20260626_105324_seed42/generated_fits
Computing FID/KID/PDF at epoch 125...
  FID: 116.6031 | KID: 0.088244
  Pixel PDF W-dist: 0.2516
--- Saved model to checkpoints/diffusion/state.pt ---
Epoch 126
Epoch 126 | Loss: 0.031391 | Val: 0.143588
--- Saved model to checkpoints/diffusion/state.pt ---
Epoch 127
Epoch 127 | Loss: 0.031196 | Val: 0.144221
--- Saved model to checkpoints/diffusion/state.pt ---
Epoch 128
Epoch 128 | Loss: 0.024362 | Val: 0.143800
--- Saved model to checkpoints/diffusion/state.pt ---
Epoch 129
Epoch 129 | Loss: 0.029040 | Val: 0.141307
--- Saved model to checkpoints/diffusion/state.pt ---
Epoch 130
Epoch 130 | Loss: 0.022733 | Val: 0.141576
FITS files saved to results/diffusion/run_20260626_105324_seed42/generated_fits
Computing FID/KID/PDF at epoch 130...
  FID: 105.1044 | KID: 0.062639
  Pixel PDF W-dist: 0.1790
--- Saved model to checkpoints/diffusion/state.pt ---
Epoch 131
Epoch 131 | Loss: 0.027674 | Val: 0.143008
--- Saved model to checkpoints/diffusion/state.pt ---
Epoch 132
Epoch 132 | Loss: 0.020944 | Val: 0.143568
--- Saved model to checkpoints/diffusion/state.pt ---
Epoch 133
Epoch 133 | Loss: 0.024917 | Val: 0.144329
--- Saved model to checkpoints/diffusion/state.pt ---
Epoch 134
Epoch 134 | Loss: 0.024295 | Val: 0.141328
--- Saved model to checkpoints/diffusion/state.pt ---
Epoch 135
Epoch 135 | Loss: 0.027067 | Val: 0.141816
FITS files saved to results/diffusion/run_20260626_105324_seed42/generated_fits
Computing FID/KID/PDF at epoch 135...
  FID: 82.9797 | KID: 0.039205
  Pixel PDF W-dist: 0.0876
--- Saved model to checkpoints/diffusion/state.pt ---
Epoch 136
Epoch 136 | Loss: 0.028687 | Val: 0.143831
--- Saved model to checkpoints/diffusion/state.pt ---
Epoch 137
Epoch 137 | Loss: 0.025061 | Val: 0.143035
--- Saved model to checkpoints/diffusion/state.pt ---
Epoch 138
Epoch 138 | Loss: 0.025733 | Val: 0.141355
--- Saved model to checkpoints/diffusion/state.pt ---
Epoch 139
Epoch 139 | Loss: 0.030293 | Val: 0.144356
--- Saved model to checkpoints/diffusion/state.pt ---
Epoch 140
Epoch 140 | Loss: 0.020453 | Val: 0.146509
FITS files saved to results/diffusion/run_20260626_105324_seed42/generated_fits
Computing FID/KID/PDF at epoch 140...
  FID: 84.6681 | KID: 0.042166
  Pixel PDF W-dist: 0.1486
--- Saved model to checkpoints/diffusion/state.pt ---
Epoch 141
Epoch 141 | Loss: 0.031688 | Val: 0.144367
--- Saved model to checkpoints/diffusion/state.pt ---
Epoch 142
Epoch 142 | Loss: 0.022729 | Val: 0.141232
--- Saved model to checkpoints/diffusion/state.pt ---
Epoch 143
Epoch 143 | Loss: 0.028255 | Val: 0.145623
--- Saved model to checkpoints/diffusion/state.pt ---
Epoch 144
Epoch 144 | Loss: 0.029795 | Val: 0.142594
--- Saved model to checkpoints/diffusion/state.pt ---
Epoch 145
Epoch 145 | Loss: 0.026186 | Val: 0.144265
FITS files saved to results/diffusion/run_20260626_105324_seed42/generated_fits
Computing FID/KID/PDF at epoch 145...
  FID: 92.9887 | KID: 0.045586
  Pixel PDF W-dist: 0.0536
--- Saved model to checkpoints/diffusion/state.pt ---
Epoch 146
Epoch 146 | Loss: 0.033238 | Val: 0.144767
--- Saved model to checkpoints/diffusion/state.pt ---
Epoch 147
Epoch 147 | Loss: 0.023589 | Val: 0.143358
--- Saved model to checkpoints/diffusion/state.pt ---
Epoch 148
Epoch 148 | Loss: 0.029096 | Val: 0.143196
--- Saved model to checkpoints/diffusion/state.pt ---
Epoch 149
Epoch 149 | Loss: 0.021120 | Val: 0.144830
--- Saved model to checkpoints/diffusion/state.pt ---
Epoch 150
Epoch 150 | Loss: 0.022257 | Val: 0.146102
FITS files saved to results/diffusion/run_20260626_105324_seed42/generated_fits
Computing FID/KID/PDF at epoch 150...
  FID: 87.3805 | KID: 0.052433
  Pixel PDF W-dist: 0.1479
--- Saved model to checkpoints/diffusion/state.pt ---
Epoch 151
Epoch 151 | Loss: 0.025729 | Val: 0.141147
--- Saved model to checkpoints/diffusion/state.pt ---
Epoch 152
Epoch 152 | Loss: 0.027534 | Val: 0.147535
--- Saved model to checkpoints/diffusion/state.pt ---
Epoch 153
Epoch 153 | Loss: 0.026242 | Val: 0.140341
--- Saved model to checkpoints/diffusion/state.pt ---
Epoch 154
Epoch 154 | Loss: 0.024374 | Val: 0.142025
--- Saved model to checkpoints/diffusion/state.pt ---
Epoch 155
Epoch 155 | Loss: 0.022746 | Val: 0.142365
FITS files saved to results/diffusion/run_20260626_105324_seed42/generated_fits
Computing FID/KID/PDF at epoch 155...
  FID: 86.4178 | KID: 0.051434
  Pixel PDF W-dist: 0.1192
--- Saved model to checkpoints/diffusion/state.pt ---
Epoch 156
Epoch 156 | Loss: 0.030545 | Val: 0.143770
--- Saved model to checkpoints/diffusion/state.pt ---
Epoch 157
Epoch 157 | Loss: 0.024700 | Val: 0.142897
--- Saved model to checkpoints/diffusion/state.pt ---
Epoch 158
Epoch 158 | Loss: 0.026115 | Val: 0.137819
--- Saved model to checkpoints/diffusion/state.pt ---
Epoch 159
