CUDA Memory Cleared. Current VRAM Usage: 0.00 MB
On device cuda
Getting data loader mirabest_fits
Loaded FITS stats: noise_rms=0.000274, peak_log=3.938847
Total unique classes found: 2
Label IDs: [0, 1]
Total images in dataset: 1221
Total batches: 107 (at batch size 8)

============================================================
Run 1/1  |  seed=44  |  results -> results/diffusion/run_20260626_115248_seed44
============================================================

Training diffusion for 300 epochs
Epoch 0
Epoch 0 | Loss: 0.082715 | Val: 0.162867
FITS files saved to results/diffusion/run_20260626_115248_seed44/generated_fits
Computing FID/KID/PDF at epoch 0...
  FID: 157.7539 | KID: 0.164306
  Pixel PDF W-dist: 0.1158
--- Saved model to checkpoints/diffusion/state.pt ---
Epoch 1
Epoch 1 | Loss: 0.038756 | Val: 0.162229
--- Saved model to checkpoints/diffusion/state.pt ---
Epoch 2
Epoch 2 | Loss: 0.027551 | Val: 0.159276
--- Saved model to checkpoints/diffusion/state.pt ---
Epoch 3
Epoch 3 | Loss: 0.032431 | Val: 0.159857
--- Saved model to checkpoints/diffusion/state.pt ---
Epoch 4
Epoch 4 | Loss: 0.026411 | Val: 0.162393
--- Saved model to checkpoints/diffusion/state.pt ---
Epoch 5
Epoch 5 | Loss: 0.028253 | Val: 0.154094
FITS files saved to results/diffusion/run_20260626_115248_seed44/generated_fits
Computing FID/KID/PDF at epoch 5...
  FID: 120.9868 | KID: 0.105291
  Pixel PDF W-dist: 0.1699
--- Saved model to checkpoints/diffusion/state.pt ---
Epoch 6
Epoch 6 | Loss: 0.025490 | Val: 0.156600
--- Saved model to checkpoints/diffusion/state.pt ---
Epoch 7
Epoch 7 | Loss: 0.023396 | Val: 0.156575
--- Saved model to checkpoints/diffusion/state.pt ---
Epoch 8
Epoch 8 | Loss: 0.024351 | Val: 0.150038
--- Saved model to checkpoints/diffusion/state.pt ---
Epoch 9
Epoch 9 | Loss: 0.023187 | Val: 0.152277
--- Saved model to checkpoints/diffusion/state.pt ---
Epoch 10
Epoch 10 | Loss: 0.029740 | Val: 0.148888
FITS files saved to results/diffusion/run_20260626_115248_seed44/generated_fits
Computing FID/KID/PDF at epoch 10...
  FID: 169.0491 | KID: 0.191335
  Pixel PDF W-dist: 0.1096
--- Saved model to checkpoints/diffusion/state.pt ---
Epoch 11
Epoch 11 | Loss: 0.028889 | Val: 0.150348
--- Saved model to checkpoints/diffusion/state.pt ---
Epoch 12
Epoch 12 | Loss: 0.022897 | Val: 0.149513
--- Saved model to checkpoints/diffusion/state.pt ---
Epoch 13
Epoch 13 | Loss: 0.030613 | Val: 0.148864
--- Saved model to checkpoints/diffusion/state.pt ---
Epoch 14
Epoch 14 | Loss: 0.029308 | Val: 0.146892
--- Saved model to checkpoints/diffusion/state.pt ---
Epoch 15
Epoch 15 | Loss: 0.034073 | Val: 0.149549
FITS files saved to results/diffusion/run_20260626_115248_seed44/generated_fits
Computing FID/KID/PDF at epoch 15...
  FID: 123.3404 | KID: 0.107821
  Pixel PDF W-dist: 0.1523
--- Saved model to checkpoints/diffusion/state.pt ---
Epoch 16
Epoch 16 | Loss: 0.028311 | Val: 0.150400
--- Saved model to checkpoints/diffusion/state.pt ---
Epoch 17
Epoch 17 | Loss: 0.022778 | Val: 0.148181
--- Saved model to checkpoints/diffusion/state.pt ---
Epoch 18
Epoch 18 | Loss: 0.021498 | Val: 0.147630
--- Saved model to checkpoints/diffusion/state.pt ---
Epoch 19
Epoch 19 | Loss: 0.027839 | Val: 0.148634
--- Saved model to checkpoints/diffusion/state.pt ---
Epoch 20
Epoch 20 | Loss: 0.026177 | Val: 0.149900
FITS files saved to results/diffusion/run_20260626_115248_seed44/generated_fits
Computing FID/KID/PDF at epoch 20...
  FID: 128.6263 | KID: 0.122068
  Pixel PDF W-dist: 0.3332
--- Saved model to checkpoints/diffusion/state.pt ---
Epoch 21
Epoch 21 | Loss: 0.026670 | Val: 0.145722
--- Saved model to checkpoints/diffusion/state.pt ---
Epoch 22
Epoch 22 | Loss: 0.029328 | Val: 0.151397
--- Saved model to checkpoints/diffusion/state.pt ---
Epoch 23
Epoch 23 | Loss: 0.027928 | Val: 0.149416
--- Saved model to checkpoints/diffusion/state.pt ---
Epoch 24
Epoch 24 | Loss: 0.024562 | Val: 0.152649
--- Saved model to checkpoints/diffusion/state.pt ---
Epoch 25
Epoch 25 | Loss: 0.026851 | Val: 0.150179
FITS files saved to results/diffusion/run_20260626_115248_seed44/generated_fits
Computing FID/KID/PDF at epoch 25...
  FID: 127.7054 | KID: 0.116965
  Pixel PDF W-dist: 0.2807
--- Saved model to checkpoints/diffusion/state.pt ---
Epoch 26
Epoch 26 | Loss: 0.034274 | Val: 0.148978
--- Saved model to checkpoints/diffusion/state.pt ---
Epoch 27
Epoch 27 | Loss: 0.021678 | Val: 0.146125
--- Saved model to checkpoints/diffusion/state.pt ---
Epoch 28
Epoch 28 | Loss: 0.028641 | Val: 0.146310
--- Saved model to checkpoints/diffusion/state.pt ---
Epoch 29
Epoch 29 | Loss: 0.028060 | Val: 0.148588
--- Saved model to checkpoints/diffusion/state.pt ---
Epoch 30
Epoch 30 | Loss: 0.031588 | Val: 0.146134
FITS files saved to results/diffusion/run_20260626_115248_seed44/generated_fits
Computing FID/KID/PDF at epoch 30...
  FID: 124.0529 | KID: 0.095411
  Pixel PDF W-dist: 0.1890
--- Saved model to checkpoints/diffusion/state.pt ---
Epoch 31
Epoch 31 | Loss: 0.027993 | Val: 0.147902
--- Saved model to checkpoints/diffusion/state.pt ---
Epoch 32
Epoch 32 | Loss: 0.018886 | Val: 0.147592
--- Saved model to checkpoints/diffusion/state.pt ---
Epoch 33
Epoch 33 | Loss: 0.030040 | Val: 0.146397
--- Saved model to checkpoints/diffusion/state.pt ---
Epoch 34
Epoch 34 | Loss: 0.026605 | Val: 0.149097
--- Saved model to checkpoints/diffusion/state.pt ---
Epoch 35
Epoch 35 | Loss: 0.031762 | Val: 0.147074
FITS files saved to results/diffusion/run_20260626_115248_seed44/generated_fits
Computing FID/KID/PDF at epoch 35...
  FID: 145.8463 | KID: 0.129374
  Pixel PDF W-dist: 0.3778
--- Saved model to checkpoints/diffusion/state.pt ---
Epoch 36
Epoch 36 | Loss: 0.025980 | Val: 0.144812
--- Saved model to checkpoints/diffusion/state.pt ---
Epoch 37
Epoch 37 | Loss: 0.025202 | Val: 0.146167
--- Saved model to checkpoints/diffusion/state.pt ---
Epoch 38
Epoch 38 | Loss: 0.027704 | Val: 0.147480
--- Saved model to checkpoints/diffusion/state.pt ---
Epoch 39
Epoch 39 | Loss: 0.027849 | Val: 0.146804
--- Saved model to checkpoints/diffusion/state.pt ---
Epoch 40
Epoch 40 | Loss: 0.029433 | Val: 0.147404
FITS files saved to results/diffusion/run_20260626_115248_seed44/generated_fits
Computing FID/KID/PDF at epoch 40...
  FID: 125.4419 | KID: 0.109734
  Pixel PDF W-dist: 0.3278
--- Saved model to checkpoints/diffusion/state.pt ---
Epoch 41
Epoch 41 | Loss: 0.022578 | Val: 0.150965
--- Saved model to checkpoints/diffusion/state.pt ---
Epoch 42
Epoch 42 | Loss: 0.026155 | Val: 0.145450
--- Saved model to checkpoints/diffusion/state.pt ---
Epoch 43
Epoch 43 | Loss: 0.028645 | Val: 0.148265
--- Saved model to checkpoints/diffusion/state.pt ---
Epoch 44
Epoch 44 | Loss: 0.024788 | Val: 0.147001
--- Saved model to checkpoints/diffusion/state.pt ---
Epoch 45
Epoch 45 | Loss: 0.028085 | Val: 0.145932
FITS files saved to results/diffusion/run_20260626_115248_seed44/generated_fits
Computing FID/KID/PDF at epoch 45...
  FID: 111.6509 | KID: 0.093552
  Pixel PDF W-dist: 0.1290
--- Saved model to checkpoints/diffusion/state.pt ---
Epoch 46
Epoch 46 | Loss: 0.028531 | Val: 0.151045
--- Saved model to checkpoints/diffusion/state.pt ---
Epoch 47
Epoch 47 | Loss: 0.026752 | Val: 0.145251
--- Saved model to checkpoints/diffusion/state.pt ---
Epoch 48
Epoch 48 | Loss: 0.025049 | Val: 0.150964
--- Saved model to checkpoints/diffusion/state.pt ---
Epoch 49
Epoch 49 | Loss: 0.028735 | Val: 0.144301
--- Saved model to checkpoints/diffusion/state.pt ---
Epoch 50
Epoch 50 | Loss: 0.021154 | Val: 0.146861
FITS files saved to results/diffusion/run_20260626_115248_seed44/generated_fits
Computing FID/KID/PDF at epoch 50...
  FID: 117.5734 | KID: 0.090677
  Pixel PDF W-dist: 0.1323
--- Saved model to checkpoints/diffusion/state.pt ---
Epoch 51
Epoch 51 | Loss: 0.033659 | Val: 0.143808
--- Saved model to checkpoints/diffusion/state.pt ---
Epoch 52
Epoch 52 | Loss: 0.026520 | Val: 0.148451
--- Saved model to checkpoints/diffusion/state.pt ---
Epoch 53
Epoch 53 | Loss: 0.025051 | Val: 0.147475
--- Saved model to checkpoints/diffusion/state.pt ---
Epoch 54
Epoch 54 | Loss: 0.024564 | Val: 0.150214
--- Saved model to checkpoints/diffusion/state.pt ---
Epoch 55
Epoch 55 | Loss: 0.023611 | Val: 0.146353
FITS files saved to results/diffusion/run_20260626_115248_seed44/generated_fits
Computing FID/KID/PDF at epoch 55...
  FID: 113.3809 | KID: 0.082044
  Pixel PDF W-dist: 0.1534
--- Saved model to checkpoints/diffusion/state.pt ---
Epoch 56
Epoch 56 | Loss: 0.025239 | Val: 0.144843
--- Saved model to checkpoints/diffusion/state.pt ---
Epoch 57
Epoch 57 | Loss: 0.029287 | Val: 0.146277
--- Saved model to checkpoints/diffusion/state.pt ---
Epoch 58
Epoch 58 | Loss: 0.027977 | Val: 0.145810
--- Saved model to checkpoints/diffusion/state.pt ---
Epoch 59
Epoch 59 | Loss: 0.027083 | Val: 0.154568
--- Saved model to checkpoints/diffusion/state.pt ---
Epoch 60
Epoch 60 | Loss: 0.032883 | Val: 0.149500
FITS files saved to results/diffusion/run_20260626_115248_seed44/generated_fits
Computing FID/KID/PDF at epoch 60...
  FID: 119.8472 | KID: 0.101378
  Pixel PDF W-dist: 0.2918
--- Saved model to checkpoints/diffusion/state.pt ---
Epoch 61
Epoch 61 | Loss: 0.025964 | Val: 0.145420
--- Saved model to checkpoints/diffusion/state.pt ---
Epoch 62
Epoch 62 | Loss: 0.021200 | Val: 0.145098
--- Saved model to checkpoints/diffusion/state.pt ---
Epoch 63
Epoch 63 | Loss: 0.029156 | Val: 0.144293
--- Saved model to checkpoints/diffusion/state.pt ---
Epoch 64
Epoch 64 | Loss: 0.028498 | Val: 0.143695
--- Saved model to checkpoints/diffusion/state.pt ---
Epoch 65
Epoch 65 | Loss: 0.026922 | Val: 0.145962
FITS files saved to results/diffusion/run_20260626_115248_seed44/generated_fits
Computing FID/KID/PDF at epoch 65...
  FID: 107.9760 | KID: 0.075232
  Pixel PDF W-dist: 0.1404
--- Saved model to checkpoints/diffusion/state.pt ---
Epoch 66
Epoch 66 | Loss: 0.026644 | Val: 0.145402
--- Saved model to checkpoints/diffusion/state.pt ---
Epoch 67
Epoch 67 | Loss: 0.029977 | Val: 0.150566
--- Saved model to checkpoints/diffusion/state.pt ---
Epoch 68
Epoch 68 | Loss: 0.026189 | Val: 0.146228
--- Saved model to checkpoints/diffusion/state.pt ---
Epoch 69
Epoch 69 | Loss: 0.031286 | Val: 0.147212
--- Saved model to checkpoints/diffusion/state.pt ---
Epoch 70
Epoch 70 | Loss: 0.028326 | Val: 0.147873
FITS files saved to results/diffusion/run_20260626_115248_seed44/generated_fits
Computing FID/KID/PDF at epoch 70...
  FID: 114.6602 | KID: 0.091488
  Pixel PDF W-dist: 0.0742
--- Saved model to checkpoints/diffusion/state.pt ---
Epoch 71
Epoch 71 | Loss: 0.028607 | Val: 0.142079
--- Saved model to checkpoints/diffusion/state.pt ---
Epoch 72
Epoch 72 | Loss: 0.025542 | Val: 0.145787
--- Saved model to checkpoints/diffusion/state.pt ---
Epoch 73
Epoch 73 | Loss: 0.027455 | Val: 0.144475
--- Saved model to checkpoints/diffusion/state.pt ---
Epoch 74
Epoch 74 | Loss: 0.024036 | Val: 0.145341
--- Saved model to checkpoints/diffusion/state.pt ---
Epoch 75
Epoch 75 | Loss: 0.027738 | Val: 0.144297
FITS files saved to results/diffusion/run_20260626_115248_seed44/generated_fits
Computing FID/KID/PDF at epoch 75...
  FID: 114.1082 | KID: 0.086495
  Pixel PDF W-dist: 0.0802
--- Saved model to checkpoints/diffusion/state.pt ---
Epoch 76
Epoch 76 | Loss: 0.030263 | Val: 0.142031
--- Saved model to checkpoints/diffusion/state.pt ---
Epoch 77
Epoch 77 | Loss: 0.023239 | Val: 0.144170
--- Saved model to checkpoints/diffusion/state.pt ---
Epoch 78
Epoch 78 | Loss: 0.032564 | Val: 0.144327
--- Saved model to checkpoints/diffusion/state.pt ---
Epoch 79
Epoch 79 | Loss: 0.026526 | Val: 0.144961
--- Saved model to checkpoints/diffusion/state.pt ---
Epoch 80
Epoch 80 | Loss: 0.026405 | Val: 0.145720
FITS files saved to results/diffusion/run_20260626_115248_seed44/generated_fits
Computing FID/KID/PDF at epoch 80...
  FID: 110.8337 | KID: 0.082181
  Pixel PDF W-dist: 0.0951
--- Saved model to checkpoints/diffusion/state.pt ---
Epoch 81
Epoch 81 | Loss: 0.029071 | Val: 0.149094
--- Saved model to checkpoints/diffusion/state.pt ---
Epoch 82
Epoch 82 | Loss: 0.030280 | Val: 0.143592
--- Saved model to checkpoints/diffusion/state.pt ---
Epoch 83
Epoch 83 | Loss: 0.025411 | Val: 0.143237
--- Saved model to checkpoints/diffusion/state.pt ---
Epoch 84
Epoch 84 | Loss: 0.024330 | Val: 0.143621
--- Saved model to checkpoints/diffusion/state.pt ---
Epoch 85
Epoch 85 | Loss: 0.030096 | Val: 0.142364
FITS files saved to results/diffusion/run_20260626_115248_seed44/generated_fits
Computing FID/KID/PDF at epoch 85...
  FID: 113.1116 | KID: 0.081987
  Pixel PDF W-dist: 0.1739
--- Saved model to checkpoints/diffusion/state.pt ---
Epoch 86
Epoch 86 | Loss: 0.028370 | Val: 0.141745
--- Saved model to checkpoints/diffusion/state.pt ---
Epoch 87
Epoch 87 | Loss: 0.023580 | Val: 0.144070
--- Saved model to checkpoints/diffusion/state.pt ---
Epoch 88
Epoch 88 | Loss: 0.027156 | Val: 0.144928
--- Saved model to checkpoints/diffusion/state.pt ---
Epoch 89
Epoch 89 | Loss: 0.026997 | Val: 0.145634
--- Saved model to checkpoints/diffusion/state.pt ---
Epoch 90
Epoch 90 | Loss: 0.027316 | Val: 0.144879
FITS files saved to results/diffusion/run_20260626_115248_seed44/generated_fits
Computing FID/KID/PDF at epoch 90...
  FID: 122.9740 | KID: 0.111683
  Pixel PDF W-dist: 0.0886
--- Saved model to checkpoints/diffusion/state.pt ---
Epoch 91
Epoch 91 | Loss: 0.026297 | Val: 0.141205
--- Saved model to checkpoints/diffusion/state.pt ---
Epoch 92
Epoch 92 | Loss: 0.022285 | Val: 0.142754
--- Saved model to checkpoints/diffusion/state.pt ---
Epoch 93
Epoch 93 | Loss: 0.027006 | Val: 0.145524
--- Saved model to checkpoints/diffusion/state.pt ---
Epoch 94
Epoch 94 | Loss: 0.021712 | Val: 0.145234
--- Saved model to checkpoints/diffusion/state.pt ---
Epoch 95
Epoch 95 | Loss: 0.026693 | Val: 0.144248
FITS files saved to results/diffusion/run_20260626_115248_seed44/generated_fits
Computing FID/KID/PDF at epoch 95...
  FID: 127.1396 | KID: 0.099503
  Pixel PDF W-dist: 0.1931
--- Saved model to checkpoints/diffusion/state.pt ---
Epoch 96
Epoch 96 | Loss: 0.023652 | Val: 0.143491
--- Saved model to checkpoints/diffusion/state.pt ---
Epoch 97
Epoch 97 | Loss: 0.021233 | Val: 0.144660
--- Saved model to checkpoints/diffusion/state.pt ---
Epoch 98
Epoch 98 | Loss: 0.027474 | Val: 0.145657
--- Saved model to checkpoints/diffusion/state.pt ---
Epoch 99
Epoch 99 | Loss: 0.027501 | Val: 0.143293
--- Saved model to checkpoints/diffusion/state.pt ---
Epoch 100
Epoch 100 | Loss: 0.028400 | Val: 0.142937
FITS files saved to results/diffusion/run_20260626_115248_seed44/generated_fits
Computing FID/KID/PDF at epoch 100...
  FID: 97.9344 | KID: 0.061299
  Pixel PDF W-dist: 0.0769
--- Saved model to checkpoints/diffusion/state.pt ---
Epoch 101
Epoch 101 | Loss: 0.023313 | Val: 0.141113
--- Saved model to checkpoints/diffusion/state.pt ---
Epoch 102
Epoch 102 | Loss: 0.033658 | Val: 0.141330
--- Saved model to checkpoints/diffusion/state.pt ---
Epoch 103
Epoch 103 | Loss: 0.024993 | Val: 0.144240
--- Saved model to checkpoints/diffusion/state.pt ---
Epoch 104
Epoch 104 | Loss: 0.025253 | Val: 0.141850
--- Saved model to checkpoints/diffusion/state.pt ---
Epoch 105
Epoch 105 | Loss: 0.029901 | Val: 0.142966
FITS files saved to results/diffusion/run_20260626_115248_seed44/generated_fits
Computing FID/KID/PDF at epoch 105...
  FID: 128.1641 | KID: 0.083201
  Pixel PDF W-dist: 0.0772
--- Saved model to checkpoints/diffusion/state.pt ---
Epoch 106
Epoch 106 | Loss: 0.027370 | Val: 0.143407
--- Saved model to checkpoints/diffusion/state.pt ---
Epoch 107
Epoch 107 | Loss: 0.024468 | Val: 0.142659
--- Saved model to checkpoints/diffusion/state.pt ---
Epoch 108
Epoch 108 | Loss: 0.026426 | Val: 0.144245
--- Saved model to checkpoints/diffusion/state.pt ---
Epoch 109
Epoch 109 | Loss: 0.028865 | Val: 0.145728
--- Saved model to checkpoints/diffusion/state.pt ---
Epoch 110
Epoch 110 | Loss: 0.026381 | Val: 0.144805
FITS files saved to results/diffusion/run_20260626_115248_seed44/generated_fits
Computing FID/KID/PDF at epoch 110...
  FID: 119.3159 | KID: 0.113156
  Pixel PDF W-dist: 0.1960
--- Saved model to checkpoints/diffusion/state.pt ---
Epoch 111
Epoch 111 | Loss: 0.027419 | Val: 0.142418
--- Saved model to checkpoints/diffusion/state.pt ---
Epoch 112
Epoch 112 | Loss: 0.036225 | Val: 0.145085
--- Saved model to checkpoints/diffusion/state.pt ---
Epoch 113
Epoch 113 | Loss: 0.025076 | Val: 0.143777
--- Saved model to checkpoints/diffusion/state.pt ---
Epoch 114
Epoch 114 | Loss: 0.032354 | Val: 0.145065
--- Saved model to checkpoints/diffusion/state.pt ---
Epoch 115
Epoch 115 | Loss: 0.026842 | Val: 0.139898
FITS files saved to results/diffusion/run_20260626_115248_seed44/generated_fits
Computing FID/KID/PDF at epoch 115...
  FID: 94.2899 | KID: 0.061860
  Pixel PDF W-dist: 0.1614
--- Saved model to checkpoints/diffusion/state.pt ---
Epoch 116
Epoch 116 | Loss: 0.025752 | Val: 0.140691
--- Saved model to checkpoints/diffusion/state.pt ---
Epoch 117
Epoch 117 | Loss: 0.029337 | Val: 0.144654
--- Saved model to checkpoints/diffusion/state.pt ---
Epoch 118
Epoch 118 | Loss: 0.024753 | Val: 0.142291
--- Saved model to checkpoints/diffusion/state.pt ---
Epoch 119
Epoch 119 | Loss: 0.025045 | Val: 0.143433
--- Saved model to checkpoints/diffusion/state.pt ---
Epoch 120
Epoch 120 | Loss: 0.022133 | Val: 0.143717
FITS files saved to results/diffusion/run_20260626_115248_seed44/generated_fits
Computing FID/KID/PDF at epoch 120...
  FID: 85.2820 | KID: 0.053352
  Pixel PDF W-dist: 0.0434
--- Saved model to checkpoints/diffusion/state.pt ---
Epoch 121
Epoch 121 | Loss: 0.030300 | Val: 0.143059
--- Saved model to checkpoints/diffusion/state.pt ---
Epoch 122
Epoch 122 | Loss: 0.026212 | Val: 0.143443
--- Saved model to checkpoints/diffusion/state.pt ---
Epoch 123
Epoch 123 | Loss: 0.028063 | Val: 0.143777
--- Saved model to checkpoints/diffusion/state.pt ---
Epoch 124
Epoch 124 | Loss: 0.024612 | Val: 0.141971
--- Saved model to checkpoints/diffusion/state.pt ---
Epoch 125
Epoch 125 | Loss: 0.026099 | Val: 0.144859
FITS files saved to results/diffusion/run_20260626_115248_seed44/generated_fits
Computing FID/KID/PDF at epoch 125...
  FID: 108.1096 | KID: 0.092612
  Pixel PDF W-dist: 0.1454
--- Saved model to checkpoints/diffusion/state.pt ---
Epoch 126
Epoch 126 | Loss: 0.027488 | Val: 0.141750
--- Saved model to checkpoints/diffusion/state.pt ---
Epoch 127
Epoch 127 | Loss: 0.025964 | Val: 0.144624
--- Saved model to checkpoints/diffusion/state.pt ---
Epoch 128
Epoch 128 | Loss: 0.021662 | Val: 0.144350
--- Saved model to checkpoints/diffusion/state.pt ---
Epoch 129
Epoch 129 | Loss: 0.024013 | Val: 0.144809
--- Saved model to checkpoints/diffusion/state.pt ---
Epoch 130
