CUDA Memory Cleared. Current VRAM Usage: 0.00 MB
On device cuda
Getting data loader mirabest_fits
Loaded FITS stats: noise_rms=0.000274, peak_log=3.938847
Total unique classes found: 2
Label IDs: [0, 1]
Total images in dataset: 1221
Total batches: 107 (at batch size 8)

============================================================
Run 1/1  |  seed=42  |  results -> results/diffusion/run_20260626_215849_seed42
============================================================

Training diffusion for 300 epochs
Epoch 0
Epoch 0 | Loss: 0.082399 | Val: 0.169149
FITS files saved to results/diffusion/run_20260626_215849_seed42/generated_fits
Computing FID/KID/PDF at epoch 0...
  FID: 160.5045 | KID: 0.171825
  Pixel PDF W-dist: 0.0532
--- Saved model to checkpoints/diffusion/state.pt ---
Epoch 1
Epoch 1 | Loss: 0.035076 | Val: 0.158435
--- Saved model to checkpoints/diffusion/state.pt ---
Epoch 2
Epoch 2 | Loss: 0.035565 | Val: 0.159894
--- Saved model to checkpoints/diffusion/state.pt ---
Epoch 3
Epoch 3 | Loss: 0.026725 | Val: 0.161046
--- Saved model to checkpoints/diffusion/state.pt ---
Epoch 4
Epoch 4 | Loss: 0.029346 | Val: 0.158432
--- Saved model to checkpoints/diffusion/state.pt ---
Epoch 5
Epoch 5 | Loss: 0.027336 | Val: 0.155142
FITS files saved to results/diffusion/run_20260626_215849_seed42/generated_fits
Computing FID/KID/PDF at epoch 5...
  FID: 151.0381 | KID: 0.154351
  Pixel PDF W-dist: 0.2086
--- Saved model to checkpoints/diffusion/state.pt ---
Epoch 6
Epoch 6 | Loss: 0.031102 | Val: 0.154300
--- Saved model to checkpoints/diffusion/state.pt ---
Epoch 7
Epoch 7 | Loss: 0.028418 | Val: 0.155429
--- Saved model to checkpoints/diffusion/state.pt ---
Epoch 8
Epoch 8 | Loss: 0.030660 | Val: 0.148312
--- Saved model to checkpoints/diffusion/state.pt ---
Epoch 9
Epoch 9 | Loss: 0.028774 | Val: 0.149421
--- Saved model to checkpoints/diffusion/state.pt ---
Epoch 10
Epoch 10 | Loss: 0.028134 | Val: 0.152024
FITS files saved to results/diffusion/run_20260626_215849_seed42/generated_fits
Computing FID/KID/PDF at epoch 10...
  FID: 112.6938 | KID: 0.069299
  Pixel PDF W-dist: 0.1120
--- Saved model to checkpoints/diffusion/state.pt ---
Epoch 11
Epoch 11 | Loss: 0.025610 | Val: 0.148938
--- Saved model to checkpoints/diffusion/state.pt ---
Epoch 12
Epoch 12 | Loss: 0.022961 | Val: 0.152581
--- Saved model to checkpoints/diffusion/state.pt ---
Epoch 13
Epoch 13 | Loss: 0.028692 | Val: 0.150024
--- Saved model to checkpoints/diffusion/state.pt ---
Epoch 14
Epoch 14 | Loss: 0.023538 | Val: 0.153643
--- Saved model to checkpoints/diffusion/state.pt ---
Epoch 15
Epoch 15 | Loss: 0.026875 | Val: 0.148825
FITS files saved to results/diffusion/run_20260626_215849_seed42/generated_fits
Computing FID/KID/PDF at epoch 15...
  FID: 134.1811 | KID: 0.122617
  Pixel PDF W-dist: 0.3202
--- Saved model to checkpoints/diffusion/state.pt ---
Epoch 16
Epoch 16 | Loss: 0.024231 | Val: 0.147902
--- Saved model to checkpoints/diffusion/state.pt ---
Epoch 17
Epoch 17 | Loss: 0.027771 | Val: 0.151461
--- Saved model to checkpoints/diffusion/state.pt ---
Epoch 18
Epoch 18 | Loss: 0.026716 | Val: 0.153873
--- Saved model to checkpoints/diffusion/state.pt ---
Epoch 19
Epoch 19 | Loss: 0.027821 | Val: 0.153937
--- Saved model to checkpoints/diffusion/state.pt ---
Epoch 20
Epoch 20 | Loss: 0.026808 | Val: 0.149770
FITS files saved to results/diffusion/run_20260626_215849_seed42/generated_fits
Computing FID/KID/PDF at epoch 20...
  FID: 116.3036 | KID: 0.084433
  Pixel PDF W-dist: 0.1508
--- Saved model to checkpoints/diffusion/state.pt ---
Epoch 21
Epoch 21 | Loss: 0.024883 | Val: 0.152033
--- Saved model to checkpoints/diffusion/state.pt ---
Epoch 22
Epoch 22 | Loss: 0.024124 | Val: 0.148835
--- Saved model to checkpoints/diffusion/state.pt ---
Epoch 23
Epoch 23 | Loss: 0.028264 | Val: 0.148074
--- Saved model to checkpoints/diffusion/state.pt ---
Epoch 24
Epoch 24 | Loss: 0.027342 | Val: 0.148352
--- Saved model to checkpoints/diffusion/state.pt ---
Epoch 25
Epoch 25 | Loss: 0.024692 | Val: 0.149282
FITS files saved to results/diffusion/run_20260626_215849_seed42/generated_fits
Computing FID/KID/PDF at epoch 25...
  FID: 109.5921 | KID: 0.083011
  Pixel PDF W-dist: 0.1222
--- Saved model to checkpoints/diffusion/state.pt ---
Epoch 26
Epoch 26 | Loss: 0.025017 | Val: 0.150829
--- Saved model to checkpoints/diffusion/state.pt ---
Epoch 27
Epoch 27 | Loss: 0.026577 | Val: 0.150600
--- Saved model to checkpoints/diffusion/state.pt ---
Epoch 28
Epoch 28 | Loss: 0.028893 | Val: 0.146355
--- Saved model to checkpoints/diffusion/state.pt ---
Epoch 29
Epoch 29 | Loss: 0.025200 | Val: 0.149666
--- Saved model to checkpoints/diffusion/state.pt ---
Epoch 30
Epoch 30 | Loss: 0.032611 | Val: 0.145447
FITS files saved to results/diffusion/run_20260626_215849_seed42/generated_fits
Computing FID/KID/PDF at epoch 30...
  FID: 130.1139 | KID: 0.113067
  Pixel PDF W-dist: 0.2888
--- Saved model to checkpoints/diffusion/state.pt ---
Epoch 31
Epoch 31 | Loss: 0.029765 | Val: 0.148847
--- Saved model to checkpoints/diffusion/state.pt ---
Epoch 32
Epoch 32 | Loss: 0.027188 | Val: 0.144558
--- Saved model to checkpoints/diffusion/state.pt ---
Epoch 33
Epoch 33 | Loss: 0.026090 | Val: 0.149793
--- Saved model to checkpoints/diffusion/state.pt ---
Epoch 34
Epoch 34 | Loss: 0.026173 | Val: 0.146588
--- Saved model to checkpoints/diffusion/state.pt ---
Epoch 35
Epoch 35 | Loss: 0.024052 | Val: 0.151449
FITS files saved to results/diffusion/run_20260626_215849_seed42/generated_fits
Computing FID/KID/PDF at epoch 35...
  FID: 116.8215 | KID: 0.083673
  Pixel PDF W-dist: 0.1411
--- Saved model to checkpoints/diffusion/state.pt ---
Epoch 36
Epoch 36 | Loss: 0.029200 | Val: 0.147304
--- Saved model to checkpoints/diffusion/state.pt ---
Epoch 37
Epoch 37 | Loss: 0.036142 | Val: 0.144933
--- Saved model to checkpoints/diffusion/state.pt ---
Epoch 38
Epoch 38 | Loss: 0.023616 | Val: 0.148629
--- Saved model to checkpoints/diffusion/state.pt ---
Epoch 39
Epoch 39 | Loss: 0.029562 | Val: 0.148659
--- Saved model to checkpoints/diffusion/state.pt ---
Epoch 40
Epoch 40 | Loss: 0.024787 | Val: 0.147437
FITS files saved to results/diffusion/run_20260626_215849_seed42/generated_fits
Computing FID/KID/PDF at epoch 40...
  FID: 105.3943 | KID: 0.073776
  Pixel PDF W-dist: 0.1728
--- Saved model to checkpoints/diffusion/state.pt ---
Epoch 41
Epoch 41 | Loss: 0.027210 | Val: 0.146506
--- Saved model to checkpoints/diffusion/state.pt ---
Epoch 42
Epoch 42 | Loss: 0.026576 | Val: 0.148043
--- Saved model to checkpoints/diffusion/state.pt ---
Epoch 43
Epoch 43 | Loss: 0.028615 | Val: 0.147050
--- Saved model to checkpoints/diffusion/state.pt ---
Epoch 44
Epoch 44 | Loss: 0.029457 | Val: 0.145536
--- Saved model to checkpoints/diffusion/state.pt ---
Epoch 45
Epoch 45 | Loss: 0.028409 | Val: 0.147145
FITS files saved to results/diffusion/run_20260626_215849_seed42/generated_fits
Computing FID/KID/PDF at epoch 45...
  FID: 148.1024 | KID: 0.152439
  Pixel PDF W-dist: 0.3720
--- Saved model to checkpoints/diffusion/state.pt ---
Epoch 46
Epoch 46 | Loss: 0.034380 | Val: 0.148246
--- Saved model to checkpoints/diffusion/state.pt ---
Epoch 47
Epoch 47 | Loss: 0.026043 | Val: 0.146952
--- Saved model to checkpoints/diffusion/state.pt ---
Epoch 48
Epoch 48 | Loss: 0.018410 | Val: 0.144436
--- Saved model to checkpoints/diffusion/state.pt ---
Epoch 49
Epoch 49 | Loss: 0.024223 | Val: 0.145931
--- Saved model to checkpoints/diffusion/state.pt ---
Epoch 50
Epoch 50 | Loss: 0.027802 | Val: 0.145587
FITS files saved to results/diffusion/run_20260626_215849_seed42/generated_fits
Computing FID/KID/PDF at epoch 50...
  FID: 128.0873 | KID: 0.114065
  Pixel PDF W-dist: 0.1604
--- Saved model to checkpoints/diffusion/state.pt ---
Epoch 51
Epoch 51 | Loss: 0.028587 | Val: 0.148182
--- Saved model to checkpoints/diffusion/state.pt ---
Epoch 52
Epoch 52 | Loss: 0.031182 | Val: 0.145996
--- Saved model to checkpoints/diffusion/state.pt ---
Epoch 53
Epoch 53 | Loss: 0.027679 | Val: 0.154086
--- Saved model to checkpoints/diffusion/state.pt ---
Epoch 54
Epoch 54 | Loss: 0.029519 | Val: 0.149434
--- Saved model to checkpoints/diffusion/state.pt ---
Epoch 55
Epoch 55 | Loss: 0.031003 | Val: 0.151632
FITS files saved to results/diffusion/run_20260626_215849_seed42/generated_fits
Computing FID/KID/PDF at epoch 55...
  FID: 153.1056 | KID: 0.165215
  Pixel PDF W-dist: 0.4527
--- Saved model to checkpoints/diffusion/state.pt ---
Epoch 56
Epoch 56 | Loss: 0.026412 | Val: 0.144670
--- Saved model to checkpoints/diffusion/state.pt ---
Epoch 57
Epoch 57 | Loss: 0.029367 | Val: 0.145633
--- Saved model to checkpoints/diffusion/state.pt ---
Epoch 58
Epoch 58 | Loss: 0.026153 | Val: 0.144195
--- Saved model to checkpoints/diffusion/state.pt ---
Epoch 59
Epoch 59 | Loss: 0.030847 | Val: 0.146436
--- Saved model to checkpoints/diffusion/state.pt ---
Epoch 60
Epoch 60 | Loss: 0.028665 | Val: 0.144678
FITS files saved to results/diffusion/run_20260626_215849_seed42/generated_fits
Computing FID/KID/PDF at epoch 60...
  FID: 111.5981 | KID: 0.089997
  Pixel PDF W-dist: 0.3375
--- Saved model to checkpoints/diffusion/state.pt ---
Epoch 61
Epoch 61 | Loss: 0.024483 | Val: 0.146225
--- Saved model to checkpoints/diffusion/state.pt ---
Epoch 62
Epoch 62 | Loss: 0.026534 | Val: 0.144697
--- Saved model to checkpoints/diffusion/state.pt ---
Epoch 63
Epoch 63 | Loss: 0.027357 | Val: 0.146973
--- Saved model to checkpoints/diffusion/state.pt ---
Epoch 64
Epoch 64 | Loss: 0.030422 | Val: 0.145396
--- Saved model to checkpoints/diffusion/state.pt ---
Epoch 65
Epoch 65 | Loss: 0.031340 | Val: 0.144432
FITS files saved to results/diffusion/run_20260626_215849_seed42/generated_fits
Computing FID/KID/PDF at epoch 65...
  FID: 141.1404 | KID: 0.115648
  Pixel PDF W-dist: 0.4036
--- Saved model to checkpoints/diffusion/state.pt ---
Epoch 66
Epoch 66 | Loss: 0.025972 | Val: 0.144661
--- Saved model to checkpoints/diffusion/state.pt ---
Epoch 67
Epoch 67 | Loss: 0.026288 | Val: 0.147515
--- Saved model to checkpoints/diffusion/state.pt ---
Epoch 68
Epoch 68 | Loss: 0.033852 | Val: 0.144993
--- Saved model to checkpoints/diffusion/state.pt ---
Epoch 69
Epoch 69 | Loss: 0.025129 | Val: 0.144662
--- Saved model to checkpoints/diffusion/state.pt ---
Epoch 70
Epoch 70 | Loss: 0.024231 | Val: 0.144128
FITS files saved to results/diffusion/run_20260626_215849_seed42/generated_fits
Computing FID/KID/PDF at epoch 70...
  FID: 134.5441 | KID: 0.119803
  Pixel PDF W-dist: 0.3239
--- Saved model to checkpoints/diffusion/state.pt ---
Epoch 71
Epoch 71 | Loss: 0.025534 | Val: 0.147784
--- Saved model to checkpoints/diffusion/state.pt ---
Epoch 72
Epoch 72 | Loss: 0.024326 | Val: 0.145857
--- Saved model to checkpoints/diffusion/state.pt ---
Epoch 73
Epoch 73 | Loss: 0.026876 | Val: 0.143864
--- Saved model to checkpoints/diffusion/state.pt ---
Epoch 74
Epoch 74 | Loss: 0.028359 | Val: 0.144646
--- Saved model to checkpoints/diffusion/state.pt ---
Epoch 75
Epoch 75 | Loss: 0.034387 | Val: 0.145319
FITS files saved to results/diffusion/run_20260626_215849_seed42/generated_fits
Computing FID/KID/PDF at epoch 75...
  FID: 112.1108 | KID: 0.087975
  Pixel PDF W-dist: 0.1923
--- Saved model to checkpoints/diffusion/state.pt ---
Epoch 76
Epoch 76 | Loss: 0.025106 | Val: 0.144334
--- Saved model to checkpoints/diffusion/state.pt ---
Epoch 77
Epoch 77 | Loss: 0.026973 | Val: 0.146500
--- Saved model to checkpoints/diffusion/state.pt ---
Epoch 78
Epoch 78 | Loss: 0.028737 | Val: 0.144498
--- Saved model to checkpoints/diffusion/state.pt ---
Epoch 79
Epoch 79 | Loss: 0.029920 | Val: 0.146556
--- Saved model to checkpoints/diffusion/state.pt ---
Epoch 80
Epoch 80 | Loss: 0.026461 | Val: 0.145942
FITS files saved to results/diffusion/run_20260626_215849_seed42/generated_fits
Computing FID/KID/PDF at epoch 80...
  FID: 119.9086 | KID: 0.092889
  Pixel PDF W-dist: 0.1814
--- Saved model to checkpoints/diffusion/state.pt ---
Epoch 81
Epoch 81 | Loss: 0.024962 | Val: 0.144268
--- Saved model to checkpoints/diffusion/state.pt ---
Epoch 82
Epoch 82 | Loss: 0.022465 | Val: 0.144706
--- Saved model to checkpoints/diffusion/state.pt ---
Epoch 83
Epoch 83 | Loss: 0.023529 | Val: 0.146019
--- Saved model to checkpoints/diffusion/state.pt ---
Epoch 84
Epoch 84 | Loss: 0.028526 | Val: 0.146693
--- Saved model to checkpoints/diffusion/state.pt ---
Epoch 85
Epoch 85 | Loss: 0.029202 | Val: 0.144096
FITS files saved to results/diffusion/run_20260626_215849_seed42/generated_fits
Computing FID/KID/PDF at epoch 85...
  FID: 142.2529 | KID: 0.136618
  Pixel PDF W-dist: 0.3355
--- Saved model to checkpoints/diffusion/state.pt ---
Epoch 86
Epoch 86 | Loss: 0.028825 | Val: 0.146503
--- Saved model to checkpoints/diffusion/state.pt ---
Epoch 87
Epoch 87 | Loss: 0.028517 | Val: 0.145159
--- Saved model to checkpoints/diffusion/state.pt ---
Epoch 88
Epoch 88 | Loss: 0.023149 | Val: 0.144144
--- Saved model to checkpoints/diffusion/state.pt ---
Epoch 89
Epoch 89 | Loss: 0.026855 | Val: 0.146067
--- Saved model to checkpoints/diffusion/state.pt ---
Epoch 90
Epoch 90 | Loss: 0.028902 | Val: 0.144030
FITS files saved to results/diffusion/run_20260626_215849_seed42/generated_fits
Computing FID/KID/PDF at epoch 90...
  FID: 116.5561 | KID: 0.080078
  Pixel PDF W-dist: 0.0914
--- Saved model to checkpoints/diffusion/state.pt ---
Epoch 91
Epoch 91 | Loss: 0.026595 | Val: 0.144926
--- Saved model to checkpoints/diffusion/state.pt ---
Epoch 92
Epoch 92 | Loss: 0.029619 | Val: 0.144092
--- Saved model to checkpoints/diffusion/state.pt ---
Epoch 93
Epoch 93 | Loss: 0.025410 | Val: 0.146251
--- Saved model to checkpoints/diffusion/state.pt ---
Epoch 94
Epoch 94 | Loss: 0.026332 | Val: 0.145617
--- Saved model to checkpoints/diffusion/state.pt ---
Epoch 95
Epoch 95 | Loss: 0.031870 | Val: 0.144137
FITS files saved to results/diffusion/run_20260626_215849_seed42/generated_fits
Computing FID/KID/PDF at epoch 95...
  FID: 105.6781 | KID: 0.066872
  Pixel PDF W-dist: 0.1276
--- Saved model to checkpoints/diffusion/state.pt ---
Epoch 96
Epoch 96 | Loss: 0.022745 | Val: 0.144530
--- Saved model to checkpoints/diffusion/state.pt ---
Epoch 97
Epoch 97 | Loss: 0.025137 | Val: 0.148620
--- Saved model to checkpoints/diffusion/state.pt ---
Epoch 98
Epoch 98 | Loss: 0.026700 | Val: 0.143921
--- Saved model to checkpoints/diffusion/state.pt ---
Epoch 99
Epoch 99 | Loss: 0.033588 | Val: 0.141765
--- Saved model to checkpoints/diffusion/state.pt ---
Epoch 100
Epoch 100 | Loss: 0.032588 | Val: 0.143554
FITS files saved to results/diffusion/run_20260626_215849_seed42/generated_fits
Computing FID/KID/PDF at epoch 100...
  FID: 109.0074 | KID: 0.071250
  Pixel PDF W-dist: 0.1029
--- Saved model to checkpoints/diffusion/state.pt ---
Epoch 101
Epoch 101 | Loss: 0.026327 | Val: 0.146573
--- Saved model to checkpoints/diffusion/state.pt ---
Epoch 102
Epoch 102 | Loss: 0.030517 | Val: 0.144000
--- Saved model to checkpoints/diffusion/state.pt ---
Epoch 103
Epoch 103 | Loss: 0.022218 | Val: 0.144906
--- Saved model to checkpoints/diffusion/state.pt ---
Epoch 104
Epoch 104 | Loss: 0.029047 | Val: 0.143375
--- Saved model to checkpoints/diffusion/state.pt ---
Epoch 105
Epoch 105 | Loss: 0.030437 | Val: 0.141460
FITS files saved to results/diffusion/run_20260626_215849_seed42/generated_fits
Computing FID/KID/PDF at epoch 105...
  FID: 124.5618 | KID: 0.085371
  Pixel PDF W-dist: 0.1069
--- Saved model to checkpoints/diffusion/state.pt ---
Epoch 106
Epoch 106 | Loss: 0.025584 | Val: 0.143597
--- Saved model to checkpoints/diffusion/state.pt ---
Epoch 107
Epoch 107 | Loss: 0.025964 | Val: 0.143260
--- Saved model to checkpoints/diffusion/state.pt ---
Epoch 108
Epoch 108 | Loss: 0.022695 | Val: 0.142760
--- Saved model to checkpoints/diffusion/state.pt ---
Epoch 109
Epoch 109 | Loss: 0.036390 | Val: 0.143207
--- Saved model to checkpoints/diffusion/state.pt ---
Epoch 110
Epoch 110 | Loss: 0.023049 | Val: 0.146364
FITS files saved to results/diffusion/run_20260626_215849_seed42/generated_fits
Computing FID/KID/PDF at epoch 110...
  FID: 100.1061 | KID: 0.064510
  Pixel PDF W-dist: 0.1226
--- Saved model to checkpoints/diffusion/state.pt ---
Epoch 111
Epoch 111 | Loss: 0.023432 | Val: 0.144913
--- Saved model to checkpoints/diffusion/state.pt ---
Epoch 112
Epoch 112 | Loss: 0.026373 | Val: 0.141316
--- Saved model to checkpoints/diffusion/state.pt ---
Epoch 113
Epoch 113 | Loss: 0.024969 | Val: 0.143799
--- Saved model to checkpoints/diffusion/state.pt ---
Epoch 114
Epoch 114 | Loss: 0.024799 | Val: 0.145676
--- Saved model to checkpoints/diffusion/state.pt ---
Epoch 115
Epoch 115 | Loss: 0.025219 | Val: 0.143785
FITS files saved to results/diffusion/run_20260626_215849_seed42/generated_fits
Computing FID/KID/PDF at epoch 115...
  FID: 115.7298 | KID: 0.090756
  Pixel PDF W-dist: 0.1988
--- Saved model to checkpoints/diffusion/state.pt ---
Epoch 116
Epoch 116 | Loss: 0.026386 | Val: 0.143159
--- Saved model to checkpoints/diffusion/state.pt ---
Epoch 117
Epoch 117 | Loss: 0.026334 | Val: 0.143016
--- Saved model to checkpoints/diffusion/state.pt ---
Epoch 118
Epoch 118 | Loss: 0.027086 | Val: 0.141407
--- Saved model to checkpoints/diffusion/state.pt ---
Epoch 119
Epoch 119 | Loss: 0.028941 | Val: 0.145967
--- Saved model to checkpoints/diffusion/state.pt ---
Epoch 120
Epoch 120 | Loss: 0.025457 | Val: 0.140661
FITS files saved to results/diffusion/run_20260626_215849_seed42/generated_fits
Computing FID/KID/PDF at epoch 120...
  FID: 103.3408 | KID: 0.071839
  Pixel PDF W-dist: 0.0724
--- Saved model to checkpoints/diffusion/state.pt ---
Epoch 121
Epoch 121 | Loss: 0.026053 | Val: 0.145243
--- Saved model to checkpoints/diffusion/state.pt ---
Epoch 122
Epoch 122 | Loss: 0.028461 | Val: 0.140095
--- Saved model to checkpoints/diffusion/state.pt ---
Epoch 123
Epoch 123 | Loss: 0.025923 | Val: 0.143712
--- Saved model to checkpoints/diffusion/state.pt ---
Epoch 124
Epoch 124 | Loss: 0.027453 | Val: 0.143295
--- Saved model to checkpoints/diffusion/state.pt ---
Epoch 125
Epoch 125 | Loss: 0.028910 | Val: 0.144974
FITS files saved to results/diffusion/run_20260626_215849_seed42/generated_fits
Computing FID/KID/PDF at epoch 125...
  FID: 116.9732 | KID: 0.088521
  Pixel PDF W-dist: 0.2507
--- Saved model to checkpoints/diffusion/state.pt ---
Epoch 126
Epoch 126 | Loss: 0.031407 | Val: 0.143475
--- Saved model to checkpoints/diffusion/state.pt ---
Epoch 127
Epoch 127 | Loss: 0.031185 | Val: 0.144249
--- Saved model to checkpoints/diffusion/state.pt ---
Epoch 128
Epoch 128 | Loss: 0.024389 | Val: 0.143764
--- Saved model to checkpoints/diffusion/state.pt ---
Epoch 129
Epoch 129 | Loss: 0.029071 | Val: 0.141341
--- Saved model to checkpoints/diffusion/state.pt ---
Epoch 130
Epoch 130 | Loss: 0.022793 | Val: 0.141634
FITS files saved to results/diffusion/run_20260626_215849_seed42/generated_fits
Computing FID/KID/PDF at epoch 130...
  FID: 116.9051 | KID: 0.088252
  Pixel PDF W-dist: 0.1868
--- Saved model to checkpoints/diffusion/state.pt ---
Epoch 131
Epoch 131 | Loss: 0.027826 | Val: 0.143074
--- Saved model to checkpoints/diffusion/state.pt ---
Epoch 132
Epoch 132 | Loss: 0.021043 | Val: 0.143501
--- Saved model to checkpoints/diffusion/state.pt ---
Epoch 133
Epoch 133 | Loss: 0.025061 | Val: 0.144364
--- Saved model to checkpoints/diffusion/state.pt ---
Epoch 134
Epoch 134 | Loss: 0.024407 | Val: 0.141389
--- Saved model to checkpoints/diffusion/state.pt ---
Epoch 135
Epoch 135 | Loss: 0.027203 | Val: 0.141898
FITS files saved to results/diffusion/run_20260626_215849_seed42/generated_fits
Computing FID/KID/PDF at epoch 135...
  FID: 99.5801 | KID: 0.053816
  Pixel PDF W-dist: 0.0883
--- Saved model to checkpoints/diffusion/state.pt ---
Epoch 136
Epoch 136 | Loss: 0.028847 | Val: 0.143975
--- Saved model to checkpoints/diffusion/state.pt ---
Epoch 137
Epoch 137 | Loss: 0.025224 | Val: 0.143054
--- Saved model to checkpoints/diffusion/state.pt ---
Epoch 138
Epoch 138 | Loss: 0.025923 | Val: 0.141498
--- Saved model to checkpoints/diffusion/state.pt ---
Epoch 139
Epoch 139 | Loss: 0.030535 | Val: 0.144483
--- Saved model to checkpoints/diffusion/state.pt ---
Epoch 140
Epoch 140 | Loss: 0.020656 | Val: 0.147259
FITS files saved to results/diffusion/run_20260626_215849_seed42/generated_fits
Computing FID/KID/PDF at epoch 140...
  FID: 95.1298 | KID: 0.056384
  Pixel PDF W-dist: 0.1419
--- Saved model to checkpoints/diffusion/state.pt ---
Epoch 141
Epoch 141 | Loss: 0.031909 | Val: 0.144191
--- Saved model to checkpoints/diffusion/state.pt ---
Epoch 142
Epoch 142 | Loss: 0.022984 | Val: 0.141284
--- Saved model to checkpoints/diffusion/state.pt ---
Epoch 143
Epoch 143 | Loss: 0.028468 | Val: 0.145650
--- Saved model to checkpoints/diffusion/state.pt ---
Epoch 144
Epoch 144 | Loss: 0.029977 | Val: 0.142789
--- Saved model to checkpoints/diffusion/state.pt ---
Epoch 145
Epoch 145 | Loss: 0.026345 | Val: 0.144408
FITS files saved to results/diffusion/run_20260626_215849_seed42/generated_fits
Computing FID/KID/PDF at epoch 145...
  FID: 108.9749 | KID: 0.072633
  Pixel PDF W-dist: 0.0728
--- Saved model to checkpoints/diffusion/state.pt ---
Epoch 146
Epoch 146 | Loss: 0.033395 | Val: 0.144994
--- Saved model to checkpoints/diffusion/state.pt ---
Epoch 147
Epoch 147 | Loss: 0.023691 | Val: 0.143703
--- Saved model to checkpoints/diffusion/state.pt ---
Epoch 148
Epoch 148 | Loss: 0.029192 | Val: 0.143168
--- Saved model to checkpoints/diffusion/state.pt ---
Epoch 149
Epoch 149 | Loss: 0.021271 | Val: 0.144839
--- Saved model to checkpoints/diffusion/state.pt ---
Epoch 150
Epoch 150 | Loss: 0.022363 | Val: 0.145778
FITS files saved to results/diffusion/run_20260626_215849_seed42/generated_fits
Computing FID/KID/PDF at epoch 150...
  FID: 92.0833 | KID: 0.062883
  Pixel PDF W-dist: 0.1682
--- Saved model to checkpoints/diffusion/state.pt ---
Epoch 151
Epoch 151 | Loss: 0.025785 | Val: 0.141271
--- Saved model to checkpoints/diffusion/state.pt ---
Epoch 152
Epoch 152 | Loss: 0.027650 | Val: 0.147703
--- Saved model to checkpoints/diffusion/state.pt ---
Epoch 153
Epoch 153 | Loss: 0.026349 | Val: 0.140807
--- Saved model to checkpoints/diffusion/state.pt ---
Epoch 154
Epoch 154 | Loss: 0.024631 | Val: 0.142125
--- Saved model to checkpoints/diffusion/state.pt ---
Epoch 155
Epoch 155 | Loss: 0.022860 | Val: 0.142606
FITS files saved to results/diffusion/run_20260626_215849_seed42/generated_fits
Computing FID/KID/PDF at epoch 155...
  FID: 81.8260 | KID: 0.042163
  Pixel PDF W-dist: 0.1140
--- Saved model to checkpoints/diffusion/state.pt ---
Epoch 156
Epoch 156 | Loss: 0.030717 | Val: 0.144054
--- Saved model to checkpoints/diffusion/state.pt ---
Epoch 157
Epoch 157 | Loss: 0.024818 | Val: 0.142923
--- Saved model to checkpoints/diffusion/state.pt ---
Epoch 158
Epoch 158 | Loss: 0.026256 | Val: 0.137945
--- Saved model to checkpoints/diffusion/state.pt ---
Epoch 159
Epoch 159 | Loss: 0.024796 | Val: 0.142215
--- Saved model to checkpoints/diffusion/state.pt ---
Epoch 160
Epoch 160 | Loss: 0.023323 | Val: 0.144722
FITS files saved to results/diffusion/run_20260626_215849_seed42/generated_fits
Computing FID/KID/PDF at epoch 160...
  FID: 75.0582 | KID: 0.027463
  Pixel PDF W-dist: 0.0350
--- Saved model to checkpoints/diffusion/state.pt ---
Epoch 161
Epoch 161 | Loss: 0.027968 | Val: 0.141742
--- Saved model to checkpoints/diffusion/state.pt ---
Epoch 162
Epoch 162 | Loss: 0.027666 | Val: 0.140460
--- Saved model to checkpoints/diffusion/state.pt ---
Epoch 163
Epoch 163 | Loss: 0.024887 | Val: 0.143241
--- Saved model to checkpoints/diffusion/state.pt ---
Epoch 164
Epoch 164 | Loss: 0.022674 | Val: 0.144214
--- Saved model to checkpoints/diffusion/state.pt ---
Epoch 165
Epoch 165 | Loss: 0.027484 | Val: 0.141862
FITS files saved to results/diffusion/run_20260626_215849_seed42/generated_fits
Computing FID/KID/PDF at epoch 165...
  FID: 69.6052 | KID: 0.028674
  Pixel PDF W-dist: 0.0704
--- Saved model to checkpoints/diffusion/state.pt ---
Epoch 166
Epoch 166 | Loss: 0.027457 | Val: 0.144361
--- Saved model to checkpoints/diffusion/state.pt ---
Epoch 167
Epoch 167 | Loss: 0.026122 | Val: 0.140172
--- Saved model to checkpoints/diffusion/state.pt ---
Epoch 168
Epoch 168 | Loss: 0.026555 | Val: 0.142198
--- Saved model to checkpoints/diffusion/state.pt ---
Epoch 169
Epoch 169 | Loss: 0.025448 | Val: 0.142371
--- Saved model to checkpoints/diffusion/state.pt ---
Epoch 170
Epoch 170 | Loss: 0.020825 | Val: 0.143855
FITS files saved to results/diffusion/run_20260626_215849_seed42/generated_fits
Computing FID/KID/PDF at epoch 170...
  FID: 88.8768 | KID: 0.059980
  Pixel PDF W-dist: 0.2377
--- Saved model to checkpoints/diffusion/state.pt ---
Epoch 171
Epoch 171 | Loss: 0.025751 | Val: 0.140043
--- Saved model to checkpoints/diffusion/state.pt ---
Epoch 172
Epoch 172 | Loss: 0.025174 | Val: 0.140246
--- Saved model to checkpoints/diffusion/state.pt ---
Epoch 173
Epoch 173 | Loss: 0.023418 | Val: 0.143700
--- Saved model to checkpoints/diffusion/state.pt ---
Epoch 174
Epoch 174 | Loss: 0.026828 | Val: 0.145673
--- Saved model to checkpoints/diffusion/state.pt ---
Epoch 175
Epoch 175 | Loss: 0.027162 | Val: 0.143057
FITS files saved to results/diffusion/run_20260626_215849_seed42/generated_fits
Computing FID/KID/PDF at epoch 175...
  FID: 69.6737 | KID: 0.020913
  Pixel PDF W-dist: 0.0714
--- Saved model to checkpoints/diffusion/state.pt ---
Epoch 176
Epoch 176 | Loss: 0.026365 | Val: 0.140533
--- Saved model to checkpoints/diffusion/state.pt ---
Epoch 177
Epoch 177 | Loss: 0.023699 | Val: 0.142100
--- Saved model to checkpoints/diffusion/state.pt ---
Epoch 178
Epoch 178 | Loss: 0.024472 | Val: 0.141710
--- Saved model to checkpoints/diffusion/state.pt ---
Epoch 179
Epoch 179 | Loss: 0.024853 | Val: 0.144492
--- Saved model to checkpoints/diffusion/state.pt ---
Epoch 180
Epoch 180 | Loss: 0.026240 | Val: 0.144196
FITS files saved to results/diffusion/run_20260626_215849_seed42/generated_fits
Computing FID/KID/PDF at epoch 180...
  FID: 74.8775 | KID: 0.032989
  Pixel PDF W-dist: 0.1129
--- Saved model to checkpoints/diffusion/state.pt ---
Epoch 181
Epoch 181 | Loss: 0.036152 | Val: 0.144417
--- Saved model to checkpoints/diffusion/state.pt ---
Epoch 182
Epoch 182 | Loss: 0.030179 | Val: 0.139994
--- Saved model to checkpoints/diffusion/state.pt ---
Epoch 183
Epoch 183 | Loss: 0.029597 | Val: 0.141504
--- Saved model to checkpoints/diffusion/state.pt ---
Epoch 184
Epoch 184 | Loss: 0.020896 | Val: 0.142872
--- Saved model to checkpoints/diffusion/state.pt ---
Epoch 185
Epoch 185 | Loss: 0.027088 | Val: 0.144559
FITS files saved to results/diffusion/run_20260626_215849_seed42/generated_fits
Computing FID/KID/PDF at epoch 185...
  FID: 70.6778 | KID: 0.024547
  Pixel PDF W-dist: 0.0690
--- Saved model to checkpoints/diffusion/state.pt ---
Epoch 186
Epoch 186 | Loss: 0.026343 | Val: 0.143353
--- Saved model to checkpoints/diffusion/state.pt ---
Epoch 187
Epoch 187 | Loss: 0.023354 | Val: 0.143615
--- Saved model to checkpoints/diffusion/state.pt ---
Epoch 188
Epoch 188 | Loss: 0.023264 | Val: 0.144335
--- Saved model to checkpoints/diffusion/state.pt ---
Epoch 189
Epoch 189 | Loss: 0.025515 | Val: 0.143667
--- Saved model to checkpoints/diffusion/state.pt ---
Epoch 190
Epoch 190 | Loss: 0.022557 | Val: 0.145431
FITS files saved to results/diffusion/run_20260626_215849_seed42/generated_fits
Computing FID/KID/PDF at epoch 190...
  FID: 70.2296 | KID: 0.026364
  Pixel PDF W-dist: 0.0302
--- Saved model to checkpoints/diffusion/state.pt ---
Epoch 191
Epoch 191 | Loss: 0.023821 | Val: 0.140091
--- Saved model to checkpoints/diffusion/state.pt ---
Epoch 192
Epoch 192 | Loss: 0.024791 | Val: 0.143816
--- Saved model to checkpoints/diffusion/state.pt ---
Epoch 193
Epoch 193 | Loss: 0.026102 | Val: 0.143753
--- Saved model to checkpoints/diffusion/state.pt ---
Epoch 194
Epoch 194 | Loss: 0.026536 | Val: 0.141439
--- Saved model to checkpoints/diffusion/state.pt ---
Epoch 195
Epoch 195 | Loss: 0.019759 | Val: 0.140758
FITS files saved to results/diffusion/run_20260626_215849_seed42/generated_fits
Computing FID/KID/PDF at epoch 195...
  FID: 86.3879 | KID: 0.045817
  Pixel PDF W-dist: 0.1599
--- Saved model to checkpoints/diffusion/state.pt ---
Epoch 196
Epoch 196 | Loss: 0.021623 | Val: 0.142583
--- Saved model to checkpoints/diffusion/state.pt ---
Epoch 197
Epoch 197 | Loss: 0.025075 | Val: 0.144797
--- Saved model to checkpoints/diffusion/state.pt ---
Epoch 198
Epoch 198 | Loss: 0.022238 | Val: 0.142797
--- Saved model to checkpoints/diffusion/state.pt ---
Epoch 199
Epoch 199 | Loss: 0.023793 | Val: 0.142198
--- Saved model to checkpoints/diffusion/state.pt ---
Epoch 200
Epoch 200 | Loss: 0.027768 | Val: 0.142216
FITS files saved to results/diffusion/run_20260626_215849_seed42/generated_fits
Computing FID/KID/PDF at epoch 200...
  FID: 58.8090 | KID: 0.007855
  Pixel PDF W-dist: 0.0244
--- Saved model to checkpoints/diffusion/state.pt ---
Epoch 201
Epoch 201 | Loss: 0.026120 | Val: 0.145376
--- Saved model to checkpoints/diffusion/state.pt ---
Epoch 202
Epoch 202 | Loss: 0.024170 | Val: 0.142898
--- Saved model to checkpoints/diffusion/state.pt ---
Epoch 203
Epoch 203 | Loss: 0.027166 | Val: 0.141322
--- Saved model to checkpoints/diffusion/state.pt ---
Epoch 204
Epoch 204 | Loss: 0.022287 | Val: 0.143628
--- Saved model to checkpoints/diffusion/state.pt ---
Epoch 205
Epoch 205 | Loss: 0.023057 | Val: 0.143996
FITS files saved to results/diffusion/run_20260626_215849_seed42/generated_fits
Computing FID/KID/PDF at epoch 205...
  FID: 84.0919 | KID: 0.035094
  Pixel PDF W-dist: 0.1292
--- Saved model to checkpoints/diffusion/state.pt ---
Epoch 206
Epoch 206 | Loss: 0.027911 | Val: 0.143478
--- Saved model to checkpoints/diffusion/state.pt ---
Epoch 207
Epoch 207 | Loss: 0.024870 | Val: 0.144153
--- Saved model to checkpoints/diffusion/state.pt ---
Epoch 208
Epoch 208 | Loss: 0.028042 | Val: 0.144368
--- Saved model to checkpoints/diffusion/state.pt ---
Epoch 209
Epoch 209 | Loss: 0.021650 | Val: 0.144053
--- Saved model to checkpoints/diffusion/state.pt ---
Epoch 210
Epoch 210 | Loss: 0.020021 | Val: 0.138595
FITS files saved to results/diffusion/run_20260626_215849_seed42/generated_fits
Computing FID/KID/PDF at epoch 210...
  FID: 74.2018 | KID: 0.033883
  Pixel PDF W-dist: 0.0830
--- Saved model to checkpoints/diffusion/state.pt ---
Epoch 211
Epoch 211 | Loss: 0.024655 | Val: 0.142895
--- Saved model to checkpoints/diffusion/state.pt ---
Epoch 212
Epoch 212 | Loss: 0.025464 | Val: 0.142543
--- Saved model to checkpoints/diffusion/state.pt ---
Epoch 213
Epoch 213 | Loss: 0.026252 | Val: 0.144786
--- Saved model to checkpoints/diffusion/state.pt ---
Epoch 214
Epoch 214 | Loss: 0.027658 | Val: 0.141116
--- Saved model to checkpoints/diffusion/state.pt ---
Epoch 215
Epoch 215 | Loss: 0.027565 | Val: 0.143237
FITS files saved to results/diffusion/run_20260626_215849_seed42/generated_fits
Computing FID/KID/PDF at epoch 215...
  FID: 71.5397 | KID: 0.024008
  Pixel PDF W-dist: 0.0434
--- Saved model to checkpoints/diffusion/state.pt ---
Epoch 216
Epoch 216 | Loss: 0.025431 | Val: 0.142096
--- Saved model to checkpoints/diffusion/state.pt ---
Epoch 217
Epoch 217 | Loss: 0.018010 | Val: 0.140551
--- Saved model to checkpoints/diffusion/state.pt ---
Epoch 218
Epoch 218 | Loss: 0.025518 | Val: 0.144809
--- Saved model to checkpoints/diffusion/state.pt ---
Epoch 219
Epoch 219 | Loss: 0.030051 | Val: 0.143356
--- Saved model to checkpoints/diffusion/state.pt ---
Epoch 220
Epoch 220 | Loss: 0.025524 | Val: 0.141583
FITS files saved to results/diffusion/run_20260626_215849_seed42/generated_fits
Computing FID/KID/PDF at epoch 220...
  FID: 61.6964 | KID: 0.017512
  Pixel PDF W-dist: 0.0137
--- Saved model to checkpoints/diffusion/state.pt ---
Epoch 221
Epoch 221 | Loss: 0.025566 | Val: 0.143034
--- Saved model to checkpoints/diffusion/state.pt ---
Epoch 222
Epoch 222 | Loss: 0.026088 | Val: 0.142223
--- Saved model to checkpoints/diffusion/state.pt ---
Epoch 223
Epoch 223 | Loss: 0.025868 | Val: 0.142188
--- Saved model to checkpoints/diffusion/state.pt ---
Epoch 224
Epoch 224 | Loss: 0.028478 | Val: 0.141290
--- Saved model to checkpoints/diffusion/state.pt ---
Epoch 225
Epoch 225 | Loss: 0.026284 | Val: 0.140282
FITS files saved to results/diffusion/run_20260626_215849_seed42/generated_fits
Computing FID/KID/PDF at epoch 225...
  FID: 65.9297 | KID: 0.018458
  Pixel PDF W-dist: 0.0363
--- Saved model to checkpoints/diffusion/state.pt ---
Epoch 226
Epoch 226 | Loss: 0.020038 | Val: 0.140102
--- Saved model to checkpoints/diffusion/state.pt ---
Epoch 227
Epoch 227 | Loss: 0.025844 | Val: 0.143163
--- Saved model to checkpoints/diffusion/state.pt ---
Epoch 228
Epoch 228 | Loss: 0.022446 | Val: 0.144509
--- Saved model to checkpoints/diffusion/state.pt ---
Epoch 229
Epoch 229 | Loss: 0.020823 | Val: 0.141558
--- Saved model to checkpoints/diffusion/state.pt ---
Epoch 230
Epoch 230 | Loss: 0.019908 | Val: 0.144004
FITS files saved to results/diffusion/run_20260626_215849_seed42/generated_fits
Computing FID/KID/PDF at epoch 230...
  FID: 84.2004 | KID: 0.039915
  Pixel PDF W-dist: 0.0583
--- Saved model to checkpoints/diffusion/state.pt ---
Epoch 231
Epoch 231 | Loss: 0.024020 | Val: 0.143185
--- Saved model to checkpoints/diffusion/state.pt ---
Epoch 232
Epoch 232 | Loss: 0.018553 | Val: 0.138772
--- Saved model to checkpoints/diffusion/state.pt ---
Epoch 233
Epoch 233 | Loss: 0.026521 | Val: 0.143758
--- Saved model to checkpoints/diffusion/state.pt ---
Epoch 234
Epoch 234 | Loss: 0.028415 | Val: 0.143138
--- Saved model to checkpoints/diffusion/state.pt ---
Epoch 235
Epoch 235 | Loss: 0.029227 | Val: 0.142489
FITS files saved to results/diffusion/run_20260626_215849_seed42/generated_fits
Computing FID/KID/PDF at epoch 235...
  FID: 78.3290 | KID: 0.041747
  Pixel PDF W-dist: 0.0718
--- Saved model to checkpoints/diffusion/state.pt ---
Epoch 236
Epoch 236 | Loss: 0.025554 | Val: 0.135975
--- Saved model to checkpoints/diffusion/state.pt ---
Epoch 237
Epoch 237 | Loss: 0.025338 | Val: 0.142524
--- Saved model to checkpoints/diffusion/state.pt ---
Epoch 238
Epoch 238 | Loss: 0.024614 | Val: 0.144019
--- Saved model to checkpoints/diffusion/state.pt ---
Epoch 239
Epoch 239 | Loss: 0.023676 | Val: 0.141635
--- Saved model to checkpoints/diffusion/state.pt ---
Epoch 240
Epoch 240 | Loss: 0.022296 | Val: 0.142402
FITS files saved to results/diffusion/run_20260626_215849_seed42/generated_fits
Computing FID/KID/PDF at epoch 240...
  FID: 81.6801 | KID: 0.042118
  Pixel PDF W-dist: 0.0509
--- Saved model to checkpoints/diffusion/state.pt ---
Epoch 241
Epoch 241 | Loss: 0.028850 | Val: 0.142607
--- Saved model to checkpoints/diffusion/state.pt ---
Epoch 242
Epoch 242 | Loss: 0.026354 | Val: 0.141624
--- Saved model to checkpoints/diffusion/state.pt ---
Epoch 243
Epoch 243 | Loss: 0.030409 | Val: 0.143340
--- Saved model to checkpoints/diffusion/state.pt ---
Epoch 244
Epoch 244 | Loss: 0.025236 | Val: 0.144803
--- Saved model to checkpoints/diffusion/state.pt ---
Epoch 245
Epoch 245 | Loss: 0.023478 | Val: 0.142978
FITS files saved to results/diffusion/run_20260626_215849_seed42/generated_fits
Computing FID/KID/PDF at epoch 245...
  FID: 70.9899 | KID: 0.028782
  Pixel PDF W-dist: 0.0312
--- Saved model to checkpoints/diffusion/state.pt ---
Epoch 246
Epoch 246 | Loss: 0.029196 | Val: 0.141724
--- Saved model to checkpoints/diffusion/state.pt ---
Epoch 247
Epoch 247 | Loss: 0.024142 | Val: 0.142477
--- Saved model to checkpoints/diffusion/state.pt ---
Epoch 248
Epoch 248 | Loss: 0.027379 | Val: 0.141614
--- Saved model to checkpoints/diffusion/state.pt ---
Epoch 249
Epoch 249 | Loss: 0.026504 | Val: 0.141555
--- Saved model to checkpoints/diffusion/state.pt ---
Epoch 250
Epoch 250 | Loss: 0.023840 | Val: 0.142096
FITS files saved to results/diffusion/run_20260626_215849_seed42/generated_fits
Computing FID/KID/PDF at epoch 250...
  FID: 70.7965 | KID: 0.015624
  Pixel PDF W-dist: 0.0589
--- Saved model to checkpoints/diffusion/state.pt ---
Epoch 251
Epoch 251 | Loss: 0.023909 | Val: 0.144735
--- Saved model to checkpoints/diffusion/state.pt ---
Epoch 252
Epoch 252 | Loss: 0.025686 | Val: 0.143941
--- Saved model to checkpoints/diffusion/state.pt ---
Epoch 253
Epoch 253 | Loss: 0.020011 | Val: 0.141212
--- Saved model to checkpoints/diffusion/state.pt ---
Epoch 254
Epoch 254 | Loss: 0.026492 | Val: 0.138111
--- Saved model to checkpoints/diffusion/state.pt ---
Epoch 255
Epoch 255 | Loss: 0.024572 | Val: 0.142780
FITS files saved to results/diffusion/run_20260626_215849_seed42/generated_fits
Computing FID/KID/PDF at epoch 255...
  FID: 72.3293 | KID: 0.023411
  Pixel PDF W-dist: 0.0235
--- Saved model to checkpoints/diffusion/state.pt ---
Epoch 256
Epoch 256 | Loss: 0.032986 | Val: 0.140795
--- Saved model to checkpoints/diffusion/state.pt ---
Epoch 257
Epoch 257 | Loss: 0.029299 | Val: 0.143103
--- Saved model to checkpoints/diffusion/state.pt ---
Epoch 258
Epoch 258 | Loss: 0.024510 | Val: 0.143274
--- Saved model to checkpoints/diffusion/state.pt ---
Epoch 259
Epoch 259 | Loss: 0.018572 | Val: 0.143184
--- Saved model to checkpoints/diffusion/state.pt ---
Epoch 260
Epoch 260 | Loss: 0.025243 | Val: 0.138853
FITS files saved to results/diffusion/run_20260626_215849_seed42/generated_fits
Computing FID/KID/PDF at epoch 260...
  FID: 72.5152 | KID: 0.027067
  Pixel PDF W-dist: 0.0349
--- Saved model to checkpoints/diffusion/state.pt ---
Epoch 261
Epoch 261 | Loss: 0.018112 | Val: 0.141024
--- Saved model to checkpoints/diffusion/state.pt ---
Epoch 262
Epoch 262 | Loss: 0.022986 | Val: 0.141409
--- Saved model to checkpoints/diffusion/state.pt ---
Epoch 263
Epoch 263 | Loss: 0.025045 | Val: 0.140238
--- Saved model to checkpoints/diffusion/state.pt ---
Epoch 264
Epoch 264 | Loss: 0.025591 | Val: 0.136947
--- Saved model to checkpoints/diffusion/state.pt ---
Epoch 265
Epoch 265 | Loss: 0.018689 | Val: 0.141802
FITS files saved to results/diffusion/run_20260626_215849_seed42/generated_fits
Computing FID/KID/PDF at epoch 265...
  FID: 99.7769 | KID: 0.053028
  Pixel PDF W-dist: 0.0155
--- Saved model to checkpoints/diffusion/state.pt ---
Epoch 266
Epoch 266 | Loss: 0.025088 | Val: 0.139840
--- Saved model to checkpoints/diffusion/state.pt ---
Epoch 267
Epoch 267 | Loss: 0.021741 | Val: 0.140182
--- Saved model to checkpoints/diffusion/state.pt ---
Epoch 268
Epoch 268 | Loss: 0.026700 | Val: 0.140238
--- Saved model to checkpoints/diffusion/state.pt ---
Epoch 269
Epoch 269 | Loss: 0.026847 | Val: 0.140145
--- Saved model to checkpoints/diffusion/state.pt ---
Epoch 270
Epoch 270 | Loss: 0.023580 | Val: 0.139795
FITS files saved to results/diffusion/run_20260626_215849_seed42/generated_fits
Computing FID/KID/PDF at epoch 270...
  FID: 85.0535 | KID: 0.043221
  Pixel PDF W-dist: 0.0211
--- Saved model to checkpoints/diffusion/state.pt ---
Epoch 271
Epoch 271 | Loss: 0.026900 | Val: 0.139793
--- Saved model to checkpoints/diffusion/state.pt ---
Epoch 272
Epoch 272 | Loss: 0.032556 | Val: 0.144055
--- Saved model to checkpoints/diffusion/state.pt ---
Epoch 273
Epoch 273 | Loss: 0.023954 | Val: 0.137771
--- Saved model to checkpoints/diffusion/state.pt ---
Epoch 274
Epoch 274 | Loss: 0.028581 | Val: 0.143241
--- Saved model to checkpoints/diffusion/state.pt ---
Epoch 275
Epoch 275 | Loss: 0.030288 | Val: 0.142070
FITS files saved to results/diffusion/run_20260626_215849_seed42/generated_fits
Computing FID/KID/PDF at epoch 275...
  FID: 82.2264 | KID: 0.033514
  Pixel PDF W-dist: 0.0996
--- Saved model to checkpoints/diffusion/state.pt ---
Epoch 276
Epoch 276 | Loss: 0.021997 | Val: 0.141589
--- Saved model to checkpoints/diffusion/state.pt ---
Epoch 277
Epoch 277 | Loss: 0.026591 | Val: 0.139683
--- Saved model to checkpoints/diffusion/state.pt ---
Epoch 278
Epoch 278 | Loss: 0.028034 | Val: 0.139815
--- Saved model to checkpoints/diffusion/state.pt ---
Epoch 279
Epoch 279 | Loss: 0.026506 | Val: 0.142387
--- Saved model to checkpoints/diffusion/state.pt ---
Epoch 280
Epoch 280 | Loss: 0.026929 | Val: 0.141885
FITS files saved to results/diffusion/run_20260626_215849_seed42/generated_fits
Computing FID/KID/PDF at epoch 280...
  FID: 81.7358 | KID: 0.039597
  Pixel PDF W-dist: 0.0590
--- Saved model to checkpoints/diffusion/state.pt ---
Epoch 281
Epoch 281 | Loss: 0.026929 | Val: 0.140754
--- Saved model to checkpoints/diffusion/state.pt ---
Epoch 282
Epoch 282 | Loss: 0.021977 | Val: 0.136929
--- Saved model to checkpoints/diffusion/state.pt ---
Epoch 283
Epoch 283 | Loss: 0.024109 | Val: 0.144707
--- Saved model to checkpoints/diffusion/state.pt ---
Epoch 284
Epoch 284 | Loss: 0.031307 | Val: 0.137901
--- Saved model to checkpoints/diffusion/state.pt ---
Epoch 285
Epoch 285 | Loss: 0.024178 | Val: 0.143184
FITS files saved to results/diffusion/run_20260626_215849_seed42/generated_fits
Computing FID/KID/PDF at epoch 285...
  FID: 61.0910 | KID: 0.018848
  Pixel PDF W-dist: 0.0681
--- Saved model to checkpoints/diffusion/state.pt ---
Epoch 286
Epoch 286 | Loss: 0.020372 | Val: 0.143614
--- Saved model to checkpoints/diffusion/state.pt ---
Epoch 287
Epoch 287 | Loss: 0.027166 | Val: 0.142500
--- Saved model to checkpoints/diffusion/state.pt ---
Epoch 288
Epoch 288 | Loss: 0.033668 | Val: 0.143072
--- Saved model to checkpoints/diffusion/state.pt ---
Epoch 289
Epoch 289 | Loss: 0.024842 | Val: 0.142286
--- Saved model to checkpoints/diffusion/state.pt ---
Epoch 290
