CUDA Memory Cleared. Current VRAM Usage: 0.00 MB
On device cuda
Getting data loader mirabest_fits
Loaded FITS stats: noise_rms=0.000274, peak_log=3.938847
Total unique classes found: 2
Label IDs: [0, 1]
Total images in dataset: 1221
Total batches: 107 (at batch size 8)

============================================================
Run 1/1  |  seed=43  |  results -> results/diffusion/run_20260626_105324_seed43
============================================================

Training diffusion for 300 epochs
Epoch 0
Epoch 0 | Loss: 0.075324 | Val: 0.172703
FITS files saved to results/diffusion/run_20260626_105324_seed43/generated_fits
Computing FID/KID/PDF at epoch 0...
  FID: 149.6639 | KID: 0.149405
  Pixel PDF W-dist: 0.0825
--- Saved model to checkpoints/diffusion/state.pt ---
Epoch 1
Epoch 1 | Loss: 0.032657 | Val: 0.163286
--- Saved model to checkpoints/diffusion/state.pt ---
Epoch 2
Epoch 2 | Loss: 0.030660 | Val: 0.161489
--- Saved model to checkpoints/diffusion/state.pt ---
Epoch 3
Epoch 3 | Loss: 0.033012 | Val: 0.158446
--- Saved model to checkpoints/diffusion/state.pt ---
Epoch 4
Epoch 4 | Loss: 0.034941 | Val: 0.152850
--- Saved model to checkpoints/diffusion/state.pt ---
Epoch 5
Epoch 5 | Loss: 0.027408 | Val: 0.155952
FITS files saved to results/diffusion/run_20260626_105324_seed43/generated_fits
Computing FID/KID/PDF at epoch 5...
  FID: 109.4906 | KID: 0.082382
  Pixel PDF W-dist: 0.1049
--- Saved model to checkpoints/diffusion/state.pt ---
Epoch 6
Epoch 6 | Loss: 0.031718 | Val: 0.156268
--- Saved model to checkpoints/diffusion/state.pt ---
Epoch 7
Epoch 7 | Loss: 0.028097 | Val: 0.150998
--- Saved model to checkpoints/diffusion/state.pt ---
Epoch 8
Epoch 8 | Loss: 0.024926 | Val: 0.154731
--- Saved model to checkpoints/diffusion/state.pt ---
Epoch 9
Epoch 9 | Loss: 0.025333 | Val: 0.155523
--- Saved model to checkpoints/diffusion/state.pt ---
Epoch 10
Epoch 10 | Loss: 0.025379 | Val: 0.152123
FITS files saved to results/diffusion/run_20260626_105324_seed43/generated_fits
Computing FID/KID/PDF at epoch 10...
  FID: 105.2348 | KID: 0.081546
  Pixel PDF W-dist: 0.1277
--- Saved model to checkpoints/diffusion/state.pt ---
Epoch 11
Epoch 11 | Loss: 0.026975 | Val: 0.155033
--- Saved model to checkpoints/diffusion/state.pt ---
Epoch 12
Epoch 12 | Loss: 0.029246 | Val: 0.151836
--- Saved model to checkpoints/diffusion/state.pt ---
Epoch 13
Epoch 13 | Loss: 0.027522 | Val: 0.149507
--- Saved model to checkpoints/diffusion/state.pt ---
Epoch 14
Epoch 14 | Loss: 0.025042 | Val: 0.149592
--- Saved model to checkpoints/diffusion/state.pt ---
Epoch 15
Epoch 15 | Loss: 0.023517 | Val: 0.147836
FITS files saved to results/diffusion/run_20260626_105324_seed43/generated_fits
Computing FID/KID/PDF at epoch 15...
  FID: 117.9095 | KID: 0.096145
  Pixel PDF W-dist: 0.1670
--- Saved model to checkpoints/diffusion/state.pt ---
Epoch 16
Epoch 16 | Loss: 0.032440 | Val: 0.149118
--- Saved model to checkpoints/diffusion/state.pt ---
Epoch 17
Epoch 17 | Loss: 0.027988 | Val: 0.148057
--- Saved model to checkpoints/diffusion/state.pt ---
Epoch 18
Epoch 18 | Loss: 0.033503 | Val: 0.152516
--- Saved model to checkpoints/diffusion/state.pt ---
Epoch 19
Epoch 19 | Loss: 0.023450 | Val: 0.147766
--- Saved model to checkpoints/diffusion/state.pt ---
Epoch 20
Epoch 20 | Loss: 0.023379 | Val: 0.145737
FITS files saved to results/diffusion/run_20260626_105324_seed43/generated_fits
Computing FID/KID/PDF at epoch 20...
  FID: 116.1898 | KID: 0.095990
  Pixel PDF W-dist: 0.2826
--- Saved model to checkpoints/diffusion/state.pt ---
Epoch 21
Epoch 21 | Loss: 0.022893 | Val: 0.147558
--- Saved model to checkpoints/diffusion/state.pt ---
Epoch 22
Epoch 22 | Loss: 0.029891 | Val: 0.149913
--- Saved model to checkpoints/diffusion/state.pt ---
Epoch 23
Epoch 23 | Loss: 0.027957 | Val: 0.147963
--- Saved model to checkpoints/diffusion/state.pt ---
Epoch 24
Epoch 24 | Loss: 0.022932 | Val: 0.147451
--- Saved model to checkpoints/diffusion/state.pt ---
Epoch 25
Epoch 25 | Loss: 0.025355 | Val: 0.147281
FITS files saved to results/diffusion/run_20260626_105324_seed43/generated_fits
Computing FID/KID/PDF at epoch 25...
  FID: 103.9160 | KID: 0.070941
  Pixel PDF W-dist: 0.1596
--- Saved model to checkpoints/diffusion/state.pt ---
Epoch 26
Epoch 26 | Loss: 0.035557 | Val: 0.148203
--- Saved model to checkpoints/diffusion/state.pt ---
Epoch 27
Epoch 27 | Loss: 0.029319 | Val: 0.148010
--- Saved model to checkpoints/diffusion/state.pt ---
Epoch 28
Epoch 28 | Loss: 0.032131 | Val: 0.145595
--- Saved model to checkpoints/diffusion/state.pt ---
Epoch 29
Epoch 29 | Loss: 0.023406 | Val: 0.147833
--- Saved model to checkpoints/diffusion/state.pt ---
Epoch 30
Epoch 30 | Loss: 0.032964 | Val: 0.147776
FITS files saved to results/diffusion/run_20260626_105324_seed43/generated_fits
Computing FID/KID/PDF at epoch 30...
  FID: 125.1662 | KID: 0.106187
  Pixel PDF W-dist: 0.1795
--- Saved model to checkpoints/diffusion/state.pt ---
Epoch 31
Epoch 31 | Loss: 0.026645 | Val: 0.147204
--- Saved model to checkpoints/diffusion/state.pt ---
Epoch 32
Epoch 32 | Loss: 0.026065 | Val: 0.149034
--- Saved model to checkpoints/diffusion/state.pt ---
Epoch 33
Epoch 33 | Loss: 0.025066 | Val: 0.146581
--- Saved model to checkpoints/diffusion/state.pt ---
Epoch 34
Epoch 34 | Loss: 0.030805 | Val: 0.145766
--- Saved model to checkpoints/diffusion/state.pt ---
Epoch 35
Epoch 35 | Loss: 0.029551 | Val: 0.145395
FITS files saved to results/diffusion/run_20260626_105324_seed43/generated_fits
Computing FID/KID/PDF at epoch 35...
  FID: 112.8837 | KID: 0.092744
  Pixel PDF W-dist: 0.1752
--- Saved model to checkpoints/diffusion/state.pt ---
Epoch 36
Epoch 36 | Loss: 0.030410 | Val: 0.148822
--- Saved model to checkpoints/diffusion/state.pt ---
Epoch 37
Epoch 37 | Loss: 0.031826 | Val: 0.147651
--- Saved model to checkpoints/diffusion/state.pt ---
Epoch 38
Epoch 38 | Loss: 0.023485 | Val: 0.146583
--- Saved model to checkpoints/diffusion/state.pt ---
Epoch 39
Epoch 39 | Loss: 0.027465 | Val: 0.145489
--- Saved model to checkpoints/diffusion/state.pt ---
Epoch 40
Epoch 40 | Loss: 0.033316 | Val: 0.146106
FITS files saved to results/diffusion/run_20260626_105324_seed43/generated_fits
Computing FID/KID/PDF at epoch 40...
  FID: 115.6733 | KID: 0.099363
  Pixel PDF W-dist: 0.2924
--- Saved model to checkpoints/diffusion/state.pt ---
Epoch 41
Epoch 41 | Loss: 0.028080 | Val: 0.148540
--- Saved model to checkpoints/diffusion/state.pt ---
Epoch 42
Epoch 42 | Loss: 0.026939 | Val: 0.146029
--- Saved model to checkpoints/diffusion/state.pt ---
Epoch 43
Epoch 43 | Loss: 0.034123 | Val: 0.149117
--- Saved model to checkpoints/diffusion/state.pt ---
Epoch 44
Epoch 44 | Loss: 0.027627 | Val: 0.147410
--- Saved model to checkpoints/diffusion/state.pt ---
Epoch 45
Epoch 45 | Loss: 0.032640 | Val: 0.145880
FITS files saved to results/diffusion/run_20260626_105324_seed43/generated_fits
Computing FID/KID/PDF at epoch 45...
  FID: 110.1418 | KID: 0.077881
  Pixel PDF W-dist: 0.1610
--- Saved model to checkpoints/diffusion/state.pt ---
Epoch 46
Epoch 46 | Loss: 0.016721 | Val: 0.145076
--- Saved model to checkpoints/diffusion/state.pt ---
Epoch 47
Epoch 47 | Loss: 0.028805 | Val: 0.144731
--- Saved model to checkpoints/diffusion/state.pt ---
Epoch 48
Epoch 48 | Loss: 0.031737 | Val: 0.145706
--- Saved model to checkpoints/diffusion/state.pt ---
Epoch 49
Epoch 49 | Loss: 0.022491 | Val: 0.145315
--- Saved model to checkpoints/diffusion/state.pt ---
Epoch 50
Epoch 50 | Loss: 0.027534 | Val: 0.144616
FITS files saved to results/diffusion/run_20260626_105324_seed43/generated_fits
Computing FID/KID/PDF at epoch 50...
  FID: 129.6435 | KID: 0.114408
  Pixel PDF W-dist: 0.4203
--- Saved model to checkpoints/diffusion/state.pt ---
Epoch 51
Epoch 51 | Loss: 0.027858 | Val: 0.144033
--- Saved model to checkpoints/diffusion/state.pt ---
Epoch 52
Epoch 52 | Loss: 0.032101 | Val: 0.145318
--- Saved model to checkpoints/diffusion/state.pt ---
Epoch 53
Epoch 53 | Loss: 0.028588 | Val: 0.148213
--- Saved model to checkpoints/diffusion/state.pt ---
Epoch 54
Epoch 54 | Loss: 0.030231 | Val: 0.144397
--- Saved model to checkpoints/diffusion/state.pt ---
Epoch 55
Epoch 55 | Loss: 0.025251 | Val: 0.143369
FITS files saved to results/diffusion/run_20260626_105324_seed43/generated_fits
Computing FID/KID/PDF at epoch 55...
  FID: 117.6443 | KID: 0.093065
  Pixel PDF W-dist: 0.1806
--- Saved model to checkpoints/diffusion/state.pt ---
Epoch 56
Epoch 56 | Loss: 0.024752 | Val: 0.144692
--- Saved model to checkpoints/diffusion/state.pt ---
Epoch 57
Epoch 57 | Loss: 0.018285 | Val: 0.146851
--- Saved model to checkpoints/diffusion/state.pt ---
Epoch 58
Epoch 58 | Loss: 0.029445 | Val: 0.145563
--- Saved model to checkpoints/diffusion/state.pt ---
Epoch 59
Epoch 59 | Loss: 0.028800 | Val: 0.143214
--- Saved model to checkpoints/diffusion/state.pt ---
Epoch 60
Epoch 60 | Loss: 0.028607 | Val: 0.145886
FITS files saved to results/diffusion/run_20260626_105324_seed43/generated_fits
Computing FID/KID/PDF at epoch 60...
  FID: 113.1719 | KID: 0.089071
  Pixel PDF W-dist: 0.2478
--- Saved model to checkpoints/diffusion/state.pt ---
Epoch 61
Epoch 61 | Loss: 0.022134 | Val: 0.145688
--- Saved model to checkpoints/diffusion/state.pt ---
Epoch 62
Epoch 62 | Loss: 0.023510 | Val: 0.142836
--- Saved model to checkpoints/diffusion/state.pt ---
Epoch 63
Epoch 63 | Loss: 0.024762 | Val: 0.143917
--- Saved model to checkpoints/diffusion/state.pt ---
Epoch 64
Epoch 64 | Loss: 0.022803 | Val: 0.144311
--- Saved model to checkpoints/diffusion/state.pt ---
Epoch 65
Epoch 65 | Loss: 0.028630 | Val: 0.144808
FITS files saved to results/diffusion/run_20260626_105324_seed43/generated_fits
Computing FID/KID/PDF at epoch 65...
  FID: 118.8087 | KID: 0.090252
  Pixel PDF W-dist: 0.1053
--- Saved model to checkpoints/diffusion/state.pt ---
Epoch 66
Epoch 66 | Loss: 0.025720 | Val: 0.144114
--- Saved model to checkpoints/diffusion/state.pt ---
Epoch 67
Epoch 67 | Loss: 0.026775 | Val: 0.146060
--- Saved model to checkpoints/diffusion/state.pt ---
Epoch 68
Epoch 68 | Loss: 0.023451 | Val: 0.143289
--- Saved model to checkpoints/diffusion/state.pt ---
Epoch 69
Epoch 69 | Loss: 0.029026 | Val: 0.147385
--- Saved model to checkpoints/diffusion/state.pt ---
Epoch 70
Epoch 70 | Loss: 0.029920 | Val: 0.145154
FITS files saved to results/diffusion/run_20260626_105324_seed43/generated_fits
Computing FID/KID/PDF at epoch 70...
  FID: 108.4660 | KID: 0.075427
  Pixel PDF W-dist: 0.0976
--- Saved model to checkpoints/diffusion/state.pt ---
Epoch 71
Epoch 71 | Loss: 0.028912 | Val: 0.143709
--- Saved model to checkpoints/diffusion/state.pt ---
Epoch 72
Epoch 72 | Loss: 0.023739 | Val: 0.143264
--- Saved model to checkpoints/diffusion/state.pt ---
Epoch 73
Epoch 73 | Loss: 0.026155 | Val: 0.142226
--- Saved model to checkpoints/diffusion/state.pt ---
Epoch 74
Epoch 74 | Loss: 0.026514 | Val: 0.143902
--- Saved model to checkpoints/diffusion/state.pt ---
Epoch 75
Epoch 75 | Loss: 0.029094 | Val: 0.145335
FITS files saved to results/diffusion/run_20260626_105324_seed43/generated_fits
Computing FID/KID/PDF at epoch 75...
  FID: 130.0602 | KID: 0.114888
  Pixel PDF W-dist: 0.0867
--- Saved model to checkpoints/diffusion/state.pt ---
Epoch 76
Epoch 76 | Loss: 0.021270 | Val: 0.143769
--- Saved model to checkpoints/diffusion/state.pt ---
Epoch 77
Epoch 77 | Loss: 0.022176 | Val: 0.144482
--- Saved model to checkpoints/diffusion/state.pt ---
Epoch 78
Epoch 78 | Loss: 0.031032 | Val: 0.144708
--- Saved model to checkpoints/diffusion/state.pt ---
Epoch 79
Epoch 79 | Loss: 0.023811 | Val: 0.143302
--- Saved model to checkpoints/diffusion/state.pt ---
Epoch 80
Epoch 80 | Loss: 0.023291 | Val: 0.144494
FITS files saved to results/diffusion/run_20260626_105324_seed43/generated_fits
Computing FID/KID/PDF at epoch 80...
  FID: 135.1755 | KID: 0.135442
  Pixel PDF W-dist: 0.4037
--- Saved model to checkpoints/diffusion/state.pt ---
Epoch 81
Epoch 81 | Loss: 0.025331 | Val: 0.143643
--- Saved model to checkpoints/diffusion/state.pt ---
Epoch 82
Epoch 82 | Loss: 0.027904 | Val: 0.144363
--- Saved model to checkpoints/diffusion/state.pt ---
Epoch 83
Epoch 83 | Loss: 0.024678 | Val: 0.143475
--- Saved model to checkpoints/diffusion/state.pt ---
Epoch 84
Epoch 84 | Loss: 0.021281 | Val: 0.141634
--- Saved model to checkpoints/diffusion/state.pt ---
Epoch 85
Epoch 85 | Loss: 0.024376 | Val: 0.148143
FITS files saved to results/diffusion/run_20260626_105324_seed43/generated_fits
Computing FID/KID/PDF at epoch 85...
  FID: 118.5157 | KID: 0.094691
  Pixel PDF W-dist: 0.1875
--- Saved model to checkpoints/diffusion/state.pt ---
Epoch 86
Epoch 86 | Loss: 0.031720 | Val: 0.143969
--- Saved model to checkpoints/diffusion/state.pt ---
Epoch 87
Epoch 87 | Loss: 0.025212 | Val: 0.143523
--- Saved model to checkpoints/diffusion/state.pt ---
Epoch 88
Epoch 88 | Loss: 0.033410 | Val: 0.143330
--- Saved model to checkpoints/diffusion/state.pt ---
Epoch 89
Epoch 89 | Loss: 0.027545 | Val: 0.143851
--- Saved model to checkpoints/diffusion/state.pt ---
Epoch 90
Epoch 90 | Loss: 0.024442 | Val: 0.142583
FITS files saved to results/diffusion/run_20260626_105324_seed43/generated_fits
Computing FID/KID/PDF at epoch 90...
  FID: 114.4107 | KID: 0.089311
  Pixel PDF W-dist: 0.1564
--- Saved model to checkpoints/diffusion/state.pt ---
Epoch 91
Epoch 91 | Loss: 0.024226 | Val: 0.144418
--- Saved model to checkpoints/diffusion/state.pt ---
Epoch 92
Epoch 92 | Loss: 0.024902 | Val: 0.145242
--- Saved model to checkpoints/diffusion/state.pt ---
Epoch 93
Epoch 93 | Loss: 0.025314 | Val: 0.143143
--- Saved model to checkpoints/diffusion/state.pt ---
Epoch 94
Epoch 94 | Loss: 0.027221 | Val: 0.145046
--- Saved model to checkpoints/diffusion/state.pt ---
Epoch 95
Epoch 95 | Loss: 0.026624 | Val: 0.143104
FITS files saved to results/diffusion/run_20260626_105324_seed43/generated_fits
Computing FID/KID/PDF at epoch 95...
  FID: 107.3235 | KID: 0.072120
  Pixel PDF W-dist: 0.1085
--- Saved model to checkpoints/diffusion/state.pt ---
Epoch 96
Epoch 96 | Loss: 0.027553 | Val: 0.145262
--- Saved model to checkpoints/diffusion/state.pt ---
Epoch 97
Epoch 97 | Loss: 0.032329 | Val: 0.143285
--- Saved model to checkpoints/diffusion/state.pt ---
Epoch 98
Epoch 98 | Loss: 0.025119 | Val: 0.143376
--- Saved model to checkpoints/diffusion/state.pt ---
Epoch 99
Epoch 99 | Loss: 0.029378 | Val: 0.141916
--- Saved model to checkpoints/diffusion/state.pt ---
Epoch 100
Epoch 100 | Loss: 0.027688 | Val: 0.141305
FITS files saved to results/diffusion/run_20260626_105324_seed43/generated_fits
Computing FID/KID/PDF at epoch 100...
  FID: 111.1363 | KID: 0.077547
  Pixel PDF W-dist: 0.1616
--- Saved model to checkpoints/diffusion/state.pt ---
Epoch 101
Epoch 101 | Loss: 0.027043 | Val: 0.144800
--- Saved model to checkpoints/diffusion/state.pt ---
Epoch 102
Epoch 102 | Loss: 0.024829 | Val: 0.145637
--- Saved model to checkpoints/diffusion/state.pt ---
Epoch 103
Epoch 103 | Loss: 0.029541 | Val: 0.144403
--- Saved model to checkpoints/diffusion/state.pt ---
Epoch 104
Epoch 104 | Loss: 0.031686 | Val: 0.143647
--- Saved model to checkpoints/diffusion/state.pt ---
Epoch 105
Epoch 105 | Loss: 0.030418 | Val: 0.144225
FITS files saved to results/diffusion/run_20260626_105324_seed43/generated_fits
Computing FID/KID/PDF at epoch 105...
  FID: 105.1645 | KID: 0.077155
  Pixel PDF W-dist: 0.2125
--- Saved model to checkpoints/diffusion/state.pt ---
Epoch 106
Epoch 106 | Loss: 0.021455 | Val: 0.144601
--- Saved model to checkpoints/diffusion/state.pt ---
Epoch 107
Epoch 107 | Loss: 0.025025 | Val: 0.145771
--- Saved model to checkpoints/diffusion/state.pt ---
Epoch 108
Epoch 108 | Loss: 0.020664 | Val: 0.143263
--- Saved model to checkpoints/diffusion/state.pt ---
Epoch 109
Epoch 109 | Loss: 0.024484 | Val: 0.143425
--- Saved model to checkpoints/diffusion/state.pt ---
Epoch 110
Epoch 110 | Loss: 0.024747 | Val: 0.143949
FITS files saved to results/diffusion/run_20260626_105324_seed43/generated_fits
Computing FID/KID/PDF at epoch 110...
  FID: 129.6661 | KID: 0.108620
  Pixel PDF W-dist: 0.2821
--- Saved model to checkpoints/diffusion/state.pt ---
Epoch 111
Epoch 111 | Loss: 0.028387 | Val: 0.142854
--- Saved model to checkpoints/diffusion/state.pt ---
Epoch 112
Epoch 112 | Loss: 0.027256 | Val: 0.145349
--- Saved model to checkpoints/diffusion/state.pt ---
Epoch 113
Epoch 113 | Loss: 0.033656 | Val: 0.142510
--- Saved model to checkpoints/diffusion/state.pt ---
Epoch 114
Epoch 114 | Loss: 0.026774 | Val: 0.143241
--- Saved model to checkpoints/diffusion/state.pt ---
Epoch 115
Epoch 115 | Loss: 0.023125 | Val: 0.144017
FITS files saved to results/diffusion/run_20260626_105324_seed43/generated_fits
Computing FID/KID/PDF at epoch 115...
  FID: 141.9461 | KID: 0.136063
  Pixel PDF W-dist: 0.2736
--- Saved model to checkpoints/diffusion/state.pt ---
Epoch 116
Epoch 116 | Loss: 0.023745 | Val: 0.144234
--- Saved model to checkpoints/diffusion/state.pt ---
Epoch 117
Epoch 117 | Loss: 0.024472 | Val: 0.143067
--- Saved model to checkpoints/diffusion/state.pt ---
Epoch 118
Epoch 118 | Loss: 0.022086 | Val: 0.142607
--- Saved model to checkpoints/diffusion/state.pt ---
Epoch 119
Epoch 119 | Loss: 0.028386 | Val: 0.143527
--- Saved model to checkpoints/diffusion/state.pt ---
Epoch 120
Epoch 120 | Loss: 0.027944 | Val: 0.145130
FITS files saved to results/diffusion/run_20260626_105324_seed43/generated_fits
Computing FID/KID/PDF at epoch 120...
  FID: 103.9945 | KID: 0.074610
  Pixel PDF W-dist: 0.3618
--- Saved model to checkpoints/diffusion/state.pt ---
Epoch 121
Epoch 121 | Loss: 0.027291 | Val: 0.143270
--- Saved model to checkpoints/diffusion/state.pt ---
Epoch 122
Epoch 122 | Loss: 0.025507 | Val: 0.145460
--- Saved model to checkpoints/diffusion/state.pt ---
Epoch 123
Epoch 123 | Loss: 0.020300 | Val: 0.144556
--- Saved model to checkpoints/diffusion/state.pt ---
Epoch 124
Epoch 124 | Loss: 0.031291 | Val: 0.143320
--- Saved model to checkpoints/diffusion/state.pt ---
Epoch 125
Epoch 125 | Loss: 0.030519 | Val: 0.144035
FITS files saved to results/diffusion/run_20260626_105324_seed43/generated_fits
Computing FID/KID/PDF at epoch 125...
  FID: 103.4425 | KID: 0.073667
  Pixel PDF W-dist: 0.0776
--- Saved model to checkpoints/diffusion/state.pt ---
Epoch 126
Epoch 126 | Loss: 0.027916 | Val: 0.140746
--- Saved model to checkpoints/diffusion/state.pt ---
Epoch 127
Epoch 127 | Loss: 0.024866 | Val: 0.143605
--- Saved model to checkpoints/diffusion/state.pt ---
Epoch 128
Epoch 128 | Loss: 0.026747 | Val: 0.143321
--- Saved model to checkpoints/diffusion/state.pt ---
Epoch 129
Epoch 129 | Loss: 0.025926 | Val: 0.144896
--- Saved model to checkpoints/diffusion/state.pt ---
Epoch 130
Epoch 130 | Loss: 0.023229 | Val: 0.144480
FITS files saved to results/diffusion/run_20260626_105324_seed43/generated_fits
Computing FID/KID/PDF at epoch 130...
  FID: 101.3055 | KID: 0.077309
  Pixel PDF W-dist: 0.2041
--- Saved model to checkpoints/diffusion/state.pt ---
Epoch 131
Epoch 131 | Loss: 0.024208 | Val: 0.144718
--- Saved model to checkpoints/diffusion/state.pt ---
Epoch 132
Epoch 132 | Loss: 0.029544 | Val: 0.144125
--- Saved model to checkpoints/diffusion/state.pt ---
Epoch 133
Epoch 133 | Loss: 0.026949 | Val: 0.142191
--- Saved model to checkpoints/diffusion/state.pt ---
Epoch 134
Epoch 134 | Loss: 0.023271 | Val: 0.143077
--- Saved model to checkpoints/diffusion/state.pt ---
Epoch 135
Epoch 135 | Loss: 0.021047 | Val: 0.143856
FITS files saved to results/diffusion/run_20260626_105324_seed43/generated_fits
Computing FID/KID/PDF at epoch 135...
  FID: 131.4316 | KID: 0.117675
  Pixel PDF W-dist: 0.2128
--- Saved model to checkpoints/diffusion/state.pt ---
Epoch 136
Epoch 136 | Loss: 0.028500 | Val: 0.141932
--- Saved model to checkpoints/diffusion/state.pt ---
Epoch 137
Epoch 137 | Loss: 0.022283 | Val: 0.144197
--- Saved model to checkpoints/diffusion/state.pt ---
Epoch 138
Epoch 138 | Loss: 0.032032 | Val: 0.143930
--- Saved model to checkpoints/diffusion/state.pt ---
Epoch 139
Epoch 139 | Loss: 0.029694 | Val: 0.141682
--- Saved model to checkpoints/diffusion/state.pt ---
Epoch 140
Epoch 140 | Loss: 0.022370 | Val: 0.145012
FITS files saved to results/diffusion/run_20260626_105324_seed43/generated_fits
Computing FID/KID/PDF at epoch 140...
  FID: 100.0744 | KID: 0.075377
  Pixel PDF W-dist: 0.2451
--- Saved model to checkpoints/diffusion/state.pt ---
Epoch 141
Epoch 141 | Loss: 0.021355 | Val: 0.143905
--- Saved model to checkpoints/diffusion/state.pt ---
Epoch 142
Epoch 142 | Loss: 0.027259 | Val: 0.143258
--- Saved model to checkpoints/diffusion/state.pt ---
Epoch 143
Epoch 143 | Loss: 0.029717 | Val: 0.143406
--- Saved model to checkpoints/diffusion/state.pt ---
Epoch 144
Epoch 144 | Loss: 0.027102 | Val: 0.142695
--- Saved model to checkpoints/diffusion/state.pt ---
Epoch 145
Epoch 145 | Loss: 0.032444 | Val: 0.142207
FITS files saved to results/diffusion/run_20260626_105324_seed43/generated_fits
Computing FID/KID/PDF at epoch 145...
  FID: 74.5330 | KID: 0.037937
  Pixel PDF W-dist: 0.2162
--- Saved model to checkpoints/diffusion/state.pt ---
Epoch 146
Epoch 146 | Loss: 0.022171 | Val: 0.140368
--- Saved model to checkpoints/diffusion/state.pt ---
Epoch 147
Epoch 147 | Loss: 0.028623 | Val: 0.141603
--- Saved model to checkpoints/diffusion/state.pt ---
Epoch 148
Epoch 148 | Loss: 0.024524 | Val: 0.145336
--- Saved model to checkpoints/diffusion/state.pt ---
Epoch 149
Epoch 149 | Loss: 0.023194 | Val: 0.143784
--- Saved model to checkpoints/diffusion/state.pt ---
Epoch 150
Epoch 150 | Loss: 0.028482 | Val: 0.142790
FITS files saved to results/diffusion/run_20260626_105324_seed43/generated_fits
Computing FID/KID/PDF at epoch 150...
  FID: 73.5782 | KID: 0.025567
  Pixel PDF W-dist: 0.0548
--- Saved model to checkpoints/diffusion/state.pt ---
Epoch 151
Epoch 151 | Loss: 0.026368 | Val: 0.142666
--- Saved model to checkpoints/diffusion/state.pt ---
Epoch 152
Epoch 152 | Loss: 0.027044 | Val: 0.142194
--- Saved model to checkpoints/diffusion/state.pt ---
Epoch 153
Epoch 153 | Loss: 0.022607 | Val: 0.142438
--- Saved model to checkpoints/diffusion/state.pt ---
Epoch 154
Epoch 154 | Loss: 0.025621 | Val: 0.142982
--- Saved model to checkpoints/diffusion/state.pt ---
Epoch 155
Epoch 155 | Loss: 0.021558 | Val: 0.144411
FITS files saved to results/diffusion/run_20260626_105324_seed43/generated_fits
Computing FID/KID/PDF at epoch 155...
  FID: 85.1752 | KID: 0.044080
  Pixel PDF W-dist: 0.2378
--- Saved model to checkpoints/diffusion/state.pt ---
Epoch 156
Epoch 156 | Loss: 0.028830 | Val: 0.142584
--- Saved model to checkpoints/diffusion/state.pt ---
Epoch 157
Epoch 157 | Loss: 0.028379 | Val: 0.144485
--- Saved model to checkpoints/diffusion/state.pt ---
Epoch 158
Epoch 158 | Loss: 0.029632 | Val: 0.144838
--- Saved model to checkpoints/diffusion/state.pt ---
Epoch 159
