CUDA Memory Cleared. Current VRAM Usage: 0.00 MB
On device cuda
Getting data loader mirabest_fits
Loaded FITS stats: noise_rms=0.000274, peak_log=3.938847
Total unique classes found: 2
Label IDs: [0, 1]
Total images in dataset: 1221
Total batches: 107 (at batch size 8)

============================================================
Run 1/1  |  seed=42  |  results -> results/pid/run_20260626_145304_seed42
============================================================

Training pid for 300 epochs
Epoch 0
Epoch 0 | Loss: 0.111759 | Val: 0.175961  |  mse: 0.088531  sym: 0.016355  neg: 0.006873
FITS files saved to results/pid/run_20260626_145304_seed42/generated_fits
Computing FID/KID/PDF at epoch 0...
  FID: 202.3444 | KID: 0.230293
  Pixel PDF W-dist: 0.8571
  Compliance — pct_negative: 0.0311  sym_score: 0.0195
--- Saved model to checkpoints/pid/state.pt ---
Epoch 1
Epoch 1 | Loss: 0.045507 | Val: 0.162482  |  mse: 0.039445  sym: 0.004229  neg: 0.001833
--- Saved model to checkpoints/pid/state.pt ---
Epoch 2
Epoch 2 | Loss: 0.043212 | Val: 0.163144  |  mse: 0.038775  sym: 0.002963  neg: 0.001475
--- Saved model to checkpoints/pid/state.pt ---
Epoch 3
Epoch 3 | Loss: 0.031486 | Val: 0.163520  |  mse: 0.028761  sym: 0.001825  neg: 0.000900
--- Saved model to checkpoints/pid/state.pt ---
Epoch 4
Epoch 4 | Loss: 0.032910 | Val: 0.158959  |  mse: 0.030811  sym: 0.001295  neg: 0.000804
--- Saved model to checkpoints/pid/state.pt ---
Epoch 5
Epoch 5 | Loss: 0.030882 | Val: 0.157476  |  mse: 0.028877  sym: 0.001257  neg: 0.000749
FITS files saved to results/pid/run_20260626_145304_seed42/generated_fits
Computing FID/KID/PDF at epoch 5...
  FID: 200.7444 | KID: 0.238344
  Pixel PDF W-dist: 0.7703
  Compliance — pct_negative: 0.0000  sym_score: 0.0259
--- Saved model to checkpoints/pid/state.pt ---
Epoch 6
Epoch 6 | Loss: 0.034257 | Val: 0.157260  |  mse: 0.032354  sym: 0.001163  neg: 0.000740
--- Saved model to checkpoints/pid/state.pt ---
Epoch 7
Epoch 7 | Loss: 0.031107 | Val: 0.158495  |  mse: 0.029462  sym: 0.000967  neg: 0.000677
--- Saved model to checkpoints/pid/state.pt ---
Epoch 8
Epoch 8 | Loss: 0.033916 | Val: 0.150750  |  mse: 0.032179  sym: 0.001042  neg: 0.000695
--- Saved model to checkpoints/pid/state.pt ---
Epoch 9
Epoch 9 | Loss: 0.031305 | Val: 0.150422  |  mse: 0.029798  sym: 0.000897  neg: 0.000611
--- Saved model to checkpoints/pid/state.pt ---
Epoch 10
Epoch 10 | Loss: 0.030859 | Val: 0.154116  |  mse: 0.029358  sym: 0.000852  neg: 0.000649
FITS files saved to results/pid/run_20260626_145304_seed42/generated_fits
Computing FID/KID/PDF at epoch 10...
  FID: 178.3847 | KID: 0.203561
  Pixel PDF W-dist: 0.7977
  Compliance — pct_negative: 0.0000  sym_score: 0.0248
--- Saved model to checkpoints/pid/state.pt ---
Epoch 11
Epoch 11 | Loss: 0.028236 | Val: 0.151862  |  mse: 0.026808  sym: 0.000839  neg: 0.000589
--- Saved model to checkpoints/pid/state.pt ---
Epoch 12
Epoch 12 | Loss: 0.026088 | Val: 0.154758  |  mse: 0.024484  sym: 0.000986  neg: 0.000617
--- Saved model to checkpoints/pid/state.pt ---
Epoch 13
Epoch 13 | Loss: 0.031701 | Val: 0.153218  |  mse: 0.030061  sym: 0.000963  neg: 0.000677
--- Saved model to checkpoints/pid/state.pt ---
Epoch 14
Epoch 14 | Loss: 0.025886 | Val: 0.156999  |  mse: 0.024518  sym: 0.000781  neg: 0.000587
--- Saved model to checkpoints/pid/state.pt ---
Epoch 15
Epoch 15 | Loss: 0.030751 | Val: 0.151797  |  mse: 0.029061  sym: 0.001026  neg: 0.000664
FITS files saved to results/pid/run_20260626_145304_seed42/generated_fits
Computing FID/KID/PDF at epoch 15...
  FID: 177.6164 | KID: 0.200276
  Pixel PDF W-dist: 0.7935
  Compliance — pct_negative: 0.0001  sym_score: 0.0257
--- Saved model to checkpoints/pid/state.pt ---
Epoch 16
Epoch 16 | Loss: 0.026432 | Val: 0.150434  |  mse: 0.025132  sym: 0.000712  neg: 0.000587
--- Saved model to checkpoints/pid/state.pt ---
Epoch 17
Epoch 17 | Loss: 0.030854 | Val: 0.154352  |  mse: 0.029349  sym: 0.000873  neg: 0.000633
--- Saved model to checkpoints/pid/state.pt ---
Epoch 18
Epoch 18 | Loss: 0.028918 | Val: 0.156667  |  mse: 0.027568  sym: 0.000742  neg: 0.000609
--- Saved model to checkpoints/pid/state.pt ---
Epoch 19
Epoch 19 | Loss: 0.030049 | Val: 0.155754  |  mse: 0.028804  sym: 0.000668  neg: 0.000576
--- Saved model to checkpoints/pid/state.pt ---
Epoch 20
Epoch 20 | Loss: 0.029297 | Val: 0.151512  |  mse: 0.027902  sym: 0.000751  neg: 0.000643
FITS files saved to results/pid/run_20260626_145304_seed42/generated_fits
Computing FID/KID/PDF at epoch 20...
  FID: 190.4302 | KID: 0.220793
  Pixel PDF W-dist: 0.8011
  Compliance — pct_negative: 0.0001  sym_score: 0.0224
--- Saved model to checkpoints/pid/state.pt ---
Epoch 21
Epoch 21 | Loss: 0.027071 | Val: 0.153107  |  mse: 0.025873  sym: 0.000640  neg: 0.000558
--- Saved model to checkpoints/pid/state.pt ---
Epoch 22
Epoch 22 | Loss: 0.026040 | Val: 0.150700  |  mse: 0.024904  sym: 0.000627  neg: 0.000508
--- Saved model to checkpoints/pid/state.pt ---
Epoch 23
Epoch 23 | Loss: 0.030253 | Val: 0.151197  |  mse: 0.029076  sym: 0.000629  neg: 0.000548
--- Saved model to checkpoints/pid/state.pt ---
Epoch 24
Epoch 24 | Loss: 0.029586 | Val: 0.150740  |  mse: 0.028351  sym: 0.000642  neg: 0.000594
--- Saved model to checkpoints/pid/state.pt ---
Epoch 25
Epoch 25 | Loss: 0.026549 | Val: 0.155379  |  mse: 0.025460  sym: 0.000568  neg: 0.000521
FITS files saved to results/pid/run_20260626_145304_seed42/generated_fits
Computing FID/KID/PDF at epoch 25...
  FID: 197.6304 | KID: 0.238133
  Pixel PDF W-dist: 0.8492
  Compliance — pct_negative: 0.0000  sym_score: 0.0158
--- Saved model to checkpoints/pid/state.pt ---
Epoch 26
Epoch 26 | Loss: 0.027237 | Val: 0.153377  |  mse: 0.025974  sym: 0.000703  neg: 0.000560
--- Saved model to checkpoints/pid/state.pt ---
Epoch 27
Epoch 27 | Loss: 0.028390 | Val: 0.151498  |  mse: 0.027305  sym: 0.000498  neg: 0.000586
--- Saved model to checkpoints/pid/state.pt ---
Epoch 28
Epoch 28 | Loss: 0.030952 | Val: 0.147764  |  mse: 0.029745  sym: 0.000650  neg: 0.000557
--- Saved model to checkpoints/pid/state.pt ---
Epoch 29
Epoch 29 | Loss: 0.027712 | Val: 0.150759  |  mse: 0.026425  sym: 0.000698  neg: 0.000588
--- Saved model to checkpoints/pid/state.pt ---
Epoch 30
Epoch 30 | Loss: 0.034633 | Val: 0.147308  |  mse: 0.033426  sym: 0.000629  neg: 0.000578
FITS files saved to results/pid/run_20260626_145304_seed42/generated_fits
Computing FID/KID/PDF at epoch 30...
  FID: 181.3823 | KID: 0.207167
  Pixel PDF W-dist: 0.7993
  Compliance — pct_negative: 0.0000  sym_score: 0.0205
--- Saved model to checkpoints/pid/state.pt ---
Epoch 31
Epoch 31 | Loss: 0.031293 | Val: 0.149643  |  mse: 0.030271  sym: 0.000473  neg: 0.000549
--- Saved model to checkpoints/pid/state.pt ---
Epoch 32
Epoch 32 | Loss: 0.029143 | Val: 0.146293  |  mse: 0.028042  sym: 0.000567  neg: 0.000534
--- Saved model to checkpoints/pid/state.pt ---
Epoch 33
Epoch 33 | Loss: 0.027905 | Val: 0.150497  |  mse: 0.026841  sym: 0.000537  neg: 0.000526
--- Saved model to checkpoints/pid/state.pt ---
Epoch 34
Epoch 34 | Loss: 0.028732 | Val: 0.148280  |  mse: 0.027329  sym: 0.000823  neg: 0.000580
--- Saved model to checkpoints/pid/state.pt ---
Epoch 35
Epoch 35 | Loss: 0.026412 | Val: 0.153912  |  mse: 0.025150  sym: 0.000698  neg: 0.000564
FITS files saved to results/pid/run_20260626_145304_seed42/generated_fits
Computing FID/KID/PDF at epoch 35...
  FID: 174.5241 | KID: 0.166949
  Pixel PDF W-dist: 0.7146
  Compliance — pct_negative: 0.0000  sym_score: 0.0225
--- Saved model to checkpoints/pid/state.pt ---
Epoch 36
Epoch 36 | Loss: 0.031063 | Val: 0.150826  |  mse: 0.029951  sym: 0.000559  neg: 0.000553
--- Saved model to checkpoints/pid/state.pt ---
Epoch 37
Epoch 37 | Loss: 0.038720 | Val: 0.146858  |  mse: 0.037395  sym: 0.000661  neg: 0.000664
--- Saved model to checkpoints/pid/state.pt ---
Epoch 38
Epoch 38 | Loss: 0.026127 | Val: 0.150905  |  mse: 0.024825  sym: 0.000737  neg: 0.000565
--- Saved model to checkpoints/pid/state.pt ---
Epoch 39
Epoch 39 | Loss: 0.031434 | Val: 0.150049  |  mse: 0.030315  sym: 0.000542  neg: 0.000577
--- Saved model to checkpoints/pid/state.pt ---
Epoch 40
Epoch 40 | Loss: 0.028770 | Val: 0.150219  |  mse: 0.027238  sym: 0.000938  neg: 0.000593
FITS files saved to results/pid/run_20260626_145304_seed42/generated_fits
Computing FID/KID/PDF at epoch 40...
  FID: 173.3846 | KID: 0.194419
  Pixel PDF W-dist: 0.8025
  Compliance — pct_negative: 0.0000  sym_score: 0.0210
--- Saved model to checkpoints/pid/state.pt ---
Epoch 41
Epoch 41 | Loss: 0.029170 | Val: 0.148242  |  mse: 0.028022  sym: 0.000524  neg: 0.000624
--- Saved model to checkpoints/pid/state.pt ---
Epoch 42
Epoch 42 | Loss: 0.028237 | Val: 0.150833  |  mse: 0.027234  sym: 0.000448  neg: 0.000555
--- Saved model to checkpoints/pid/state.pt ---
Epoch 43
Epoch 43 | Loss: 0.032837 | Val: 0.149564  |  mse: 0.031126  sym: 0.001030  neg: 0.000682
--- Saved model to checkpoints/pid/state.pt ---
Epoch 44
Epoch 44 | Loss: 0.031077 | Val: 0.147965  |  mse: 0.030071  sym: 0.000452  neg: 0.000555
--- Saved model to checkpoints/pid/state.pt ---
Epoch 45
Epoch 45 | Loss: 0.029973 | Val: 0.149450  |  mse: 0.028982  sym: 0.000458  neg: 0.000533
FITS files saved to results/pid/run_20260626_145304_seed42/generated_fits
Computing FID/KID/PDF at epoch 45...
  FID: 201.1434 | KID: 0.241170
  Pixel PDF W-dist: 0.8486
  Compliance — pct_negative: 0.0000  sym_score: 0.0147
--- Saved model to checkpoints/pid/state.pt ---
Epoch 46
Epoch 46 | Loss: 0.036114 | Val: 0.150727  |  mse: 0.035014  sym: 0.000504  neg: 0.000596
--- Saved model to checkpoints/pid/state.pt ---
Epoch 47
Epoch 47 | Loss: 0.028059 | Val: 0.149240  |  mse: 0.026919  sym: 0.000596  neg: 0.000544
--- Saved model to checkpoints/pid/state.pt ---
Epoch 48
Epoch 48 | Loss: 0.020003 | Val: 0.145843  |  mse: 0.019057  sym: 0.000463  neg: 0.000484
--- Saved model to checkpoints/pid/state.pt ---
Epoch 49
Epoch 49 | Loss: 0.026646 | Val: 0.147891  |  mse: 0.025480  sym: 0.000607  neg: 0.000558
--- Saved model to checkpoints/pid/state.pt ---
Epoch 50
Epoch 50 | Loss: 0.029395 | Val: 0.146592  |  mse: 0.028399  sym: 0.000466  neg: 0.000530
FITS files saved to results/pid/run_20260626_145304_seed42/generated_fits
Computing FID/KID/PDF at epoch 50...
  FID: 181.8724 | KID: 0.213992
  Pixel PDF W-dist: 0.8094
  Compliance — pct_negative: 0.0000  sym_score: 0.0173
--- Saved model to checkpoints/pid/state.pt ---
Epoch 51
Epoch 51 | Loss: 0.030346 | Val: 0.151158  |  mse: 0.029241  sym: 0.000538  neg: 0.000566
--- Saved model to checkpoints/pid/state.pt ---
Epoch 52
Epoch 52 | Loss: 0.033675 | Val: 0.147411  |  mse: 0.032467  sym: 0.000591  neg: 0.000617
--- Saved model to checkpoints/pid/state.pt ---
Epoch 53
Epoch 53 | Loss: 0.029586 | Val: 0.152441  |  mse: 0.028498  sym: 0.000556  neg: 0.000532
--- Saved model to checkpoints/pid/state.pt ---
Epoch 54
Epoch 54 | Loss: 0.031417 | Val: 0.151378  |  mse: 0.030304  sym: 0.000537  neg: 0.000576
--- Saved model to checkpoints/pid/state.pt ---
Epoch 55
Epoch 55 | Loss: 0.033225 | Val: 0.151856  |  mse: 0.032005  sym: 0.000629  neg: 0.000592
FITS files saved to results/pid/run_20260626_145304_seed42/generated_fits
Computing FID/KID/PDF at epoch 55...
  FID: 175.3576 | KID: 0.185233
  Pixel PDF W-dist: 0.7670
  Compliance — pct_negative: 0.0000  sym_score: 0.0176
--- Saved model to checkpoints/pid/state.pt ---
Epoch 56
Epoch 56 | Loss: 0.027924 | Val: 0.146320  |  mse: 0.026954  sym: 0.000447  neg: 0.000523
--- Saved model to checkpoints/pid/state.pt ---
Epoch 57
Epoch 57 | Loss: 0.030905 | Val: 0.148063  |  mse: 0.029920  sym: 0.000446  neg: 0.000540
--- Saved model to checkpoints/pid/state.pt ---
Epoch 58
Epoch 58 | Loss: 0.028260 | Val: 0.146897  |  mse: 0.027140  sym: 0.000584  neg: 0.000536
--- Saved model to checkpoints/pid/state.pt ---
Epoch 59
Epoch 59 | Loss: 0.032830 | Val: 0.149156  |  mse: 0.031701  sym: 0.000506  neg: 0.000623
--- Saved model to checkpoints/pid/state.pt ---
Epoch 60
Epoch 60 | Loss: 0.030362 | Val: 0.146111  |  mse: 0.029359  sym: 0.000457  neg: 0.000546
FITS files saved to results/pid/run_20260626_145304_seed42/generated_fits
Computing FID/KID/PDF at epoch 60...
  FID: 190.5826 | KID: 0.223216
  Pixel PDF W-dist: 0.8299
  Compliance — pct_negative: 0.0000  sym_score: 0.0159
--- Saved model to checkpoints/pid/state.pt ---
Epoch 61
Epoch 61 | Loss: 0.027051 | Val: 0.147648  |  mse: 0.025889  sym: 0.000665  neg: 0.000497
--- Saved model to checkpoints/pid/state.pt ---
Epoch 62
Epoch 62 | Loss: 0.027996 | Val: 0.146030  |  mse: 0.027081  sym: 0.000386  neg: 0.000529
--- Saved model to checkpoints/pid/state.pt ---
Epoch 63
Epoch 63 | Loss: 0.029796 | Val: 0.149178  |  mse: 0.028609  sym: 0.000639  neg: 0.000548
--- Saved model to checkpoints/pid/state.pt ---
Epoch 64
Epoch 64 | Loss: 0.032176 | Val: 0.145850  |  mse: 0.031158  sym: 0.000494  neg: 0.000524
--- Saved model to checkpoints/pid/state.pt ---
Epoch 65
Epoch 65 | Loss: 0.033546 | Val: 0.145387  |  mse: 0.032391  sym: 0.000556  neg: 0.000599
FITS files saved to results/pid/run_20260626_145304_seed42/generated_fits
Computing FID/KID/PDF at epoch 65...
  FID: 195.4350 | KID: 0.232784
  Pixel PDF W-dist: 0.8114
  Compliance — pct_negative: 0.0000  sym_score: 0.0154
--- Saved model to checkpoints/pid/state.pt ---
Epoch 66
Epoch 66 | Loss: 0.027532 | Val: 0.146429  |  mse: 0.026603  sym: 0.000407  neg: 0.000522
--- Saved model to checkpoints/pid/state.pt ---
Epoch 67
Epoch 67 | Loss: 0.028218 | Val: 0.147497  |  mse: 0.027171  sym: 0.000513  neg: 0.000534
--- Saved model to checkpoints/pid/state.pt ---
Epoch 68
Epoch 68 | Loss: 0.035504 | Val: 0.146500  |  mse: 0.034510  sym: 0.000418  neg: 0.000575
--- Saved model to checkpoints/pid/state.pt ---
Epoch 69
Epoch 69 | Loss: 0.026643 | Val: 0.145820  |  mse: 0.025695  sym: 0.000444  neg: 0.000504
--- Saved model to checkpoints/pid/state.pt ---
Epoch 70
Epoch 70 | Loss: 0.026297 | Val: 0.145917  |  mse: 0.025214  sym: 0.000571  neg: 0.000513
FITS files saved to results/pid/run_20260626_145304_seed42/generated_fits
Computing FID/KID/PDF at epoch 70...
  FID: 161.6061 | KID: 0.180758
  Pixel PDF W-dist: 0.7740
  Compliance — pct_negative: 0.0000  sym_score: 0.0145
--- Saved model to checkpoints/pid/state.pt ---
Epoch 71
Epoch 71 | Loss: 0.027311 | Val: 0.147812  |  mse: 0.026249  sym: 0.000505  neg: 0.000557
--- Saved model to checkpoints/pid/state.pt ---
Epoch 72
Epoch 72 | Loss: 0.025859 | Val: 0.147204  |  mse: 0.024945  sym: 0.000411  neg: 0.000503
--- Saved model to checkpoints/pid/state.pt ---
Epoch 73
Epoch 73 | Loss: 0.028597 | Val: 0.145300  |  mse: 0.027602  sym: 0.000453  neg: 0.000542
--- Saved model to checkpoints/pid/state.pt ---
Epoch 74
Epoch 74 | Loss: 0.031133 | Val: 0.146417  |  mse: 0.029824  sym: 0.000691  neg: 0.000618
--- Saved model to checkpoints/pid/state.pt ---
Epoch 75
Epoch 75 | Loss: 0.036614 | Val: 0.147038  |  mse: 0.035456  sym: 0.000579  neg: 0.000578
FITS files saved to results/pid/run_20260626_145304_seed42/generated_fits
Computing FID/KID/PDF at epoch 75...
  FID: 164.6867 | KID: 0.179997
  Pixel PDF W-dist: 0.7848
  Compliance — pct_negative: 0.0000  sym_score: 0.0144
--- Saved model to checkpoints/pid/state.pt ---
Epoch 76
Epoch 76 | Loss: 0.026699 | Val: 0.145960  |  mse: 0.025733  sym: 0.000417  neg: 0.000549
--- Saved model to checkpoints/pid/state.pt ---
Epoch 77
Epoch 77 | Loss: 0.028828 | Val: 0.151148  |  mse: 0.027818  sym: 0.000493  neg: 0.000518
--- Saved model to checkpoints/pid/state.pt ---
Epoch 78
Epoch 78 | Loss: 0.030680 | Val: 0.146146  |  mse: 0.029585  sym: 0.000560  neg: 0.000535
--- Saved model to checkpoints/pid/state.pt ---
Epoch 79
Epoch 79 | Loss: 0.031649 | Val: 0.146250  |  mse: 0.030689  sym: 0.000415  neg: 0.000546
--- Saved model to checkpoints/pid/state.pt ---
Epoch 80
Epoch 80 | Loss: 0.028570 | Val: 0.147487  |  mse: 0.027441  sym: 0.000604  neg: 0.000526
FITS files saved to results/pid/run_20260626_145304_seed42/generated_fits
Computing FID/KID/PDF at epoch 80...
  FID: 158.7256 | KID: 0.159441
  Pixel PDF W-dist: 0.7675
  Compliance — pct_negative: 0.0000  sym_score: 0.0160
--- Saved model to checkpoints/pid/state.pt ---
Epoch 81
Epoch 81 | Loss: 0.026583 | Val: 0.145944  |  mse: 0.025627  sym: 0.000455  neg: 0.000501
--- Saved model to checkpoints/pid/state.pt ---
Epoch 82
Epoch 82 | Loss: 0.024014 | Val: 0.145803  |  mse: 0.023095  sym: 0.000384  neg: 0.000535
--- Saved model to checkpoints/pid/state.pt ---
Epoch 83
Epoch 83 | Loss: 0.025065 | Val: 0.148198  |  mse: 0.024134  sym: 0.000415  neg: 0.000515
--- Saved model to checkpoints/pid/state.pt ---
Epoch 84
Epoch 84 | Loss: 0.030329 | Val: 0.148993  |  mse: 0.029346  sym: 0.000426  neg: 0.000557
--- Saved model to checkpoints/pid/state.pt ---
Epoch 85
Epoch 85 | Loss: 0.031852 | Val: 0.146045  |  mse: 0.030645  sym: 0.000620  neg: 0.000586
FITS files saved to results/pid/run_20260626_145304_seed42/generated_fits
Computing FID/KID/PDF at epoch 85...
  FID: 183.0740 | KID: 0.214564
  Pixel PDF W-dist: 0.7960
  Compliance — pct_negative: 0.0000  sym_score: 0.0150
--- Saved model to checkpoints/pid/state.pt ---
Epoch 86
Epoch 86 | Loss: 0.030789 | Val: 0.146308  |  mse: 0.029725  sym: 0.000498  neg: 0.000566
--- Saved model to checkpoints/pid/state.pt ---
Epoch 87
Epoch 87 | Loss: 0.030111 | Val: 0.146959  |  mse: 0.029167  sym: 0.000419  neg: 0.000525
--- Saved model to checkpoints/pid/state.pt ---
Epoch 88
Epoch 88 | Loss: 0.024588 | Val: 0.144818  |  mse: 0.023697  sym: 0.000410  neg: 0.000482
--- Saved model to checkpoints/pid/state.pt ---
Epoch 89
Epoch 89 | Loss: 0.029429 | Val: 0.150751  |  mse: 0.028243  sym: 0.000627  neg: 0.000559
--- Saved model to checkpoints/pid/state.pt ---
Epoch 90
Epoch 90 | Loss: 0.032056 | Val: 0.146639  |  mse: 0.030703  sym: 0.000698  neg: 0.000655
FITS files saved to results/pid/run_20260626_145304_seed42/generated_fits
Computing FID/KID/PDF at epoch 90...
  FID: 220.3075 | KID: 0.274905
  Pixel PDF W-dist: 0.8805
  Compliance — pct_negative: 0.0000  sym_score: 0.0127
--- Saved model to checkpoints/pid/state.pt ---
Epoch 91
Epoch 91 | Loss: 0.028370 | Val: 0.144751  |  mse: 0.027420  sym: 0.000411  neg: 0.000540
--- Saved model to checkpoints/pid/state.pt ---
Epoch 92
Epoch 92 | Loss: 0.031014 | Val: 0.144616  |  mse: 0.030077  sym: 0.000384  neg: 0.000553
--- Saved model to checkpoints/pid/state.pt ---
Epoch 93
Epoch 93 | Loss: 0.027237 | Val: 0.147598  |  mse: 0.026222  sym: 0.000528  neg: 0.000486
--- Saved model to checkpoints/pid/state.pt ---
Epoch 94
Epoch 94 | Loss: 0.027728 | Val: 0.147043  |  mse: 0.026843  sym: 0.000356  neg: 0.000529
--- Saved model to checkpoints/pid/state.pt ---
Epoch 95
Epoch 95 | Loss: 0.033985 | Val: 0.149053  |  mse: 0.032908  sym: 0.000520  neg: 0.000557
FITS files saved to results/pid/run_20260626_145304_seed42/generated_fits
Computing FID/KID/PDF at epoch 95...
  FID: 149.3730 | KID: 0.149278
  Pixel PDF W-dist: 0.7150
  Compliance — pct_negative: 0.0000  sym_score: 0.0165
--- Saved model to checkpoints/pid/state.pt ---
Epoch 96
Epoch 96 | Loss: 0.024770 | Val: 0.146478  |  mse: 0.023728  sym: 0.000497  neg: 0.000545
--- Saved model to checkpoints/pid/state.pt ---
Epoch 97
Epoch 97 | Loss: 0.026981 | Val: 0.153565  |  mse: 0.025923  sym: 0.000534  neg: 0.000524
--- Saved model to checkpoints/pid/state.pt ---
Epoch 98
Epoch 98 | Loss: 0.028498 | Val: 0.146755  |  mse: 0.027500  sym: 0.000467  neg: 0.000531
--- Saved model to checkpoints/pid/state.pt ---
Epoch 99
Epoch 99 | Loss: 0.035584 | Val: 0.144184  |  mse: 0.034504  sym: 0.000478  neg: 0.000602
--- Saved model to checkpoints/pid/state.pt ---
Epoch 100
Epoch 100 | Loss: 0.034133 | Val: 0.144802  |  mse: 0.033188  sym: 0.000438  neg: 0.000506
FITS files saved to results/pid/run_20260626_145304_seed42/generated_fits
Computing FID/KID/PDF at epoch 100...
  FID: 177.5637 | KID: 0.202126
  Pixel PDF W-dist: 0.7968
  Compliance — pct_negative: 0.0000  sym_score: 0.0164
--- Saved model to checkpoints/pid/state.pt ---
Epoch 101
Epoch 101 | Loss: 0.027821 | Val: 0.147278  |  mse: 0.026915  sym: 0.000388  neg: 0.000518
--- Saved model to checkpoints/pid/state.pt ---
Epoch 102
Epoch 102 | Loss: 0.032103 | Val: 0.146293  |  mse: 0.031161  sym: 0.000404  neg: 0.000538
--- Saved model to checkpoints/pid/state.pt ---
Epoch 103
Epoch 103 | Loss: 0.023650 | Val: 0.145876  |  mse: 0.022796  sym: 0.000361  neg: 0.000494
--- Saved model to checkpoints/pid/state.pt ---
Epoch 104
Epoch 104 | Loss: 0.031032 | Val: 0.144876  |  mse: 0.030000  sym: 0.000497  neg: 0.000535
--- Saved model to checkpoints/pid/state.pt ---
Epoch 105
Epoch 105 | Loss: 0.031979 | Val: 0.143910  |  mse: 0.031034  sym: 0.000381  neg: 0.000564
FITS files saved to results/pid/run_20260626_145304_seed42/generated_fits
Computing FID/KID/PDF at epoch 105...
  FID: 167.0685 | KID: 0.162399
  Pixel PDF W-dist: 0.7491
  Compliance — pct_negative: 0.0000  sym_score: 0.0206
--- Saved model to checkpoints/pid/state.pt ---
Epoch 106
Epoch 106 | Loss: 0.027537 | Val: 0.145410  |  mse: 0.026513  sym: 0.000514  neg: 0.000509
--- Saved model to checkpoints/pid/state.pt ---
Epoch 107
Epoch 107 | Loss: 0.027648 | Val: 0.144634  |  mse: 0.026681  sym: 0.000407  neg: 0.000560
--- Saved model to checkpoints/pid/state.pt ---
Epoch 108
Epoch 108 | Loss: 0.025641 | Val: 0.144355  |  mse: 0.024395  sym: 0.000694  neg: 0.000552
--- Saved model to checkpoints/pid/state.pt ---
Epoch 109
Epoch 109 | Loss: 0.038072 | Val: 0.144042  |  mse: 0.037068  sym: 0.000456  neg: 0.000548
--- Saved model to checkpoints/pid/state.pt ---
Epoch 110
Epoch 110 | Loss: 0.024604 | Val: 0.147129  |  mse: 0.023731  sym: 0.000391  neg: 0.000482
FITS files saved to results/pid/run_20260626_145304_seed42/generated_fits
Computing FID/KID/PDF at epoch 110...
  FID: 150.5641 | KID: 0.153867
  Pixel PDF W-dist: 0.7519
  Compliance — pct_negative: 0.0000  sym_score: 0.0162
--- Saved model to checkpoints/pid/state.pt ---
Epoch 111
Epoch 111 | Loss: 0.025026 | Val: 0.145936  |  mse: 0.024092  sym: 0.000462  neg: 0.000471
--- Saved model to checkpoints/pid/state.pt ---
Epoch 112
Epoch 112 | Loss: 0.028159 | Val: 0.143177  |  mse: 0.027174  sym: 0.000447  neg: 0.000537
--- Saved model to checkpoints/pid/state.pt ---
Epoch 113
Epoch 113 | Loss: 0.026618 | Val: 0.145267  |  mse: 0.025700  sym: 0.000410  neg: 0.000507
--- Saved model to checkpoints/pid/state.pt ---
Epoch 114
