CUDA Memory Cleared. Current VRAM Usage: 0.00 MB
On device cuda
Getting data loader mirabest_fits
Loaded FITS stats: noise_rms=0.000274, peak_log=3.938847
Total unique classes found: 2
Label IDs: [0, 1]
Total images in dataset: 1221
Total batches: 107 (at batch size 8)

============================================================
Run 1/1  |  seed=44  |  results -> results/pid/run_20260626_165125_seed44
============================================================

Training pid for 300 epochs
Epoch 0
Epoch 0 | Loss: 0.112774 | Val: 0.169441  |  mse: 0.089457  sym: 0.016374  neg: 0.006942
FITS files saved to results/pid/run_20260626_165125_seed44/generated_fits
Computing FID/KID/PDF at epoch 0...
  FID: 146.8844 | KID: 0.140430
  Pixel PDF W-dist: 0.5777
  Compliance — pct_negative: 0.1597  sym_score: 0.0295
--- Saved model to checkpoints/pid/state.pt ---
Epoch 1
Epoch 1 | Loss: 0.048939 | Val: 0.165930  |  mse: 0.042755  sym: 0.004241  neg: 0.001942
--- Saved model to checkpoints/pid/state.pt ---
Epoch 2
Epoch 2 | Loss: 0.035009 | Val: 0.162196  |  mse: 0.030660  sym: 0.002959  neg: 0.001390
--- Saved model to checkpoints/pid/state.pt ---
Epoch 3
Epoch 3 | Loss: 0.037161 | Val: 0.160360  |  mse: 0.034460  sym: 0.001737  neg: 0.000964
--- Saved model to checkpoints/pid/state.pt ---
Epoch 4
Epoch 4 | Loss: 0.031024 | Val: 0.163980  |  mse: 0.028572  sym: 0.001652  neg: 0.000799
--- Saved model to checkpoints/pid/state.pt ---
Epoch 5
Epoch 5 | Loss: 0.032335 | Val: 0.155290  |  mse: 0.030063  sym: 0.001466  neg: 0.000805
FITS files saved to results/pid/run_20260626_165125_seed44/generated_fits
Computing FID/KID/PDF at epoch 5...
  FID: 146.2992 | KID: 0.152262
  Pixel PDF W-dist: 0.4555
  Compliance — pct_negative: 0.0026  sym_score: 0.0239
--- Saved model to checkpoints/pid/state.pt ---
Epoch 6
Epoch 6 | Loss: 0.028714 | Val: 0.159540  |  mse: 0.026900  sym: 0.001098  neg: 0.000716
--- Saved model to checkpoints/pid/state.pt ---
Epoch 7
Epoch 7 | Loss: 0.025999 | Val: 0.158838  |  mse: 0.024462  sym: 0.000916  neg: 0.000621
--- Saved model to checkpoints/pid/state.pt ---
Epoch 8
Epoch 8 | Loss: 0.027464 | Val: 0.152888  |  mse: 0.025751  sym: 0.001070  neg: 0.000643
--- Saved model to checkpoints/pid/state.pt ---
Epoch 9
Epoch 9 | Loss: 0.027146 | Val: 0.153070  |  mse: 0.025266  sym: 0.001147  neg: 0.000733
--- Saved model to checkpoints/pid/state.pt ---
Epoch 10
Epoch 10 | Loss: 0.032639 | Val: 0.153672  |  mse: 0.030996  sym: 0.000976  neg: 0.000667
FITS files saved to results/pid/run_20260626_165125_seed44/generated_fits
Computing FID/KID/PDF at epoch 10...
  FID: 174.2688 | KID: 0.181474
  Pixel PDF W-dist: 0.6519
  Compliance — pct_negative: 0.0000  sym_score: 0.0274
--- Saved model to checkpoints/pid/state.pt ---
Epoch 11
Epoch 11 | Loss: 0.031531 | Val: 0.153048  |  mse: 0.030053  sym: 0.000859  neg: 0.000619
--- Saved model to checkpoints/pid/state.pt ---
Epoch 12
Epoch 12 | Loss: 0.025832 | Val: 0.151816  |  mse: 0.024348  sym: 0.000880  neg: 0.000604
--- Saved model to checkpoints/pid/state.pt ---
Epoch 13
Epoch 13 | Loss: 0.032963 | Val: 0.150717  |  mse: 0.031607  sym: 0.000747  neg: 0.000609
--- Saved model to checkpoints/pid/state.pt ---
Epoch 14
Epoch 14 | Loss: 0.031447 | Val: 0.148619  |  mse: 0.030201  sym: 0.000685  neg: 0.000561
--- Saved model to checkpoints/pid/state.pt ---
Epoch 15
Epoch 15 | Loss: 0.036715 | Val: 0.153292  |  mse: 0.035268  sym: 0.000767  neg: 0.000681
FITS files saved to results/pid/run_20260626_165125_seed44/generated_fits
Computing FID/KID/PDF at epoch 15...
  FID: 179.2179 | KID: 0.200922
  Pixel PDF W-dist: 0.6868
  Compliance — pct_negative: 0.0000  sym_score: 0.0223
--- Saved model to checkpoints/pid/state.pt ---
Epoch 16
Epoch 16 | Loss: 0.030331 | Val: 0.152159  |  mse: 0.029130  sym: 0.000653  neg: 0.000549
--- Saved model to checkpoints/pid/state.pt ---
Epoch 17
Epoch 17 | Loss: 0.025376 | Val: 0.149547  |  mse: 0.023991  sym: 0.000798  neg: 0.000586
--- Saved model to checkpoints/pid/state.pt ---
Epoch 18
Epoch 18 | Loss: 0.024951 | Val: 0.151160  |  mse: 0.023293  sym: 0.001052  neg: 0.000606
--- Saved model to checkpoints/pid/state.pt ---
Epoch 19
Epoch 19 | Loss: 0.030507 | Val: 0.150990  |  mse: 0.029124  sym: 0.000786  neg: 0.000597
--- Saved model to checkpoints/pid/state.pt ---
Epoch 20
Epoch 20 | Loss: 0.028379 | Val: 0.152269  |  mse: 0.027119  sym: 0.000648  neg: 0.000613
FITS files saved to results/pid/run_20260626_165125_seed44/generated_fits
Computing FID/KID/PDF at epoch 20...
  FID: 181.7586 | KID: 0.206377
  Pixel PDF W-dist: 0.6325
  Compliance — pct_negative: 0.0001  sym_score: 0.0197
--- Saved model to checkpoints/pid/state.pt ---
Epoch 21
Epoch 21 | Loss: 0.029687 | Val: 0.150693  |  mse: 0.028254  sym: 0.000814  neg: 0.000619
--- Saved model to checkpoints/pid/state.pt ---
Epoch 22
Epoch 22 | Loss: 0.031227 | Val: 0.153577  |  mse: 0.030021  sym: 0.000598  neg: 0.000608
--- Saved model to checkpoints/pid/state.pt ---
Epoch 23
Epoch 23 | Loss: 0.032528 | Val: 0.149876  |  mse: 0.030700  sym: 0.001152  neg: 0.000676
--- Saved model to checkpoints/pid/state.pt ---
Epoch 24
Epoch 24 | Loss: 0.026964 | Val: 0.153695  |  mse: 0.025641  sym: 0.000719  neg: 0.000603
--- Saved model to checkpoints/pid/state.pt ---
Epoch 25
Epoch 25 | Loss: 0.028868 | Val: 0.151808  |  mse: 0.027668  sym: 0.000649  neg: 0.000551
FITS files saved to results/pid/run_20260626_165125_seed44/generated_fits
Computing FID/KID/PDF at epoch 25...
  FID: 169.7242 | KID: 0.189107
  Pixel PDF W-dist: 0.5558
  Compliance — pct_negative: 0.0000  sym_score: 0.0193
--- Saved model to checkpoints/pid/state.pt ---
Epoch 26
Epoch 26 | Loss: 0.036049 | Val: 0.151352  |  mse: 0.034925  sym: 0.000545  neg: 0.000579
--- Saved model to checkpoints/pid/state.pt ---
Epoch 27
Epoch 27 | Loss: 0.023654 | Val: 0.147245  |  mse: 0.022550  sym: 0.000575  neg: 0.000529
--- Saved model to checkpoints/pid/state.pt ---
Epoch 28
Epoch 28 | Loss: 0.030670 | Val: 0.150834  |  mse: 0.029436  sym: 0.000649  neg: 0.000585
--- Saved model to checkpoints/pid/state.pt ---
Epoch 29
Epoch 29 | Loss: 0.031690 | Val: 0.150739  |  mse: 0.030121  sym: 0.000888  neg: 0.000681
--- Saved model to checkpoints/pid/state.pt ---
Epoch 30
Epoch 30 | Loss: 0.033544 | Val: 0.147866  |  mse: 0.032357  sym: 0.000568  neg: 0.000620
FITS files saved to results/pid/run_20260626_165125_seed44/generated_fits
Computing FID/KID/PDF at epoch 30...
  FID: 167.8351 | KID: 0.171907
  Pixel PDF W-dist: 0.4853
  Compliance — pct_negative: 0.0001  sym_score: 0.0168
--- Saved model to checkpoints/pid/state.pt ---
Epoch 31
Epoch 31 | Loss: 0.030050 | Val: 0.150284  |  mse: 0.028904  sym: 0.000588  neg: 0.000558
--- Saved model to checkpoints/pid/state.pt ---
Epoch 32
Epoch 32 | Loss: 0.020676 | Val: 0.149000  |  mse: 0.019670  sym: 0.000543  neg: 0.000462
--- Saved model to checkpoints/pid/state.pt ---
Epoch 33
Epoch 33 | Loss: 0.032335 | Val: 0.148249  |  mse: 0.031135  sym: 0.000649  neg: 0.000552
--- Saved model to checkpoints/pid/state.pt ---
Epoch 34
Epoch 34 | Loss: 0.028921 | Val: 0.152541  |  mse: 0.027720  sym: 0.000632  neg: 0.000569
--- Saved model to checkpoints/pid/state.pt ---
Epoch 35
Epoch 35 | Loss: 0.033854 | Val: 0.149421  |  mse: 0.032637  sym: 0.000594  neg: 0.000623
FITS files saved to results/pid/run_20260626_165125_seed44/generated_fits
Computing FID/KID/PDF at epoch 35...
  FID: 181.9333 | KID: 0.200658
  Pixel PDF W-dist: 0.6373
  Compliance — pct_negative: 0.0000  sym_score: 0.0211
--- Saved model to checkpoints/pid/state.pt ---
Epoch 36
Epoch 36 | Loss: 0.027653 | Val: 0.145636  |  mse: 0.026595  sym: 0.000477  neg: 0.000581
--- Saved model to checkpoints/pid/state.pt ---
Epoch 37
Epoch 37 | Loss: 0.027915 | Val: 0.147499  |  mse: 0.026636  sym: 0.000722  neg: 0.000557
--- Saved model to checkpoints/pid/state.pt ---
Epoch 38
Epoch 38 | Loss: 0.029553 | Val: 0.150138  |  mse: 0.028468  sym: 0.000519  neg: 0.000566
--- Saved model to checkpoints/pid/state.pt ---
Epoch 39
Epoch 39 | Loss: 0.030461 | Val: 0.148506  |  mse: 0.029035  sym: 0.000833  neg: 0.000593
--- Saved model to checkpoints/pid/state.pt ---
Epoch 40
Epoch 40 | Loss: 0.031661 | Val: 0.148327  |  mse: 0.030463  sym: 0.000615  neg: 0.000582
FITS files saved to results/pid/run_20260626_165125_seed44/generated_fits
Computing FID/KID/PDF at epoch 40...
  FID: 172.3874 | KID: 0.171924
  Pixel PDF W-dist: 0.5091
  Compliance — pct_negative: 0.0003  sym_score: 0.0198
--- Saved model to checkpoints/pid/state.pt ---
Epoch 41
Epoch 41 | Loss: 0.024258 | Val: 0.151325  |  mse: 0.023270  sym: 0.000472  neg: 0.000516
--- Saved model to checkpoints/pid/state.pt ---
Epoch 42
Epoch 42 | Loss: 0.028044 | Val: 0.146504  |  mse: 0.027008  sym: 0.000533  neg: 0.000503
--- Saved model to checkpoints/pid/state.pt ---
Epoch 43
Epoch 43 | Loss: 0.030674 | Val: 0.149192  |  mse: 0.029534  sym: 0.000569  neg: 0.000570
--- Saved model to checkpoints/pid/state.pt ---
Epoch 44
Epoch 44 | Loss: 0.027165 | Val: 0.149995  |  mse: 0.025982  sym: 0.000649  neg: 0.000534
--- Saved model to checkpoints/pid/state.pt ---
Epoch 45
Epoch 45 | Loss: 0.029933 | Val: 0.147769  |  mse: 0.028845  sym: 0.000521  neg: 0.000567
FITS files saved to results/pid/run_20260626_165125_seed44/generated_fits
Computing FID/KID/PDF at epoch 45...
  FID: 185.5540 | KID: 0.214924
  Pixel PDF W-dist: 0.6677
  Compliance — pct_negative: 0.0000  sym_score: 0.0198
--- Saved model to checkpoints/pid/state.pt ---
Epoch 46
Epoch 46 | Loss: 0.032253 | Val: 0.150941  |  mse: 0.030743  sym: 0.000904  neg: 0.000606
--- Saved model to checkpoints/pid/state.pt ---
Epoch 47
Epoch 47 | Loss: 0.028252 | Val: 0.145996  |  mse: 0.027288  sym: 0.000413  neg: 0.000551
--- Saved model to checkpoints/pid/state.pt ---
Epoch 48
Epoch 48 | Loss: 0.026792 | Val: 0.151240  |  mse: 0.025790  sym: 0.000489  neg: 0.000513
--- Saved model to checkpoints/pid/state.pt ---
Epoch 49
Epoch 49 | Loss: 0.030739 | Val: 0.145721  |  mse: 0.029700  sym: 0.000484  neg: 0.000555
--- Saved model to checkpoints/pid/state.pt ---
Epoch 50
Epoch 50 | Loss: 0.023180 | Val: 0.148756  |  mse: 0.022013  sym: 0.000639  neg: 0.000528
FITS files saved to results/pid/run_20260626_165125_seed44/generated_fits
Computing FID/KID/PDF at epoch 50...
  FID: 191.3702 | KID: 0.221663
  Pixel PDF W-dist: 0.6407
  Compliance — pct_negative: 0.0000  sym_score: 0.0209
--- Saved model to checkpoints/pid/state.pt ---
Epoch 51
Epoch 51 | Loss: 0.035405 | Val: 0.145170  |  mse: 0.034314  sym: 0.000446  neg: 0.000645
--- Saved model to checkpoints/pid/state.pt ---
Epoch 52
Epoch 52 | Loss: 0.028139 | Val: 0.150834  |  mse: 0.027148  sym: 0.000482  neg: 0.000509
--- Saved model to checkpoints/pid/state.pt ---
Epoch 53
Epoch 53 | Loss: 0.027271 | Val: 0.149257  |  mse: 0.026170  sym: 0.000579  neg: 0.000523
--- Saved model to checkpoints/pid/state.pt ---
Epoch 54
Epoch 54 | Loss: 0.026548 | Val: 0.152077  |  mse: 0.025424  sym: 0.000591  neg: 0.000533
--- Saved model to checkpoints/pid/state.pt ---
Epoch 55
Epoch 55 | Loss: 0.025620 | Val: 0.147716  |  mse: 0.024583  sym: 0.000546  neg: 0.000490
FITS files saved to results/pid/run_20260626_165125_seed44/generated_fits
Computing FID/KID/PDF at epoch 55...
  FID: 229.7865 | KID: 0.271916
  Pixel PDF W-dist: 0.5021
  Compliance — pct_negative: 0.0001  sym_score: 0.0385
--- Saved model to checkpoints/pid/state.pt ---
Epoch 56
Epoch 56 | Loss: 0.027250 | Val: 0.149978  |  mse: 0.026179  sym: 0.000550  neg: 0.000521
--- Saved model to checkpoints/pid/state.pt ---
Epoch 57
Epoch 57 | Loss: 0.031667 | Val: 0.147540  |  mse: 0.030501  sym: 0.000549  neg: 0.000618
--- Saved model to checkpoints/pid/state.pt ---
Epoch 58
Epoch 58 | Loss: 0.029442 | Val: 0.147256  |  mse: 0.028522  sym: 0.000402  neg: 0.000518
--- Saved model to checkpoints/pid/state.pt ---
Epoch 59
Epoch 59 | Loss: 0.029139 | Val: 0.154218  |  mse: 0.028061  sym: 0.000569  neg: 0.000509
--- Saved model to checkpoints/pid/state.pt ---
Epoch 60
Epoch 60 | Loss: 0.035182 | Val: 0.155970  |  mse: 0.034014  sym: 0.000604  neg: 0.000564
FITS files saved to results/pid/run_20260626_165125_seed44/generated_fits
Computing FID/KID/PDF at epoch 60...
  FID: 190.2793 | KID: 0.225515
  Pixel PDF W-dist: 0.7645
  Compliance — pct_negative: 0.0000  sym_score: 0.0200
--- Saved model to checkpoints/pid/state.pt ---
Epoch 61
Epoch 61 | Loss: 0.028006 | Val: 0.147128  |  mse: 0.026965  sym: 0.000488  neg: 0.000552
--- Saved model to checkpoints/pid/state.pt ---
Epoch 62
Epoch 62 | Loss: 0.022678 | Val: 0.147098  |  mse: 0.021767  sym: 0.000444  neg: 0.000467
--- Saved model to checkpoints/pid/state.pt ---
Epoch 63
Epoch 63 | Loss: 0.030772 | Val: 0.145561  |  mse: 0.029790  sym: 0.000411  neg: 0.000571
--- Saved model to checkpoints/pid/state.pt ---
Epoch 64
Epoch 64 | Loss: 0.030770 | Val: 0.145641  |  mse: 0.029539  sym: 0.000649  neg: 0.000582
--- Saved model to checkpoints/pid/state.pt ---
Epoch 65
Epoch 65 | Loss: 0.031277 | Val: 0.147445  |  mse: 0.029664  sym: 0.000953  neg: 0.000660
FITS files saved to results/pid/run_20260626_165125_seed44/generated_fits
Computing FID/KID/PDF at epoch 65...
  FID: 146.4905 | KID: 0.136211
  Pixel PDF W-dist: 0.5087
  Compliance — pct_negative: 0.0001  sym_score: 0.0196
--- Saved model to checkpoints/pid/state.pt ---
Epoch 66
Epoch 66 | Loss: 0.028244 | Val: 0.147141  |  mse: 0.027307  sym: 0.000368  neg: 0.000569
--- Saved model to checkpoints/pid/state.pt ---
Epoch 67
Epoch 67 | Loss: 0.031681 | Val: 0.151906  |  mse: 0.030665  sym: 0.000468  neg: 0.000548
--- Saved model to checkpoints/pid/state.pt ---
Epoch 68
Epoch 68 | Loss: 0.027722 | Val: 0.148208  |  mse: 0.026756  sym: 0.000426  neg: 0.000540
--- Saved model to checkpoints/pid/state.pt ---
Epoch 69
Epoch 69 | Loss: 0.033852 | Val: 0.149343  |  mse: 0.032667  sym: 0.000570  neg: 0.000615
--- Saved model to checkpoints/pid/state.pt ---
Epoch 70
Epoch 70 | Loss: 0.030407 | Val: 0.150211  |  mse: 0.029352  sym: 0.000510  neg: 0.000545
FITS files saved to results/pid/run_20260626_165125_seed44/generated_fits
Computing FID/KID/PDF at epoch 70...
  FID: 194.8917 | KID: 0.219670
  Pixel PDF W-dist: 0.5212
  Compliance — pct_negative: 0.0000  sym_score: 0.0238
--- Saved model to checkpoints/pid/state.pt ---
Epoch 71
Epoch 71 | Loss: 0.030354 | Val: 0.143758  |  mse: 0.029380  sym: 0.000438  neg: 0.000535
--- Saved model to checkpoints/pid/state.pt ---
Epoch 72
Epoch 72 | Loss: 0.027013 | Val: 0.147114  |  mse: 0.026136  sym: 0.000392  neg: 0.000485
--- Saved model to checkpoints/pid/state.pt ---
Epoch 73
Epoch 73 | Loss: 0.029162 | Val: 0.146194  |  mse: 0.028206  sym: 0.000416  neg: 0.000539
--- Saved model to checkpoints/pid/state.pt ---
Epoch 74
Epoch 74 | Loss: 0.025508 | Val: 0.146804  |  mse: 0.024658  sym: 0.000375  neg: 0.000474
--- Saved model to checkpoints/pid/state.pt ---
Epoch 75
Epoch 75 | Loss: 0.029872 | Val: 0.147324  |  mse: 0.028820  sym: 0.000532  neg: 0.000520
FITS files saved to results/pid/run_20260626_165125_seed44/generated_fits
Computing FID/KID/PDF at epoch 75...
  FID: 177.4173 | KID: 0.190721
  Pixel PDF W-dist: 0.6772
  Compliance — pct_negative: 0.0000  sym_score: 0.0210
--- Saved model to checkpoints/pid/state.pt ---
Epoch 76
Epoch 76 | Loss: 0.032905 | Val: 0.155018  |  mse: 0.031642  sym: 0.000640  neg: 0.000622
--- Saved model to checkpoints/pid/state.pt ---
Epoch 77
Epoch 77 | Loss: 0.026251 | Val: 0.146424  |  mse: 0.024973  sym: 0.000718  neg: 0.000559
--- Saved model to checkpoints/pid/state.pt ---
Epoch 78
Epoch 78 | Loss: 0.034530 | Val: 0.146046  |  mse: 0.033478  sym: 0.000489  neg: 0.000563
--- Saved model to checkpoints/pid/state.pt ---
Epoch 79
Epoch 79 | Loss: 0.028045 | Val: 0.147232  |  mse: 0.027158  sym: 0.000370  neg: 0.000517
--- Saved model to checkpoints/pid/state.pt ---
Epoch 80
Epoch 80 | Loss: 0.028272 | Val: 0.146446  |  mse: 0.027236  sym: 0.000477  neg: 0.000560
FITS files saved to results/pid/run_20260626_165125_seed44/generated_fits
Computing FID/KID/PDF at epoch 80...
  FID: 180.7546 | KID: 0.193121
  Pixel PDF W-dist: 0.6215
  Compliance — pct_negative: 0.0000  sym_score: 0.0198
--- Saved model to checkpoints/pid/state.pt ---
Epoch 81
Epoch 81 | Loss: 0.030581 | Val: 0.150463  |  mse: 0.029683  sym: 0.000376  neg: 0.000522
--- Saved model to checkpoints/pid/state.pt ---
Epoch 82
Epoch 82 | Loss: 0.031966 | Val: 0.145185  |  mse: 0.031001  sym: 0.000409  neg: 0.000556
--- Saved model to checkpoints/pid/state.pt ---
Epoch 83
Epoch 83 | Loss: 0.027539 | Val: 0.144798  |  mse: 0.026417  sym: 0.000558  neg: 0.000565
--- Saved model to checkpoints/pid/state.pt ---
Epoch 84
Epoch 84 | Loss: 0.025914 | Val: 0.144670  |  mse: 0.024989  sym: 0.000412  neg: 0.000513
--- Saved model to checkpoints/pid/state.pt ---
Epoch 85
Epoch 85 | Loss: 0.032289 | Val: 0.145194  |  mse: 0.031102  sym: 0.000613  neg: 0.000575
FITS files saved to results/pid/run_20260626_165125_seed44/generated_fits
Computing FID/KID/PDF at epoch 85...
  FID: 163.5352 | KID: 0.139712
  Pixel PDF W-dist: 0.5374
  Compliance — pct_negative: 0.0000  sym_score: 0.0191
--- Saved model to checkpoints/pid/state.pt ---
Epoch 86
Epoch 86 | Loss: 0.030103 | Val: 0.143203  |  mse: 0.029155  sym: 0.000410  neg: 0.000538
--- Saved model to checkpoints/pid/state.pt ---
Epoch 87
Epoch 87 | Loss: 0.025331 | Val: 0.146063  |  mse: 0.024387  sym: 0.000436  neg: 0.000508
--- Saved model to checkpoints/pid/state.pt ---
Epoch 88
Epoch 88 | Loss: 0.029157 | Val: 0.146610  |  mse: 0.028052  sym: 0.000547  neg: 0.000558
--- Saved model to checkpoints/pid/state.pt ---
Epoch 89
Epoch 89 | Loss: 0.030136 | Val: 0.147612  |  mse: 0.028768  sym: 0.000755  neg: 0.000613
--- Saved model to checkpoints/pid/state.pt ---
Epoch 90
Epoch 90 | Loss: 0.028979 | Val: 0.146816  |  mse: 0.028044  sym: 0.000381  neg: 0.000555
FITS files saved to results/pid/run_20260626_165125_seed44/generated_fits
Computing FID/KID/PDF at epoch 90...
  FID: 136.9449 | KID: 0.125534
  Pixel PDF W-dist: 0.5543
  Compliance — pct_negative: 0.0000  sym_score: 0.0179
--- Saved model to checkpoints/pid/state.pt ---
Epoch 91
Epoch 91 | Loss: 0.028679 | Val: 0.142840  |  mse: 0.027528  sym: 0.000578  neg: 0.000572
--- Saved model to checkpoints/pid/state.pt ---
Epoch 92
Epoch 92 | Loss: 0.023791 | Val: 0.144207  |  mse: 0.022926  sym: 0.000370  neg: 0.000495
--- Saved model to checkpoints/pid/state.pt ---
Epoch 93
Epoch 93 | Loss: 0.028677 | Val: 0.147811  |  mse: 0.027785  sym: 0.000389  neg: 0.000502
--- Saved model to checkpoints/pid/state.pt ---
Epoch 94
Epoch 94 | Loss: 0.024693 | Val: 0.148510  |  mse: 0.023576  sym: 0.000619  neg: 0.000499
--- Saved model to checkpoints/pid/state.pt ---
Epoch 95
Epoch 95 | Loss: 0.028903 | Val: 0.145801  |  mse: 0.027783  sym: 0.000501  neg: 0.000619
FITS files saved to results/pid/run_20260626_165125_seed44/generated_fits
Computing FID/KID/PDF at epoch 95...
  FID: 153.1940 | KID: 0.142732
  Pixel PDF W-dist: 0.5240
  Compliance — pct_negative: 0.0003  sym_score: 0.0202
--- Saved model to checkpoints/pid/state.pt ---
Epoch 96
Epoch 96 | Loss: 0.025462 | Val: 0.145176  |  mse: 0.024478  sym: 0.000468  neg: 0.000516
--- Saved model to checkpoints/pid/state.pt ---
Epoch 97
Epoch 97 | Loss: 0.023988 | Val: 0.147473  |  mse: 0.022882  sym: 0.000592  neg: 0.000513
--- Saved model to checkpoints/pid/state.pt ---
Epoch 98
Epoch 98 | Loss: 0.029407 | Val: 0.148878  |  mse: 0.028412  sym: 0.000428  neg: 0.000567
--- Saved model to checkpoints/pid/state.pt ---
Epoch 99
Epoch 99 | Loss: 0.029372 | Val: 0.144434  |  mse: 0.028446  sym: 0.000395  neg: 0.000531
--- Saved model to checkpoints/pid/state.pt ---
Epoch 100
Epoch 100 | Loss: 0.030528 | Val: 0.145372  |  mse: 0.029453  sym: 0.000513  neg: 0.000562
FITS files saved to results/pid/run_20260626_165125_seed44/generated_fits
Computing FID/KID/PDF at epoch 100...
  FID: 165.5444 | KID: 0.181544
  Pixel PDF W-dist: 0.6154
  Compliance — pct_negative: 0.0000  sym_score: 0.0233
--- Saved model to checkpoints/pid/state.pt ---
Epoch 101
Epoch 101 | Loss: 0.025517 | Val: 0.143519  |  mse: 0.024512  sym: 0.000476  neg: 0.000529
--- Saved model to checkpoints/pid/state.pt ---
Epoch 102
Epoch 102 | Loss: 0.035645 | Val: 0.142446  |  mse: 0.034674  sym: 0.000407  neg: 0.000564
--- Saved model to checkpoints/pid/state.pt ---
Epoch 103
Epoch 103 | Loss: 0.026768 | Val: 0.145411  |  mse: 0.025880  sym: 0.000367  neg: 0.000521
--- Saved model to checkpoints/pid/state.pt ---
Epoch 104
Epoch 104 | Loss: 0.028481 | Val: 0.143129  |  mse: 0.027209  sym: 0.000681  neg: 0.000590
--- Saved model to checkpoints/pid/state.pt ---
Epoch 105
Epoch 105 | Loss: 0.032273 | Val: 0.144265  |  mse: 0.031144  sym: 0.000563  neg: 0.000566
FITS files saved to results/pid/run_20260626_165125_seed44/generated_fits
Computing FID/KID/PDF at epoch 105...
  FID: 164.0898 | KID: 0.173717
  Pixel PDF W-dist: 0.5449
  Compliance — pct_negative: 0.0000  sym_score: 0.0242
--- Saved model to checkpoints/pid/state.pt ---
Epoch 106
Epoch 106 | Loss: 0.029291 | Val: 0.144723  |  mse: 0.028311  sym: 0.000444  neg: 0.000537
--- Saved model to checkpoints/pid/state.pt ---
Epoch 107
Epoch 107 | Loss: 0.026362 | Val: 0.145184  |  mse: 0.025420  sym: 0.000436  neg: 0.000507
--- Saved model to checkpoints/pid/state.pt ---
Epoch 108
Epoch 108 | Loss: 0.028951 | Val: 0.145299  |  mse: 0.027895  sym: 0.000503  neg: 0.000552
--- Saved model to checkpoints/pid/state.pt ---
Epoch 109
Epoch 109 | Loss: 0.032607 | Val: 0.148110  |  mse: 0.031218  sym: 0.000741  neg: 0.000647
--- Saved model to checkpoints/pid/state.pt ---
Epoch 110
Epoch 110 | Loss: 0.028317 | Val: 0.146001  |  mse: 0.027342  sym: 0.000410  neg: 0.000565
FITS files saved to results/pid/run_20260626_165125_seed44/generated_fits
Computing FID/KID/PDF at epoch 110...
  FID: 151.9393 | KID: 0.152956
  Pixel PDF W-dist: 0.5218
  Compliance — pct_negative: 0.0000  sym_score: 0.0211
--- Saved model to checkpoints/pid/state.pt ---
Epoch 111
Epoch 111 | Loss: 0.031059 | Val: 0.144289  |  mse: 0.029612  sym: 0.000821  neg: 0.000626
--- Saved model to checkpoints/pid/state.pt ---
Epoch 112
Epoch 112 | Loss: 0.038478 | Val: 0.146641  |  mse: 0.037415  sym: 0.000398  neg: 0.000665
--- Saved model to checkpoints/pid/state.pt ---
Epoch 113
Epoch 113 | Loss: 0.026737 | Val: 0.144883  |  mse: 0.025865  sym: 0.000384  neg: 0.000487
--- Saved model to checkpoints/pid/state.pt ---
Epoch 114
Epoch 114 | Loss: 0.035086 | Val: 0.146641  |  mse: 0.033907  sym: 0.000574  neg: 0.000604
--- Saved model to checkpoints/pid/state.pt ---
Epoch 115
