/idia/users/bevan/pid-radast/classifier-guided-physics-informed-diffusion/.venv/lib/python3.11/site-packages/torch/cuda/__init__.py:384: UserWarning: Found GPU0 Tesla P100-PCIE-12GB which is of compute capability (CC) 6.0.
The following list shows the CCs this version of PyTorch was built for and the hardware CCs it supports:
- 7.5 which supports hardware CC >=7.5,<8.0
- 8.0 which supports hardware CC >=8.0,<9.0 except {8.7}
- 8.6 which supports hardware CC >=8.6,<9.0 except {8.7}
- 9.0 which supports hardware CC >=9.0,<10.0
- 10.0 which supports hardware CC >=10.0,<11.0 except {10.1}
- 12.0 which supports hardware CC >=12.0,<13.0
Please follow the instructions at https://pytorch.org/get-started/locally/ to install a PyTorch release that supports one of these CUDA versions: 12.6
  _warn_unsupported_code(d, device_cc, code_ccs)
/idia/users/bevan/pid-radast/classifier-guided-physics-informed-diffusion/.venv/lib/python3.11/site-packages/torch/cuda/__init__.py:502: UserWarning: 
Tesla P100-PCIE-12GB with CUDA capability sm_60 is not compatible with the current PyTorch installation.
The current PyTorch install supports CUDA capabilities sm_75 sm_80 sm_86 sm_90 sm_100 sm_120.
If you want to use the Tesla P100-PCIE-12GB GPU with PyTorch, please check the instructions at https://pytorch.org/get-started/locally/

  queued_call()
Traceback (most recent call last):
  File "/idia/users/bevan/pid-radast/classifier-guided-physics-informed-diffusion/main.py", line 165, in <module>
    main()
  File "/idia/users/bevan/pid-radast/classifier-guided-physics-informed-diffusion/main.py", line 153, in main
    model = train_model(args.model, cfg, trainloader, valloader, testloader, device, result_directory, resume=args.resume, checkpoint=args.checkpoint, dataset=fits_dataset)
            ^^^^^^^^^^^^^^^^^^^^^^^^^^^^^^^^^^^^^^^^^^^^^^^^^^^^^^^^^^^^^^^^^^^^^^^^^^^^^^^^^^^^^^^^^^^^^^^^^^^^^^^^^^^^^^^^^^^^^^^^^^^^^^^^^^^^^^^^^^^^^^^^^^^^^^^^^^^^^^^^
  File "/idia/users/bevan/pid-radast/classifier-guided-physics-informed-diffusion/src/pipelines/train_pipeline.py", line 814, in train_model
    return train_pid(config, trainloader, valloader, testloader, device,
           ^^^^^^^^^^^^^^^^^^^^^^^^^^^^^^^^^^^^^^^^^^^^^^^^^^^^^^^^^^^^^
  File "/idia/users/bevan/pid-radast/classifier-guided-physics-informed-diffusion/src/pipelines/train_pipeline.py", line 643, in train_pid
    unet, scheduler, class_emb, hist = _train_diffusion_loop(
                                       ^^^^^^^^^^^^^^^^^^^^^^
  File "/idia/users/bevan/pid-radast/classifier-guided-physics-informed-diffusion/src/pipelines/train_pipeline.py", line 487, in _train_diffusion_loop
    drop_mask = torch.rand(labels.shape, device=device) < label_dropout
                ^^^^^^^^^^^^^^^^^^^^^^^^^^^^^^^^^^^^^^^
torch.AcceleratorError: CUDA error: no kernel image is available for execution on the device
Search for `cudaErrorNoKernelImageForDevice' in https://docs.nvidia.com/cuda/cuda-runtime-api/group__CUDART__TYPES.html for more information.
CUDA kernel errors might be asynchronously reported at some other API call, so the stacktrace below might be incorrect.
For debugging consider passing CUDA_LAUNCH_BLOCKING=1
Compile with `TORCH_USE_CUDA_DSA` to enable device-side assertions.

