CUDA Memory Cleared. Current VRAM Usage: 0.00 MB
On device cuda
Getting data loader mirabest_fits
Loaded FITS stats: noise_rms=0.000274, peak_log=3.938847
Total unique classes found: 2
Label IDs: [0, 1]
Total images in dataset: 1221
Total batches: 107 (at batch size 8)

============================================================
Run 1/1  |  seed=42  |  results -> results/pid/run_20260627_141608_seed42
============================================================

Training pid for 300 epochs
Epoch 0
Epoch 0 | Loss: 0.111763 | Val: 0.176008  |  mse: 0.088531  sym: 0.016358  neg: 0.006873
FITS files saved to results/pid/run_20260627_141608_seed42/generated_fits
Computing FID/KID/PDF at epoch 0...
  FID: 202.4535 | KID: 0.230452
  Pixel PDF W-dist: 0.8572
  Compliance — pct_negative: 0.0314  sym_score: 0.0194
--- Saved model to checkpoints/pid/state.pt ---
Epoch 1
Epoch 1 | Loss: 0.045502 | Val: 0.162668  |  mse: 0.039438  sym: 0.004230  neg: 0.001834
--- Saved model to checkpoints/pid/state.pt ---
Epoch 2
Epoch 2 | Loss: 0.043162 | Val: 0.162877  |  mse: 0.038751  sym: 0.002945  neg: 0.001466
--- Saved model to checkpoints/pid/state.pt ---
Epoch 3
Epoch 3 | Loss: 0.031522 | Val: 0.163742  |  mse: 0.028792  sym: 0.001827  neg: 0.000904
--- Saved model to checkpoints/pid/state.pt ---
Epoch 4
Epoch 4 | Loss: 0.032910 | Val: 0.158679  |  mse: 0.030808  sym: 0.001296  neg: 0.000805
--- Saved model to checkpoints/pid/state.pt ---
Epoch 5
Epoch 5 | Loss: 0.030965 | Val: 0.157232  |  mse: 0.028940  sym: 0.001276  neg: 0.000749
FITS files saved to results/pid/run_20260627_141608_seed42/generated_fits
Computing FID/KID/PDF at epoch 5...
  FID: 170.8608 | KID: 0.185290
  Pixel PDF W-dist: 0.7722
  Compliance — pct_negative: 0.0000  sym_score: 0.0252
--- Saved model to checkpoints/pid/state.pt ---
Epoch 6
Epoch 6 | Loss: 0.034239 | Val: 0.157212  |  mse: 0.032333  sym: 0.001173  neg: 0.000733
--- Saved model to checkpoints/pid/state.pt ---
Epoch 7
Epoch 7 | Loss: 0.031358 | Val: 0.159255  |  mse: 0.029658  sym: 0.001005  neg: 0.000694
--- Saved model to checkpoints/pid/state.pt ---
Epoch 8
Epoch 8 | Loss: 0.033591 | Val: 0.150476  |  mse: 0.031905  sym: 0.001002  neg: 0.000685
--- Saved model to checkpoints/pid/state.pt ---
Epoch 9
Epoch 9 | Loss: 0.031485 | Val: 0.150556  |  mse: 0.029952  sym: 0.000920  neg: 0.000613
--- Saved model to checkpoints/pid/state.pt ---
Epoch 10
Epoch 10 | Loss: 0.030510 | Val: 0.154474  |  mse: 0.029105  sym: 0.000780  neg: 0.000625
FITS files saved to results/pid/run_20260627_141608_seed42/generated_fits
Computing FID/KID/PDF at epoch 10...
  FID: 186.9285 | KID: 0.218452
  Pixel PDF W-dist: 0.8196
  Compliance — pct_negative: 0.0000  sym_score: 0.0230
--- Saved model to checkpoints/pid/state.pt ---
Epoch 11
Epoch 11 | Loss: 0.028163 | Val: 0.150903  |  mse: 0.026742  sym: 0.000838  neg: 0.000583
--- Saved model to checkpoints/pid/state.pt ---
Epoch 12
Epoch 12 | Loss: 0.026259 | Val: 0.155698  |  mse: 0.024653  sym: 0.001004  neg: 0.000602
--- Saved model to checkpoints/pid/state.pt ---
Epoch 13
Epoch 13 | Loss: 0.032649 | Val: 0.153053  |  mse: 0.030708  sym: 0.001207  neg: 0.000734
--- Saved model to checkpoints/pid/state.pt ---
Epoch 14
Epoch 14 | Loss: 0.025651 | Val: 0.155988  |  mse: 0.024343  sym: 0.000730  neg: 0.000578
--- Saved model to checkpoints/pid/state.pt ---
Epoch 15
Epoch 15 | Loss: 0.030247 | Val: 0.151013  |  mse: 0.028684  sym: 0.000936  neg: 0.000628
FITS files saved to results/pid/run_20260627_141608_seed42/generated_fits
Computing FID/KID/PDF at epoch 15...
  FID: 173.8593 | KID: 0.194113
  Pixel PDF W-dist: 0.7835
  Compliance — pct_negative: 0.0000  sym_score: 0.0252
--- Saved model to checkpoints/pid/state.pt ---
Epoch 16
Epoch 16 | Loss: 0.026483 | Val: 0.150465  |  mse: 0.025195  sym: 0.000708  neg: 0.000581
--- Saved model to checkpoints/pid/state.pt ---
Epoch 17
Epoch 17 | Loss: 0.030455 | Val: 0.154698  |  mse: 0.029038  sym: 0.000807  neg: 0.000609
--- Saved model to checkpoints/pid/state.pt ---
Epoch 18
Epoch 18 | Loss: 0.028699 | Val: 0.156810  |  mse: 0.027441  sym: 0.000676  neg: 0.000583
--- Saved model to checkpoints/pid/state.pt ---
Epoch 19
Epoch 19 | Loss: 0.030388 | Val: 0.155741  |  mse: 0.029076  sym: 0.000701  neg: 0.000611
--- Saved model to checkpoints/pid/state.pt ---
Epoch 20
Epoch 20 | Loss: 0.028868 | Val: 0.151291  |  mse: 0.027604  sym: 0.000652  neg: 0.000612
FITS files saved to results/pid/run_20260627_141608_seed42/generated_fits
Computing FID/KID/PDF at epoch 20...
  FID: 188.5988 | KID: 0.217595
  Pixel PDF W-dist: 0.7997
  Compliance — pct_negative: 0.0001  sym_score: 0.0224
--- Saved model to checkpoints/pid/state.pt ---
Epoch 21
Epoch 21 | Loss: 0.027682 | Val: 0.153739  |  mse: 0.026331  sym: 0.000773  neg: 0.000578
--- Saved model to checkpoints/pid/state.pt ---
Epoch 22
Epoch 22 | Loss: 0.026636 | Val: 0.151549  |  mse: 0.025339  sym: 0.000766  neg: 0.000531
--- Saved model to checkpoints/pid/state.pt ---
Epoch 23
Epoch 23 | Loss: 0.030386 | Val: 0.150600  |  mse: 0.029180  sym: 0.000634  neg: 0.000572
--- Saved model to checkpoints/pid/state.pt ---
Epoch 24
Epoch 24 | Loss: 0.029311 | Val: 0.151015  |  mse: 0.028144  sym: 0.000598  neg: 0.000569
--- Saved model to checkpoints/pid/state.pt ---
Epoch 25
Epoch 25 | Loss: 0.026734 | Val: 0.153400  |  mse: 0.025575  sym: 0.000624  neg: 0.000535
FITS files saved to results/pid/run_20260627_141608_seed42/generated_fits
Computing FID/KID/PDF at epoch 25...
  FID: 197.1629 | KID: 0.236142
  Pixel PDF W-dist: 0.8365
  Compliance — pct_negative: 0.0000  sym_score: 0.0183
--- Saved model to checkpoints/pid/state.pt ---
Epoch 26
Epoch 26 | Loss: 0.026939 | Val: 0.154097  |  mse: 0.025755  sym: 0.000636  neg: 0.000548
--- Saved model to checkpoints/pid/state.pt ---
Epoch 27
Epoch 27 | Loss: 0.028403 | Val: 0.151528  |  mse: 0.027319  sym: 0.000500  neg: 0.000584
--- Saved model to checkpoints/pid/state.pt ---
Epoch 28
Epoch 28 | Loss: 0.030888 | Val: 0.147702  |  mse: 0.029699  sym: 0.000633  neg: 0.000556
--- Saved model to checkpoints/pid/state.pt ---
Epoch 29
Epoch 29 | Loss: 0.027820 | Val: 0.150401  |  mse: 0.026492  sym: 0.000737  neg: 0.000592
--- Saved model to checkpoints/pid/state.pt ---
Epoch 30
Epoch 30 | Loss: 0.034723 | Val: 0.147356  |  mse: 0.033470  sym: 0.000659  neg: 0.000594
FITS files saved to results/pid/run_20260627_141608_seed42/generated_fits
Computing FID/KID/PDF at epoch 30...
  FID: 190.8608 | KID: 0.224150
  Pixel PDF W-dist: 0.8050
  Compliance — pct_negative: 0.0000  sym_score: 0.0201
--- Saved model to checkpoints/pid/state.pt ---
Epoch 31
Epoch 31 | Loss: 0.031267 | Val: 0.149515  |  mse: 0.030263  sym: 0.000465  neg: 0.000538
--- Saved model to checkpoints/pid/state.pt ---
Epoch 32
Epoch 32 | Loss: 0.029118 | Val: 0.146159  |  mse: 0.028026  sym: 0.000558  neg: 0.000534
--- Saved model to checkpoints/pid/state.pt ---
Epoch 33
Epoch 33 | Loss: 0.027857 | Val: 0.150326  |  mse: 0.026810  sym: 0.000525  neg: 0.000523
--- Saved model to checkpoints/pid/state.pt ---
Epoch 34
Epoch 34 | Loss: 0.028591 | Val: 0.148143  |  mse: 0.027228  sym: 0.000790  neg: 0.000573
--- Saved model to checkpoints/pid/state.pt ---
Epoch 35
Epoch 35 | Loss: 0.026432 | Val: 0.154009  |  mse: 0.025162  sym: 0.000703  neg: 0.000567
FITS files saved to results/pid/run_20260627_141608_seed42/generated_fits
Computing FID/KID/PDF at epoch 35...
  FID: 175.9837 | KID: 0.189078
  Pixel PDF W-dist: 0.7364
  Compliance — pct_negative: 0.0000  sym_score: 0.0219
--- Saved model to checkpoints/pid/state.pt ---
Epoch 36
Epoch 36 | Loss: 0.031090 | Val: 0.150474  |  mse: 0.029959  sym: 0.000583  neg: 0.000548
--- Saved model to checkpoints/pid/state.pt ---
Epoch 37
Epoch 37 | Loss: 0.040933 | Val: 0.147408  |  mse: 0.039155  sym: 0.001026  neg: 0.000752
--- Saved model to checkpoints/pid/state.pt ---
Epoch 38
Epoch 38 | Loss: 0.025535 | Val: 0.151086  |  mse: 0.024408  sym: 0.000569  neg: 0.000558
--- Saved model to checkpoints/pid/state.pt ---
Epoch 39
Epoch 39 | Loss: 0.031535 | Val: 0.150168  |  mse: 0.030410  sym: 0.000547  neg: 0.000578
--- Saved model to checkpoints/pid/state.pt ---
Epoch 40
Epoch 40 | Loss: 0.027317 | Val: 0.148933  |  mse: 0.026144  sym: 0.000628  neg: 0.000545
FITS files saved to results/pid/run_20260627_141608_seed42/generated_fits
Computing FID/KID/PDF at epoch 40...
  FID: 148.1044 | KID: 0.148738
  Pixel PDF W-dist: 0.7625
  Compliance — pct_negative: 0.0000  sym_score: 0.0205
--- Saved model to checkpoints/pid/state.pt ---
Epoch 41
Epoch 41 | Loss: 0.030301 | Val: 0.147972  |  mse: 0.028938  sym: 0.000743  neg: 0.000620
--- Saved model to checkpoints/pid/state.pt ---
Epoch 42
Epoch 42 | Loss: 0.029619 | Val: 0.150170  |  mse: 0.028183  sym: 0.000762  neg: 0.000673
--- Saved model to checkpoints/pid/state.pt ---
Epoch 43
Epoch 43 | Loss: 0.030414 | Val: 0.149326  |  mse: 0.029339  sym: 0.000500  neg: 0.000575
--- Saved model to checkpoints/pid/state.pt ---
Epoch 44
Epoch 44 | Loss: 0.030986 | Val: 0.147990  |  mse: 0.030013  sym: 0.000427  neg: 0.000546
--- Saved model to checkpoints/pid/state.pt ---
Epoch 45
Epoch 45 | Loss: 0.030053 | Val: 0.149221  |  mse: 0.029034  sym: 0.000487  neg: 0.000531
FITS files saved to results/pid/run_20260627_141608_seed42/generated_fits
Computing FID/KID/PDF at epoch 45...
  FID: 198.6832 | KID: 0.235683
  Pixel PDF W-dist: 0.8436
  Compliance — pct_negative: 0.0000  sym_score: 0.0164
--- Saved model to checkpoints/pid/state.pt ---
Epoch 46
Epoch 46 | Loss: 0.035994 | Val: 0.149825  |  mse: 0.034943  sym: 0.000457  neg: 0.000594
--- Saved model to checkpoints/pid/state.pt ---
Epoch 47
Epoch 47 | Loss: 0.028001 | Val: 0.149121  |  mse: 0.026873  sym: 0.000586  neg: 0.000541
--- Saved model to checkpoints/pid/state.pt ---
Epoch 48
Epoch 48 | Loss: 0.019948 | Val: 0.145861  |  mse: 0.019028  sym: 0.000448  neg: 0.000473
--- Saved model to checkpoints/pid/state.pt ---
Epoch 49
Epoch 49 | Loss: 0.026434 | Val: 0.147804  |  mse: 0.025307  sym: 0.000578  neg: 0.000549
--- Saved model to checkpoints/pid/state.pt ---
Epoch 50
Epoch 50 | Loss: 0.029305 | Val: 0.146624  |  mse: 0.028348  sym: 0.000443  neg: 0.000514
FITS files saved to results/pid/run_20260627_141608_seed42/generated_fits
Computing FID/KID/PDF at epoch 50...
  FID: 184.7824 | KID: 0.215770
  Pixel PDF W-dist: 0.8153
  Compliance — pct_negative: 0.0000  sym_score: 0.0186
--- Saved model to checkpoints/pid/state.pt ---
Epoch 51
Epoch 51 | Loss: 0.030821 | Val: 0.151014  |  mse: 0.029573  sym: 0.000681  neg: 0.000567
--- Saved model to checkpoints/pid/state.pt ---
Epoch 52
Epoch 52 | Loss: 0.033089 | Val: 0.147469  |  mse: 0.031964  sym: 0.000514  neg: 0.000610
--- Saved model to checkpoints/pid/state.pt ---
Epoch 53
Epoch 53 | Loss: 0.029873 | Val: 0.151814  |  mse: 0.028738  sym: 0.000589  neg: 0.000547
--- Saved model to checkpoints/pid/state.pt ---
Epoch 54
Epoch 54 | Loss: 0.031212 | Val: 0.152018  |  mse: 0.030181  sym: 0.000469  neg: 0.000562
--- Saved model to checkpoints/pid/state.pt ---
Epoch 55
Epoch 55 | Loss: 0.033190 | Val: 0.151790  |  mse: 0.031967  sym: 0.000636  neg: 0.000587
FITS files saved to results/pid/run_20260627_141608_seed42/generated_fits
Computing FID/KID/PDF at epoch 55...
  FID: 183.1924 | KID: 0.208355
  Pixel PDF W-dist: 0.7831
  Compliance — pct_negative: 0.0000  sym_score: 0.0174
--- Saved model to checkpoints/pid/state.pt ---
Epoch 56
Epoch 56 | Loss: 0.027913 | Val: 0.145838  |  mse: 0.026952  sym: 0.000454  neg: 0.000507
--- Saved model to checkpoints/pid/state.pt ---
Epoch 57
Epoch 57 | Loss: 0.031393 | Val: 0.148432  |  mse: 0.030222  sym: 0.000613  neg: 0.000558
--- Saved model to checkpoints/pid/state.pt ---
Epoch 58
Epoch 58 | Loss: 0.028214 | Val: 0.146858  |  mse: 0.027125  sym: 0.000546  neg: 0.000543
--- Saved model to checkpoints/pid/state.pt ---
Epoch 59
Epoch 59 | Loss: 0.032561 | Val: 0.148670  |  mse: 0.031525  sym: 0.000431  neg: 0.000605
--- Saved model to checkpoints/pid/state.pt ---
Epoch 60
Epoch 60 | Loss: 0.030361 | Val: 0.146174  |  mse: 0.029355  sym: 0.000465  neg: 0.000541
FITS files saved to results/pid/run_20260627_141608_seed42/generated_fits
Computing FID/KID/PDF at epoch 60...
  FID: 188.6783 | KID: 0.220211
  Pixel PDF W-dist: 0.8155
  Compliance — pct_negative: 0.0000  sym_score: 0.0167
--- Saved model to checkpoints/pid/state.pt ---
Epoch 61
Epoch 61 | Loss: 0.027421 | Val: 0.147716  |  mse: 0.026188  sym: 0.000727  neg: 0.000506
--- Saved model to checkpoints/pid/state.pt ---
Epoch 62
Epoch 62 | Loss: 0.028006 | Val: 0.145976  |  mse: 0.027097  sym: 0.000382  neg: 0.000528
--- Saved model to checkpoints/pid/state.pt ---
Epoch 63
Epoch 63 | Loss: 0.029080 | Val: 0.148990  |  mse: 0.028076  sym: 0.000476  neg: 0.000529
--- Saved model to checkpoints/pid/state.pt ---
Epoch 64
Epoch 64 | Loss: 0.032590 | Val: 0.146158  |  mse: 0.031443  sym: 0.000592  neg: 0.000555
--- Saved model to checkpoints/pid/state.pt ---
Epoch 65
Epoch 65 | Loss: 0.033469 | Val: 0.145385  |  mse: 0.032314  sym: 0.000556  neg: 0.000598
FITS files saved to results/pid/run_20260627_141608_seed42/generated_fits
Computing FID/KID/PDF at epoch 65...
  FID: 182.2402 | KID: 0.205565
  Pixel PDF W-dist: 0.8048
  Compliance — pct_negative: 0.0000  sym_score: 0.0166
--- Saved model to checkpoints/pid/state.pt ---
Epoch 66
Epoch 66 | Loss: 0.027496 | Val: 0.146307  |  mse: 0.026584  sym: 0.000393  neg: 0.000520
--- Saved model to checkpoints/pid/state.pt ---
Epoch 67
Epoch 67 | Loss: 0.028169 | Val: 0.147418  |  mse: 0.027141  sym: 0.000503  neg: 0.000525
--- Saved model to checkpoints/pid/state.pt ---
Epoch 68
Epoch 68 | Loss: 0.035386 | Val: 0.146378  |  mse: 0.034439  sym: 0.000376  neg: 0.000572
--- Saved model to checkpoints/pid/state.pt ---
Epoch 69
Epoch 69 | Loss: 0.026638 | Val: 0.145659  |  mse: 0.025690  sym: 0.000448  neg: 0.000499
--- Saved model to checkpoints/pid/state.pt ---
Epoch 70
Epoch 70 | Loss: 0.026634 | Val: 0.146038  |  mse: 0.025463  sym: 0.000644  neg: 0.000527
FITS files saved to results/pid/run_20260627_141608_seed42/generated_fits
Computing FID/KID/PDF at epoch 70...
  FID: 158.9978 | KID: 0.175567
  Pixel PDF W-dist: 0.7803
  Compliance — pct_negative: 0.0000  sym_score: 0.0152
--- Saved model to checkpoints/pid/state.pt ---
Epoch 71
Epoch 71 | Loss: 0.027302 | Val: 0.147300  |  mse: 0.026258  sym: 0.000482  neg: 0.000562
--- Saved model to checkpoints/pid/state.pt ---
Epoch 72
Epoch 72 | Loss: 0.025891 | Val: 0.146863  |  mse: 0.024970  sym: 0.000419  neg: 0.000503
--- Saved model to checkpoints/pid/state.pt ---
Epoch 73
Epoch 73 | Loss: 0.028473 | Val: 0.145639  |  mse: 0.027523  sym: 0.000416  neg: 0.000534
--- Saved model to checkpoints/pid/state.pt ---
Epoch 74
Epoch 74 | Loss: 0.031848 | Val: 0.146548  |  mse: 0.030385  sym: 0.000819  neg: 0.000644
--- Saved model to checkpoints/pid/state.pt ---
Epoch 75
Epoch 75 | Loss: 0.036526 | Val: 0.146930  |  mse: 0.035370  sym: 0.000566  neg: 0.000591
FITS files saved to results/pid/run_20260627_141608_seed42/generated_fits
Computing FID/KID/PDF at epoch 75...
  FID: 163.4921 | KID: 0.176148
  Pixel PDF W-dist: 0.7647
  Compliance — pct_negative: 0.0000  sym_score: 0.0137
--- Saved model to checkpoints/pid/state.pt ---
Epoch 76
Epoch 76 | Loss: 0.026582 | Val: 0.145933  |  mse: 0.025679  sym: 0.000364  neg: 0.000539
--- Saved model to checkpoints/pid/state.pt ---
Epoch 77
Epoch 77 | Loss: 0.029600 | Val: 0.148979  |  mse: 0.028349  sym: 0.000715  neg: 0.000535
--- Saved model to checkpoints/pid/state.pt ---
Epoch 78
Epoch 78 | Loss: 0.030788 | Val: 0.146063  |  mse: 0.029655  sym: 0.000577  neg: 0.000557
--- Saved model to checkpoints/pid/state.pt ---
Epoch 79
Epoch 79 | Loss: 0.031819 | Val: 0.146279  |  mse: 0.030813  sym: 0.000444  neg: 0.000563
--- Saved model to checkpoints/pid/state.pt ---
Epoch 80
Epoch 80 | Loss: 0.028256 | Val: 0.148269  |  mse: 0.027203  sym: 0.000539  neg: 0.000514
FITS files saved to results/pid/run_20260627_141608_seed42/generated_fits
Computing FID/KID/PDF at epoch 80...
  FID: 192.7611 | KID: 0.226441
  Pixel PDF W-dist: 0.8190
  Compliance — pct_negative: 0.0000  sym_score: 0.0148
--- Saved model to checkpoints/pid/state.pt ---
Epoch 81
Epoch 81 | Loss: 0.026710 | Val: 0.146690  |  mse: 0.025729  sym: 0.000486  neg: 0.000496
--- Saved model to checkpoints/pid/state.pt ---
Epoch 82
Epoch 82 | Loss: 0.023995 | Val: 0.145826  |  mse: 0.023068  sym: 0.000388  neg: 0.000539
--- Saved model to checkpoints/pid/state.pt ---
Epoch 83
Epoch 83 | Loss: 0.025079 | Val: 0.147706  |  mse: 0.024146  sym: 0.000424  neg: 0.000510
--- Saved model to checkpoints/pid/state.pt ---
Epoch 84
Epoch 84 | Loss: 0.031127 | Val: 0.149138  |  mse: 0.029959  sym: 0.000608  neg: 0.000560
--- Saved model to checkpoints/pid/state.pt ---
Epoch 85
Epoch 85 | Loss: 0.030870 | Val: 0.146330  |  mse: 0.029896  sym: 0.000408  neg: 0.000566
FITS files saved to results/pid/run_20260627_141608_seed42/generated_fits
Computing FID/KID/PDF at epoch 85...
  FID: 175.3287 | KID: 0.202100
  Pixel PDF W-dist: 0.7822
  Compliance — pct_negative: 0.0000  sym_score: 0.0165
--- Saved model to checkpoints/pid/state.pt ---
Epoch 86
Epoch 86 | Loss: 0.031004 | Val: 0.146509  |  mse: 0.029906  sym: 0.000523  neg: 0.000575
--- Saved model to checkpoints/pid/state.pt ---
Epoch 87
Epoch 87 | Loss: 0.030087 | Val: 0.147115  |  mse: 0.029157  sym: 0.000412  neg: 0.000518
--- Saved model to checkpoints/pid/state.pt ---
Epoch 88
Epoch 88 | Loss: 0.024611 | Val: 0.145218  |  mse: 0.023731  sym: 0.000392  neg: 0.000487
--- Saved model to checkpoints/pid/state.pt ---
Epoch 89
Epoch 89 | Loss: 0.029285 | Val: 0.149314  |  mse: 0.028145  sym: 0.000611  neg: 0.000529
--- Saved model to checkpoints/pid/state.pt ---
Epoch 90
Epoch 90 | Loss: 0.030932 | Val: 0.145156  |  mse: 0.029815  sym: 0.000527  neg: 0.000590
FITS files saved to results/pid/run_20260627_141608_seed42/generated_fits
Computing FID/KID/PDF at epoch 90...
  FID: 164.3126 | KID: 0.179939
  Pixel PDF W-dist: 0.7583
  Compliance — pct_negative: 0.0000  sym_score: 0.0175
--- Saved model to checkpoints/pid/state.pt ---
Epoch 91
Epoch 91 | Loss: 0.028227 | Val: 0.144373  |  mse: 0.027299  sym: 0.000400  neg: 0.000528
--- Saved model to checkpoints/pid/state.pt ---
Epoch 92
Epoch 92 | Loss: 0.031060 | Val: 0.144460  |  mse: 0.030123  sym: 0.000383  neg: 0.000554
--- Saved model to checkpoints/pid/state.pt ---
Epoch 93
Epoch 93 | Loss: 0.027144 | Val: 0.147423  |  mse: 0.026165  sym: 0.000493  neg: 0.000487
--- Saved model to checkpoints/pid/state.pt ---
Epoch 94
Epoch 94 | Loss: 0.028162 | Val: 0.147085  |  mse: 0.027148  sym: 0.000469  neg: 0.000546
--- Saved model to checkpoints/pid/state.pt ---
Epoch 95
Epoch 95 | Loss: 0.034644 | Val: 0.150348  |  mse: 0.033393  sym: 0.000655  neg: 0.000596
FITS files saved to results/pid/run_20260627_141608_seed42/generated_fits
Computing FID/KID/PDF at epoch 95...
  FID: 194.6331 | KID: 0.231009
  Pixel PDF W-dist: 0.8422
  Compliance — pct_negative: 0.0000  sym_score: 0.0165
--- Saved model to checkpoints/pid/state.pt ---
Epoch 96
Epoch 96 | Loss: 0.024551 | Val: 0.146850  |  mse: 0.023610  sym: 0.000398  neg: 0.000543
--- Saved model to checkpoints/pid/state.pt ---
Epoch 97
Epoch 97 | Loss: 0.026860 | Val: 0.152825  |  mse: 0.025825  sym: 0.000516  neg: 0.000519
--- Saved model to checkpoints/pid/state.pt ---
Epoch 98
Epoch 98 | Loss: 0.028277 | Val: 0.147308  |  mse: 0.027368  sym: 0.000402  neg: 0.000507
--- Saved model to checkpoints/pid/state.pt ---
Epoch 99
Epoch 99 | Loss: 0.035697 | Val: 0.144127  |  mse: 0.034582  sym: 0.000507  neg: 0.000608
--- Saved model to checkpoints/pid/state.pt ---
Epoch 100
Epoch 100 | Loss: 0.034187 | Val: 0.145189  |  mse: 0.033230  sym: 0.000452  neg: 0.000505
FITS files saved to results/pid/run_20260627_141608_seed42/generated_fits
Computing FID/KID/PDF at epoch 100...
  FID: 178.0366 | KID: 0.202405
  Pixel PDF W-dist: 0.7980
  Compliance — pct_negative: 0.0000  sym_score: 0.0160
--- Saved model to checkpoints/pid/state.pt ---
Epoch 101
Epoch 101 | Loss: 0.027848 | Val: 0.147426  |  mse: 0.026938  sym: 0.000391  neg: 0.000519
--- Saved model to checkpoints/pid/state.pt ---
Epoch 102
Epoch 102 | Loss: 0.032092 | Val: 0.146213  |  mse: 0.031157  sym: 0.000404  neg: 0.000530
--- Saved model to checkpoints/pid/state.pt ---
Epoch 103
Epoch 103 | Loss: 0.023613 | Val: 0.145845  |  mse: 0.022768  sym: 0.000358  neg: 0.000488
--- Saved model to checkpoints/pid/state.pt ---
Epoch 104
Epoch 104 | Loss: 0.033754 | Val: 0.145239  |  mse: 0.032104  sym: 0.000979  neg: 0.000670
--- Saved model to checkpoints/pid/state.pt ---
Epoch 105
Epoch 105 | Loss: 0.032047 | Val: 0.143775  |  mse: 0.031089  sym: 0.000380  neg: 0.000578
FITS files saved to results/pid/run_20260627_141608_seed42/generated_fits
Computing FID/KID/PDF at epoch 105...
  FID: 169.1388 | KID: 0.186134
  Pixel PDF W-dist: 0.7478
  Compliance — pct_negative: 0.0000  sym_score: 0.0170
--- Saved model to checkpoints/pid/state.pt ---
Epoch 106
Epoch 106 | Loss: 0.027573 | Val: 0.145592  |  mse: 0.026537  sym: 0.000527  neg: 0.000508
--- Saved model to checkpoints/pid/state.pt ---
Epoch 107
Epoch 107 | Loss: 0.027605 | Val: 0.144935  |  mse: 0.026623  sym: 0.000420  neg: 0.000562
--- Saved model to checkpoints/pid/state.pt ---
Epoch 108
Epoch 108 | Loss: 0.024191 | Val: 0.144687  |  mse: 0.023308  sym: 0.000402  neg: 0.000480
--- Saved model to checkpoints/pid/state.pt ---
Epoch 109
Epoch 109 | Loss: 0.038034 | Val: 0.143929  |  mse: 0.037052  sym: 0.000436  neg: 0.000545
--- Saved model to checkpoints/pid/state.pt ---
Epoch 110
Epoch 110 | Loss: 0.024527 | Val: 0.146866  |  mse: 0.023685  sym: 0.000367  neg: 0.000474
FITS files saved to results/pid/run_20260627_141608_seed42/generated_fits
Computing FID/KID/PDF at epoch 110...
  FID: 154.8713 | KID: 0.161366
  Pixel PDF W-dist: 0.7612
  Compliance — pct_negative: 0.0000  sym_score: 0.0162
--- Saved model to checkpoints/pid/state.pt ---
Epoch 111
Epoch 111 | Loss: 0.025105 | Val: 0.145749  |  mse: 0.024171  sym: 0.000466  neg: 0.000468
--- Saved model to checkpoints/pid/state.pt ---
Epoch 112
Epoch 112 | Loss: 0.027968 | Val: 0.143053  |  mse: 0.027051  sym: 0.000393  neg: 0.000525
--- Saved model to checkpoints/pid/state.pt ---
Epoch 113
Epoch 113 | Loss: 0.026609 | Val: 0.145165  |  mse: 0.025687  sym: 0.000415  neg: 0.000507
--- Saved model to checkpoints/pid/state.pt ---
Epoch 114
Epoch 114 | Loss: 0.026526 | Val: 0.147216  |  mse: 0.025562  sym: 0.000456  neg: 0.000508
--- Saved model to checkpoints/pid/state.pt ---
Epoch 115
Epoch 115 | Loss: 0.026725 | Val: 0.146117  |  mse: 0.025826  sym: 0.000415  neg: 0.000483
FITS files saved to results/pid/run_20260627_141608_seed42/generated_fits
Computing FID/KID/PDF at epoch 115...
  FID: 195.5720 | KID: 0.230571
  Pixel PDF W-dist: 0.8070
  Compliance — pct_negative: 0.0000  sym_score: 0.0151
--- Saved model to checkpoints/pid/state.pt ---
Epoch 116
Epoch 116 | Loss: 0.028229 | Val: 0.144807  |  mse: 0.027241  sym: 0.000479  neg: 0.000509
--- Saved model to checkpoints/pid/state.pt ---
Epoch 117
Epoch 117 | Loss: 0.027800 | Val: 0.145161  |  mse: 0.026887  sym: 0.000395  neg: 0.000517
--- Saved model to checkpoints/pid/state.pt ---
Epoch 118
Epoch 118 | Loss: 0.028416 | Val: 0.143346  |  mse: 0.027579  sym: 0.000329  neg: 0.000508
--- Saved model to checkpoints/pid/state.pt ---
Epoch 119
Epoch 119 | Loss: 0.030626 | Val: 0.149195  |  mse: 0.029598  sym: 0.000468  neg: 0.000559
--- Saved model to checkpoints/pid/state.pt ---
Epoch 120
Epoch 120 | Loss: 0.027238 | Val: 0.142417  |  mse: 0.026174  sym: 0.000453  neg: 0.000611
FITS files saved to results/pid/run_20260627_141608_seed42/generated_fits
Computing FID/KID/PDF at epoch 120...
  FID: 179.9272 | KID: 0.208461
  Pixel PDF W-dist: 0.8011
  Compliance — pct_negative: 0.0000  sym_score: 0.0156
--- Saved model to checkpoints/pid/state.pt ---
Epoch 121
Epoch 121 | Loss: 0.028026 | Val: 0.146253  |  mse: 0.027022  sym: 0.000524  neg: 0.000480
--- Saved model to checkpoints/pid/state.pt ---
Epoch 122
Epoch 122 | Loss: 0.030008 | Val: 0.141721  |  mse: 0.029026  sym: 0.000424  neg: 0.000557
--- Saved model to checkpoints/pid/state.pt ---
Epoch 123
Epoch 123 | Loss: 0.028671 | Val: 0.144560  |  mse: 0.027415  sym: 0.000716  neg: 0.000539
--- Saved model to checkpoints/pid/state.pt ---
Epoch 124
Epoch 124 | Loss: 0.028980 | Val: 0.146127  |  mse: 0.028005  sym: 0.000420  neg: 0.000555
--- Saved model to checkpoints/pid/state.pt ---
Epoch 125
Epoch 125 | Loss: 0.031829 | Val: 0.145661  |  mse: 0.030456  sym: 0.000774  neg: 0.000599
FITS files saved to results/pid/run_20260627_141608_seed42/generated_fits
Computing FID/KID/PDF at epoch 125...
  FID: 146.3809 | KID: 0.143415
  Pixel PDF W-dist: 0.7184
  Compliance — pct_negative: 0.0000  sym_score: 0.0141
--- Saved model to checkpoints/pid/state.pt ---
Epoch 126
Epoch 126 | Loss: 0.032714 | Val: 0.144102  |  mse: 0.031858  sym: 0.000331  neg: 0.000525
--- Saved model to checkpoints/pid/state.pt ---
Epoch 127
Epoch 127 | Loss: 0.032578 | Val: 0.145735  |  mse: 0.031652  sym: 0.000342  neg: 0.000584
--- Saved model to checkpoints/pid/state.pt ---
Epoch 128
Epoch 128 | Loss: 0.025739 | Val: 0.145029  |  mse: 0.024932  sym: 0.000342  neg: 0.000465
--- Saved model to checkpoints/pid/state.pt ---
Epoch 129
Epoch 129 | Loss: 0.030655 | Val: 0.142933  |  mse: 0.029708  sym: 0.000397  neg: 0.000550
--- Saved model to checkpoints/pid/state.pt ---
Epoch 130
Epoch 130 | Loss: 0.024566 | Val: 0.143293  |  mse: 0.023557  sym: 0.000477  neg: 0.000532
FITS files saved to results/pid/run_20260627_141608_seed42/generated_fits
Computing FID/KID/PDF at epoch 130...
  FID: 191.6983 | KID: 0.214214
  Pixel PDF W-dist: 0.8022
  Compliance — pct_negative: 0.0000  sym_score: 0.0179
--- Saved model to checkpoints/pid/state.pt ---
Epoch 131
Epoch 131 | Loss: 0.029223 | Val: 0.144084  |  mse: 0.028367  sym: 0.000345  neg: 0.000510
--- Saved model to checkpoints/pid/state.pt ---
Epoch 132
Epoch 132 | Loss: 0.022740 | Val: 0.146112  |  mse: 0.021828  sym: 0.000432  neg: 0.000481
--- Saved model to checkpoints/pid/state.pt ---
Epoch 133
Epoch 133 | Loss: 0.026538 | Val: 0.145961  |  mse: 0.025626  sym: 0.000364  neg: 0.000548
--- Saved model to checkpoints/pid/state.pt ---
Epoch 134
Epoch 134 | Loss: 0.025711 | Val: 0.142726  |  mse: 0.024864  sym: 0.000329  neg: 0.000517
--- Saved model to checkpoints/pid/state.pt ---
Epoch 135
Epoch 135 | Loss: 0.028619 | Val: 0.142843  |  mse: 0.027727  sym: 0.000376  neg: 0.000516
FITS files saved to results/pid/run_20260627_141608_seed42/generated_fits
Computing FID/KID/PDF at epoch 135...
  FID: 159.2600 | KID: 0.167035
  Pixel PDF W-dist: 0.7706
  Compliance — pct_negative: 0.0000  sym_score: 0.0160
--- Saved model to checkpoints/pid/state.pt ---
Epoch 136
Epoch 136 | Loss: 0.030482 | Val: 0.144954  |  mse: 0.029553  sym: 0.000415  neg: 0.000514
--- Saved model to checkpoints/pid/state.pt ---
Epoch 137
Epoch 137 | Loss: 0.026647 | Val: 0.144195  |  mse: 0.025752  sym: 0.000364  neg: 0.000530
--- Saved model to checkpoints/pid/state.pt ---
Epoch 138
Epoch 138 | Loss: 0.027448 | Val: 0.144271  |  mse: 0.026519  sym: 0.000396  neg: 0.000533
--- Saved model to checkpoints/pid/state.pt ---
Epoch 139
Epoch 139 | Loss: 0.032106 | Val: 0.146428  |  mse: 0.031106  sym: 0.000398  neg: 0.000602
--- Saved model to checkpoints/pid/state.pt ---
Epoch 140
Epoch 140 | Loss: 0.021833 | Val: 0.149010  |  mse: 0.021081  sym: 0.000300  neg: 0.000451
FITS files saved to results/pid/run_20260627_141608_seed42/generated_fits
Computing FID/KID/PDF at epoch 140...
  FID: 145.4270 | KID: 0.140431
  Pixel PDF W-dist: 0.7636
  Compliance — pct_negative: 0.0000  sym_score: 0.0184
--- Saved model to checkpoints/pid/state.pt ---
Epoch 141
Epoch 141 | Loss: 0.033349 | Val: 0.145020  |  mse: 0.032414  sym: 0.000373  neg: 0.000561
--- Saved model to checkpoints/pid/state.pt ---
Epoch 142
Epoch 142 | Loss: 0.024492 | Val: 0.143027  |  mse: 0.023597  sym: 0.000377  neg: 0.000518
--- Saved model to checkpoints/pid/state.pt ---
Epoch 143
Epoch 143 | Loss: 0.030217 | Val: 0.146670  |  mse: 0.029165  sym: 0.000483  neg: 0.000570
--- Saved model to checkpoints/pid/state.pt ---
Epoch 144
Epoch 144 | Loss: 0.031490 | Val: 0.144254  |  mse: 0.030524  sym: 0.000418  neg: 0.000549
--- Saved model to checkpoints/pid/state.pt ---
Epoch 145
Epoch 145 | Loss: 0.030650 | Val: 0.147979  |  mse: 0.029205  sym: 0.000838  neg: 0.000607
FITS files saved to results/pid/run_20260627_141608_seed42/generated_fits
Computing FID/KID/PDF at epoch 145...
  FID: 159.4633 | KID: 0.153791
  Pixel PDF W-dist: 0.7422
  Compliance — pct_negative: 0.0000  sym_score: 0.0215
--- Saved model to checkpoints/pid/state.pt ---
Epoch 146
Epoch 146 | Loss: 0.035160 | Val: 0.146170  |  mse: 0.034159  sym: 0.000395  neg: 0.000606
--- Saved model to checkpoints/pid/state.pt ---
Epoch 147
Epoch 147 | Loss: 0.025004 | Val: 0.144168  |  mse: 0.024171  sym: 0.000324  neg: 0.000510
--- Saved model to checkpoints/pid/state.pt ---
Epoch 148
Epoch 148 | Loss: 0.030721 | Val: 0.147048  |  mse: 0.029793  sym: 0.000419  neg: 0.000508
--- Saved model to checkpoints/pid/state.pt ---
Epoch 149
Epoch 149 | Loss: 0.023617 | Val: 0.146060  |  mse: 0.022524  sym: 0.000569  neg: 0.000524
--- Saved model to checkpoints/pid/state.pt ---
Epoch 150
Epoch 150 | Loss: 0.023749 | Val: 0.147651  |  mse: 0.022928  sym: 0.000323  neg: 0.000499
FITS files saved to results/pid/run_20260627_141608_seed42/generated_fits
Computing FID/KID/PDF at epoch 150...
  FID: 145.3175 | KID: 0.144319
  Pixel PDF W-dist: 0.7623
  Compliance — pct_negative: 0.0000  sym_score: 0.0177
--- Saved model to checkpoints/pid/state.pt ---
Epoch 151
Epoch 151 | Loss: 0.027428 | Val: 0.142464  |  mse: 0.026559  sym: 0.000347  neg: 0.000522
--- Saved model to checkpoints/pid/state.pt ---
Epoch 152
Epoch 152 | Loss: 0.029473 | Val: 0.147906  |  mse: 0.028488  sym: 0.000418  neg: 0.000568
--- Saved model to checkpoints/pid/state.pt ---
Epoch 153
Epoch 153 | Loss: 0.027876 | Val: 0.141789  |  mse: 0.026977  sym: 0.000365  neg: 0.000534
--- Saved model to checkpoints/pid/state.pt ---
Epoch 154
Epoch 154 | Loss: 0.025873 | Val: 0.143005  |  mse: 0.025023  sym: 0.000332  neg: 0.000518
--- Saved model to checkpoints/pid/state.pt ---
Epoch 155
Epoch 155 | Loss: 0.025372 | Val: 0.144290  |  mse: 0.024257  sym: 0.000562  neg: 0.000553
FITS files saved to results/pid/run_20260627_141608_seed42/generated_fits
Computing FID/KID/PDF at epoch 155...
  FID: 133.6732 | KID: 0.113055
  Pixel PDF W-dist: 0.7643
  Compliance — pct_negative: 0.0000  sym_score: 0.0183
--- Saved model to checkpoints/pid/state.pt ---
Epoch 156
Epoch 156 | Loss: 0.032314 | Val: 0.144882  |  mse: 0.031382  sym: 0.000372  neg: 0.000561
--- Saved model to checkpoints/pid/state.pt ---
Epoch 157
Epoch 157 | Loss: 0.026305 | Val: 0.143411  |  mse: 0.025415  sym: 0.000364  neg: 0.000525
--- Saved model to checkpoints/pid/state.pt ---
Epoch 158
Epoch 158 | Loss: 0.027850 | Val: 0.139436  |  mse: 0.026882  sym: 0.000415  neg: 0.000553
--- Saved model to checkpoints/pid/state.pt ---
Epoch 159
Epoch 159 | Loss: 0.026966 | Val: 0.144393  |  mse: 0.025822  sym: 0.000541  neg: 0.000603
--- Saved model to checkpoints/pid/state.pt ---
Epoch 160
Epoch 160 | Loss: 0.025029 | Val: 0.146016  |  mse: 0.024034  sym: 0.000440  neg: 0.000556
FITS files saved to results/pid/run_20260627_141608_seed42/generated_fits
Computing FID/KID/PDF at epoch 160...
  FID: 170.9577 | KID: 0.178581
  Pixel PDF W-dist: 0.7825
  Compliance — pct_negative: 0.0000  sym_score: 0.0197
--- Saved model to checkpoints/pid/state.pt ---
Epoch 161
Epoch 161 | Loss: 0.029541 | Val: 0.142353  |  mse: 0.028662  sym: 0.000356  neg: 0.000523
--- Saved model to checkpoints/pid/state.pt ---
Epoch 162
Epoch 162 | Loss: 0.029311 | Val: 0.144514  |  mse: 0.028362  sym: 0.000448  neg: 0.000501
--- Saved model to checkpoints/pid/state.pt ---
Epoch 163
Epoch 163 | Loss: 0.027093 | Val: 0.144894  |  mse: 0.026044  sym: 0.000505  neg: 0.000544
--- Saved model to checkpoints/pid/state.pt ---
Epoch 164
Epoch 164 | Loss: 0.024227 | Val: 0.146180  |  mse: 0.023378  sym: 0.000374  neg: 0.000475
--- Saved model to checkpoints/pid/state.pt ---
Epoch 165
Epoch 165 | Loss: 0.029016 | Val: 0.143426  |  mse: 0.028085  sym: 0.000371  neg: 0.000560
FITS files saved to results/pid/run_20260627_141608_seed42/generated_fits
Computing FID/KID/PDF at epoch 165...
  FID: 170.0924 | KID: 0.185837
  Pixel PDF W-dist: 0.7975
  Compliance — pct_negative: 0.0000  sym_score: 0.0186
--- Saved model to checkpoints/pid/state.pt ---
Epoch 166
Epoch 166 | Loss: 0.029375 | Val: 0.145956  |  mse: 0.028383  sym: 0.000472  neg: 0.000520
--- Saved model to checkpoints/pid/state.pt ---
Epoch 167
Epoch 167 | Loss: 0.027856 | Val: 0.141334  |  mse: 0.026895  sym: 0.000406  neg: 0.000555
--- Saved model to checkpoints/pid/state.pt ---
Epoch 168
Epoch 168 | Loss: 0.027779 | Val: 0.143101  |  mse: 0.026957  sym: 0.000307  neg: 0.000515
--- Saved model to checkpoints/pid/state.pt ---
Epoch 169
Epoch 169 | Loss: 0.027272 | Val: 0.143079  |  mse: 0.026288  sym: 0.000456  neg: 0.000527
--- Saved model to checkpoints/pid/state.pt ---
Epoch 170
Epoch 170 | Loss: 0.022394 | Val: 0.144700  |  mse: 0.021489  sym: 0.000407  neg: 0.000498
FITS files saved to results/pid/run_20260627_141608_seed42/generated_fits
Computing FID/KID/PDF at epoch 170...
  FID: 193.1329 | KID: 0.217309
  Pixel PDF W-dist: 0.7820
  Compliance — pct_negative: 0.0000  sym_score: 0.0173
--- Saved model to checkpoints/pid/state.pt ---
Epoch 171
Epoch 171 | Loss: 0.027189 | Val: 0.141854  |  mse: 0.026308  sym: 0.000391  neg: 0.000490
--- Saved model to checkpoints/pid/state.pt ---
Epoch 172
Epoch 172 | Loss: 0.030917 | Val: 0.147734  |  mse: 0.029342  sym: 0.000966  neg: 0.000609
--- Saved model to checkpoints/pid/state.pt ---
Epoch 173
Epoch 173 | Loss: 0.025714 | Val: 0.145066  |  mse: 0.024698  sym: 0.000510  neg: 0.000506
--- Saved model to checkpoints/pid/state.pt ---
Epoch 174
Epoch 174 | Loss: 0.028427 | Val: 0.148365  |  mse: 0.027506  sym: 0.000392  neg: 0.000529
--- Saved model to checkpoints/pid/state.pt ---
Epoch 175
Epoch 175 | Loss: 0.028823 | Val: 0.143227  |  mse: 0.027845  sym: 0.000410  neg: 0.000567
FITS files saved to results/pid/run_20260627_141608_seed42/generated_fits
Computing FID/KID/PDF at epoch 175...
  FID: 135.8019 | KID: 0.121871
  Pixel PDF W-dist: 0.7682
  Compliance — pct_negative: 0.0000  sym_score: 0.0186
--- Saved model to checkpoints/pid/state.pt ---
Epoch 176
Epoch 176 | Loss: 0.028264 | Val: 0.141325  |  mse: 0.027257  sym: 0.000446  neg: 0.000562
--- Saved model to checkpoints/pid/state.pt ---
Epoch 177
Epoch 177 | Loss: 0.025087 | Val: 0.143472  |  mse: 0.024246  sym: 0.000334  neg: 0.000508
--- Saved model to checkpoints/pid/state.pt ---
Epoch 178
Epoch 178 | Loss: 0.025827 | Val: 0.142253  |  mse: 0.025015  sym: 0.000327  neg: 0.000486
--- Saved model to checkpoints/pid/state.pt ---
Epoch 179
Epoch 179 | Loss: 0.026279 | Val: 0.145173  |  mse: 0.025413  sym: 0.000367  neg: 0.000498
--- Saved model to checkpoints/pid/state.pt ---
Epoch 180
Epoch 180 | Loss: 0.027791 | Val: 0.144981  |  mse: 0.026873  sym: 0.000405  neg: 0.000512
FITS files saved to results/pid/run_20260627_141608_seed42/generated_fits
Computing FID/KID/PDF at epoch 180...
  FID: 126.4889 | KID: 0.105523
  Pixel PDF W-dist: 0.7407
  Compliance — pct_negative: 0.0000  sym_score: 0.0160
--- Saved model to checkpoints/pid/state.pt ---
Epoch 181
Epoch 181 | Loss: 0.037618 | Val: 0.145582  |  mse: 0.036657  sym: 0.000337  neg: 0.000623
--- Saved model to checkpoints/pid/state.pt ---
Epoch 182
Epoch 182 | Loss: 0.032100 | Val: 0.141642  |  mse: 0.031019  sym: 0.000559  neg: 0.000521
--- Saved model to checkpoints/pid/state.pt ---
Epoch 183
Epoch 183 | Loss: 0.031018 | Val: 0.142629  |  mse: 0.030165  sym: 0.000320  neg: 0.000534
--- Saved model to checkpoints/pid/state.pt ---
Epoch 184
Epoch 184 | Loss: 0.022218 | Val: 0.143711  |  mse: 0.021403  sym: 0.000331  neg: 0.000484
--- Saved model to checkpoints/pid/state.pt ---
Epoch 185
Epoch 185 | Loss: 0.029826 | Val: 0.145434  |  mse: 0.028601  sym: 0.000646  neg: 0.000579
FITS files saved to results/pid/run_20260627_141608_seed42/generated_fits
Computing FID/KID/PDF at epoch 185...
  FID: 106.3390 | KID: 0.069926
  Pixel PDF W-dist: 0.6597
  Compliance — pct_negative: 0.0000  sym_score: 0.0205
--- Saved model to checkpoints/pid/state.pt ---
Epoch 186
Epoch 186 | Loss: 0.027898 | Val: 0.144079  |  mse: 0.026967  sym: 0.000358  neg: 0.000573
--- Saved model to checkpoints/pid/state.pt ---
Epoch 187
Epoch 187 | Loss: 0.025337 | Val: 0.144499  |  mse: 0.024294  sym: 0.000506  neg: 0.000537
--- Saved model to checkpoints/pid/state.pt ---
Epoch 188
Epoch 188 | Loss: 0.024756 | Val: 0.144960  |  mse: 0.023866  sym: 0.000353  neg: 0.000537
--- Saved model to checkpoints/pid/state.pt ---
Epoch 189
Epoch 189 | Loss: 0.027932 | Val: 0.144279  |  mse: 0.026818  sym: 0.000553  neg: 0.000561
--- Saved model to checkpoints/pid/state.pt ---
Epoch 190
Epoch 190 | Loss: 0.023943 | Val: 0.146313  |  mse: 0.023088  sym: 0.000292  neg: 0.000563
FITS files saved to results/pid/run_20260627_141608_seed42/generated_fits
Computing FID/KID/PDF at epoch 190...
  FID: 154.6963 | KID: 0.160536
  Pixel PDF W-dist: 0.8004
  Compliance — pct_negative: 0.0000  sym_score: 0.0182
--- Saved model to checkpoints/pid/state.pt ---
Epoch 191
Epoch 191 | Loss: 0.025526 | Val: 0.141837  |  mse: 0.024561  sym: 0.000460  neg: 0.000505
--- Saved model to checkpoints/pid/state.pt ---
Epoch 192
Epoch 192 | Loss: 0.026354 | Val: 0.148192  |  mse: 0.025415  sym: 0.000411  neg: 0.000528
--- Saved model to checkpoints/pid/state.pt ---
Epoch 193
Epoch 193 | Loss: 0.027680 | Val: 0.144856  |  mse: 0.026745  sym: 0.000376  neg: 0.000559
--- Saved model to checkpoints/pid/state.pt ---
Epoch 194
Epoch 194 | Loss: 0.027977 | Val: 0.141915  |  mse: 0.027129  sym: 0.000336  neg: 0.000512
--- Saved model to checkpoints/pid/state.pt ---
Epoch 195
Epoch 195 | Loss: 0.021460 | Val: 0.141550  |  mse: 0.020558  sym: 0.000420  neg: 0.000482
FITS files saved to results/pid/run_20260627_141608_seed42/generated_fits
Computing FID/KID/PDF at epoch 195...
  FID: 183.5418 | KID: 0.202934
  Pixel PDF W-dist: 0.7655
  Compliance — pct_negative: 0.0000  sym_score: 0.0223
--- Saved model to checkpoints/pid/state.pt ---
Epoch 196
Epoch 196 | Loss: 0.022905 | Val: 0.143688  |  mse: 0.022150  sym: 0.000272  neg: 0.000483
--- Saved model to checkpoints/pid/state.pt ---
Epoch 197
Epoch 197 | Loss: 0.026973 | Val: 0.146295  |  mse: 0.025970  sym: 0.000449  neg: 0.000554
--- Saved model to checkpoints/pid/state.pt ---
Epoch 198
Epoch 198 | Loss: 0.023724 | Val: 0.143957  |  mse: 0.022851  sym: 0.000388  neg: 0.000485
--- Saved model to checkpoints/pid/state.pt ---
Epoch 199
Epoch 199 | Loss: 0.025223 | Val: 0.142966  |  mse: 0.024367  sym: 0.000340  neg: 0.000516
--- Saved model to checkpoints/pid/state.pt ---
Epoch 200
Epoch 200 | Loss: 0.029506 | Val: 0.143737  |  mse: 0.028558  sym: 0.000403  neg: 0.000545
FITS files saved to results/pid/run_20260627_141608_seed42/generated_fits
Computing FID/KID/PDF at epoch 200...
  FID: 158.0621 | KID: 0.154353
  Pixel PDF W-dist: 0.7989
  Compliance — pct_negative: 0.0000  sym_score: 0.0193
--- Saved model to checkpoints/pid/state.pt ---
Epoch 201
Epoch 201 | Loss: 0.027552 | Val: 0.146231  |  mse: 0.026695  sym: 0.000323  neg: 0.000534
--- Saved model to checkpoints/pid/state.pt ---
Epoch 202
Epoch 202 | Loss: 0.025532 | Val: 0.143673  |  mse: 0.024677  sym: 0.000346  neg: 0.000509
--- Saved model to checkpoints/pid/state.pt ---
Epoch 203
Epoch 203 | Loss: 0.028602 | Val: 0.142373  |  mse: 0.027706  sym: 0.000327  neg: 0.000569
--- Saved model to checkpoints/pid/state.pt ---
Epoch 204
Epoch 204 | Loss: 0.024096 | Val: 0.147212  |  mse: 0.023105  sym: 0.000486  neg: 0.000505
--- Saved model to checkpoints/pid/state.pt ---
Epoch 205
Epoch 205 | Loss: 0.024652 | Val: 0.144666  |  mse: 0.023725  sym: 0.000364  neg: 0.000563
FITS files saved to results/pid/run_20260627_141608_seed42/generated_fits
Computing FID/KID/PDF at epoch 205...
  FID: 120.0017 | KID: 0.093098
  Pixel PDF W-dist: 0.7106
  Compliance — pct_negative: 0.0000  sym_score: 0.0195
--- Saved model to checkpoints/pid/state.pt ---
Epoch 206
Epoch 206 | Loss: 0.029719 | Val: 0.144356  |  mse: 0.028692  sym: 0.000485  neg: 0.000542
--- Saved model to checkpoints/pid/state.pt ---
Epoch 207
Epoch 207 | Loss: 0.026225 | Val: 0.144516  |  mse: 0.025406  sym: 0.000320  neg: 0.000499
--- Saved model to checkpoints/pid/state.pt ---
Epoch 208
Epoch 208 | Loss: 0.029570 | Val: 0.145928  |  mse: 0.028615  sym: 0.000389  neg: 0.000565
--- Saved model to checkpoints/pid/state.pt ---
Epoch 209
Epoch 209 | Loss: 0.023299 | Val: 0.144555  |  mse: 0.022338  sym: 0.000460  neg: 0.000501
--- Saved model to checkpoints/pid/state.pt ---
Epoch 210
Epoch 210 | Loss: 0.022697 | Val: 0.140496  |  mse: 0.021632  sym: 0.000585  neg: 0.000480
FITS files saved to results/pid/run_20260627_141608_seed42/generated_fits
Computing FID/KID/PDF at epoch 210...
  FID: 146.3936 | KID: 0.141212
  Pixel PDF W-dist: 0.7441
  Compliance — pct_negative: 0.0000  sym_score: 0.0222
--- Saved model to checkpoints/pid/state.pt ---
Epoch 211
Epoch 211 | Loss: 0.026227 | Val: 0.143619  |  mse: 0.025302  sym: 0.000370  neg: 0.000554
--- Saved model to checkpoints/pid/state.pt ---
Epoch 212
Epoch 212 | Loss: 0.026828 | Val: 0.145582  |  mse: 0.025997  sym: 0.000322  neg: 0.000509
--- Saved model to checkpoints/pid/state.pt ---
Epoch 213
Epoch 213 | Loss: 0.027820 | Val: 0.145711  |  mse: 0.026896  sym: 0.000370  neg: 0.000554
--- Saved model to checkpoints/pid/state.pt ---
Epoch 214
Epoch 214 | Loss: 0.029056 | Val: 0.141931  |  mse: 0.028163  sym: 0.000330  neg: 0.000563
--- Saved model to checkpoints/pid/state.pt ---
Epoch 215
Epoch 215 | Loss: 0.029064 | Val: 0.145780  |  mse: 0.028187  sym: 0.000321  neg: 0.000555
FITS files saved to results/pid/run_20260627_141608_seed42/generated_fits
Computing FID/KID/PDF at epoch 215...
  FID: 180.5288 | KID: 0.197887
  Pixel PDF W-dist: 0.8451
  Compliance — pct_negative: 0.0000  sym_score: 0.0167
--- Saved model to checkpoints/pid/state.pt ---
Epoch 216
Epoch 216 | Loss: 0.027171 | Val: 0.143176  |  mse: 0.026204  sym: 0.000450  neg: 0.000518
--- Saved model to checkpoints/pid/state.pt ---
Epoch 217
Epoch 217 | Loss: 0.019279 | Val: 0.141381  |  mse: 0.018519  sym: 0.000306  neg: 0.000454
--- Saved model to checkpoints/pid/state.pt ---
Epoch 218
Epoch 218 | Loss: 0.026935 | Val: 0.146027  |  mse: 0.026079  sym: 0.000328  neg: 0.000528
--- Saved model to checkpoints/pid/state.pt ---
Epoch 219
Epoch 219 | Loss: 0.031596 | Val: 0.144635  |  mse: 0.030662  sym: 0.000383  neg: 0.000550
--- Saved model to checkpoints/pid/state.pt ---
Epoch 220
Epoch 220 | Loss: 0.027050 | Val: 0.142136  |  mse: 0.026117  sym: 0.000360  neg: 0.000573
FITS files saved to results/pid/run_20260627_141608_seed42/generated_fits
Computing FID/KID/PDF at epoch 220...
  FID: 111.2680 | KID: 0.075469
  Pixel PDF W-dist: 0.6276
  Compliance — pct_negative: 0.0000  sym_score: 0.0179
--- Saved model to checkpoints/pid/state.pt ---
Epoch 221
Epoch 221 | Loss: 0.027569 | Val: 0.144307  |  mse: 0.026509  sym: 0.000499  neg: 0.000561
--- Saved model to checkpoints/pid/state.pt ---
Epoch 222
Epoch 222 | Loss: 0.027631 | Val: 0.143153  |  mse: 0.026722  sym: 0.000378  neg: 0.000532
--- Saved model to checkpoints/pid/state.pt ---
Epoch 223
Epoch 223 | Loss: 0.027581 | Val: 0.143050  |  mse: 0.026578  sym: 0.000415  neg: 0.000587
--- Saved model to checkpoints/pid/state.pt ---
Epoch 224
Epoch 224 | Loss: 0.031562 | Val: 0.142161  |  mse: 0.030382  sym: 0.000590  neg: 0.000590
--- Saved model to checkpoints/pid/state.pt ---
Epoch 225
Epoch 225 | Loss: 0.027563 | Val: 0.140878  |  mse: 0.026762  sym: 0.000293  neg: 0.000507
FITS files saved to results/pid/run_20260627_141608_seed42/generated_fits
Computing FID/KID/PDF at epoch 225...
  FID: 120.8911 | KID: 0.098376
  Pixel PDF W-dist: 0.7202
  Compliance — pct_negative: 0.0000  sym_score: 0.0231
--- Saved model to checkpoints/pid/state.pt ---
Epoch 226
Epoch 226 | Loss: 0.021401 | Val: 0.141004  |  mse: 0.020584  sym: 0.000349  neg: 0.000467
--- Saved model to checkpoints/pid/state.pt ---
Epoch 227
Epoch 227 | Loss: 0.027171 | Val: 0.144256  |  mse: 0.026344  sym: 0.000281  neg: 0.000546
--- Saved model to checkpoints/pid/state.pt ---
Epoch 228
Epoch 228 | Loss: 0.024031 | Val: 0.145739  |  mse: 0.023107  sym: 0.000414  neg: 0.000509
--- Saved model to checkpoints/pid/state.pt ---
Epoch 229
Epoch 229 | Loss: 0.022767 | Val: 0.142262  |  mse: 0.021742  sym: 0.000477  neg: 0.000547
--- Saved model to checkpoints/pid/state.pt ---
Epoch 230
Epoch 230 | Loss: 0.021213 | Val: 0.144887  |  mse: 0.020439  sym: 0.000297  neg: 0.000477
FITS files saved to results/pid/run_20260627_141608_seed42/generated_fits
Computing FID/KID/PDF at epoch 230...
  FID: 117.7782 | KID: 0.090852
  Pixel PDF W-dist: 0.7051
  Compliance — pct_negative: 0.0000  sym_score: 0.0198
--- Saved model to checkpoints/pid/state.pt ---
Epoch 231
Epoch 231 | Loss: 0.025384 | Val: 0.145167  |  mse: 0.024588  sym: 0.000319  neg: 0.000478
--- Saved model to checkpoints/pid/state.pt ---
Epoch 232
Epoch 232 | Loss: 0.019809 | Val: 0.140241  |  mse: 0.019036  sym: 0.000307  neg: 0.000465
--- Saved model to checkpoints/pid/state.pt ---
Epoch 233
Epoch 233 | Loss: 0.028276 | Val: 0.144966  |  mse: 0.027310  sym: 0.000436  neg: 0.000530
--- Saved model to checkpoints/pid/state.pt ---
Epoch 234
Epoch 234 | Loss: 0.029668 | Val: 0.145022  |  mse: 0.028826  sym: 0.000257  neg: 0.000584
--- Saved model to checkpoints/pid/state.pt ---
Epoch 235
Epoch 235 | Loss: 0.031028 | Val: 0.144453  |  mse: 0.030001  sym: 0.000481  neg: 0.000545
FITS files saved to results/pid/run_20260627_141608_seed42/generated_fits
Computing FID/KID/PDF at epoch 235...
  FID: 142.3851 | KID: 0.133821
  Pixel PDF W-dist: 0.7486
  Compliance — pct_negative: 0.0000  sym_score: 0.0199
--- Saved model to checkpoints/pid/state.pt ---
Epoch 236
Epoch 236 | Loss: 0.026934 | Val: 0.137515  |  mse: 0.026086  sym: 0.000329  neg: 0.000519
--- Saved model to checkpoints/pid/state.pt ---
Epoch 237
Epoch 237 | Loss: 0.027885 | Val: 0.143624  |  mse: 0.026706  sym: 0.000627  neg: 0.000551
--- Saved model to checkpoints/pid/state.pt ---
Epoch 238
Epoch 238 | Loss: 0.026002 | Val: 0.146565  |  mse: 0.025159  sym: 0.000314  neg: 0.000529
--- Saved model to checkpoints/pid/state.pt ---
Epoch 239
Epoch 239 | Loss: 0.025458 | Val: 0.142391  |  mse: 0.024501  sym: 0.000435  neg: 0.000522
--- Saved model to checkpoints/pid/state.pt ---
Epoch 240
Epoch 240 | Loss: 0.023624 | Val: 0.143726  |  mse: 0.022823  sym: 0.000292  neg: 0.000510
FITS files saved to results/pid/run_20260627_141608_seed42/generated_fits
Computing FID/KID/PDF at epoch 240...
  FID: 149.1244 | KID: 0.137388
  Pixel PDF W-dist: 0.7716
  Compliance — pct_negative: 0.0000  sym_score: 0.0200
--- Saved model to checkpoints/pid/state.pt ---
Epoch 241
Epoch 241 | Loss: 0.030522 | Val: 0.144437  |  mse: 0.029599  sym: 0.000391  neg: 0.000533
--- Saved model to checkpoints/pid/state.pt ---
Epoch 242
Epoch 242 | Loss: 0.027775 | Val: 0.142623  |  mse: 0.026906  sym: 0.000320  neg: 0.000549
--- Saved model to checkpoints/pid/state.pt ---
Epoch 243
Epoch 243 | Loss: 0.032272 | Val: 0.144548  |  mse: 0.031329  sym: 0.000418  neg: 0.000524
--- Saved model to checkpoints/pid/state.pt ---
Epoch 244
Epoch 244 | Loss: 0.026630 | Val: 0.145746  |  mse: 0.025781  sym: 0.000296  neg: 0.000552
--- Saved model to checkpoints/pid/state.pt ---
Epoch 245
Epoch 245 | Loss: 0.024820 | Val: 0.144345  |  mse: 0.023996  sym: 0.000334  neg: 0.000490
FITS files saved to results/pid/run_20260627_141608_seed42/generated_fits
Computing FID/KID/PDF at epoch 245...
  FID: 120.3389 | KID: 0.092765
  Pixel PDF W-dist: 0.7103
  Compliance — pct_negative: 0.0000  sym_score: 0.0214
--- Saved model to checkpoints/pid/state.pt ---
Epoch 246
Epoch 246 | Loss: 0.030630 | Val: 0.142753  |  mse: 0.029758  sym: 0.000307  neg: 0.000565
--- Saved model to checkpoints/pid/state.pt ---
Epoch 247
Epoch 247 | Loss: 0.025512 | Val: 0.144680  |  mse: 0.024688  sym: 0.000329  neg: 0.000495
--- Saved model to checkpoints/pid/state.pt ---
Epoch 248
Epoch 248 | Loss: 0.029517 | Val: 0.142860  |  mse: 0.028385  sym: 0.000565  neg: 0.000567
--- Saved model to checkpoints/pid/state.pt ---
Epoch 249
Epoch 249 | Loss: 0.028051 | Val: 0.142632  |  mse: 0.027130  sym: 0.000382  neg: 0.000538
--- Saved model to checkpoints/pid/state.pt ---
Epoch 250
Epoch 250 | Loss: 0.025544 | Val: 0.142768  |  mse: 0.024649  sym: 0.000345  neg: 0.000550
FITS files saved to results/pid/run_20260627_141608_seed42/generated_fits
Computing FID/KID/PDF at epoch 250...
  FID: 111.9040 | KID: 0.067862
  Pixel PDF W-dist: 0.6665
  Compliance — pct_negative: 0.0000  sym_score: 0.0191
--- Saved model to checkpoints/pid/state.pt ---
Epoch 251
Epoch 251 | Loss: 0.025254 | Val: 0.145949  |  mse: 0.024421  sym: 0.000351  neg: 0.000482
--- Saved model to checkpoints/pid/state.pt ---
Epoch 252
Epoch 252 | Loss: 0.027288 | Val: 0.145850  |  mse: 0.026382  sym: 0.000399  neg: 0.000507
--- Saved model to checkpoints/pid/state.pt ---
Epoch 253
Epoch 253 | Loss: 0.021305 | Val: 0.142878  |  mse: 0.020567  sym: 0.000302  neg: 0.000436
--- Saved model to checkpoints/pid/state.pt ---
Epoch 254
Epoch 254 | Loss: 0.028236 | Val: 0.140803  |  mse: 0.027276  sym: 0.000418  neg: 0.000542
--- Saved model to checkpoints/pid/state.pt ---
Epoch 255
Epoch 255 | Loss: 0.026012 | Val: 0.143468  |  mse: 0.025157  sym: 0.000329  neg: 0.000527
FITS files saved to results/pid/run_20260627_141608_seed42/generated_fits
Computing FID/KID/PDF at epoch 255...
  FID: 118.5503 | KID: 0.084367
  Pixel PDF W-dist: 0.6928
  Compliance — pct_negative: 0.0000  sym_score: 0.0195
--- Saved model to checkpoints/pid/state.pt ---
Epoch 256
Epoch 256 | Loss: 0.034767 | Val: 0.141484  |  mse: 0.033757  sym: 0.000433  neg: 0.000577
--- Saved model to checkpoints/pid/state.pt ---
Epoch 257
Epoch 257 | Loss: 0.030792 | Val: 0.144173  |  mse: 0.029926  sym: 0.000307  neg: 0.000559
--- Saved model to checkpoints/pid/state.pt ---
Epoch 258
Epoch 258 | Loss: 0.026776 | Val: 0.144416  |  mse: 0.025660  sym: 0.000603  neg: 0.000514
--- Saved model to checkpoints/pid/state.pt ---
Epoch 259
Epoch 259 | Loss: 0.019935 | Val: 0.144015  |  mse: 0.019156  sym: 0.000280  neg: 0.000499
--- Saved model to checkpoints/pid/state.pt ---
Epoch 260
Epoch 260 | Loss: 0.026623 | Val: 0.140987  |  mse: 0.025777  sym: 0.000364  neg: 0.000482
FITS files saved to results/pid/run_20260627_141608_seed42/generated_fits
Computing FID/KID/PDF at epoch 260...
  FID: 112.7023 | KID: 0.082302
  Pixel PDF W-dist: 0.7125
  Compliance — pct_negative: 0.0000  sym_score: 0.0203
--- Saved model to checkpoints/pid/state.pt ---
Epoch 261
Epoch 261 | Loss: 0.019338 | Val: 0.142615  |  mse: 0.018591  sym: 0.000278  neg: 0.000469
--- Saved model to checkpoints/pid/state.pt ---
Epoch 262
Epoch 262 | Loss: 0.024523 | Val: 0.142283  |  mse: 0.023660  sym: 0.000365  neg: 0.000498
--- Saved model to checkpoints/pid/state.pt ---
Epoch 263
Epoch 263 | Loss: 0.026396 | Val: 0.141262  |  mse: 0.025589  sym: 0.000310  neg: 0.000496
--- Saved model to checkpoints/pid/state.pt ---
Epoch 264
Epoch 264 | Loss: 0.027454 | Val: 0.138202  |  mse: 0.026442  sym: 0.000511  neg: 0.000501
--- Saved model to checkpoints/pid/state.pt ---
Epoch 265
Epoch 265 | Loss: 0.020237 | Val: 0.142742  |  mse: 0.019416  sym: 0.000324  neg: 0.000498
FITS files saved to results/pid/run_20260627_141608_seed42/generated_fits
Computing FID/KID/PDF at epoch 265...
  FID: 116.0497 | KID: 0.071461
  Pixel PDF W-dist: 0.5317
  Compliance — pct_negative: 0.0000  sym_score: 0.0194
--- Saved model to checkpoints/pid/state.pt ---
Epoch 266
Epoch 266 | Loss: 0.026589 | Val: 0.140657  |  mse: 0.025713  sym: 0.000300  neg: 0.000576
--- Saved model to checkpoints/pid/state.pt ---
Epoch 267
Epoch 267 | Loss: 0.023947 | Val: 0.141770  |  mse: 0.022882  sym: 0.000572  neg: 0.000494
--- Saved model to checkpoints/pid/state.pt ---
Epoch 268
Epoch 268 | Loss: 0.028365 | Val: 0.141456  |  mse: 0.027442  sym: 0.000375  neg: 0.000549
--- Saved model to checkpoints/pid/state.pt ---
Epoch 269
Epoch 269 | Loss: 0.028530 | Val: 0.141617  |  mse: 0.027549  sym: 0.000385  neg: 0.000595
--- Saved model to checkpoints/pid/state.pt ---
Epoch 270
Epoch 270 | Loss: 0.025117 | Val: 0.140607  |  mse: 0.024233  sym: 0.000351  neg: 0.000533
FITS files saved to results/pid/run_20260627_141608_seed42/generated_fits
Computing FID/KID/PDF at epoch 270...
  FID: 123.2558 | KID: 0.092041
  Pixel PDF W-dist: 0.6371
  Compliance — pct_negative: 0.0000  sym_score: 0.0217
--- Saved model to checkpoints/pid/state.pt ---
Epoch 271
Epoch 271 | Loss: 0.028292 | Val: 0.140832  |  mse: 0.027444  sym: 0.000299  neg: 0.000549
--- Saved model to checkpoints/pid/state.pt ---
Epoch 272
Epoch 272 | Loss: 0.035233 | Val: 0.147958  |  mse: 0.034153  sym: 0.000491  neg: 0.000588
--- Saved model to checkpoints/pid/state.pt ---
Epoch 273
Epoch 273 | Loss: 0.026455 | Val: 0.138656  |  mse: 0.025226  sym: 0.000641  neg: 0.000587
--- Saved model to checkpoints/pid/state.pt ---
Epoch 274
Epoch 274 | Loss: 0.029983 | Val: 0.143942  |  mse: 0.029138  sym: 0.000324  neg: 0.000521
--- Saved model to checkpoints/pid/state.pt ---
Epoch 275
Epoch 275 | Loss: 0.031689 | Val: 0.142839  |  mse: 0.030826  sym: 0.000304  neg: 0.000559
FITS files saved to results/pid/run_20260627_141608_seed42/generated_fits
Computing FID/KID/PDF at epoch 275...
  FID: 132.9082 | KID: 0.108334
  Pixel PDF W-dist: 0.7308
  Compliance — pct_negative: 0.0000  sym_score: 0.0217
--- Saved model to checkpoints/pid/state.pt ---
Epoch 276
Epoch 276 | Loss: 0.023302 | Val: 0.142483  |  mse: 0.022508  sym: 0.000317  neg: 0.000477
--- Saved model to checkpoints/pid/state.pt ---
Epoch 277
Epoch 277 | Loss: 0.028046 | Val: 0.145157  |  mse: 0.027176  sym: 0.000326  neg: 0.000544
--- Saved model to checkpoints/pid/state.pt ---
Epoch 278
Epoch 278 | Loss: 0.029860 | Val: 0.140981  |  mse: 0.028906  sym: 0.000386  neg: 0.000567
--- Saved model to checkpoints/pid/state.pt ---
Epoch 279
Epoch 279 | Loss: 0.028521 | Val: 0.143148  |  mse: 0.027471  sym: 0.000455  neg: 0.000595
--- Saved model to checkpoints/pid/state.pt ---
Epoch 280
Epoch 280 | Loss: 0.028741 | Val: 0.142688  |  mse: 0.027774  sym: 0.000411  neg: 0.000555
FITS files saved to results/pid/run_20260627_141608_seed42/generated_fits
Computing FID/KID/PDF at epoch 280...
  FID: 119.1456 | KID: 0.094416
  Pixel PDF W-dist: 0.7237
  Compliance — pct_negative: 0.0000  sym_score: 0.0228
--- Saved model to checkpoints/pid/state.pt ---
Epoch 281
Epoch 281 | Loss: 0.028268 | Val: 0.142265  |  mse: 0.027455  sym: 0.000279  neg: 0.000534
--- Saved model to checkpoints/pid/state.pt ---
Epoch 282
Epoch 282 | Loss: 0.023394 | Val: 0.138129  |  mse: 0.022550  sym: 0.000345  neg: 0.000499
--- Saved model to checkpoints/pid/state.pt ---
Epoch 283
Epoch 283 | Loss: 0.025501 | Val: 0.145736  |  mse: 0.024693  sym: 0.000290  neg: 0.000519
--- Saved model to checkpoints/pid/state.pt ---
Epoch 284
Epoch 284 | Loss: 0.032907 | Val: 0.138976  |  mse: 0.031994  sym: 0.000390  neg: 0.000522
--- Saved model to checkpoints/pid/state.pt ---
Epoch 285
Epoch 285 | Loss: 0.025543 | Val: 0.144069  |  mse: 0.024697  sym: 0.000306  neg: 0.000539
FITS files saved to results/pid/run_20260627_141608_seed42/generated_fits
Computing FID/KID/PDF at epoch 285...
  FID: 119.3873 | KID: 0.100700
  Pixel PDF W-dist: 0.7080
  Compliance — pct_negative: 0.0000  sym_score: 0.0192
--- Saved model to checkpoints/pid/state.pt ---
Epoch 286
Epoch 286 | Loss: 0.021763 | Val: 0.144265  |  mse: 0.020952  sym: 0.000311  neg: 0.000500
--- Saved model to checkpoints/pid/state.pt ---
Epoch 287
Epoch 287 | Loss: 0.028498 | Val: 0.143666  |  mse: 0.027681  sym: 0.000294  neg: 0.000524
--- Saved model to checkpoints/pid/state.pt ---
Epoch 288
