CUDA Memory Cleared. Current VRAM Usage: 0.00 MB
On device cuda
Getting data loader mirabest_fits
Loaded FITS stats: noise_rms=0.000274, peak_log=3.938847
Total unique classes found: 2
Label IDs: [0, 1]
Total images in dataset: 1221
Total batches: 107 (at batch size 8)

============================================================
Run 1/1  |  seed=43  |  results -> results/pid/run_20260507_170453_seed43
============================================================

Training pid for 200 epochs
Epoch 0
Epoch 0 | Loss: 0.131063 | Val: 0.193670 | MSE: 0.092819 | Sym: 0.020607 | Neg: 0.017637
  Compliance — % negative pixels: 0.00% | symmetry score: 0.028796
FITS files saved to results/pid/run_20260507_170453_seed43/generated_fits
--- Saved model to checkpoints/pid/state.pt ---
Epoch 1
Epoch 1 | Loss: 0.050476 | Val: 0.184495 | MSE: 0.040117 | Sym: 0.005810 | Neg: 0.004548
--- Saved model to checkpoints/pid/state.pt ---
Epoch 2
Epoch 2 | Loss: 0.042894 | Val: 0.173873 | MSE: 0.036577 | Sym: 0.003321 | Neg: 0.002996
--- Saved model to checkpoints/pid/state.pt ---
Epoch 3
Epoch 3 | Loss: 0.041963 | Val: 0.170215 | MSE: 0.037289 | Sym: 0.002161 | Neg: 0.002512
--- Saved model to checkpoints/pid/state.pt ---
Epoch 4
Epoch 4 | Loss: 0.043906 | Val: 0.162471 | MSE: 0.039255 | Sym: 0.002235 | Neg: 0.002416
--- Saved model to checkpoints/pid/state.pt ---
Epoch 5
Epoch 5 | Loss: 0.033683 | Val: 0.165598 | MSE: 0.030350 | Sym: 0.001515 | Neg: 0.001818
  Compliance — % negative pixels: 0.00% | symmetry score: 0.031824
FITS files saved to results/pid/run_20260507_170453_seed43/generated_fits
--- Saved model to checkpoints/pid/state.pt ---
Epoch 6
Epoch 6 | Loss: 0.037315 | Val: 0.163008 | MSE: 0.033894 | Sym: 0.001442 | Neg: 0.001979
--- Saved model to checkpoints/pid/state.pt ---
Epoch 7
Epoch 7 | Loss: 0.034012 | Val: 0.164043 | MSE: 0.030754 | Sym: 0.001459 | Neg: 0.001799
--- Saved model to checkpoints/pid/state.pt ---
Epoch 8
Epoch 8 | Loss: 0.030294 | Val: 0.164070 | MSE: 0.027089 | Sym: 0.001465 | Neg: 0.001740
--- Saved model to checkpoints/pid/state.pt ---
Epoch 9
Epoch 9 | Loss: 0.032861 | Val: 0.161016 | MSE: 0.029594 | Sym: 0.001555 | Neg: 0.001712
--- Saved model to checkpoints/pid/state.pt ---
Epoch 10
Epoch 10 | Loss: 0.029878 | Val: 0.162468 | MSE: 0.027023 | Sym: 0.001210 | Neg: 0.001645
  Compliance — % negative pixels: 0.00% | symmetry score: 0.028105
FITS files saved to results/pid/run_20260507_170453_seed43/generated_fits
--- Saved model to checkpoints/pid/state.pt ---
Epoch 11
Epoch 11 | Loss: 0.031846 | Val: 0.163135 | MSE: 0.028803 | Sym: 0.001236 | Neg: 0.001807
--- Saved model to checkpoints/pid/state.pt ---
Epoch 12
Epoch 12 | Loss: 0.035392 | Val: 0.163261 | MSE: 0.032273 | Sym: 0.001217 | Neg: 0.001902
--- Saved model to checkpoints/pid/state.pt ---
Epoch 13
Epoch 13 | Loss: 0.031837 | Val: 0.160539 | MSE: 0.029019 | Sym: 0.001129 | Neg: 0.001688
--- Saved model to checkpoints/pid/state.pt ---
Epoch 14
Epoch 14 | Loss: 0.030154 | Val: 0.160172 | MSE: 0.027355 | Sym: 0.001082 | Neg: 0.001717
--- Saved model to checkpoints/pid/state.pt ---
Epoch 15
Epoch 15 | Loss: 0.027970 | Val: 0.154996 | MSE: 0.025512 | Sym: 0.000932 | Neg: 0.001525
  Compliance — % negative pixels: 0.00% | symmetry score: 0.026145
FITS files saved to results/pid/run_20260507_170453_seed43/generated_fits
--- Saved model to checkpoints/pid/state.pt ---
Epoch 16
Epoch 16 | Loss: 0.039019 | Val: 0.155459 | MSE: 0.035683 | Sym: 0.001414 | Neg: 0.001922
--- Saved model to checkpoints/pid/state.pt ---
Epoch 17
Epoch 17 | Loss: 0.032582 | Val: 0.155945 | MSE: 0.029827 | Sym: 0.001070 | Neg: 0.001684
--- Saved model to checkpoints/pid/state.pt ---
Epoch 18
Epoch 18 | Loss: 0.037502 | Val: 0.162468 | MSE: 0.034595 | Sym: 0.001070 | Neg: 0.001837
--- Saved model to checkpoints/pid/state.pt ---
Epoch 19
Epoch 19 | Loss: 0.027676 | Val: 0.157389 | MSE: 0.025170 | Sym: 0.000948 | Neg: 0.001558
--- Saved model to checkpoints/pid/state.pt ---
Epoch 20
Epoch 20 | Loss: 0.034151 | Val: 0.157296 | MSE: 0.030199 | Sym: 0.002219 | Neg: 0.001733
  Compliance — % negative pixels: 0.00% | symmetry score: 0.023875
FITS files saved to results/pid/run_20260507_170453_seed43/generated_fits
--- Saved model to checkpoints/pid/state.pt ---
Epoch 21
Epoch 21 | Loss: 0.026612 | Val: 0.158471 | MSE: 0.024195 | Sym: 0.000811 | Neg: 0.001606
--- Saved model to checkpoints/pid/state.pt ---
Epoch 22
Epoch 22 | Loss: 0.033921 | Val: 0.159183 | MSE: 0.031297 | Sym: 0.000944 | Neg: 0.001679
--- Saved model to checkpoints/pid/state.pt ---
Epoch 23
Epoch 23 | Loss: 0.032106 | Val: 0.154362 | MSE: 0.029576 | Sym: 0.000816 | Neg: 0.001714
--- Saved model to checkpoints/pid/state.pt ---
Epoch 24
Epoch 24 | Loss: 0.027083 | Val: 0.156084 | MSE: 0.024747 | Sym: 0.000924 | Neg: 0.001412
--- Saved model to checkpoints/pid/state.pt ---
Epoch 25
Epoch 25 | Loss: 0.032881 | Val: 0.155423 | MSE: 0.029889 | Sym: 0.001278 | Neg: 0.001715
  Compliance — % negative pixels: 0.00% | symmetry score: 0.023341
FITS files saved to results/pid/run_20260507_170453_seed43/generated_fits
--- Saved model to checkpoints/pid/state.pt ---
Epoch 26
Epoch 26 | Loss: 0.039786 | Val: 0.157173 | MSE: 0.036908 | Sym: 0.000784 | Neg: 0.002094
--- Saved model to checkpoints/pid/state.pt ---
Epoch 27
Epoch 27 | Loss: 0.033375 | Val: 0.154020 | MSE: 0.030883 | Sym: 0.000810 | Neg: 0.001682
--- Saved model to checkpoints/pid/state.pt ---
Epoch 28
Epoch 28 | Loss: 0.036310 | Val: 0.155186 | MSE: 0.033646 | Sym: 0.000817 | Neg: 0.001846
--- Saved model to checkpoints/pid/state.pt ---
Epoch 29
Epoch 29 | Loss: 0.026645 | Val: 0.154625 | MSE: 0.024380 | Sym: 0.000902 | Neg: 0.001363
--- Saved model to checkpoints/pid/state.pt ---
Epoch 30
Epoch 30 | Loss: 0.038224 | Val: 0.153703 | MSE: 0.035625 | Sym: 0.000746 | Neg: 0.001853
  Compliance — % negative pixels: 0.00% | symmetry score: 0.023466
FITS files saved to results/pid/run_20260507_170453_seed43/generated_fits
--- Saved model to checkpoints/pid/state.pt ---
Epoch 31
Epoch 31 | Loss: 0.030397 | Val: 0.153217 | MSE: 0.028171 | Sym: 0.000703 | Neg: 0.001523
--- Saved model to checkpoints/pid/state.pt ---
Epoch 32
Epoch 32 | Loss: 0.032117 | Val: 0.155325 | MSE: 0.029140 | Sym: 0.001333 | Neg: 0.001645
--- Saved model to checkpoints/pid/state.pt ---
Epoch 33
Epoch 33 | Loss: 0.028668 | Val: 0.158199 | MSE: 0.026074 | Sym: 0.000929 | Neg: 0.001665
--- Saved model to checkpoints/pid/state.pt ---
Epoch 34
Epoch 34 | Loss: 0.035087 | Val: 0.156424 | MSE: 0.032419 | Sym: 0.000835 | Neg: 0.001833
--- Saved model to checkpoints/pid/state.pt ---
Epoch 35
Epoch 35 | Loss: 0.038552 | Val: 0.153500 | MSE: 0.035141 | Sym: 0.001588 | Neg: 0.001823
  Compliance — % negative pixels: 0.00% | symmetry score: 0.021026
FITS files saved to results/pid/run_20260507_170453_seed43/generated_fits
--- Saved model to checkpoints/pid/state.pt ---
Epoch 36
Epoch 36 | Loss: 0.036244 | Val: 0.153125 | MSE: 0.033339 | Sym: 0.001017 | Neg: 0.001888
--- Saved model to checkpoints/pid/state.pt ---
Epoch 37
Epoch 37 | Loss: 0.036160 | Val: 0.156733 | MSE: 0.033775 | Sym: 0.000645 | Neg: 0.001741
--- Saved model to checkpoints/pid/state.pt ---
Epoch 38
Epoch 38 | Loss: 0.029065 | Val: 0.157434 | MSE: 0.026590 | Sym: 0.000975 | Neg: 0.001500
--- Saved model to checkpoints/pid/state.pt ---
Epoch 39
Epoch 39 | Loss: 0.033640 | Val: 0.152894 | MSE: 0.030668 | Sym: 0.001102 | Neg: 0.001870
--- Saved model to checkpoints/pid/state.pt ---
Epoch 40
Epoch 40 | Loss: 0.035867 | Val: 0.151350 | MSE: 0.033202 | Sym: 0.000740 | Neg: 0.001926
  Compliance — % negative pixels: 0.00% | symmetry score: 0.021314
FITS files saved to results/pid/run_20260507_170453_seed43/generated_fits
--- Saved model to checkpoints/pid/state.pt ---
Epoch 41
Epoch 41 | Loss: 0.031824 | Val: 0.154303 | MSE: 0.029401 | Sym: 0.000721 | Neg: 0.001702
--- Saved model to checkpoints/pid/state.pt ---
Epoch 42
Epoch 42 | Loss: 0.030471 | Val: 0.155034 | MSE: 0.028217 | Sym: 0.000624 | Neg: 0.001631
--- Saved model to checkpoints/pid/state.pt ---
Epoch 43
Epoch 43 | Loss: 0.037872 | Val: 0.151698 | MSE: 0.035403 | Sym: 0.000646 | Neg: 0.001824
--- Saved model to checkpoints/pid/state.pt ---
Epoch 44
Epoch 44 | Loss: 0.031939 | Val: 0.153364 | MSE: 0.029607 | Sym: 0.000771 | Neg: 0.001561
--- Saved model to checkpoints/pid/state.pt ---
Epoch 45
Epoch 45 | Loss: 0.037610 | Val: 0.152876 | MSE: 0.034709 | Sym: 0.001118 | Neg: 0.001783
  Compliance — % negative pixels: 0.00% | symmetry score: 0.018245
FITS files saved to results/pid/run_20260507_170453_seed43/generated_fits
--- Saved model to checkpoints/pid/state.pt ---
Epoch 46
Epoch 46 | Loss: 0.020376 | Val: 0.151849 | MSE: 0.018517 | Sym: 0.000642 | Neg: 0.001216
--- Saved model to checkpoints/pid/state.pt ---
Epoch 47
Epoch 47 | Loss: 0.033358 | Val: 0.157723 | MSE: 0.031007 | Sym: 0.000683 | Neg: 0.001668
--- Saved model to checkpoints/pid/state.pt ---
Epoch 48
Epoch 48 | Loss: 0.039310 | Val: 0.165994 | MSE: 0.036362 | Sym: 0.001086 | Neg: 0.001862
--- Saved model to checkpoints/pid/state.pt ---
Epoch 49
Epoch 49 | Loss: 0.028504 | Val: 0.151845 | MSE: 0.025424 | Sym: 0.001331 | Neg: 0.001750
--- Saved model to checkpoints/pid/state.pt ---
Epoch 50
Epoch 50 | Loss: 0.031661 | Val: 0.153174 | MSE: 0.029173 | Sym: 0.000898 | Neg: 0.001591
  Compliance — % negative pixels: 0.00% | symmetry score: 0.019226
FITS files saved to results/pid/run_20260507_170453_seed43/generated_fits
--- Saved model to checkpoints/pid/state.pt ---
Epoch 51
Epoch 51 | Loss: 0.031563 | Val: 0.150505 | MSE: 0.029116 | Sym: 0.000838 | Neg: 0.001609
--- Saved model to checkpoints/pid/state.pt ---
Epoch 52
Epoch 52 | Loss: 0.038730 | Val: 0.154083 | MSE: 0.035392 | Sym: 0.001411 | Neg: 0.001927
--- Saved model to checkpoints/pid/state.pt ---
Epoch 53
Epoch 53 | Loss: 0.032219 | Val: 0.154010 | MSE: 0.030019 | Sym: 0.000512 | Neg: 0.001687
--- Saved model to checkpoints/pid/state.pt ---
Epoch 54
Epoch 54 | Loss: 0.034118 | Val: 0.154295 | MSE: 0.031769 | Sym: 0.000650 | Neg: 0.001699
--- Saved model to checkpoints/pid/state.pt ---
Epoch 55
Epoch 55 | Loss: 0.028553 | Val: 0.151674 | MSE: 0.026360 | Sym: 0.000640 | Neg: 0.001553
  Compliance — % negative pixels: 0.00% | symmetry score: 0.018882
FITS files saved to results/pid/run_20260507_170453_seed43/generated_fits
--- Saved model to checkpoints/pid/state.pt ---
Epoch 56
Epoch 56 | Loss: 0.027922 | Val: 0.152253 | MSE: 0.025835 | Sym: 0.000654 | Neg: 0.001433
--- Saved model to checkpoints/pid/state.pt ---
Epoch 57
Epoch 57 | Loss: 0.025329 | Val: 0.155125 | MSE: 0.022854 | Sym: 0.001172 | Neg: 0.001303
--- Saved model to checkpoints/pid/state.pt ---
Epoch 58
Epoch 58 | Loss: 0.035614 | Val: 0.150779 | MSE: 0.032632 | Sym: 0.001189 | Neg: 0.001793
--- Saved model to checkpoints/pid/state.pt ---
Epoch 59
Epoch 59 | Loss: 0.032682 | Val: 0.152790 | MSE: 0.030266 | Sym: 0.000615 | Neg: 0.001801
--- Saved model to checkpoints/pid/state.pt ---
Epoch 60
Epoch 60 | Loss: 0.040980 | Val: 0.151746 | MSE: 0.037354 | Sym: 0.001563 | Neg: 0.002063
  Compliance — % negative pixels: 0.00% | symmetry score: 0.017374
FITS files saved to results/pid/run_20260507_170453_seed43/generated_fits
--- Saved model to checkpoints/pid/state.pt ---
Epoch 61
Epoch 61 | Loss: 0.024999 | Val: 0.153034 | MSE: 0.023025 | Sym: 0.000593 | Neg: 0.001381
--- Saved model to checkpoints/pid/state.pt ---
Epoch 62
Epoch 62 | Loss: 0.027524 | Val: 0.151853 | MSE: 0.025291 | Sym: 0.000669 | Neg: 0.001564
--- Saved model to checkpoints/pid/state.pt ---
Epoch 63
Epoch 63 | Loss: 0.028791 | Val: 0.152530 | MSE: 0.026608 | Sym: 0.000745 | Neg: 0.001439
--- Saved model to checkpoints/pid/state.pt ---
Epoch 64
Epoch 64 | Loss: 0.026110 | Val: 0.151058 | MSE: 0.024015 | Sym: 0.000670 | Neg: 0.001425
--- Saved model to checkpoints/pid/state.pt ---
Epoch 65
Epoch 65 | Loss: 0.032824 | Val: 0.150310 | MSE: 0.030559 | Sym: 0.000565 | Neg: 0.001700
  Compliance — % negative pixels: 0.00% | symmetry score: 0.018428
FITS files saved to results/pid/run_20260507_170453_seed43/generated_fits
--- Saved model to checkpoints/pid/state.pt ---
Epoch 66
Epoch 66 | Loss: 0.028766 | Val: 0.150514 | MSE: 0.026726 | Sym: 0.000552 | Neg: 0.001488
--- Saved model to checkpoints/pid/state.pt ---
Epoch 67
Epoch 67 | Loss: 0.031187 | Val: 0.151123 | MSE: 0.028796 | Sym: 0.000752 | Neg: 0.001640
--- Saved model to checkpoints/pid/state.pt ---
Epoch 68
Epoch 68 | Loss: 0.029012 | Val: 0.151330 | MSE: 0.026448 | Sym: 0.001051 | Neg: 0.001514
--- Saved model to checkpoints/pid/state.pt ---
Epoch 69
Epoch 69 | Loss: 0.032359 | Val: 0.152451 | MSE: 0.030116 | Sym: 0.000634 | Neg: 0.001609
--- Saved model to checkpoints/pid/state.pt ---
Epoch 70
Epoch 70 | Loss: 0.033750 | Val: 0.154812 | MSE: 0.031480 | Sym: 0.000639 | Neg: 0.001630
  Compliance — % negative pixels: 0.00% | symmetry score: 0.018848
FITS files saved to results/pid/run_20260507_170453_seed43/generated_fits
--- Saved model to checkpoints/pid/state.pt ---
Epoch 71
Epoch 71 | Loss: 0.032084 | Val: 0.153772 | MSE: 0.029774 | Sym: 0.000656 | Neg: 0.001654
--- Saved model to checkpoints/pid/state.pt ---
Epoch 72
Epoch 72 | Loss: 0.028159 | Val: 0.152506 | MSE: 0.026035 | Sym: 0.000660 | Neg: 0.001464
--- Saved model to checkpoints/pid/state.pt ---
Epoch 73
Epoch 73 | Loss: 0.031926 | Val: 0.153889 | MSE: 0.029330 | Sym: 0.000988 | Neg: 0.001608
--- Saved model to checkpoints/pid/state.pt ---
Epoch 74
Epoch 74 | Loss: 0.030407 | Val: 0.152599 | MSE: 0.028286 | Sym: 0.000624 | Neg: 0.001497
--- Saved model to checkpoints/pid/state.pt ---
Epoch 75
Epoch 75 | Loss: 0.032362 | Val: 0.152424 | MSE: 0.029876 | Sym: 0.000674 | Neg: 0.001812
  Compliance — % negative pixels: 0.00% | symmetry score: 0.020536
FITS files saved to results/pid/run_20260507_170453_seed43/generated_fits
--- Saved model to checkpoints/pid/state.pt ---
Epoch 76
Epoch 76 | Loss: 0.024449 | Val: 0.152964 | MSE: 0.022388 | Sym: 0.000606 | Neg: 0.001454
--- Saved model to checkpoints/pid/state.pt ---
Epoch 77
Epoch 77 | Loss: 0.026084 | Val: 0.151854 | MSE: 0.023974 | Sym: 0.000738 | Neg: 0.001371
--- Saved model to checkpoints/pid/state.pt ---
Epoch 78
Epoch 78 | Loss: 0.035426 | Val: 0.148445 | MSE: 0.032871 | Sym: 0.000791 | Neg: 0.001763
--- Saved model to checkpoints/pid/state.pt ---
Epoch 79
Epoch 79 | Loss: 0.026826 | Val: 0.150953 | MSE: 0.024819 | Sym: 0.000552 | Neg: 0.001456
--- Saved model to checkpoints/pid/state.pt ---
Epoch 80
Epoch 80 | Loss: 0.042980 | Val: 0.181108 | MSE: 0.037360 | Sym: 0.003286 | Neg: 0.002335
  Compliance — % negative pixels: 0.00% | symmetry score: 0.015801
FITS files saved to results/pid/run_20260507_170453_seed43/generated_fits
--- Saved model to checkpoints/pid/state.pt ---
Epoch 81
Epoch 81 | Loss: 0.032568 | Val: 0.152344 | MSE: 0.029295 | Sym: 0.001264 | Neg: 0.002009
--- Saved model to checkpoints/pid/state.pt ---
Epoch 82
Epoch 82 | Loss: 0.032729 | Val: 0.152037 | MSE: 0.030219 | Sym: 0.000702 | Neg: 0.001807
--- Saved model to checkpoints/pid/state.pt ---
Epoch 83
Epoch 83 | Loss: 0.028577 | Val: 0.150162 | MSE: 0.026301 | Sym: 0.000779 | Neg: 0.001498
--- Saved model to checkpoints/pid/state.pt ---
Epoch 84
Epoch 84 | Loss: 0.024765 | Val: 0.153082 | MSE: 0.022833 | Sym: 0.000516 | Neg: 0.001416
--- Saved model to checkpoints/pid/state.pt ---
Epoch 85
Epoch 85 | Loss: 0.028337 | Val: 0.150026 | MSE: 0.026335 | Sym: 0.000647 | Neg: 0.001354
  Compliance — % negative pixels: 0.00% | symmetry score: 0.017476
FITS files saved to results/pid/run_20260507_170453_seed43/generated_fits
--- Saved model to checkpoints/pid/state.pt ---
Epoch 86
Epoch 86 | Loss: 0.035533 | Val: 0.149876 | MSE: 0.033276 | Sym: 0.000501 | Neg: 0.001756
--- Saved model to checkpoints/pid/state.pt ---
Epoch 87
Epoch 87 | Loss: 0.028387 | Val: 0.149874 | MSE: 0.026468 | Sym: 0.000579 | Neg: 0.001340
--- Saved model to checkpoints/pid/state.pt ---
Epoch 88
Epoch 88 | Loss: 0.037674 | Val: 0.149513 | MSE: 0.035203 | Sym: 0.000589 | Neg: 0.001882
--- Saved model to checkpoints/pid/state.pt ---
Epoch 89
Epoch 89 | Loss: 0.033427 | Val: 0.148933 | MSE: 0.030604 | Sym: 0.001124 | Neg: 0.001699
--- Saved model to checkpoints/pid/state.pt ---
Epoch 90
Epoch 90 | Loss: 0.027618 | Val: 0.153078 | MSE: 0.025737 | Sym: 0.000497 | Neg: 0.001385
  Compliance — % negative pixels: 0.00% | symmetry score: 0.016843
FITS files saved to results/pid/run_20260507_170453_seed43/generated_fits
--- Saved model to checkpoints/pid/state.pt ---
Epoch 91
Epoch 91 | Loss: 0.027664 | Val: 0.152075 | MSE: 0.025582 | Sym: 0.000588 | Neg: 0.001494
--- Saved model to checkpoints/pid/state.pt ---
Epoch 92
Epoch 92 | Loss: 0.028196 | Val: 0.151002 | MSE: 0.026179 | Sym: 0.000542 | Neg: 0.001474
--- Saved model to checkpoints/pid/state.pt ---
Epoch 93
Epoch 93 | Loss: 0.029366 | Val: 0.151436 | MSE: 0.026856 | Sym: 0.001000 | Neg: 0.001510
--- Saved model to checkpoints/pid/state.pt ---
Epoch 94
Epoch 94 | Loss: 0.030694 | Val: 0.151421 | MSE: 0.028677 | Sym: 0.000530 | Neg: 0.001487
--- Saved model to checkpoints/pid/state.pt ---
Epoch 95
Epoch 95 | Loss: 0.030826 | Val: 0.149891 | MSE: 0.028682 | Sym: 0.000622 | Neg: 0.001522
  Compliance — % negative pixels: 0.00% | symmetry score: 0.017339
FITS files saved to results/pid/run_20260507_170453_seed43/generated_fits
--- Saved model to checkpoints/pid/state.pt ---
Epoch 96
Epoch 96 | Loss: 0.030908 | Val: 0.149734 | MSE: 0.028764 | Sym: 0.000633 | Neg: 0.001511
--- Saved model to checkpoints/pid/state.pt ---
Epoch 97
Epoch 97 | Loss: 0.036937 | Val: 0.151189 | MSE: 0.034529 | Sym: 0.000691 | Neg: 0.001717
--- Saved model to checkpoints/pid/state.pt ---
Epoch 98
Epoch 98 | Loss: 0.028519 | Val: 0.152069 | MSE: 0.026442 | Sym: 0.000510 | Neg: 0.001567
--- Saved model to checkpoints/pid/state.pt ---
Epoch 99
Epoch 99 | Loss: 0.033267 | Val: 0.151961 | MSE: 0.030792 | Sym: 0.000762 | Neg: 0.001713
--- Saved model to checkpoints/pid/state.pt ---
Epoch 100
Epoch 100 | Loss: 0.031561 | Val: 0.151747 | MSE: 0.029271 | Sym: 0.000610 | Neg: 0.001681
  Compliance — % negative pixels: 0.00% | symmetry score: 0.016669
FITS files saved to results/pid/run_20260507_170453_seed43/generated_fits
--- Saved model to checkpoints/pid/state.pt ---
Epoch 101
Epoch 101 | Loss: 0.029712 | Val: 0.149921 | MSE: 0.027456 | Sym: 0.000736 | Neg: 0.001520
--- Saved model to checkpoints/pid/state.pt ---
Epoch 102
Epoch 102 | Loss: 0.030072 | Val: 0.152980 | MSE: 0.027639 | Sym: 0.000951 | Neg: 0.001482
--- Saved model to checkpoints/pid/state.pt ---
Epoch 103
Epoch 103 | Loss: 0.033093 | Val: 0.149294 | MSE: 0.030941 | Sym: 0.000482 | Neg: 0.001671
--- Saved model to checkpoints/pid/state.pt ---
Epoch 104
Epoch 104 | Loss: 0.035509 | Val: 0.149830 | MSE: 0.033222 | Sym: 0.000547 | Neg: 0.001740
--- Saved model to checkpoints/pid/state.pt ---
Epoch 105
Epoch 105 | Loss: 0.035849 | Val: 0.154373 | MSE: 0.033527 | Sym: 0.000658 | Neg: 0.001664
  Compliance — % negative pixels: 0.00% | symmetry score: 0.016185
FITS files saved to results/pid/run_20260507_170453_seed43/generated_fits
--- Saved model to checkpoints/pid/state.pt ---
Epoch 106
Epoch 106 | Loss: 0.025781 | Val: 0.152933 | MSE: 0.023442 | Sym: 0.000763 | Neg: 0.001577
--- Saved model to checkpoints/pid/state.pt ---
Epoch 107
Epoch 107 | Loss: 0.033671 | Val: 0.152434 | MSE: 0.030566 | Sym: 0.001316 | Neg: 0.001790
--- Saved model to checkpoints/pid/state.pt ---
Epoch 108
Epoch 108 | Loss: 0.024024 | Val: 0.147692 | MSE: 0.022144 | Sym: 0.000476 | Neg: 0.001404
--- Saved model to checkpoints/pid/state.pt ---
Epoch 109
Epoch 109 | Loss: 0.029072 | Val: 0.151391 | MSE: 0.026919 | Sym: 0.000603 | Neg: 0.001551
--- Saved model to checkpoints/pid/state.pt ---
Epoch 110
Epoch 110 | Loss: 0.028454 | Val: 0.153275 | MSE: 0.026249 | Sym: 0.000690 | Neg: 0.001514
  Compliance — % negative pixels: 0.00% | symmetry score: 0.016509
FITS files saved to results/pid/run_20260507_170453_seed43/generated_fits
--- Saved model to checkpoints/pid/state.pt ---
Epoch 111
Epoch 111 | Loss: 0.031873 | Val: 0.150315 | MSE: 0.029906 | Sym: 0.000523 | Neg: 0.001444
--- Saved model to checkpoints/pid/state.pt ---
Epoch 112
Epoch 112 | Loss: 0.030323 | Val: 0.150572 | MSE: 0.028247 | Sym: 0.000561 | Neg: 0.001515
--- Saved model to checkpoints/pid/state.pt ---
Epoch 113
Epoch 113 | Loss: 0.037105 | Val: 0.152183 | MSE: 0.034822 | Sym: 0.000473 | Neg: 0.001810
--- Saved model to checkpoints/pid/state.pt ---
Epoch 114
Epoch 114 | Loss: 0.030518 | Val: 0.149389 | MSE: 0.028362 | Sym: 0.000613 | Neg: 0.001543
--- Saved model to checkpoints/pid/state.pt ---
Epoch 115
Epoch 115 | Loss: 0.027203 | Val: 0.150309 | MSE: 0.025239 | Sym: 0.000542 | Neg: 0.001423
  Compliance — % negative pixels: 0.00% | symmetry score: 0.017394
FITS files saved to results/pid/run_20260507_170453_seed43/generated_fits
--- Saved model to checkpoints/pid/state.pt ---
Epoch 116
Epoch 116 | Loss: 0.028261 | Val: 0.151933 | MSE: 0.026140 | Sym: 0.000599 | Neg: 0.001522
--- Saved model to checkpoints/pid/state.pt ---
Epoch 117
Epoch 117 | Loss: 0.028820 | Val: 0.153724 | MSE: 0.026736 | Sym: 0.000647 | Neg: 0.001437
--- Saved model to checkpoints/pid/state.pt ---
Epoch 118
Epoch 118 | Loss: 0.026366 | Val: 0.150873 | MSE: 0.024344 | Sym: 0.000632 | Neg: 0.001390
--- Saved model to checkpoints/pid/state.pt ---
Epoch 119
Epoch 119 | Loss: 0.031963 | Val: 0.148093 | MSE: 0.029818 | Sym: 0.000564 | Neg: 0.001580
--- Saved model to checkpoints/pid/state.pt ---
Epoch 120
Epoch 120 | Loss: 0.032556 | Val: 0.150105 | MSE: 0.030040 | Sym: 0.000869 | Neg: 0.001646
  Compliance — % negative pixels: 0.00% | symmetry score: 0.017210
FITS files saved to results/pid/run_20260507_170453_seed43/generated_fits
--- Saved model to checkpoints/pid/state.pt ---
Epoch 121
Epoch 121 | Loss: 0.032451 | Val: 0.150903 | MSE: 0.030041 | Sym: 0.000766 | Neg: 0.001644
--- Saved model to checkpoints/pid/state.pt ---
Epoch 122
Epoch 122 | Loss: 0.029994 | Val: 0.151282 | MSE: 0.027819 | Sym: 0.000609 | Neg: 0.001566
--- Saved model to checkpoints/pid/state.pt ---
Epoch 123
Epoch 123 | Loss: 0.024446 | Val: 0.150959 | MSE: 0.022658 | Sym: 0.000563 | Neg: 0.001225
--- Saved model to checkpoints/pid/state.pt ---
Epoch 124
Epoch 124 | Loss: 0.036655 | Val: 0.147444 | MSE: 0.034185 | Sym: 0.000802 | Neg: 0.001667
--- Saved model to checkpoints/pid/state.pt ---
Epoch 125
Epoch 125 | Loss: 0.035076 | Val: 0.150440 | MSE: 0.032859 | Sym: 0.000577 | Neg: 0.001641
  Compliance — % negative pixels: 0.00% | symmetry score: 0.015334
FITS files saved to results/pid/run_20260507_170453_seed43/generated_fits
--- Saved model to checkpoints/pid/state.pt ---
Epoch 126
Epoch 126 | Loss: 0.031791 | Val: 0.149610 | MSE: 0.029791 | Sym: 0.000499 | Neg: 0.001501
--- Saved model to checkpoints/pid/state.pt ---
Epoch 127
Epoch 127 | Loss: 0.029351 | Val: 0.146679 | MSE: 0.027212 | Sym: 0.000621 | Neg: 0.001519
--- Saved model to checkpoints/pid/state.pt ---
Epoch 128
Epoch 128 | Loss: 0.038238 | Val: 0.150157 | MSE: 0.034981 | Sym: 0.001430 | Neg: 0.001827
--- Saved model to checkpoints/pid/state.pt ---
Epoch 129
Epoch 129 | Loss: 0.030570 | Val: 0.149565 | MSE: 0.028353 | Sym: 0.000604 | Neg: 0.001612
--- Saved model to checkpoints/pid/state.pt ---
Epoch 130
Epoch 130 | Loss: 0.027254 | Val: 0.147965 | MSE: 0.025114 | Sym: 0.000648 | Neg: 0.001492
  Compliance — % negative pixels: 0.00% | symmetry score: 0.014842
FITS files saved to results/pid/run_20260507_170453_seed43/generated_fits
--- Saved model to checkpoints/pid/state.pt ---
Epoch 131
Epoch 131 | Loss: 0.028849 | Val: 0.149423 | MSE: 0.026557 | Sym: 0.000743 | Neg: 0.001549
--- Saved model to checkpoints/pid/state.pt ---
Epoch 132
Epoch 132 | Loss: 0.033451 | Val: 0.150617 | MSE: 0.031222 | Sym: 0.000535 | Neg: 0.001693
--- Saved model to checkpoints/pid/state.pt ---
Epoch 133
Epoch 133 | Loss: 0.030891 | Val: 0.149599 | MSE: 0.028849 | Sym: 0.000518 | Neg: 0.001523
--- Saved model to checkpoints/pid/state.pt ---
Epoch 134
Epoch 134 | Loss: 0.027314 | Val: 0.149979 | MSE: 0.025496 | Sym: 0.000457 | Neg: 0.001361
--- Saved model to checkpoints/pid/state.pt ---
Epoch 135
Epoch 135 | Loss: 0.025210 | Val: 0.148973 | MSE: 0.023213 | Sym: 0.000640 | Neg: 0.001357
  Compliance — % negative pixels: 0.00% | symmetry score: 0.014075
FITS files saved to results/pid/run_20260507_170453_seed43/generated_fits
--- Saved model to checkpoints/pid/state.pt ---
Epoch 136
Epoch 136 | Loss: 0.034493 | Val: 0.155917 | MSE: 0.031976 | Sym: 0.000930 | Neg: 0.001587
--- Saved model to checkpoints/pid/state.pt ---
Epoch 137
Epoch 137 | Loss: 0.027357 | Val: 0.150623 | MSE: 0.025037 | Sym: 0.000751 | Neg: 0.001568
--- Saved model to checkpoints/pid/state.pt ---
Epoch 138
Epoch 138 | Loss: 0.037184 | Val: 0.150474 | MSE: 0.034826 | Sym: 0.000567 | Neg: 0.001791
--- Saved model to checkpoints/pid/state.pt ---
Epoch 139
Epoch 139 | Loss: 0.033759 | Val: 0.148343 | MSE: 0.031575 | Sym: 0.000503 | Neg: 0.001681
--- Saved model to checkpoints/pid/state.pt ---
Epoch 140
Epoch 140 | Loss: 0.025686 | Val: 0.151252 | MSE: 0.023753 | Sym: 0.000522 | Neg: 0.001411
  Compliance — % negative pixels: 0.00% | symmetry score: 0.015596
FITS files saved to results/pid/run_20260507_170453_seed43/generated_fits
--- Saved model to checkpoints/pid/state.pt ---
Epoch 141
Epoch 141 | Loss: 0.025594 | Val: 0.151571 | MSE: 0.023468 | Sym: 0.000680 | Neg: 0.001446
--- Saved model to checkpoints/pid/state.pt ---
Epoch 142
Epoch 142 | Loss: 0.032749 | Val: 0.151300 | MSE: 0.030407 | Sym: 0.000765 | Neg: 0.001577
--- Saved model to checkpoints/pid/state.pt ---
Epoch 143
Epoch 143 | Loss: 0.033605 | Val: 0.147543 | MSE: 0.031367 | Sym: 0.000571 | Neg: 0.001667
--- Saved model to checkpoints/pid/state.pt ---
Epoch 144
Epoch 144 | Loss: 0.031209 | Val: 0.149197 | MSE: 0.029052 | Sym: 0.000551 | Neg: 0.001606
--- Saved model to checkpoints/pid/state.pt ---
Epoch 145
Epoch 145 | Loss: 0.038010 | Val: 0.147381 | MSE: 0.035437 | Sym: 0.000848 | Neg: 0.001725
  Compliance — % negative pixels: 0.00% | symmetry score: 0.015823
FITS files saved to results/pid/run_20260507_170453_seed43/generated_fits
--- Saved model to checkpoints/pid/state.pt ---
Epoch 146
Epoch 146 | Loss: 0.026399 | Val: 0.150493 | MSE: 0.024379 | Sym: 0.000581 | Neg: 0.001439
--- Saved model to checkpoints/pid/state.pt ---
Epoch 147
Epoch 147 | Loss: 0.034929 | Val: 0.151665 | MSE: 0.032356 | Sym: 0.000948 | Neg: 0.001625
--- Saved model to checkpoints/pid/state.pt ---
Epoch 148
Epoch 148 | Loss: 0.027836 | Val: 0.149927 | MSE: 0.025847 | Sym: 0.000524 | Neg: 0.001464
--- Saved model to checkpoints/pid/state.pt ---
Epoch 149
Epoch 149 | Loss: 0.028975 | Val: 0.149096 | MSE: 0.026668 | Sym: 0.000897 | Neg: 0.001411
--- Saved model to checkpoints/pid/state.pt ---
Epoch 150
Epoch 150 | Loss: 0.032121 | Val: 0.150228 | MSE: 0.029847 | Sym: 0.000604 | Neg: 0.001670
  Compliance — % negative pixels: 0.00% | symmetry score: 0.017062
FITS files saved to results/pid/run_20260507_170453_seed43/generated_fits
--- Saved model to checkpoints/pid/state.pt ---
Epoch 151
Epoch 151 | Loss: 0.030852 | Val: 0.150088 | MSE: 0.028775 | Sym: 0.000460 | Neg: 0.001618
--- Saved model to checkpoints/pid/state.pt ---
Epoch 152
Epoch 152 | Loss: 0.031320 | Val: 0.150205 | MSE: 0.029319 | Sym: 0.000563 | Neg: 0.001438
--- Saved model to checkpoints/pid/state.pt ---
Epoch 153
Epoch 153 | Loss: 0.026633 | Val: 0.150224 | MSE: 0.024816 | Sym: 0.000548 | Neg: 0.001268
--- Saved model to checkpoints/pid/state.pt ---
Epoch 154
Epoch 154 | Loss: 0.030750 | Val: 0.152110 | MSE: 0.028611 | Sym: 0.000543 | Neg: 0.001596
--- Saved model to checkpoints/pid/state.pt ---
Epoch 155
Epoch 155 | Loss: 0.026489 | Val: 0.149432 | MSE: 0.024316 | Sym: 0.000780 | Neg: 0.001394
  Compliance — % negative pixels: 0.00% | symmetry score: 0.015534
FITS files saved to results/pid/run_20260507_170453_seed43/generated_fits
--- Saved model to checkpoints/pid/state.pt ---
Epoch 156
Epoch 156 | Loss: 0.034973 | Val: 0.150899 | MSE: 0.032438 | Sym: 0.000846 | Neg: 0.001689
--- Saved model to checkpoints/pid/state.pt ---
Epoch 157
Epoch 157 | Loss: 0.032712 | Val: 0.148430 | MSE: 0.030376 | Sym: 0.000605 | Neg: 0.001731
--- Saved model to checkpoints/pid/state.pt ---
Epoch 158
Epoch 158 | Loss: 0.033620 | Val: 0.150580 | MSE: 0.031508 | Sym: 0.000574 | Neg: 0.001538
--- Saved model to checkpoints/pid/state.pt ---
Epoch 159
Epoch 159 | Loss: 0.029164 | Val: 0.148557 | MSE: 0.027104 | Sym: 0.000595 | Neg: 0.001466
--- Saved model to checkpoints/pid/state.pt ---
Epoch 160
Epoch 160 | Loss: 0.036361 | Val: 0.151623 | MSE: 0.033947 | Sym: 0.000633 | Neg: 0.001781
  Compliance — % negative pixels: 0.00% | symmetry score: 0.013482
FITS files saved to results/pid/run_20260507_170453_seed43/generated_fits
--- Saved model to checkpoints/pid/state.pt ---
Epoch 161
Epoch 161 | Loss: 0.029117 | Val: 0.175968 | MSE: 0.026645 | Sym: 0.000879 | Neg: 0.001593
--- Saved model to checkpoints/pid/state.pt ---
Epoch 162
Epoch 162 | Loss: 0.037166 | Val: 0.147393 | MSE: 0.034302 | Sym: 0.000980 | Neg: 0.001884
--- Saved model to checkpoints/pid/state.pt ---
Epoch 163
Epoch 163 | Loss: 0.031237 | Val: 0.148007 | MSE: 0.029222 | Sym: 0.000467 | Neg: 0.001548
--- Saved model to checkpoints/pid/state.pt ---
Epoch 164
Epoch 164 | Loss: 0.027286 | Val: 0.149507 | MSE: 0.025117 | Sym: 0.000602 | Neg: 0.001568
--- Saved model to checkpoints/pid/state.pt ---
Epoch 165
Epoch 165 | Loss: 0.038143 | Val: 0.148714 | MSE: 0.035684 | Sym: 0.000596 | Neg: 0.001863
  Compliance — % negative pixels: 0.00% | symmetry score: 0.015748
FITS files saved to results/pid/run_20260507_170453_seed43/generated_fits
--- Saved model to checkpoints/pid/state.pt ---
Epoch 166
Epoch 166 | Loss: 0.035435 | Val: 0.149583 | MSE: 0.032521 | Sym: 0.001031 | Neg: 0.001883
--- Saved model to checkpoints/pid/state.pt ---
Epoch 167
Epoch 167 | Loss: 0.027260 | Val: 0.146914 | MSE: 0.025241 | Sym: 0.000559 | Neg: 0.001460
--- Saved model to checkpoints/pid/state.pt ---
Epoch 168
Epoch 168 | Loss: 0.025621 | Val: 0.150800 | MSE: 0.023782 | Sym: 0.000420 | Neg: 0.001419
--- Saved model to checkpoints/pid/state.pt ---
Epoch 169
Epoch 169 | Loss: 0.027733 | Val: 0.148884 | MSE: 0.025689 | Sym: 0.000641 | Neg: 0.001403
--- Saved model to checkpoints/pid/state.pt ---
Epoch 170
Epoch 170 | Loss: 0.026662 | Val: 0.147227 | MSE: 0.024805 | Sym: 0.000522 | Neg: 0.001336
  Compliance — % negative pixels: 0.00% | symmetry score: 0.014792
FITS files saved to results/pid/run_20260507_170453_seed43/generated_fits
--- Saved model to checkpoints/pid/state.pt ---
Epoch 171
Epoch 171 | Loss: 0.029841 | Val: 0.148638 | MSE: 0.027675 | Sym: 0.000613 | Neg: 0.001553
--- Saved model to checkpoints/pid/state.pt ---
Epoch 172
Epoch 172 | Loss: 0.033873 | Val: 0.148114 | MSE: 0.031675 | Sym: 0.000478 | Neg: 0.001720
--- Saved model to checkpoints/pid/state.pt ---
Epoch 173
Epoch 173 | Loss: 0.027574 | Val: 0.147355 | MSE: 0.025544 | Sym: 0.000576 | Neg: 0.001453
--- Saved model to checkpoints/pid/state.pt ---
Epoch 174
Epoch 174 | Loss: 0.031213 | Val: 0.149933 | MSE: 0.029016 | Sym: 0.000587 | Neg: 0.001610
--- Saved model to checkpoints/pid/state.pt ---
Epoch 175
Epoch 175 | Loss: 0.037033 | Val: 0.152712 | MSE: 0.034696 | Sym: 0.000700 | Neg: 0.001637
  Compliance — % negative pixels: 0.00% | symmetry score: 0.014652
FITS files saved to results/pid/run_20260507_170453_seed43/generated_fits
--- Saved model to checkpoints/pid/state.pt ---
Epoch 176
Epoch 176 | Loss: 0.031393 | Val: 0.149643 | MSE: 0.029233 | Sym: 0.000617 | Neg: 0.001544
--- Saved model to checkpoints/pid/state.pt ---
Epoch 177
Epoch 177 | Loss: 0.028530 | Val: 0.151337 | MSE: 0.026357 | Sym: 0.000648 | Neg: 0.001525
--- Saved model to checkpoints/pid/state.pt ---
Epoch 178
Epoch 178 | Loss: 0.030074 | Val: 0.147106 | MSE: 0.027853 | Sym: 0.000681 | Neg: 0.001539
--- Saved model to checkpoints/pid/state.pt ---
Epoch 179
Epoch 179 | Loss: 0.028246 | Val: 0.149624 | MSE: 0.026150 | Sym: 0.000620 | Neg: 0.001476
--- Saved model to checkpoints/pid/state.pt ---
Epoch 180
Epoch 180 | Loss: 0.030524 | Val: 0.150203 | MSE: 0.028198 | Sym: 0.000708 | Neg: 0.001619
  Compliance — % negative pixels: 0.00% | symmetry score: 0.014689
FITS files saved to results/pid/run_20260507_170453_seed43/generated_fits
--- Saved model to checkpoints/pid/state.pt ---
Epoch 181
Epoch 181 | Loss: 0.032108 | Val: 0.149028 | MSE: 0.029810 | Sym: 0.000592 | Neg: 0.001707
--- Saved model to checkpoints/pid/state.pt ---
Epoch 182
Epoch 182 | Loss: 0.025501 | Val: 0.149586 | MSE: 0.023701 | Sym: 0.000481 | Neg: 0.001319
--- Saved model to checkpoints/pid/state.pt ---
Epoch 183
Epoch 183 | Loss: 0.029368 | Val: 0.150665 | MSE: 0.027360 | Sym: 0.000504 | Neg: 0.001503
--- Saved model to checkpoints/pid/state.pt ---
Epoch 184
Epoch 184 | Loss: 0.030538 | Val: 0.148672 | MSE: 0.028533 | Sym: 0.000458 | Neg: 0.001546
--- Saved model to checkpoints/pid/state.pt ---
Epoch 185
Epoch 185 | Loss: 0.029282 | Val: 0.148860 | MSE: 0.027049 | Sym: 0.000683 | Neg: 0.001550
  Compliance — % negative pixels: 0.00% | symmetry score: 0.013885
FITS files saved to results/pid/run_20260507_170453_seed43/generated_fits
--- Saved model to checkpoints/pid/state.pt ---
Epoch 186
Epoch 186 | Loss: 0.030500 | Val: 0.150030 | MSE: 0.028228 | Sym: 0.000690 | Neg: 0.001582
--- Saved model to checkpoints/pid/state.pt ---
Epoch 187
Epoch 187 | Loss: 0.033174 | Val: 0.153348 | MSE: 0.030949 | Sym: 0.000537 | Neg: 0.001688
--- Saved model to checkpoints/pid/state.pt ---
Epoch 188
Epoch 188 | Loss: 0.025074 | Val: 0.150412 | MSE: 0.023414 | Sym: 0.000398 | Neg: 0.001262
--- Saved model to checkpoints/pid/state.pt ---
Epoch 189
Epoch 189 | Loss: 0.027728 | Val: 0.149583 | MSE: 0.025707 | Sym: 0.000460 | Neg: 0.001561
--- Saved model to checkpoints/pid/state.pt ---
Epoch 190
Epoch 190 | Loss: 0.030435 | Val: 0.148762 | MSE: 0.028377 | Sym: 0.000558 | Neg: 0.001500
  Compliance — % negative pixels: 0.00% | symmetry score: 0.015509
FITS files saved to results/pid/run_20260507_170453_seed43/generated_fits
--- Saved model to checkpoints/pid/state.pt ---
Epoch 191
Epoch 191 | Loss: 0.035667 | Val: 0.151207 | MSE: 0.032440 | Sym: 0.001419 | Neg: 0.001807
--- Saved model to checkpoints/pid/state.pt ---
Epoch 192
Epoch 192 | Loss: 0.031863 | Val: 0.148084 | MSE: 0.029605 | Sym: 0.000585 | Neg: 0.001674
--- Saved model to checkpoints/pid/state.pt ---
Epoch 193
Epoch 193 | Loss: 0.033399 | Val: 0.148160 | MSE: 0.031209 | Sym: 0.000443 | Neg: 0.001747
--- Saved model to checkpoints/pid/state.pt ---
Epoch 194
Epoch 194 | Loss: 0.028326 | Val: 0.146473 | MSE: 0.026436 | Sym: 0.000477 | Neg: 0.001413
--- Saved model to checkpoints/pid/state.pt ---
Epoch 195
Epoch 195 | Loss: 0.031318 | Val: 0.148076 | MSE: 0.029160 | Sym: 0.000573 | Neg: 0.001584
  Compliance — % negative pixels: 0.00% | symmetry score: 0.017091
FITS files saved to results/pid/run_20260507_170453_seed43/generated_fits
--- Saved model to checkpoints/pid/state.pt ---
Epoch 196
Epoch 196 | Loss: 0.031274 | Val: 0.149356 | MSE: 0.029171 | Sym: 0.000596 | Neg: 0.001507
--- Saved model to checkpoints/pid/state.pt ---
Epoch 197
Epoch 197 | Loss: 0.035984 | Val: 0.149038 | MSE: 0.033226 | Sym: 0.000992 | Neg: 0.001767
--- Saved model to checkpoints/pid/state.pt ---
Epoch 198
Epoch 198 | Loss: 0.031077 | Val: 0.149323 | MSE: 0.028794 | Sym: 0.000715 | Neg: 0.001568
--- Saved model to checkpoints/pid/state.pt ---
Epoch 199
Epoch 199 | Loss: 0.031378 | Val: 0.149589 | MSE: 0.029344 | Sym: 0.000452 | Neg: 0.001582
--- Saved model to checkpoints/pid/state.pt ---
FITS files saved to results/pid/run_20260507_170453_seed43/generated_fits
Generated images saved.
Testing model
