CUDA Memory Cleared. Current VRAM Usage: 0.00 MB
On device cuda
Getting data loader mirabest_fits
Loaded FITS stats: noise_rms=0.000274, peak_log=3.938847
Total unique classes found: 2
Label IDs: [0, 1]
Total images in dataset: 1221
Total batches: 107 (at batch size 8)

============================================================
Run 1/1  |  seed=43  |  results -> results/pid/run_20260627_171751_seed43
============================================================

Training pid for 300 epochs
Epoch 0
Epoch 0 | Loss: 0.104999 | Val: 0.175826  |  mse: 0.081882  sym: 0.016588  neg: 0.006529
FITS files saved to results/pid/run_20260627_171751_seed43/generated_fits
Computing FID/KID/PDF at epoch 0...
  FID: 216.4251 | KID: 0.255721
  Pixel PDF W-dist: 0.7667
  Compliance — pct_negative: 0.0900  sym_score: 0.0384
--- Saved model to checkpoints/pid/state.pt ---
Epoch 1
Epoch 1 | Loss: 0.043108 | Val: 0.168515  |  mse: 0.037057  sym: 0.004300  neg: 0.001752
--- Saved model to checkpoints/pid/state.pt ---
Epoch 2
Epoch 2 | Loss: 0.038249 | Val: 0.165839  |  mse: 0.034131  sym: 0.002806  neg: 0.001312
--- Saved model to checkpoints/pid/state.pt ---
Epoch 3
Epoch 3 | Loss: 0.037833 | Val: 0.161558  |  mse: 0.035188  sym: 0.001678  neg: 0.000967
--- Saved model to checkpoints/pid/state.pt ---
Epoch 4
Epoch 4 | Loss: 0.039145 | Val: 0.157546  |  mse: 0.036889  sym: 0.001443  neg: 0.000813
--- Saved model to checkpoints/pid/state.pt ---
Epoch 5
Epoch 5 | Loss: 0.030527 | Val: 0.159491  |  mse: 0.028762  sym: 0.001104  neg: 0.000662
FITS files saved to results/pid/run_20260627_171751_seed43/generated_fits
Computing FID/KID/PDF at epoch 5...
  FID: 190.5368 | KID: 0.226015
  Pixel PDF W-dist: 0.7255
  Compliance — pct_negative: 0.0000  sym_score: 0.0376
--- Saved model to checkpoints/pid/state.pt ---
Epoch 6
Epoch 6 | Loss: 0.035098 | Val: 0.157492  |  mse: 0.033189  sym: 0.001162  neg: 0.000747
--- Saved model to checkpoints/pid/state.pt ---
Epoch 7
Epoch 7 | Loss: 0.031089 | Val: 0.154015  |  mse: 0.029383  sym: 0.001036  neg: 0.000671
--- Saved model to checkpoints/pid/state.pt ---
Epoch 8
Epoch 8 | Loss: 0.027930 | Val: 0.160589  |  mse: 0.026314  sym: 0.000989  neg: 0.000627
--- Saved model to checkpoints/pid/state.pt ---
Epoch 9
Epoch 9 | Loss: 0.028617 | Val: 0.157551  |  mse: 0.027001  sym: 0.000986  neg: 0.000631
--- Saved model to checkpoints/pid/state.pt ---
Epoch 10
Epoch 10 | Loss: 0.028121 | Val: 0.161767  |  mse: 0.026593  sym: 0.000937  neg: 0.000591
FITS files saved to results/pid/run_20260627_171751_seed43/generated_fits
Computing FID/KID/PDF at epoch 10...
  FID: 213.7516 | KID: 0.263827
  Pixel PDF W-dist: 0.8714
  Compliance — pct_negative: 0.0001  sym_score: 0.0210
--- Saved model to checkpoints/pid/state.pt ---
Epoch 11
Epoch 11 | Loss: 0.029827 | Val: 0.158427  |  mse: 0.028260  sym: 0.000913  neg: 0.000655
--- Saved model to checkpoints/pid/state.pt ---
Epoch 12
Epoch 12 | Loss: 0.032560 | Val: 0.155403  |  mse: 0.030911  sym: 0.000984  neg: 0.000665
--- Saved model to checkpoints/pid/state.pt ---
Epoch 13
Epoch 13 | Loss: 0.034882 | Val: 0.154825  |  mse: 0.032199  sym: 0.001778  neg: 0.000905
--- Saved model to checkpoints/pid/state.pt ---
Epoch 14
Epoch 14 | Loss: 0.027628 | Val: 0.153439  |  mse: 0.026158  sym: 0.000810  neg: 0.000660
--- Saved model to checkpoints/pid/state.pt ---
Epoch 15
Epoch 15 | Loss: 0.025411 | Val: 0.151346  |  mse: 0.024255  sym: 0.000597  neg: 0.000559
FITS files saved to results/pid/run_20260627_171751_seed43/generated_fits
Computing FID/KID/PDF at epoch 15...
  FID: 181.4299 | KID: 0.204859
  Pixel PDF W-dist: 0.8072
  Compliance — pct_negative: 0.0000  sym_score: 0.0244
--- Saved model to checkpoints/pid/state.pt ---
Epoch 16
Epoch 16 | Loss: 0.035293 | Val: 0.151124  |  mse: 0.033769  sym: 0.000921  neg: 0.000603
--- Saved model to checkpoints/pid/state.pt ---
Epoch 17
Epoch 17 | Loss: 0.031091 | Val: 0.151127  |  mse: 0.029547  sym: 0.000907  neg: 0.000637
--- Saved model to checkpoints/pid/state.pt ---
Epoch 18
Epoch 18 | Loss: 0.036314 | Val: 0.153402  |  mse: 0.034802  sym: 0.000861  neg: 0.000652
--- Saved model to checkpoints/pid/state.pt ---
Epoch 19
Epoch 19 | Loss: 0.026045 | Val: 0.150466  |  mse: 0.024719  sym: 0.000751  neg: 0.000575
--- Saved model to checkpoints/pid/state.pt ---
Epoch 20
Epoch 20 | Loss: 0.025312 | Val: 0.148602  |  mse: 0.024134  sym: 0.000658  neg: 0.000520
FITS files saved to results/pid/run_20260627_171751_seed43/generated_fits
Computing FID/KID/PDF at epoch 20...
  FID: 183.3207 | KID: 0.192010
  Pixel PDF W-dist: 0.7992
  Compliance — pct_negative: 0.0000  sym_score: 0.0244
--- Saved model to checkpoints/pid/state.pt ---
Epoch 21
Epoch 21 | Loss: 0.024668 | Val: 0.150299  |  mse: 0.023627  sym: 0.000521  neg: 0.000521
--- Saved model to checkpoints/pid/state.pt ---
Epoch 22
Epoch 22 | Loss: 0.032418 | Val: 0.151899  |  mse: 0.031058  sym: 0.000750  neg: 0.000610
--- Saved model to checkpoints/pid/state.pt ---
Epoch 23
Epoch 23 | Loss: 0.029909 | Val: 0.150328  |  mse: 0.028770  sym: 0.000557  neg: 0.000582
--- Saved model to checkpoints/pid/state.pt ---
Epoch 24
Epoch 24 | Loss: 0.024934 | Val: 0.149642  |  mse: 0.023777  sym: 0.000628  neg: 0.000529
--- Saved model to checkpoints/pid/state.pt ---
Epoch 25
Epoch 25 | Loss: 0.027891 | Val: 0.149230  |  mse: 0.026572  sym: 0.000744  neg: 0.000574
FITS files saved to results/pid/run_20260627_171751_seed43/generated_fits
Computing FID/KID/PDF at epoch 25...
  FID: 198.2533 | KID: 0.230777
  Pixel PDF W-dist: 0.7911
  Compliance — pct_negative: 0.0000  sym_score: 0.0205
--- Saved model to checkpoints/pid/state.pt ---
Epoch 26
Epoch 26 | Loss: 0.037687 | Val: 0.150146  |  mse: 0.036390  sym: 0.000631  neg: 0.000667
--- Saved model to checkpoints/pid/state.pt ---
Epoch 27
Epoch 27 | Loss: 0.031279 | Val: 0.149462  |  mse: 0.030115  sym: 0.000580  neg: 0.000584
--- Saved model to checkpoints/pid/state.pt ---
Epoch 28
Epoch 28 | Loss: 0.034207 | Val: 0.147560  |  mse: 0.033009  sym: 0.000606  neg: 0.000593
--- Saved model to checkpoints/pid/state.pt ---
Epoch 29
Epoch 29 | Loss: 0.025990 | Val: 0.149200  |  mse: 0.024635  sym: 0.000805  neg: 0.000550
--- Saved model to checkpoints/pid/state.pt ---
Epoch 30
Epoch 30 | Loss: 0.035308 | Val: 0.149672  |  mse: 0.034110  sym: 0.000626  neg: 0.000573
FITS files saved to results/pid/run_20260627_171751_seed43/generated_fits
Computing FID/KID/PDF at epoch 30...
  FID: 167.9881 | KID: 0.188638
  Pixel PDF W-dist: 0.7179
  Compliance — pct_negative: 0.0000  sym_score: 0.0246
--- Saved model to checkpoints/pid/state.pt ---
Epoch 31
Epoch 31 | Loss: 0.028492 | Val: 0.148625  |  mse: 0.027386  sym: 0.000531  neg: 0.000575
--- Saved model to checkpoints/pid/state.pt ---
Epoch 32
Epoch 32 | Loss: 0.028118 | Val: 0.151532  |  mse: 0.026957  sym: 0.000621  neg: 0.000540
--- Saved model to checkpoints/pid/state.pt ---
Epoch 33
Epoch 33 | Loss: 0.026867 | Val: 0.148983  |  mse: 0.025845  sym: 0.000468  neg: 0.000554
--- Saved model to checkpoints/pid/state.pt ---
Epoch 34
Epoch 34 | Loss: 0.033640 | Val: 0.149038  |  mse: 0.032248  sym: 0.000777  neg: 0.000615
--- Saved model to checkpoints/pid/state.pt ---
Epoch 35
Epoch 35 | Loss: 0.032220 | Val: 0.147416  |  mse: 0.030846  sym: 0.000764  neg: 0.000610
FITS files saved to results/pid/run_20260627_171751_seed43/generated_fits
Computing FID/KID/PDF at epoch 35...
  FID: 154.9557 | KID: 0.163033
  Pixel PDF W-dist: 0.7582
  Compliance — pct_negative: 0.0000  sym_score: 0.0222
--- Saved model to checkpoints/pid/state.pt ---
Epoch 36
Epoch 36 | Loss: 0.032342 | Val: 0.150408  |  mse: 0.031195  sym: 0.000563  neg: 0.000584
--- Saved model to checkpoints/pid/state.pt ---
Epoch 37
Epoch 37 | Loss: 0.034213 | Val: 0.148173  |  mse: 0.032971  sym: 0.000631  neg: 0.000611
--- Saved model to checkpoints/pid/state.pt ---
Epoch 38
Epoch 38 | Loss: 0.026206 | Val: 0.148973  |  mse: 0.024936  sym: 0.000732  neg: 0.000538
--- Saved model to checkpoints/pid/state.pt ---
Epoch 39
Epoch 39 | Loss: 0.031450 | Val: 0.147013  |  mse: 0.029918  sym: 0.000864  neg: 0.000667
--- Saved model to checkpoints/pid/state.pt ---
Epoch 40
Epoch 40 | Loss: 0.035087 | Val: 0.147328  |  mse: 0.033944  sym: 0.000491  neg: 0.000651
FITS files saved to results/pid/run_20260627_171751_seed43/generated_fits
Computing FID/KID/PDF at epoch 40...
  FID: 168.2167 | KID: 0.177225
  Pixel PDF W-dist: 0.7636
  Compliance — pct_negative: 0.0000  sym_score: 0.0217
--- Saved model to checkpoints/pid/state.pt ---
Epoch 41
Epoch 41 | Loss: 0.029747 | Val: 0.150958  |  mse: 0.028744  sym: 0.000452  neg: 0.000550
--- Saved model to checkpoints/pid/state.pt ---
Epoch 42
Epoch 42 | Loss: 0.028852 | Val: 0.147723  |  mse: 0.027776  sym: 0.000529  neg: 0.000547
--- Saved model to checkpoints/pid/state.pt ---
Epoch 43
Epoch 43 | Loss: 0.035734 | Val: 0.151952  |  mse: 0.034669  sym: 0.000438  neg: 0.000627
--- Saved model to checkpoints/pid/state.pt ---
Epoch 44
Epoch 44 | Loss: 0.029843 | Val: 0.149934  |  mse: 0.028644  sym: 0.000648  neg: 0.000551
--- Saved model to checkpoints/pid/state.pt ---
Epoch 45
Epoch 45 | Loss: 0.034846 | Val: 0.147336  |  mse: 0.033625  sym: 0.000645  neg: 0.000575
FITS files saved to results/pid/run_20260627_171751_seed43/generated_fits
Computing FID/KID/PDF at epoch 45...
  FID: 161.9120 | KID: 0.176104
  Pixel PDF W-dist: 0.7357
  Compliance — pct_negative: 0.0000  sym_score: 0.0177
--- Saved model to checkpoints/pid/state.pt ---
Epoch 46
Epoch 46 | Loss: 0.018338 | Val: 0.147074  |  mse: 0.017414  sym: 0.000471  neg: 0.000453
--- Saved model to checkpoints/pid/state.pt ---
Epoch 47
Epoch 47 | Loss: 0.030556 | Val: 0.146692  |  mse: 0.029497  sym: 0.000526  neg: 0.000533
--- Saved model to checkpoints/pid/state.pt ---
Epoch 48
Epoch 48 | Loss: 0.034405 | Val: 0.149147  |  mse: 0.033125  sym: 0.000634  neg: 0.000646
--- Saved model to checkpoints/pid/state.pt ---
Epoch 49
Epoch 49 | Loss: 0.024730 | Val: 0.146527  |  mse: 0.023607  sym: 0.000567  neg: 0.000556
--- Saved model to checkpoints/pid/state.pt ---
Epoch 50
Epoch 50 | Loss: 0.029935 | Val: 0.147128  |  mse: 0.028779  sym: 0.000646  neg: 0.000511
FITS files saved to results/pid/run_20260627_171751_seed43/generated_fits
Computing FID/KID/PDF at epoch 50...
  FID: 169.4148 | KID: 0.174661
  Pixel PDF W-dist: 0.7283
  Compliance — pct_negative: 0.0000  sym_score: 0.0181
--- Saved model to checkpoints/pid/state.pt ---
Epoch 51
Epoch 51 | Loss: 0.030287 | Val: 0.145229  |  mse: 0.028998  sym: 0.000694  neg: 0.000595
--- Saved model to checkpoints/pid/state.pt ---
Epoch 52
Epoch 52 | Loss: 0.033948 | Val: 0.146998  |  mse: 0.032826  sym: 0.000503  neg: 0.000619
--- Saved model to checkpoints/pid/state.pt ---
Epoch 53
Epoch 53 | Loss: 0.031715 | Val: 0.149013  |  mse: 0.030358  sym: 0.000758  neg: 0.000599
--- Saved model to checkpoints/pid/state.pt ---
Epoch 54
Epoch 54 | Loss: 0.032407 | Val: 0.146250  |  mse: 0.031240  sym: 0.000571  neg: 0.000595
--- Saved model to checkpoints/pid/state.pt ---
Epoch 55
Epoch 55 | Loss: 0.026914 | Val: 0.143948  |  mse: 0.025903  sym: 0.000439  neg: 0.000572
FITS files saved to results/pid/run_20260627_171751_seed43/generated_fits
Computing FID/KID/PDF at epoch 55...
  FID: 171.4343 | KID: 0.184479
  Pixel PDF W-dist: 0.7612
  Compliance — pct_negative: 0.0000  sym_score: 0.0198
--- Saved model to checkpoints/pid/state.pt ---
Epoch 56
Epoch 56 | Loss: 0.028727 | Val: 0.146793  |  mse: 0.027203  sym: 0.000967  neg: 0.000557
--- Saved model to checkpoints/pid/state.pt ---
Epoch 57
Epoch 57 | Loss: 0.020402 | Val: 0.150624  |  mse: 0.019321  sym: 0.000555  neg: 0.000527
--- Saved model to checkpoints/pid/state.pt ---
Epoch 58
Epoch 58 | Loss: 0.031177 | Val: 0.147197  |  mse: 0.030163  sym: 0.000447  neg: 0.000567
--- Saved model to checkpoints/pid/state.pt ---
Epoch 59
Epoch 59 | Loss: 0.030921 | Val: 0.146159  |  mse: 0.029829  sym: 0.000552  neg: 0.000540
--- Saved model to checkpoints/pid/state.pt ---
Epoch 60
Epoch 60 | Loss: 0.030623 | Val: 0.148403  |  mse: 0.029555  sym: 0.000489  neg: 0.000579
FITS files saved to results/pid/run_20260627_171751_seed43/generated_fits
Computing FID/KID/PDF at epoch 60...
  FID: 184.1595 | KID: 0.204526
  Pixel PDF W-dist: 0.7776
  Compliance — pct_negative: 0.0000  sym_score: 0.0173
--- Saved model to checkpoints/pid/state.pt ---
Epoch 61
Epoch 61 | Loss: 0.023629 | Val: 0.148095  |  mse: 0.022721  sym: 0.000430  neg: 0.000478
--- Saved model to checkpoints/pid/state.pt ---
Epoch 62
Epoch 62 | Loss: 0.024924 | Val: 0.144822  |  mse: 0.024060  sym: 0.000352  neg: 0.000512
--- Saved model to checkpoints/pid/state.pt ---
Epoch 63
Epoch 63 | Loss: 0.028047 | Val: 0.148773  |  mse: 0.026753  sym: 0.000741  neg: 0.000553
--- Saved model to checkpoints/pid/state.pt ---
Epoch 64
Epoch 64 | Loss: 0.025081 | Val: 0.146968  |  mse: 0.024045  sym: 0.000496  neg: 0.000540
--- Saved model to checkpoints/pid/state.pt ---
Epoch 65
Epoch 65 | Loss: 0.032796 | Val: 0.146099  |  mse: 0.031218  sym: 0.000897  neg: 0.000681
FITS files saved to results/pid/run_20260627_171751_seed43/generated_fits
Computing FID/KID/PDF at epoch 65...
  FID: 216.0140 | KID: 0.258148
  Pixel PDF W-dist: 0.7905
  Compliance — pct_negative: 0.0000  sym_score: 0.0183
--- Saved model to checkpoints/pid/state.pt ---
Epoch 66
Epoch 66 | Loss: 0.027257 | Val: 0.145936  |  mse: 0.026380  sym: 0.000384  neg: 0.000493
--- Saved model to checkpoints/pid/state.pt ---
Epoch 67
Epoch 67 | Loss: 0.028404 | Val: 0.146351  |  mse: 0.027393  sym: 0.000454  neg: 0.000557
--- Saved model to checkpoints/pid/state.pt ---
Epoch 68
Epoch 68 | Loss: 0.025016 | Val: 0.144592  |  mse: 0.024097  sym: 0.000436  neg: 0.000483
--- Saved model to checkpoints/pid/state.pt ---
Epoch 69
Epoch 69 | Loss: 0.030726 | Val: 0.147762  |  mse: 0.029691  sym: 0.000509  neg: 0.000526
--- Saved model to checkpoints/pid/state.pt ---
Epoch 70
Epoch 70 | Loss: 0.031300 | Val: 0.146802  |  mse: 0.030348  sym: 0.000411  neg: 0.000541
FITS files saved to results/pid/run_20260627_171751_seed43/generated_fits
Computing FID/KID/PDF at epoch 70...
  FID: 171.6944 | KID: 0.186962
  Pixel PDF W-dist: 0.7659
  Compliance — pct_negative: 0.0000  sym_score: 0.0185
--- Saved model to checkpoints/pid/state.pt ---
Epoch 71
Epoch 71 | Loss: 0.031314 | Val: 0.145100  |  mse: 0.030123  sym: 0.000596  neg: 0.000595
--- Saved model to checkpoints/pid/state.pt ---
Epoch 72
Epoch 72 | Loss: 0.025278 | Val: 0.144871  |  mse: 0.024362  sym: 0.000385  neg: 0.000530
--- Saved model to checkpoints/pid/state.pt ---
Epoch 73
Epoch 73 | Loss: 0.028537 | Val: 0.144377  |  mse: 0.027391  sym: 0.000602  neg: 0.000544
--- Saved model to checkpoints/pid/state.pt ---
Epoch 74
Epoch 74 | Loss: 0.028293 | Val: 0.145464  |  mse: 0.027305  sym: 0.000451  neg: 0.000537
--- Saved model to checkpoints/pid/state.pt ---
Epoch 75
Epoch 75 | Loss: 0.030604 | Val: 0.146888  |  mse: 0.029680  sym: 0.000399  neg: 0.000524
FITS files saved to results/pid/run_20260627_171751_seed43/generated_fits
Computing FID/KID/PDF at epoch 75...
  FID: 189.5463 | KID: 0.218202
  Pixel PDF W-dist: 0.7262
  Compliance — pct_negative: 0.0000  sym_score: 0.0173
--- Saved model to checkpoints/pid/state.pt ---
Epoch 76
Epoch 76 | Loss: 0.023730 | Val: 0.146117  |  mse: 0.022539  sym: 0.000623  neg: 0.000568
--- Saved model to checkpoints/pid/state.pt ---
Epoch 77
Epoch 77 | Loss: 0.023676 | Val: 0.145471  |  mse: 0.022739  sym: 0.000429  neg: 0.000508
--- Saved model to checkpoints/pid/state.pt ---
Epoch 78
Epoch 78 | Loss: 0.033213 | Val: 0.146401  |  mse: 0.032046  sym: 0.000546  neg: 0.000621
--- Saved model to checkpoints/pid/state.pt ---
Epoch 79
Epoch 79 | Loss: 0.026314 | Val: 0.145269  |  mse: 0.025147  sym: 0.000642  neg: 0.000525
--- Saved model to checkpoints/pid/state.pt ---
Epoch 80
Epoch 80 | Loss: 0.024855 | Val: 0.145407  |  mse: 0.023956  sym: 0.000413  neg: 0.000486
FITS files saved to results/pid/run_20260627_171751_seed43/generated_fits
Computing FID/KID/PDF at epoch 80...
  FID: 178.4090 | KID: 0.194271
  Pixel PDF W-dist: 0.7137
  Compliance — pct_negative: 0.0000  sym_score: 0.0170
--- Saved model to checkpoints/pid/state.pt ---
Epoch 81
Epoch 81 | Loss: 0.026762 | Val: 0.144979  |  mse: 0.025868  sym: 0.000378  neg: 0.000515
--- Saved model to checkpoints/pid/state.pt ---
Epoch 82
Epoch 82 | Loss: 0.029690 | Val: 0.145629  |  mse: 0.028664  sym: 0.000479  neg: 0.000547
--- Saved model to checkpoints/pid/state.pt ---
Epoch 83
Epoch 83 | Loss: 0.026920 | Val: 0.145873  |  mse: 0.025761  sym: 0.000639  neg: 0.000520
--- Saved model to checkpoints/pid/state.pt ---
Epoch 84
Epoch 84 | Loss: 0.023324 | Val: 0.144993  |  mse: 0.022291  sym: 0.000550  neg: 0.000483
--- Saved model to checkpoints/pid/state.pt ---
Epoch 85
Epoch 85 | Loss: 0.026031 | Val: 0.149922  |  mse: 0.025123  sym: 0.000410  neg: 0.000497
FITS files saved to results/pid/run_20260627_171751_seed43/generated_fits
Computing FID/KID/PDF at epoch 85...
  FID: 182.8274 | KID: 0.211105
  Pixel PDF W-dist: 0.6961
  Compliance — pct_negative: 0.0000  sym_score: 0.0156
--- Saved model to checkpoints/pid/state.pt ---
Epoch 86
Epoch 86 | Loss: 0.034445 | Val: 0.146877  |  mse: 0.033171  sym: 0.000682  neg: 0.000593
--- Saved model to checkpoints/pid/state.pt ---
Epoch 87
Epoch 87 | Loss: 0.026729 | Val: 0.144798  |  mse: 0.025854  sym: 0.000374  neg: 0.000501
--- Saved model to checkpoints/pid/state.pt ---
Epoch 88
Epoch 88 | Loss: 0.035097 | Val: 0.145775  |  mse: 0.034086  sym: 0.000415  neg: 0.000596
--- Saved model to checkpoints/pid/state.pt ---
Epoch 89
Epoch 89 | Loss: 0.029239 | Val: 0.145084  |  mse: 0.028239  sym: 0.000458  neg: 0.000542
--- Saved model to checkpoints/pid/state.pt ---
Epoch 90
Epoch 90 | Loss: 0.026645 | Val: 0.144174  |  mse: 0.025617  sym: 0.000530  neg: 0.000498
FITS files saved to results/pid/run_20260627_171751_seed43/generated_fits
Computing FID/KID/PDF at epoch 90...
  FID: 179.3761 | KID: 0.209525
  Pixel PDF W-dist: 0.6255
  Compliance — pct_negative: 0.0000  sym_score: 0.0139
--- Saved model to checkpoints/pid/state.pt ---
Epoch 91
Epoch 91 | Loss: 0.026005 | Val: 0.145434  |  mse: 0.025081  sym: 0.000413  neg: 0.000511
--- Saved model to checkpoints/pid/state.pt ---
Epoch 92
Epoch 92 | Loss: 0.026689 | Val: 0.146656  |  mse: 0.025659  sym: 0.000496  neg: 0.000533
--- Saved model to checkpoints/pid/state.pt ---
Epoch 93
Epoch 93 | Loss: 0.026748 | Val: 0.145016  |  mse: 0.025902  sym: 0.000359  neg: 0.000487
--- Saved model to checkpoints/pid/state.pt ---
Epoch 94
Epoch 94 | Loss: 0.028667 | Val: 0.145545  |  mse: 0.027854  sym: 0.000314  neg: 0.000499
--- Saved model to checkpoints/pid/state.pt ---
Epoch 95
Epoch 95 | Loss: 0.028799 | Val: 0.144566  |  mse: 0.027704  sym: 0.000561  neg: 0.000534
FITS files saved to results/pid/run_20260627_171751_seed43/generated_fits
Computing FID/KID/PDF at epoch 95...
  FID: 152.6557 | KID: 0.139961
  Pixel PDF W-dist: 0.6276
  Compliance — pct_negative: 0.0000  sym_score: 0.0174
--- Saved model to checkpoints/pid/state.pt ---
Epoch 96
Epoch 96 | Loss: 0.029887 | Val: 0.145561  |  mse: 0.028751  sym: 0.000588  neg: 0.000548
--- Saved model to checkpoints/pid/state.pt ---
Epoch 97
Epoch 97 | Loss: 0.033960 | Val: 0.144497  |  mse: 0.032989  sym: 0.000399  neg: 0.000571
--- Saved model to checkpoints/pid/state.pt ---
Epoch 98
Epoch 98 | Loss: 0.027456 | Val: 0.144445  |  mse: 0.026356  sym: 0.000532  neg: 0.000569
--- Saved model to checkpoints/pid/state.pt ---
Epoch 99
Epoch 99 | Loss: 0.031876 | Val: 0.143651  |  mse: 0.030678  sym: 0.000598  neg: 0.000600
--- Saved model to checkpoints/pid/state.pt ---
Epoch 100
Epoch 100 | Loss: 0.029135 | Val: 0.143335  |  mse: 0.028244  sym: 0.000362  neg: 0.000529
FITS files saved to results/pid/run_20260627_171751_seed43/generated_fits
Computing FID/KID/PDF at epoch 100...
  FID: 160.1642 | KID: 0.164452
  Pixel PDF W-dist: 0.6168
  Compliance — pct_negative: 0.0000  sym_score: 0.0135
--- Saved model to checkpoints/pid/state.pt ---
Epoch 101
Epoch 101 | Loss: 0.028777 | Val: 0.146501  |  mse: 0.027803  sym: 0.000460  neg: 0.000514
--- Saved model to checkpoints/pid/state.pt ---
Epoch 102
Epoch 102 | Loss: 0.029142 | Val: 0.146511  |  mse: 0.027619  sym: 0.000907  neg: 0.000616
--- Saved model to checkpoints/pid/state.pt ---
Epoch 103
Epoch 103 | Loss: 0.031516 | Val: 0.146250  |  mse: 0.030448  sym: 0.000500  neg: 0.000568
--- Saved model to checkpoints/pid/state.pt ---
Epoch 104
Epoch 104 | Loss: 0.033340 | Val: 0.144127  |  mse: 0.032464  sym: 0.000345  neg: 0.000531
--- Saved model to checkpoints/pid/state.pt ---
Epoch 105
Epoch 105 | Loss: 0.031975 | Val: 0.147433  |  mse: 0.031098  sym: 0.000363  neg: 0.000514
FITS files saved to results/pid/run_20260627_171751_seed43/generated_fits
Computing FID/KID/PDF at epoch 105...
  FID: 186.3194 | KID: 0.194804
  Pixel PDF W-dist: 0.7890
  Compliance — pct_negative: 0.0000  sym_score: 0.0137
--- Saved model to checkpoints/pid/state.pt ---
Epoch 106
Epoch 106 | Loss: 0.023454 | Val: 0.146385  |  mse: 0.022519  sym: 0.000436  neg: 0.000499
--- Saved model to checkpoints/pid/state.pt ---
Epoch 107
Epoch 107 | Loss: 0.026891 | Val: 0.145867  |  mse: 0.025993  sym: 0.000393  neg: 0.000505
--- Saved model to checkpoints/pid/state.pt ---
Epoch 108
Epoch 108 | Loss: 0.022191 | Val: 0.144169  |  mse: 0.021360  sym: 0.000327  neg: 0.000504
--- Saved model to checkpoints/pid/state.pt ---
Epoch 109
Epoch 109 | Loss: 0.026248 | Val: 0.144653  |  mse: 0.025345  sym: 0.000386  neg: 0.000517
--- Saved model to checkpoints/pid/state.pt ---
Epoch 110
Epoch 110 | Loss: 0.026527 | Val: 0.145822  |  mse: 0.025647  sym: 0.000391  neg: 0.000489
FITS files saved to results/pid/run_20260627_171751_seed43/generated_fits
Computing FID/KID/PDF at epoch 110...
  FID: 180.3679 | KID: 0.199239
  Pixel PDF W-dist: 0.7343
  Compliance — pct_negative: 0.0000  sym_score: 0.0170
--- Saved model to checkpoints/pid/state.pt ---
Epoch 111
Epoch 111 | Loss: 0.032054 | Val: 0.146377  |  mse: 0.030688  sym: 0.000840  neg: 0.000527
--- Saved model to checkpoints/pid/state.pt ---
Epoch 112
Epoch 112 | Loss: 0.029440 | Val: 0.145496  |  mse: 0.028325  sym: 0.000503  neg: 0.000612
--- Saved model to checkpoints/pid/state.pt ---
Epoch 113
Epoch 113 | Loss: 0.035678 | Val: 0.144481  |  mse: 0.034641  sym: 0.000424  neg: 0.000613
--- Saved model to checkpoints/pid/state.pt ---
Epoch 114
Epoch 114 | Loss: 0.028488 | Val: 0.144272  |  mse: 0.027609  sym: 0.000369  neg: 0.000509
--- Saved model to checkpoints/pid/state.pt ---
Epoch 115
Epoch 115 | Loss: 0.025349 | Val: 0.145164  |  mse: 0.024426  sym: 0.000444  neg: 0.000479
FITS files saved to results/pid/run_20260627_171751_seed43/generated_fits
Computing FID/KID/PDF at epoch 115...
  FID: 168.2165 | KID: 0.169979
  Pixel PDF W-dist: 0.6345
  Compliance — pct_negative: 0.0000  sym_score: 0.0225
--- Saved model to checkpoints/pid/state.pt ---
Epoch 116
Epoch 116 | Loss: 0.026587 | Val: 0.148159  |  mse: 0.025441  sym: 0.000600  neg: 0.000546
--- Saved model to checkpoints/pid/state.pt ---
Epoch 117
Epoch 117 | Loss: 0.026510 | Val: 0.145258  |  mse: 0.025539  sym: 0.000418  neg: 0.000553
--- Saved model to checkpoints/pid/state.pt ---
Epoch 118
Epoch 118 | Loss: 0.024053 | Val: 0.144452  |  mse: 0.023090  sym: 0.000447  neg: 0.000516
--- Saved model to checkpoints/pid/state.pt ---
Epoch 119
Epoch 119 | Loss: 0.030064 | Val: 0.145660  |  mse: 0.029249  sym: 0.000304  neg: 0.000511
--- Saved model to checkpoints/pid/state.pt ---
Epoch 120
Epoch 120 | Loss: 0.029757 | Val: 0.146765  |  mse: 0.028855  sym: 0.000397  neg: 0.000506
FITS files saved to results/pid/run_20260627_171751_seed43/generated_fits
Computing FID/KID/PDF at epoch 120...
  FID: 174.8326 | KID: 0.194146
  Pixel PDF W-dist: 0.7223
  Compliance — pct_negative: 0.0000  sym_score: 0.0180
--- Saved model to checkpoints/pid/state.pt ---
Epoch 121
Epoch 121 | Loss: 0.029680 | Val: 0.144355  |  mse: 0.028580  sym: 0.000544  neg: 0.000556
--- Saved model to checkpoints/pid/state.pt ---
Epoch 122
Epoch 122 | Loss: 0.027364 | Val: 0.146571  |  mse: 0.026446  sym: 0.000398  neg: 0.000520
--- Saved model to checkpoints/pid/state.pt ---
Epoch 123
Epoch 123 | Loss: 0.022291 | Val: 0.145720  |  mse: 0.021413  sym: 0.000420  neg: 0.000458
--- Saved model to checkpoints/pid/state.pt ---
Epoch 124
Epoch 124 | Loss: 0.033356 | Val: 0.144752  |  mse: 0.032447  sym: 0.000380  neg: 0.000529
--- Saved model to checkpoints/pid/state.pt ---
Epoch 125
Epoch 125 | Loss: 0.032360 | Val: 0.146256  |  mse: 0.031537  sym: 0.000297  neg: 0.000526
FITS files saved to results/pid/run_20260627_171751_seed43/generated_fits
Computing FID/KID/PDF at epoch 125...
  FID: 198.1765 | KID: 0.229731
  Pixel PDF W-dist: 0.7881
  Compliance — pct_negative: 0.0000  sym_score: 0.0170
--- Saved model to checkpoints/pid/state.pt ---
Epoch 126
Epoch 126 | Loss: 0.030194 | Val: 0.142309  |  mse: 0.029210  sym: 0.000464  neg: 0.000520
--- Saved model to checkpoints/pid/state.pt ---
Epoch 127
Epoch 127 | Loss: 0.027180 | Val: 0.144653  |  mse: 0.026153  sym: 0.000467  neg: 0.000561
--- Saved model to checkpoints/pid/state.pt ---
Epoch 128
Epoch 128 | Loss: 0.028836 | Val: 0.144860  |  mse: 0.027914  sym: 0.000405  neg: 0.000517
--- Saved model to checkpoints/pid/state.pt ---
Epoch 129
Epoch 129 | Loss: 0.028591 | Val: 0.147969  |  mse: 0.027510  sym: 0.000548  neg: 0.000532
--- Saved model to checkpoints/pid/state.pt ---
Epoch 130
Epoch 130 | Loss: 0.025257 | Val: 0.146238  |  mse: 0.024306  sym: 0.000384  neg: 0.000567
FITS files saved to results/pid/run_20260627_171751_seed43/generated_fits
Computing FID/KID/PDF at epoch 130...
  FID: 168.7188 | KID: 0.181216
  Pixel PDF W-dist: 0.7132
  Compliance — pct_negative: 0.0000  sym_score: 0.0149
--- Saved model to checkpoints/pid/state.pt ---
Epoch 131
Epoch 131 | Loss: 0.026661 | Val: 0.146334  |  mse: 0.025633  sym: 0.000485  neg: 0.000542
--- Saved model to checkpoints/pid/state.pt ---
Epoch 132
Epoch 132 | Loss: 0.031559 | Val: 0.145172  |  mse: 0.030657  sym: 0.000361  neg: 0.000540
--- Saved model to checkpoints/pid/state.pt ---
Epoch 133
Epoch 133 | Loss: 0.028911 | Val: 0.143940  |  mse: 0.028042  sym: 0.000370  neg: 0.000499
--- Saved model to checkpoints/pid/state.pt ---
Epoch 134
Epoch 134 | Loss: 0.025723 | Val: 0.144158  |  mse: 0.024671  sym: 0.000584  neg: 0.000468
--- Saved model to checkpoints/pid/state.pt ---
Epoch 135
Epoch 135 | Loss: 0.023537 | Val: 0.145104  |  mse: 0.022540  sym: 0.000473  neg: 0.000524
FITS files saved to results/pid/run_20260627_171751_seed43/generated_fits
Computing FID/KID/PDF at epoch 135...
  FID: 186.9068 | KID: 0.216287
  Pixel PDF W-dist: 0.6624
  Compliance — pct_negative: 0.0000  sym_score: 0.0163
--- Saved model to checkpoints/pid/state.pt ---
Epoch 136
Epoch 136 | Loss: 0.030519 | Val: 0.143492  |  mse: 0.029637  sym: 0.000353  neg: 0.000529
--- Saved model to checkpoints/pid/state.pt ---
Epoch 137
Epoch 137 | Loss: 0.024337 | Val: 0.146188  |  mse: 0.023417  sym: 0.000436  neg: 0.000484
--- Saved model to checkpoints/pid/state.pt ---
Epoch 138
Epoch 138 | Loss: 0.034510 | Val: 0.144885  |  mse: 0.033510  sym: 0.000419  neg: 0.000582
--- Saved model to checkpoints/pid/state.pt ---
Epoch 139
Epoch 139 | Loss: 0.032269 | Val: 0.145426  |  mse: 0.031175  sym: 0.000544  neg: 0.000549
--- Saved model to checkpoints/pid/state.pt ---
Epoch 140
Epoch 140 | Loss: 0.024460 | Val: 0.147554  |  mse: 0.023565  sym: 0.000367  neg: 0.000528
FITS files saved to results/pid/run_20260627_171751_seed43/generated_fits
Computing FID/KID/PDF at epoch 140...
  FID: 179.0000 | KID: 0.201754
  Pixel PDF W-dist: 0.7078
  Compliance — pct_negative: 0.0000  sym_score: 0.0162
--- Saved model to checkpoints/pid/state.pt ---
Epoch 141
Epoch 141 | Loss: 0.023436 | Val: 0.145852  |  mse: 0.022582  sym: 0.000377  neg: 0.000477
--- Saved model to checkpoints/pid/state.pt ---
Epoch 142
Epoch 142 | Loss: 0.029435 | Val: 0.144314  |  mse: 0.028531  sym: 0.000373  neg: 0.000530
--- Saved model to checkpoints/pid/state.pt ---
Epoch 143
Epoch 143 | Loss: 0.032975 | Val: 0.144466  |  mse: 0.031765  sym: 0.000641  neg: 0.000569
--- Saved model to checkpoints/pid/state.pt ---
Epoch 144
Epoch 144 | Loss: 0.029046 | Val: 0.144086  |  mse: 0.028177  sym: 0.000310  neg: 0.000559
--- Saved model to checkpoints/pid/state.pt ---
Epoch 145
Epoch 145 | Loss: 0.035133 | Val: 0.150832  |  mse: 0.034077  sym: 0.000484  neg: 0.000572
FITS files saved to results/pid/run_20260627_171751_seed43/generated_fits
Computing FID/KID/PDF at epoch 145...
  FID: 233.9731 | KID: 0.279881
  Pixel PDF W-dist: 0.8521
  Compliance — pct_negative: 0.0000  sym_score: 0.0166
--- Saved model to checkpoints/pid/state.pt ---
Epoch 146
Epoch 146 | Loss: 0.024513 | Val: 0.142290  |  mse: 0.023538  sym: 0.000433  neg: 0.000543
--- Saved model to checkpoints/pid/state.pt ---
Epoch 147
Epoch 147 | Loss: 0.032464 | Val: 0.143312  |  mse: 0.031248  sym: 0.000639  neg: 0.000576
--- Saved model to checkpoints/pid/state.pt ---
Epoch 148
Epoch 148 | Loss: 0.026420 | Val: 0.147442  |  mse: 0.025539  sym: 0.000365  neg: 0.000516
--- Saved model to checkpoints/pid/state.pt ---
Epoch 149
Epoch 149 | Loss: 0.025087 | Val: 0.145095  |  mse: 0.024234  sym: 0.000358  neg: 0.000495
--- Saved model to checkpoints/pid/state.pt ---
Epoch 150
Epoch 150 | Loss: 0.030472 | Val: 0.144131  |  mse: 0.029618  sym: 0.000334  neg: 0.000520
FITS files saved to results/pid/run_20260627_171751_seed43/generated_fits
Computing FID/KID/PDF at epoch 150...
  FID: 175.8550 | KID: 0.188447
  Pixel PDF W-dist: 0.7310
  Compliance — pct_negative: 0.0000  sym_score: 0.0170
--- Saved model to checkpoints/pid/state.pt ---
Epoch 151
Epoch 151 | Loss: 0.028179 | Val: 0.144200  |  mse: 0.027291  sym: 0.000339  neg: 0.000549
--- Saved model to checkpoints/pid/state.pt ---
Epoch 152
Epoch 152 | Loss: 0.029860 | Val: 0.144526  |  mse: 0.028748  sym: 0.000547  neg: 0.000565
--- Saved model to checkpoints/pid/state.pt ---
Epoch 153
Epoch 153 | Loss: 0.024366 | Val: 0.144404  |  mse: 0.023516  sym: 0.000381  neg: 0.000469
--- Saved model to checkpoints/pid/state.pt ---
Epoch 154
Epoch 154 | Loss: 0.027321 | Val: 0.145024  |  mse: 0.026449  sym: 0.000326  neg: 0.000546
--- Saved model to checkpoints/pid/state.pt ---
Epoch 155
Epoch 155 | Loss: 0.024404 | Val: 0.146802  |  mse: 0.023251  sym: 0.000634  neg: 0.000519
FITS files saved to results/pid/run_20260627_171751_seed43/generated_fits
Computing FID/KID/PDF at epoch 155...
  FID: 133.5330 | KID: 0.108062
  Pixel PDF W-dist: 0.6623
  Compliance — pct_negative: 0.0000  sym_score: 0.0171
--- Saved model to checkpoints/pid/state.pt ---
Epoch 156
Epoch 156 | Loss: 0.030533 | Val: 0.144214  |  mse: 0.029657  sym: 0.000324  neg: 0.000553
--- Saved model to checkpoints/pid/state.pt ---
Epoch 157
Epoch 157 | Loss: 0.030994 | Val: 0.144635  |  mse: 0.029829  sym: 0.000521  neg: 0.000643
--- Saved model to checkpoints/pid/state.pt ---
Epoch 158
Epoch 158 | Loss: 0.031563 | Val: 0.144765  |  mse: 0.030583  sym: 0.000431  neg: 0.000549
--- Saved model to checkpoints/pid/state.pt ---
Epoch 159
Epoch 159 | Loss: 0.026958 | Val: 0.145197  |  mse: 0.026011  sym: 0.000410  neg: 0.000537
--- Saved model to checkpoints/pid/state.pt ---
Epoch 160
Epoch 160 | Loss: 0.032888 | Val: 0.144981  |  mse: 0.031914  sym: 0.000389  neg: 0.000585
FITS files saved to results/pid/run_20260627_171751_seed43/generated_fits
Computing FID/KID/PDF at epoch 160...
  FID: 160.4344 | KID: 0.166841
  Pixel PDF W-dist: 0.7042
  Compliance — pct_negative: 0.0000  sym_score: 0.0142
--- Saved model to checkpoints/pid/state.pt ---
Epoch 161
Epoch 161 | Loss: 0.025864 | Val: 0.144800  |  mse: 0.024862  sym: 0.000477  neg: 0.000525
--- Saved model to checkpoints/pid/state.pt ---
Epoch 162
Epoch 162 | Loss: 0.031871 | Val: 0.143907  |  mse: 0.030925  sym: 0.000334  neg: 0.000612
--- Saved model to checkpoints/pid/state.pt ---
Epoch 163
Epoch 163 | Loss: 0.029104 | Val: 0.147386  |  mse: 0.028125  sym: 0.000464  neg: 0.000516
--- Saved model to checkpoints/pid/state.pt ---
Epoch 164
Epoch 164 | Loss: 0.024798 | Val: 0.144456  |  mse: 0.023904  sym: 0.000372  neg: 0.000521
--- Saved model to checkpoints/pid/state.pt ---
Epoch 165
Epoch 165 | Loss: 0.034920 | Val: 0.141698  |  mse: 0.033992  sym: 0.000368  neg: 0.000561
FITS files saved to results/pid/run_20260627_171751_seed43/generated_fits
Computing FID/KID/PDF at epoch 165...
  FID: 134.2871 | KID: 0.135027
  Pixel PDF W-dist: 0.5692
  Compliance — pct_negative: 0.0000  sym_score: 0.0138
--- Saved model to checkpoints/pid/state.pt ---
Epoch 166
Epoch 166 | Loss: 0.030916 | Val: 0.144880  |  mse: 0.029944  sym: 0.000383  neg: 0.000589
--- Saved model to checkpoints/pid/state.pt ---
Epoch 167
Epoch 167 | Loss: 0.024609 | Val: 0.145338  |  mse: 0.023777  sym: 0.000332  neg: 0.000501
--- Saved model to checkpoints/pid/state.pt ---
Epoch 168
Epoch 168 | Loss: 0.022947 | Val: 0.141763  |  mse: 0.021962  sym: 0.000455  neg: 0.000530
--- Saved model to checkpoints/pid/state.pt ---
Epoch 169
Epoch 169 | Loss: 0.025605 | Val: 0.144199  |  mse: 0.024520  sym: 0.000576  neg: 0.000510
--- Saved model to checkpoints/pid/state.pt ---
Epoch 170
Epoch 170 | Loss: 0.025601 | Val: 0.143328  |  mse: 0.024698  sym: 0.000395  neg: 0.000508
FITS files saved to results/pid/run_20260627_171751_seed43/generated_fits
Computing FID/KID/PDF at epoch 170...
  FID: 139.2346 | KID: 0.134172
  Pixel PDF W-dist: 0.6381
  Compliance — pct_negative: 0.0000  sym_score: 0.0150
--- Saved model to checkpoints/pid/state.pt ---
Epoch 171
Epoch 171 | Loss: 0.028137 | Val: 0.143061  |  mse: 0.027136  sym: 0.000435  neg: 0.000567
--- Saved model to checkpoints/pid/state.pt ---
Epoch 172
Epoch 172 | Loss: 0.030681 | Val: 0.143538  |  mse: 0.029846  sym: 0.000299  neg: 0.000536
--- Saved model to checkpoints/pid/state.pt ---
Epoch 173
Epoch 173 | Loss: 0.025245 | Val: 0.145952  |  mse: 0.024341  sym: 0.000402  neg: 0.000503
--- Saved model to checkpoints/pid/state.pt ---
Epoch 174
Epoch 174 | Loss: 0.028180 | Val: 0.144797  |  mse: 0.027192  sym: 0.000426  neg: 0.000562
--- Saved model to checkpoints/pid/state.pt ---
Epoch 175
Epoch 175 | Loss: 0.033196 | Val: 0.142762  |  mse: 0.032138  sym: 0.000503  neg: 0.000555
FITS files saved to results/pid/run_20260627_171751_seed43/generated_fits
Computing FID/KID/PDF at epoch 175...
  FID: 125.1913 | KID: 0.113429
  Pixel PDF W-dist: 0.5139
  Compliance — pct_negative: 0.0000  sym_score: 0.0138
--- Saved model to checkpoints/pid/state.pt ---
Epoch 176
Epoch 176 | Loss: 0.029411 | Val: 0.142311  |  mse: 0.028339  sym: 0.000486  neg: 0.000586
--- Saved model to checkpoints/pid/state.pt ---
Epoch 177
Epoch 177 | Loss: 0.025864 | Val: 0.143368  |  mse: 0.024862  sym: 0.000506  neg: 0.000496
--- Saved model to checkpoints/pid/state.pt ---
Epoch 178
Epoch 178 | Loss: 0.026445 | Val: 0.144668  |  mse: 0.025628  sym: 0.000276  neg: 0.000542
--- Saved model to checkpoints/pid/state.pt ---
Epoch 179
Epoch 179 | Loss: 0.025505 | Val: 0.142479  |  mse: 0.024581  sym: 0.000430  neg: 0.000494
--- Saved model to checkpoints/pid/state.pt ---
Epoch 180
Epoch 180 | Loss: 0.027708 | Val: 0.143772  |  mse: 0.026839  sym: 0.000330  neg: 0.000539
FITS files saved to results/pid/run_20260627_171751_seed43/generated_fits
Computing FID/KID/PDF at epoch 180...
  FID: 134.2989 | KID: 0.135998
  Pixel PDF W-dist: 0.6427
  Compliance — pct_negative: 0.0000  sym_score: 0.0181
--- Saved model to checkpoints/pid/state.pt ---
Epoch 181
Epoch 181 | Loss: 0.027560 | Val: 0.146648  |  mse: 0.026688  sym: 0.000346  neg: 0.000526
--- Saved model to checkpoints/pid/state.pt ---
Epoch 182
Epoch 182 | Loss: 0.023441 | Val: 0.144634  |  mse: 0.022574  sym: 0.000373  neg: 0.000494
--- Saved model to checkpoints/pid/state.pt ---
Epoch 183
Epoch 183 | Loss: 0.027667 | Val: 0.142562  |  mse: 0.026553  sym: 0.000574  neg: 0.000540
--- Saved model to checkpoints/pid/state.pt ---
Epoch 184
Epoch 184 | Loss: 0.027752 | Val: 0.143178  |  mse: 0.026898  sym: 0.000313  neg: 0.000541
--- Saved model to checkpoints/pid/state.pt ---
Epoch 185
Epoch 185 | Loss: 0.025975 | Val: 0.141749  |  mse: 0.024903  sym: 0.000551  neg: 0.000521
FITS files saved to results/pid/run_20260627_171751_seed43/generated_fits
Computing FID/KID/PDF at epoch 185...
  FID: 119.0061 | KID: 0.104112
  Pixel PDF W-dist: 0.6050
  Compliance — pct_negative: 0.0000  sym_score: 0.0150
--- Saved model to checkpoints/pid/state.pt ---
Epoch 186
Epoch 186 | Loss: 0.027181 | Val: 0.141765  |  mse: 0.026184  sym: 0.000446  neg: 0.000550
--- Saved model to checkpoints/pid/state.pt ---
Epoch 187
Epoch 187 | Loss: 0.030260 | Val: 0.142262  |  mse: 0.029381  sym: 0.000319  neg: 0.000560
--- Saved model to checkpoints/pid/state.pt ---
Epoch 188
Epoch 188 | Loss: 0.022533 | Val: 0.144255  |  mse: 0.021750  sym: 0.000307  neg: 0.000476
--- Saved model to checkpoints/pid/state.pt ---
Epoch 189
Epoch 189 | Loss: 0.025255 | Val: 0.142688  |  mse: 0.024320  sym: 0.000366  neg: 0.000570
--- Saved model to checkpoints/pid/state.pt ---
Epoch 190
Epoch 190 | Loss: 0.027994 | Val: 0.143713  |  mse: 0.027132  sym: 0.000358  neg: 0.000504
FITS files saved to results/pid/run_20260627_171751_seed43/generated_fits
Computing FID/KID/PDF at epoch 190...
  FID: 131.8567 | KID: 0.116683
  Pixel PDF W-dist: 0.6298
  Compliance — pct_negative: 0.0000  sym_score: 0.0185
--- Saved model to checkpoints/pid/state.pt ---
Epoch 191
Epoch 191 | Loss: 0.027002 | Val: 0.144951  |  mse: 0.026013  sym: 0.000447  neg: 0.000542
--- Saved model to checkpoints/pid/state.pt ---
Epoch 192
Epoch 192 | Loss: 0.029441 | Val: 0.144352  |  mse: 0.028359  sym: 0.000518  neg: 0.000564
--- Saved model to checkpoints/pid/state.pt ---
Epoch 193
Epoch 193 | Loss: 0.030777 | Val: 0.143970  |  mse: 0.029910  sym: 0.000289  neg: 0.000577
--- Saved model to checkpoints/pid/state.pt ---
Epoch 194
Epoch 194 | Loss: 0.026589 | Val: 0.143348  |  mse: 0.025676  sym: 0.000399  neg: 0.000515
--- Saved model to checkpoints/pid/state.pt ---
Epoch 195
Epoch 195 | Loss: 0.028638 | Val: 0.144498  |  mse: 0.027779  sym: 0.000302  neg: 0.000556
FITS files saved to results/pid/run_20260627_171751_seed43/generated_fits
Computing FID/KID/PDF at epoch 195...
  FID: 115.1790 | KID: 0.096466
  Pixel PDF W-dist: 0.6129
  Compliance — pct_negative: 0.0000  sym_score: 0.0175
--- Saved model to checkpoints/pid/state.pt ---
Epoch 196
Epoch 196 | Loss: 0.028818 | Val: 0.141031  |  mse: 0.027897  sym: 0.000366  neg: 0.000555
--- Saved model to checkpoints/pid/state.pt ---
Epoch 197
Epoch 197 | Loss: 0.031582 | Val: 0.144261  |  mse: 0.030406  sym: 0.000570  neg: 0.000606
--- Saved model to checkpoints/pid/state.pt ---
Epoch 198
Epoch 198 | Loss: 0.029070 | Val: 0.142550  |  mse: 0.027831  sym: 0.000595  neg: 0.000645
--- Saved model to checkpoints/pid/state.pt ---
Epoch 199
Epoch 199 | Loss: 0.028614 | Val: 0.143201  |  mse: 0.027725  sym: 0.000351  neg: 0.000538
--- Saved model to checkpoints/pid/state.pt ---
Epoch 200
Epoch 200 | Loss: 0.026833 | Val: 0.143012  |  mse: 0.025971  sym: 0.000339  neg: 0.000523
FITS files saved to results/pid/run_20260627_171751_seed43/generated_fits
Computing FID/KID/PDF at epoch 200...
  FID: 141.4468 | KID: 0.137214
  Pixel PDF W-dist: 0.5413
  Compliance — pct_negative: 0.0000  sym_score: 0.0128
--- Saved model to checkpoints/pid/state.pt ---
Epoch 201
Epoch 201 | Loss: 0.025071 | Val: 0.144828  |  mse: 0.024207  sym: 0.000359  neg: 0.000506
--- Saved model to checkpoints/pid/state.pt ---
Epoch 202
Epoch 202 | Loss: 0.030444 | Val: 0.144685  |  mse: 0.029594  sym: 0.000327  neg: 0.000523
--- Saved model to checkpoints/pid/state.pt ---
Epoch 203
Epoch 203 | Loss: 0.026603 | Val: 0.144483  |  mse: 0.025645  sym: 0.000453  neg: 0.000504
--- Saved model to checkpoints/pid/state.pt ---
Epoch 204
Epoch 204 | Loss: 0.026095 | Val: 0.145292  |  mse: 0.025177  sym: 0.000421  neg: 0.000497
--- Saved model to checkpoints/pid/state.pt ---
Epoch 205
Epoch 205 | Loss: 0.028303 | Val: 0.144870  |  mse: 0.027346  sym: 0.000409  neg: 0.000547
FITS files saved to results/pid/run_20260627_171751_seed43/generated_fits
Computing FID/KID/PDF at epoch 205...
  FID: 149.7822 | KID: 0.134414
  Pixel PDF W-dist: 0.6556
  Compliance — pct_negative: 0.0000  sym_score: 0.0161
--- Saved model to checkpoints/pid/state.pt ---
Epoch 206
Epoch 206 | Loss: 0.021794 | Val: 0.143883  |  mse: 0.020921  sym: 0.000384  neg: 0.000489
--- Saved model to checkpoints/pid/state.pt ---
Epoch 207
Epoch 207 | Loss: 0.026961 | Val: 0.142537  |  mse: 0.026188  sym: 0.000259  neg: 0.000515
--- Saved model to checkpoints/pid/state.pt ---
Epoch 208
Epoch 208 | Loss: 0.029569 | Val: 0.145292  |  mse: 0.028631  sym: 0.000405  neg: 0.000533
--- Saved model to checkpoints/pid/state.pt ---
Epoch 209
Epoch 209 | Loss: 0.025685 | Val: 0.142759  |  mse: 0.024893  sym: 0.000263  neg: 0.000529
--- Saved model to checkpoints/pid/state.pt ---
Epoch 210
Epoch 210 | Loss: 0.023644 | Val: 0.147299  |  mse: 0.022549  sym: 0.000574  neg: 0.000521
FITS files saved to results/pid/run_20260627_171751_seed43/generated_fits
Computing FID/KID/PDF at epoch 210...
  FID: 133.4588 | KID: 0.128278
  Pixel PDF W-dist: 0.4894
  Compliance — pct_negative: 0.0000  sym_score: 0.0188
--- Saved model to checkpoints/pid/state.pt ---
Epoch 211
Epoch 211 | Loss: 0.028575 | Val: 0.144776  |  mse: 0.027659  sym: 0.000334  neg: 0.000581
--- Saved model to checkpoints/pid/state.pt ---
Epoch 212
Epoch 212 | Loss: 0.021848 | Val: 0.150445  |  mse: 0.021004  sym: 0.000375  neg: 0.000469
--- Saved model to checkpoints/pid/state.pt ---
Epoch 213
Epoch 213 | Loss: 0.028407 | Val: 0.152278  |  mse: 0.027271  sym: 0.000529  neg: 0.000607
--- Saved model to checkpoints/pid/state.pt ---
Epoch 214
Epoch 214 | Loss: 0.029500 | Val: 0.142224  |  mse: 0.028600  sym: 0.000311  neg: 0.000590
--- Saved model to checkpoints/pid/state.pt ---
Epoch 215
Epoch 215 | Loss: 0.026214 | Val: 0.145287  |  mse: 0.024986  sym: 0.000684  neg: 0.000544
FITS files saved to results/pid/run_20260627_171751_seed43/generated_fits
Computing FID/KID/PDF at epoch 215...
  FID: 137.5457 | KID: 0.126108
  Pixel PDF W-dist: 0.6170
  Compliance — pct_negative: 0.0000  sym_score: 0.0199
--- Saved model to checkpoints/pid/state.pt ---
Epoch 216
Epoch 216 | Loss: 0.034217 | Val: 0.145471  |  mse: 0.033314  sym: 0.000314  neg: 0.000589
--- Saved model to checkpoints/pid/state.pt ---
Epoch 217
Epoch 217 | Loss: 0.030412 | Val: 0.143701  |  mse: 0.029536  sym: 0.000326  neg: 0.000550
--- Saved model to checkpoints/pid/state.pt ---
Epoch 218
Epoch 218 | Loss: 0.025743 | Val: 0.145021  |  mse: 0.024787  sym: 0.000430  neg: 0.000526
--- Saved model to checkpoints/pid/state.pt ---
Epoch 219
Epoch 219 | Loss: 0.024245 | Val: 0.140863  |  mse: 0.023452  sym: 0.000302  neg: 0.000491
--- Saved model to checkpoints/pid/state.pt ---
Epoch 220
Epoch 220 | Loss: 0.028476 | Val: 0.145313  |  mse: 0.027565  sym: 0.000375  neg: 0.000535
FITS files saved to results/pid/run_20260627_171751_seed43/generated_fits
Computing FID/KID/PDF at epoch 220...
  FID: 144.6089 | KID: 0.141462
  Pixel PDF W-dist: 0.6007
  Compliance — pct_negative: 0.0000  sym_score: 0.0161
--- Saved model to checkpoints/pid/state.pt ---
Epoch 221
Epoch 221 | Loss: 0.025468 | Val: 0.143640  |  mse: 0.024531  sym: 0.000406  neg: 0.000531
--- Saved model to checkpoints/pid/state.pt ---
Epoch 222
Epoch 222 | Loss: 0.023897 | Val: 0.144656  |  mse: 0.023062  sym: 0.000343  neg: 0.000492
--- Saved model to checkpoints/pid/state.pt ---
Epoch 223
Epoch 223 | Loss: 0.029893 | Val: 0.144660  |  mse: 0.028963  sym: 0.000378  neg: 0.000552
--- Saved model to checkpoints/pid/state.pt ---
Epoch 224
Epoch 224 | Loss: 0.024264 | Val: 0.144507  |  mse: 0.023409  sym: 0.000341  neg: 0.000514
--- Saved model to checkpoints/pid/state.pt ---
Epoch 225
Epoch 225 | Loss: 0.025194 | Val: 0.143301  |  mse: 0.024242  sym: 0.000406  neg: 0.000546
FITS files saved to results/pid/run_20260627_171751_seed43/generated_fits
Computing FID/KID/PDF at epoch 225...
  FID: 134.4585 | KID: 0.116319
  Pixel PDF W-dist: 0.5775
  Compliance — pct_negative: 0.0000  sym_score: 0.0177
--- Saved model to checkpoints/pid/state.pt ---
Epoch 226
Epoch 226 | Loss: 0.026544 | Val: 0.143963  |  mse: 0.025654  sym: 0.000386  neg: 0.000504
--- Saved model to checkpoints/pid/state.pt ---
Epoch 227
Epoch 227 | Loss: 0.026944 | Val: 0.146089  |  mse: 0.025461  sym: 0.000844  neg: 0.000639
--- Saved model to checkpoints/pid/state.pt ---
Epoch 228
Epoch 228 | Loss: 0.031606 | Val: 0.143476  |  mse: 0.030726  sym: 0.000345  neg: 0.000536
--- Saved model to checkpoints/pid/state.pt ---
Epoch 229
Epoch 229 | Loss: 0.028457 | Val: 0.143785  |  mse: 0.027523  sym: 0.000373  neg: 0.000561
--- Saved model to checkpoints/pid/state.pt ---
Epoch 230
Epoch 230 | Loss: 0.034116 | Val: 0.144175  |  mse: 0.033130  sym: 0.000383  neg: 0.000602
FITS files saved to results/pid/run_20260627_171751_seed43/generated_fits
Computing FID/KID/PDF at epoch 230...
  FID: 132.4799 | KID: 0.123094
  Pixel PDF W-dist: 0.5996
  Compliance — pct_negative: 0.0000  sym_score: 0.0150
--- Saved model to checkpoints/pid/state.pt ---
Epoch 231
Epoch 231 | Loss: 0.030853 | Val: 0.144823  |  mse: 0.029914  sym: 0.000393  neg: 0.000546
--- Saved model to checkpoints/pid/state.pt ---
Epoch 232
Epoch 232 | Loss: 0.027428 | Val: 0.143496  |  mse: 0.026525  sym: 0.000350  neg: 0.000554
--- Saved model to checkpoints/pid/state.pt ---
Epoch 233
Epoch 233 | Loss: 0.026413 | Val: 0.139657  |  mse: 0.025415  sym: 0.000489  neg: 0.000510
--- Saved model to checkpoints/pid/state.pt ---
Epoch 234
Epoch 234 | Loss: 0.023845 | Val: 0.140870  |  mse: 0.022980  sym: 0.000361  neg: 0.000504
--- Saved model to checkpoints/pid/state.pt ---
Epoch 235
Epoch 235 | Loss: 0.025494 | Val: 0.142053  |  mse: 0.024617  sym: 0.000359  neg: 0.000517
FITS files saved to results/pid/run_20260627_171751_seed43/generated_fits
Computing FID/KID/PDF at epoch 235...
  FID: 107.2654 | KID: 0.069343
  Pixel PDF W-dist: 0.5526
  Compliance — pct_negative: 0.0000  sym_score: 0.0146
--- Saved model to checkpoints/pid/state.pt ---
Epoch 236
Epoch 236 | Loss: 0.023248 | Val: 0.143789  |  mse: 0.022351  sym: 0.000414  neg: 0.000484
--- Saved model to checkpoints/pid/state.pt ---
Epoch 237
Epoch 237 | Loss: 0.028975 | Val: 0.144109  |  mse: 0.028082  sym: 0.000323  neg: 0.000570
--- Saved model to checkpoints/pid/state.pt ---
Epoch 238
Epoch 238 | Loss: 0.029790 | Val: 0.143165  |  mse: 0.028988  sym: 0.000278  neg: 0.000524
--- Saved model to checkpoints/pid/state.pt ---
Epoch 239
Epoch 239 | Loss: 0.032540 | Val: 0.143401  |  mse: 0.031627  sym: 0.000299  neg: 0.000614
--- Saved model to checkpoints/pid/state.pt ---
Epoch 240
Epoch 240 | Loss: 0.038745 | Val: 0.142334  |  mse: 0.037542  sym: 0.000580  neg: 0.000623
FITS files saved to results/pid/run_20260627_171751_seed43/generated_fits
Computing FID/KID/PDF at epoch 240...
  FID: 100.2717 | KID: 0.058749
  Pixel PDF W-dist: 0.4938
  Compliance — pct_negative: 0.0000  sym_score: 0.0160
--- Saved model to checkpoints/pid/state.pt ---
Epoch 241
Epoch 241 | Loss: 0.027303 | Val: 0.141057  |  mse: 0.026498  sym: 0.000288  neg: 0.000517
--- Saved model to checkpoints/pid/state.pt ---
Epoch 242
Epoch 242 | Loss: 0.029377 | Val: 0.146721  |  mse: 0.028512  sym: 0.000345  neg: 0.000520
--- Saved model to checkpoints/pid/state.pt ---
Epoch 243
Epoch 243 | Loss: 0.024315 | Val: 0.142974  |  mse: 0.023414  sym: 0.000402  neg: 0.000499
--- Saved model to checkpoints/pid/state.pt ---
Epoch 244
Epoch 244 | Loss: 0.028658 | Val: 0.143718  |  mse: 0.027441  sym: 0.000693  neg: 0.000524
--- Saved model to checkpoints/pid/state.pt ---
Epoch 245
Epoch 245 | Loss: 0.024423 | Val: 0.143538  |  mse: 0.023594  sym: 0.000312  neg: 0.000517
FITS files saved to results/pid/run_20260627_171751_seed43/generated_fits
Computing FID/KID/PDF at epoch 245...
  FID: 133.8072 | KID: 0.130879
  Pixel PDF W-dist: 0.5252
  Compliance — pct_negative: 0.0000  sym_score: 0.0143
--- Saved model to checkpoints/pid/state.pt ---
Epoch 246
Epoch 246 | Loss: 0.025347 | Val: 0.142096  |  mse: 0.024631  sym: 0.000268  neg: 0.000448
--- Saved model to checkpoints/pid/state.pt ---
Epoch 247
Epoch 247 | Loss: 0.037052 | Val: 0.141262  |  mse: 0.036011  sym: 0.000432  neg: 0.000608
--- Saved model to checkpoints/pid/state.pt ---
Epoch 248
Epoch 248 | Loss: 0.024646 | Val: 0.142831  |  mse: 0.023883  sym: 0.000282  neg: 0.000482
--- Saved model to checkpoints/pid/state.pt ---
Epoch 249
Epoch 249 | Loss: 0.029826 | Val: 0.143918  |  mse: 0.028906  sym: 0.000380  neg: 0.000539
--- Saved model to checkpoints/pid/state.pt ---
Epoch 250
Epoch 250 | Loss: 0.021164 | Val: 0.143085  |  mse: 0.020400  sym: 0.000291  neg: 0.000474
FITS files saved to results/pid/run_20260627_171751_seed43/generated_fits
Computing FID/KID/PDF at epoch 250...
  FID: 109.8837 | KID: 0.081844
  Pixel PDF W-dist: 0.5896
  Compliance — pct_negative: 0.0000  sym_score: 0.0166
--- Saved model to checkpoints/pid/state.pt ---
Epoch 251
Epoch 251 | Loss: 0.023914 | Val: 0.141870  |  mse: 0.023017  sym: 0.000373  neg: 0.000524
--- Saved model to checkpoints/pid/state.pt ---
Epoch 252
Epoch 252 | Loss: 0.027643 | Val: 0.142951  |  mse: 0.026714  sym: 0.000404  neg: 0.000526
--- Saved model to checkpoints/pid/state.pt ---
Epoch 253
Epoch 253 | Loss: 0.028787 | Val: 0.144735  |  mse: 0.027873  sym: 0.000360  neg: 0.000554
--- Saved model to checkpoints/pid/state.pt ---
Epoch 254
Epoch 254 | Loss: 0.027330 | Val: 0.144771  |  mse: 0.026478  sym: 0.000337  neg: 0.000515
--- Saved model to checkpoints/pid/state.pt ---
Epoch 255
Epoch 255 | Loss: 0.021249 | Val: 0.143796  |  mse: 0.020356  sym: 0.000419  neg: 0.000474
FITS files saved to results/pid/run_20260627_171751_seed43/generated_fits
Computing FID/KID/PDF at epoch 255...
  FID: 132.0027 | KID: 0.114773
  Pixel PDF W-dist: 0.5311
  Compliance — pct_negative: 0.0000  sym_score: 0.0120
--- Saved model to checkpoints/pid/state.pt ---
Epoch 256
Epoch 256 | Loss: 0.025953 | Val: 0.140513  |  mse: 0.025109  sym: 0.000337  neg: 0.000507
--- Saved model to checkpoints/pid/state.pt ---
Epoch 257
Epoch 257 | Loss: 0.032875 | Val: 0.141382  |  mse: 0.032080  sym: 0.000265  neg: 0.000529
--- Saved model to checkpoints/pid/state.pt ---
Epoch 258
Epoch 258 | Loss: 0.026032 | Val: 0.144361  |  mse: 0.025115  sym: 0.000366  neg: 0.000551
--- Saved model to checkpoints/pid/state.pt ---
Epoch 259
Epoch 259 | Loss: 0.026074 | Val: 0.144444  |  mse: 0.024997  sym: 0.000552  neg: 0.000525
--- Saved model to checkpoints/pid/state.pt ---
Epoch 260
Epoch 260 | Loss: 0.028019 | Val: 0.145118  |  mse: 0.027139  sym: 0.000318  neg: 0.000562
FITS files saved to results/pid/run_20260627_171751_seed43/generated_fits
Computing FID/KID/PDF at epoch 260...
  FID: 97.8983 | KID: 0.059377
  Pixel PDF W-dist: 0.5247
  Compliance — pct_negative: 0.0000  sym_score: 0.0151
--- Saved model to checkpoints/pid/state.pt ---
Epoch 261
Epoch 261 | Loss: 0.029338 | Val: 0.144480  |  mse: 0.028457  sym: 0.000354  neg: 0.000527
--- Saved model to checkpoints/pid/state.pt ---
Epoch 262
Epoch 262 | Loss: 0.031808 | Val: 0.142217  |  mse: 0.030756  sym: 0.000447  neg: 0.000605
--- Saved model to checkpoints/pid/state.pt ---
Epoch 263
Epoch 263 | Loss: 0.027657 | Val: 0.143426  |  mse: 0.026776  sym: 0.000320  neg: 0.000561
--- Saved model to checkpoints/pid/state.pt ---
Epoch 264
Epoch 264 | Loss: 0.025941 | Val: 0.143478  |  mse: 0.024952  sym: 0.000453  neg: 0.000536
--- Saved model to checkpoints/pid/state.pt ---
Epoch 265
Epoch 265 | Loss: 0.025652 | Val: 0.141823  |  mse: 0.024846  sym: 0.000300  neg: 0.000506
FITS files saved to results/pid/run_20260627_171751_seed43/generated_fits
Computing FID/KID/PDF at epoch 265...
  FID: 140.9768 | KID: 0.140103
  Pixel PDF W-dist: 0.6237
  Compliance — pct_negative: 0.0000  sym_score: 0.0172
--- Saved model to checkpoints/pid/state.pt ---
Epoch 266
Epoch 266 | Loss: 0.027689 | Val: 0.143701  |  mse: 0.026860  sym: 0.000296  neg: 0.000533
--- Saved model to checkpoints/pid/state.pt ---
Epoch 267
Epoch 267 | Loss: 0.025344 | Val: 0.143987  |  mse: 0.024575  sym: 0.000278  neg: 0.000490
--- Saved model to checkpoints/pid/state.pt ---
Epoch 268
Epoch 268 | Loss: 0.032839 | Val: 0.144838  |  mse: 0.031574  sym: 0.000663  neg: 0.000602
--- Saved model to checkpoints/pid/state.pt ---
Epoch 269
Epoch 269 | Loss: 0.024072 | Val: 0.143042  |  mse: 0.023188  sym: 0.000368  neg: 0.000516
--- Saved model to checkpoints/pid/state.pt ---
Epoch 270
Epoch 270 | Loss: 0.025280 | Val: 0.142557  |  mse: 0.024289  sym: 0.000438  neg: 0.000553
FITS files saved to results/pid/run_20260627_171751_seed43/generated_fits
Computing FID/KID/PDF at epoch 270...
  FID: 137.8927 | KID: 0.132619
  Pixel PDF W-dist: 0.5333
  Compliance — pct_negative: 0.0000  sym_score: 0.0149
--- Saved model to checkpoints/pid/state.pt ---
Epoch 271
Epoch 271 | Loss: 0.026114 | Val: 0.143400  |  mse: 0.025331  sym: 0.000293  neg: 0.000490
--- Saved model to checkpoints/pid/state.pt ---
Epoch 272
Epoch 272 | Loss: 0.025628 | Val: 0.144025  |  mse: 0.024863  sym: 0.000278  neg: 0.000488
--- Saved model to checkpoints/pid/state.pt ---
Epoch 273
Epoch 273 | Loss: 0.027900 | Val: 0.142856  |  mse: 0.027086  sym: 0.000296  neg: 0.000518
--- Saved model to checkpoints/pid/state.pt ---
Epoch 274
Epoch 274 | Loss: 0.026417 | Val: 0.143831  |  mse: 0.025433  sym: 0.000442  neg: 0.000542
--- Saved model to checkpoints/pid/state.pt ---
Epoch 275
Epoch 275 | Loss: 0.029924 | Val: 0.144000  |  mse: 0.028965  sym: 0.000373  neg: 0.000586
FITS files saved to results/pid/run_20260627_171751_seed43/generated_fits
Computing FID/KID/PDF at epoch 275...
  FID: 99.9380 | KID: 0.074118
  Pixel PDF W-dist: 0.4853
  Compliance — pct_negative: 0.0000  sym_score: 0.0133
--- Saved model to checkpoints/pid/state.pt ---
Epoch 276
Epoch 276 | Loss: 0.031782 | Val: 0.143203  |  mse: 0.030696  sym: 0.000498  neg: 0.000587
--- Saved model to checkpoints/pid/state.pt ---
Epoch 277
Epoch 277 | Loss: 0.035920 | Val: 0.146140  |  mse: 0.034841  sym: 0.000500  neg: 0.000580
--- Saved model to checkpoints/pid/state.pt ---
Epoch 278
Epoch 278 | Loss: 0.023198 | Val: 0.143036  |  mse: 0.022350  sym: 0.000313  neg: 0.000535
--- Saved model to checkpoints/pid/state.pt ---
Epoch 279
Epoch 279 | Loss: 0.025340 | Val: 0.143815  |  mse: 0.024507  sym: 0.000306  neg: 0.000526
--- Saved model to checkpoints/pid/state.pt ---
Epoch 280
Epoch 280 | Loss: 0.028568 | Val: 0.147412  |  mse: 0.027678  sym: 0.000332  neg: 0.000558
FITS files saved to results/pid/run_20260627_171751_seed43/generated_fits
Computing FID/KID/PDF at epoch 280...
  FID: 89.3375 | KID: 0.048414
  Pixel PDF W-dist: 0.4947
  Compliance — pct_negative: 0.0000  sym_score: 0.0149
--- Saved model to checkpoints/pid/state.pt ---
Epoch 281
Epoch 281 | Loss: 0.027709 | Val: 0.145189  |  mse: 0.026697  sym: 0.000436  neg: 0.000576
--- Saved model to checkpoints/pid/state.pt ---
Epoch 282
Epoch 282 | Loss: 0.025927 | Val: 0.143720  |  mse: 0.025071  sym: 0.000350  neg: 0.000506
--- Saved model to checkpoints/pid/state.pt ---
Epoch 283
Epoch 283 | Loss: 0.024738 | Val: 0.143704  |  mse: 0.023940  sym: 0.000319  neg: 0.000479
--- Saved model to checkpoints/pid/state.pt ---
Epoch 284
Epoch 284 | Loss: 0.027294 | Val: 0.146081  |  mse: 0.026464  sym: 0.000309  neg: 0.000521
--- Saved model to checkpoints/pid/state.pt ---
Epoch 285
Epoch 285 | Loss: 0.029648 | Val: 0.143696  |  mse: 0.028826  sym: 0.000330  neg: 0.000491
FITS files saved to results/pid/run_20260627_171751_seed43/generated_fits
Computing FID/KID/PDF at epoch 285...
  FID: 121.0070 | KID: 0.099473
  Pixel PDF W-dist: 0.5003
  Compliance — pct_negative: 0.0000  sym_score: 0.0149
--- Saved model to checkpoints/pid/state.pt ---
Epoch 286
Epoch 286 | Loss: 0.029232 | Val: 0.141654  |  mse: 0.028216  sym: 0.000434  neg: 0.000582
--- Saved model to checkpoints/pid/state.pt ---
Epoch 287
Epoch 287 | Loss: 0.029022 | Val: 0.142966  |  mse: 0.028193  sym: 0.000274  neg: 0.000555
--- Saved model to checkpoints/pid/state.pt ---
Epoch 288
Epoch 288 | Loss: 0.026230 | Val: 0.142681  |  mse: 0.025036  sym: 0.000684  neg: 0.000510
--- Saved model to checkpoints/pid/state.pt ---
Epoch 289
