CUDA Memory Cleared. Current VRAM Usage: 0.00 MB
On device cuda
Getting data loader mirabest_fits
Loaded FITS stats: noise_rms=0.000274, peak_log=3.938847
Total unique classes found: 2
Label IDs: [0, 1]
Total images in dataset: 1221
Total batches: 107 (at batch size 8)

============================================================
Run 1/1  |  seed=43  |  results -> results/pid/run_20260626_165125_seed43
============================================================

Training pid for 300 epochs
Epoch 0
Epoch 0 | Loss: 0.105061 | Val: 0.175826  |  mse: 0.081909  sym: 0.016611  neg: 0.006541
FITS files saved to results/pid/run_20260626_165125_seed43/generated_fits
Computing FID/KID/PDF at epoch 0...
  FID: 217.4886 | KID: 0.257614
  Pixel PDF W-dist: 0.7638
  Compliance — pct_negative: 0.0921  sym_score: 0.0387
--- Saved model to checkpoints/pid/state.pt ---
Epoch 1
Epoch 1 | Loss: 0.043133 | Val: 0.168220  |  mse: 0.037080  sym: 0.004300  neg: 0.001752
--- Saved model to checkpoints/pid/state.pt ---
Epoch 2
Epoch 2 | Loss: 0.038611 | Val: 0.164928  |  mse: 0.034396  sym: 0.002882  neg: 0.001333
--- Saved model to checkpoints/pid/state.pt ---
Epoch 3
Epoch 3 | Loss: 0.037791 | Val: 0.161179  |  mse: 0.035157  sym: 0.001664  neg: 0.000971
--- Saved model to checkpoints/pid/state.pt ---
Epoch 4
Epoch 4 | Loss: 0.039053 | Val: 0.157295  |  mse: 0.036817  sym: 0.001427  neg: 0.000809
--- Saved model to checkpoints/pid/state.pt ---
Epoch 5
Epoch 5 | Loss: 0.030555 | Val: 0.159469  |  mse: 0.028787  sym: 0.001108  neg: 0.000660
FITS files saved to results/pid/run_20260626_165125_seed43/generated_fits
Computing FID/KID/PDF at epoch 5...
  FID: 186.8731 | KID: 0.219498
  Pixel PDF W-dist: 0.7093
  Compliance — pct_negative: 0.0000  sym_score: 0.0386
--- Saved model to checkpoints/pid/state.pt ---
Epoch 6
Epoch 6 | Loss: 0.034828 | Val: 0.157702  |  mse: 0.033010  sym: 0.001084  neg: 0.000733
--- Saved model to checkpoints/pid/state.pt ---
Epoch 7
Epoch 7 | Loss: 0.032022 | Val: 0.155334  |  mse: 0.030064  sym: 0.001236  neg: 0.000722
--- Saved model to checkpoints/pid/state.pt ---
Epoch 8
Epoch 8 | Loss: 0.027758 | Val: 0.158490  |  mse: 0.026166  sym: 0.000956  neg: 0.000636
--- Saved model to checkpoints/pid/state.pt ---
Epoch 9
Epoch 9 | Loss: 0.028125 | Val: 0.158580  |  mse: 0.026620  sym: 0.000918  neg: 0.000586
--- Saved model to checkpoints/pid/state.pt ---
Epoch 10
Epoch 10 | Loss: 0.027694 | Val: 0.156159  |  mse: 0.026339  sym: 0.000786  neg: 0.000569
FITS files saved to results/pid/run_20260626_165125_seed43/generated_fits
Computing FID/KID/PDF at epoch 10...
  FID: 190.3339 | KID: 0.224213
  Pixel PDF W-dist: 0.7973
  Compliance — pct_negative: 0.0001  sym_score: 0.0308
--- Saved model to checkpoints/pid/state.pt ---
Epoch 11
Epoch 11 | Loss: 0.030480 | Val: 0.158764  |  mse: 0.028692  sym: 0.001106  neg: 0.000682
--- Saved model to checkpoints/pid/state.pt ---
Epoch 12
Epoch 12 | Loss: 0.032882 | Val: 0.155696  |  mse: 0.031201  sym: 0.000988  neg: 0.000694
--- Saved model to checkpoints/pid/state.pt ---
Epoch 13
Epoch 13 | Loss: 0.030474 | Val: 0.152530  |  mse: 0.028971  sym: 0.000851  neg: 0.000652
--- Saved model to checkpoints/pid/state.pt ---
Epoch 14
Epoch 14 | Loss: 0.029683 | Val: 0.154521  |  mse: 0.027670  sym: 0.001218  neg: 0.000795
--- Saved model to checkpoints/pid/state.pt ---
Epoch 15
Epoch 15 | Loss: 0.025650 | Val: 0.151589  |  mse: 0.024397  sym: 0.000667  neg: 0.000586
FITS files saved to results/pid/run_20260626_165125_seed43/generated_fits
Computing FID/KID/PDF at epoch 15...
  FID: 199.7662 | KID: 0.239553
  Pixel PDF W-dist: 0.8026
  Compliance — pct_negative: 0.0000  sym_score: 0.0247
--- Saved model to checkpoints/pid/state.pt ---
Epoch 16
Epoch 16 | Loss: 0.035027 | Val: 0.151102  |  mse: 0.033538  sym: 0.000900  neg: 0.000590
--- Saved model to checkpoints/pid/state.pt ---
Epoch 17
Epoch 17 | Loss: 0.030735 | Val: 0.154929  |  mse: 0.029271  sym: 0.000848  neg: 0.000616
--- Saved model to checkpoints/pid/state.pt ---
Epoch 18
Epoch 18 | Loss: 0.036283 | Val: 0.153265  |  mse: 0.034795  sym: 0.000845  neg: 0.000642
--- Saved model to checkpoints/pid/state.pt ---
Epoch 19
Epoch 19 | Loss: 0.026043 | Val: 0.150423  |  mse: 0.024723  sym: 0.000741  neg: 0.000580
--- Saved model to checkpoints/pid/state.pt ---
Epoch 20
Epoch 20 | Loss: 0.025860 | Val: 0.155526  |  mse: 0.024551  sym: 0.000793  neg: 0.000516
FITS files saved to results/pid/run_20260626_165125_seed43/generated_fits
Computing FID/KID/PDF at epoch 20...
  FID: 228.1192 | KID: 0.280185
  Pixel PDF W-dist: 0.8884
  Compliance — pct_negative: 0.0000  sym_score: 0.0169
--- Saved model to checkpoints/pid/state.pt ---
Epoch 21
Epoch 21 | Loss: 0.025312 | Val: 0.150216  |  mse: 0.024130  sym: 0.000597  neg: 0.000585
--- Saved model to checkpoints/pid/state.pt ---
Epoch 22
Epoch 22 | Loss: 0.031931 | Val: 0.152958  |  mse: 0.030711  sym: 0.000644  neg: 0.000577
--- Saved model to checkpoints/pid/state.pt ---
Epoch 23
Epoch 23 | Loss: 0.029979 | Val: 0.150142  |  mse: 0.028801  sym: 0.000590  neg: 0.000587
--- Saved model to checkpoints/pid/state.pt ---
Epoch 24
Epoch 24 | Loss: 0.024816 | Val: 0.149544  |  mse: 0.023700  sym: 0.000592  neg: 0.000524
--- Saved model to checkpoints/pid/state.pt ---
Epoch 25
Epoch 25 | Loss: 0.028046 | Val: 0.148606  |  mse: 0.026712  sym: 0.000749  neg: 0.000586
FITS files saved to results/pid/run_20260626_165125_seed43/generated_fits
Computing FID/KID/PDF at epoch 25...
  FID: 205.3690 | KID: 0.244714
  Pixel PDF W-dist: 0.7611
  Compliance — pct_negative: 0.0000  sym_score: 0.0220
--- Saved model to checkpoints/pid/state.pt ---
Epoch 26
Epoch 26 | Loss: 0.037514 | Val: 0.149988  |  mse: 0.036287  sym: 0.000582  neg: 0.000646
--- Saved model to checkpoints/pid/state.pt ---
Epoch 27
Epoch 27 | Loss: 0.031215 | Val: 0.149434  |  mse: 0.030079  sym: 0.000560  neg: 0.000576
--- Saved model to checkpoints/pid/state.pt ---
Epoch 28
Epoch 28 | Loss: 0.034239 | Val: 0.147559  |  mse: 0.033042  sym: 0.000600  neg: 0.000597
--- Saved model to checkpoints/pid/state.pt ---
Epoch 29
Epoch 29 | Loss: 0.026860 | Val: 0.148799  |  mse: 0.025274  sym: 0.000983  neg: 0.000602
--- Saved model to checkpoints/pid/state.pt ---
Epoch 30
Epoch 30 | Loss: 0.035095 | Val: 0.150293  |  mse: 0.033939  sym: 0.000570  neg: 0.000586
FITS files saved to results/pid/run_20260626_165125_seed43/generated_fits
Computing FID/KID/PDF at epoch 30...
  FID: 189.2572 | KID: 0.220421
  Pixel PDF W-dist: 0.7844
  Compliance — pct_negative: 0.0000  sym_score: 0.0220
--- Saved model to checkpoints/pid/state.pt ---
Epoch 31
Epoch 31 | Loss: 0.028453 | Val: 0.148862  |  mse: 0.027375  sym: 0.000528  neg: 0.000550
--- Saved model to checkpoints/pid/state.pt ---
Epoch 32
Epoch 32 | Loss: 0.027773 | Val: 0.151360  |  mse: 0.026738  sym: 0.000499  neg: 0.000536
--- Saved model to checkpoints/pid/state.pt ---
Epoch 33
Epoch 33 | Loss: 0.027002 | Val: 0.149404  |  mse: 0.025935  sym: 0.000529  neg: 0.000538
--- Saved model to checkpoints/pid/state.pt ---
Epoch 34
Epoch 34 | Loss: 0.032538 | Val: 0.147647  |  mse: 0.031451  sym: 0.000503  neg: 0.000583
--- Saved model to checkpoints/pid/state.pt ---
Epoch 35
Epoch 35 | Loss: 0.031949 | Val: 0.147771  |  mse: 0.030707  sym: 0.000720  neg: 0.000523
FITS files saved to results/pid/run_20260626_165125_seed43/generated_fits
Computing FID/KID/PDF at epoch 35...
  FID: 150.7160 | KID: 0.149804
  Pixel PDF W-dist: 0.7209
  Compliance — pct_negative: 0.0000  sym_score: 0.0255
--- Saved model to checkpoints/pid/state.pt ---
Epoch 36
Epoch 36 | Loss: 0.032801 | Val: 0.150645  |  mse: 0.031529  sym: 0.000643  neg: 0.000629
--- Saved model to checkpoints/pid/state.pt ---
Epoch 37
Epoch 37 | Loss: 0.035322 | Val: 0.148387  |  mse: 0.033733  sym: 0.000920  neg: 0.000670
--- Saved model to checkpoints/pid/state.pt ---
Epoch 38
Epoch 38 | Loss: 0.026188 | Val: 0.150359  |  mse: 0.024939  sym: 0.000708  neg: 0.000541
--- Saved model to checkpoints/pid/state.pt ---
Epoch 39
Epoch 39 | Loss: 0.030712 | Val: 0.146863  |  mse: 0.029293  sym: 0.000768  neg: 0.000651
--- Saved model to checkpoints/pid/state.pt ---
Epoch 40
Epoch 40 | Loss: 0.035020 | Val: 0.147272  |  mse: 0.033901  sym: 0.000480  neg: 0.000638
FITS files saved to results/pid/run_20260626_165125_seed43/generated_fits
Computing FID/KID/PDF at epoch 40...
  FID: 185.1305 | KID: 0.213176
  Pixel PDF W-dist: 0.7674
  Compliance — pct_negative: 0.0000  sym_score: 0.0233
--- Saved model to checkpoints/pid/state.pt ---
Epoch 41
Epoch 41 | Loss: 0.029755 | Val: 0.150929  |  mse: 0.028734  sym: 0.000474  neg: 0.000546
--- Saved model to checkpoints/pid/state.pt ---
Epoch 42
Epoch 42 | Loss: 0.028780 | Val: 0.147589  |  mse: 0.027722  sym: 0.000511  neg: 0.000546
--- Saved model to checkpoints/pid/state.pt ---
Epoch 43
Epoch 43 | Loss: 0.035737 | Val: 0.151996  |  mse: 0.034672  sym: 0.000446  neg: 0.000619
--- Saved model to checkpoints/pid/state.pt ---
Epoch 44
Epoch 44 | Loss: 0.029942 | Val: 0.149460  |  mse: 0.028714  sym: 0.000668  neg: 0.000560
--- Saved model to checkpoints/pid/state.pt ---
Epoch 45
Epoch 45 | Loss: 0.034726 | Val: 0.147504  |  mse: 0.033554  sym: 0.000601  neg: 0.000571
FITS files saved to results/pid/run_20260626_165125_seed43/generated_fits
Computing FID/KID/PDF at epoch 45...
  FID: 193.0282 | KID: 0.233173
  Pixel PDF W-dist: 0.7790
  Compliance — pct_negative: 0.0000  sym_score: 0.0188
--- Saved model to checkpoints/pid/state.pt ---
Epoch 46
Epoch 46 | Loss: 0.018662 | Val: 0.147478  |  mse: 0.017625  sym: 0.000570  neg: 0.000467
--- Saved model to checkpoints/pid/state.pt ---
Epoch 47
Epoch 47 | Loss: 0.030531 | Val: 0.146637  |  mse: 0.029479  sym: 0.000516  neg: 0.000537
--- Saved model to checkpoints/pid/state.pt ---
Epoch 48
Epoch 48 | Loss: 0.034339 | Val: 0.148784  |  mse: 0.033036  sym: 0.000666  neg: 0.000637
--- Saved model to checkpoints/pid/state.pt ---
Epoch 49
Epoch 49 | Loss: 0.024717 | Val: 0.148666  |  mse: 0.023610  sym: 0.000549  neg: 0.000558
--- Saved model to checkpoints/pid/state.pt ---
Epoch 50
Epoch 50 | Loss: 0.029906 | Val: 0.147037  |  mse: 0.028654  sym: 0.000703  neg: 0.000549
FITS files saved to results/pid/run_20260626_165125_seed43/generated_fits
Computing FID/KID/PDF at epoch 50...
  FID: 212.1323 | KID: 0.257969
  Pixel PDF W-dist: 0.7831
  Compliance — pct_negative: 0.0000  sym_score: 0.0213
--- Saved model to checkpoints/pid/state.pt ---
Epoch 51
Epoch 51 | Loss: 0.029363 | Val: 0.145060  |  mse: 0.028423  sym: 0.000398  neg: 0.000541
--- Saved model to checkpoints/pid/state.pt ---
Epoch 52
Epoch 52 | Loss: 0.034351 | Val: 0.146863  |  mse: 0.033158  sym: 0.000570  neg: 0.000623
--- Saved model to checkpoints/pid/state.pt ---
Epoch 53
Epoch 53 | Loss: 0.032323 | Val: 0.149944  |  mse: 0.030850  sym: 0.000853  neg: 0.000620
--- Saved model to checkpoints/pid/state.pt ---
Epoch 54
Epoch 54 | Loss: 0.031981 | Val: 0.146031  |  mse: 0.030994  sym: 0.000409  neg: 0.000578
--- Saved model to checkpoints/pid/state.pt ---
Epoch 55
Epoch 55 | Loss: 0.026973 | Val: 0.144035  |  mse: 0.025953  sym: 0.000453  neg: 0.000567
FITS files saved to results/pid/run_20260626_165125_seed43/generated_fits
Computing FID/KID/PDF at epoch 55...
  FID: 202.4250 | KID: 0.240176
  Pixel PDF W-dist: 0.7918
  Compliance — pct_negative: 0.0000  sym_score: 0.0199
--- Saved model to checkpoints/pid/state.pt ---
Epoch 56
Epoch 56 | Loss: 0.027548 | Val: 0.146570  |  mse: 0.026201  sym: 0.000806  neg: 0.000541
--- Saved model to checkpoints/pid/state.pt ---
Epoch 57
Epoch 57 | Loss: 0.020152 | Val: 0.148584  |  mse: 0.019164  sym: 0.000493  neg: 0.000496
--- Saved model to checkpoints/pid/state.pt ---
Epoch 58
Epoch 58 | Loss: 0.031524 | Val: 0.147132  |  mse: 0.030410  sym: 0.000535  neg: 0.000578
--- Saved model to checkpoints/pid/state.pt ---
Epoch 59
Epoch 59 | Loss: 0.031009 | Val: 0.146000  |  mse: 0.029869  sym: 0.000602  neg: 0.000539
--- Saved model to checkpoints/pid/state.pt ---
Epoch 60
Epoch 60 | Loss: 0.031396 | Val: 0.148336  |  mse: 0.030123  sym: 0.000644  neg: 0.000628
FITS files saved to results/pid/run_20260626_165125_seed43/generated_fits
Computing FID/KID/PDF at epoch 60...
  FID: 192.8378 | KID: 0.223662
  Pixel PDF W-dist: 0.7809
  Compliance — pct_negative: 0.0000  sym_score: 0.0183
--- Saved model to checkpoints/pid/state.pt ---
Epoch 61
Epoch 61 | Loss: 0.023532 | Val: 0.149112  |  mse: 0.022656  sym: 0.000399  neg: 0.000476
--- Saved model to checkpoints/pid/state.pt ---
Epoch 62
Epoch 62 | Loss: 0.024966 | Val: 0.144911  |  mse: 0.024078  sym: 0.000382  neg: 0.000506
--- Saved model to checkpoints/pid/state.pt ---
Epoch 63
Epoch 63 | Loss: 0.028368 | Val: 0.148737  |  mse: 0.026971  sym: 0.000820  neg: 0.000577
--- Saved model to checkpoints/pid/state.pt ---
Epoch 64
Epoch 64 | Loss: 0.025145 | Val: 0.146955  |  mse: 0.024102  sym: 0.000485  neg: 0.000558
--- Saved model to checkpoints/pid/state.pt ---
Epoch 65
Epoch 65 | Loss: 0.032106 | Val: 0.145975  |  mse: 0.030650  sym: 0.000809  neg: 0.000647
FITS files saved to results/pid/run_20260626_165125_seed43/generated_fits
Computing FID/KID/PDF at epoch 65...
  FID: 212.6763 | KID: 0.259762
  Pixel PDF W-dist: 0.7816
  Compliance — pct_negative: 0.0000  sym_score: 0.0197
--- Saved model to checkpoints/pid/state.pt ---
Epoch 66
Epoch 66 | Loss: 0.027136 | Val: 0.145876  |  mse: 0.026289  sym: 0.000366  neg: 0.000482
--- Saved model to checkpoints/pid/state.pt ---
Epoch 67
Epoch 67 | Loss: 0.028507 | Val: 0.146443  |  mse: 0.027482  sym: 0.000474  neg: 0.000551
--- Saved model to checkpoints/pid/state.pt ---
Epoch 68
Epoch 68 | Loss: 0.025256 | Val: 0.144692  |  mse: 0.024295  sym: 0.000454  neg: 0.000508
--- Saved model to checkpoints/pid/state.pt ---
Epoch 69
Epoch 69 | Loss: 0.030909 | Val: 0.147799  |  mse: 0.029819  sym: 0.000552  neg: 0.000538
--- Saved model to checkpoints/pid/state.pt ---
Epoch 70
Epoch 70 | Loss: 0.031418 | Val: 0.146800  |  mse: 0.030429  sym: 0.000436  neg: 0.000553
FITS files saved to results/pid/run_20260626_165125_seed43/generated_fits
Computing FID/KID/PDF at epoch 70...
  FID: 197.2497 | KID: 0.236285
  Pixel PDF W-dist: 0.7770
  Compliance — pct_negative: 0.0000  sym_score: 0.0191
--- Saved model to checkpoints/pid/state.pt ---
Epoch 71
Epoch 71 | Loss: 0.030895 | Val: 0.145028  |  mse: 0.029809  sym: 0.000504  neg: 0.000582
--- Saved model to checkpoints/pid/state.pt ---
Epoch 72
Epoch 72 | Loss: 0.025489 | Val: 0.144866  |  mse: 0.024501  sym: 0.000461  neg: 0.000528
--- Saved model to checkpoints/pid/state.pt ---
Epoch 73
Epoch 73 | Loss: 0.028624 | Val: 0.144199  |  mse: 0.027469  sym: 0.000598  neg: 0.000557
--- Saved model to checkpoints/pid/state.pt ---
Epoch 74
Epoch 74 | Loss: 0.028918 | Val: 0.145419  |  mse: 0.027761  sym: 0.000595  neg: 0.000562
--- Saved model to checkpoints/pid/state.pt ---
Epoch 75
Epoch 75 | Loss: 0.030608 | Val: 0.146920  |  mse: 0.029678  sym: 0.000391  neg: 0.000538
FITS files saved to results/pid/run_20260626_165125_seed43/generated_fits
Computing FID/KID/PDF at epoch 75...
  FID: 207.8676 | KID: 0.252016
  Pixel PDF W-dist: 0.7648
  Compliance — pct_negative: 0.0000  sym_score: 0.0186
--- Saved model to checkpoints/pid/state.pt ---
Epoch 76
Epoch 76 | Loss: 0.024385 | Val: 0.146872  |  mse: 0.023074  sym: 0.000737  neg: 0.000573
--- Saved model to checkpoints/pid/state.pt ---
Epoch 77
Epoch 77 | Loss: 0.023635 | Val: 0.145624  |  mse: 0.022724  sym: 0.000389  neg: 0.000521
--- Saved model to checkpoints/pid/state.pt ---
Epoch 78
Epoch 78 | Loss: 0.033056 | Val: 0.145842  |  mse: 0.031944  sym: 0.000516  neg: 0.000595
--- Saved model to checkpoints/pid/state.pt ---
Epoch 79
Epoch 79 | Loss: 0.026618 | Val: 0.145917  |  mse: 0.025399  sym: 0.000678  neg: 0.000541
--- Saved model to checkpoints/pid/state.pt ---
Epoch 80
Epoch 80 | Loss: 0.024975 | Val: 0.145433  |  mse: 0.024027  sym: 0.000453  neg: 0.000494
FITS files saved to results/pid/run_20260626_165125_seed43/generated_fits
Computing FID/KID/PDF at epoch 80...
  FID: 189.4460 | KID: 0.220699
  Pixel PDF W-dist: 0.6937
  Compliance — pct_negative: 0.0000  sym_score: 0.0170
--- Saved model to checkpoints/pid/state.pt ---
Epoch 81
Epoch 81 | Loss: 0.026922 | Val: 0.147362  |  mse: 0.025992  sym: 0.000417  neg: 0.000512
--- Saved model to checkpoints/pid/state.pt ---
Epoch 82
Epoch 82 | Loss: 0.029676 | Val: 0.145770  |  mse: 0.028679  sym: 0.000443  neg: 0.000554
--- Saved model to checkpoints/pid/state.pt ---
Epoch 83
Epoch 83 | Loss: 0.027116 | Val: 0.145447  |  mse: 0.025890  sym: 0.000700  neg: 0.000526
--- Saved model to checkpoints/pid/state.pt ---
Epoch 84
Epoch 84 | Loss: 0.024885 | Val: 0.144650  |  mse: 0.023586  sym: 0.000757  neg: 0.000543
--- Saved model to checkpoints/pid/state.pt ---
Epoch 85
Epoch 85 | Loss: 0.026147 | Val: 0.150363  |  mse: 0.025210  sym: 0.000431  neg: 0.000507
FITS files saved to results/pid/run_20260626_165125_seed43/generated_fits
Computing FID/KID/PDF at epoch 85...
  FID: 214.6362 | KID: 0.267467
  Pixel PDF W-dist: 0.7929
  Compliance — pct_negative: 0.0000  sym_score: 0.0178
--- Saved model to checkpoints/pid/state.pt ---
Epoch 86
Epoch 86 | Loss: 0.033344 | Val: 0.146057  |  mse: 0.032382  sym: 0.000417  neg: 0.000545
--- Saved model to checkpoints/pid/state.pt ---
Epoch 87
Epoch 87 | Loss: 0.026575 | Val: 0.144892  |  mse: 0.025738  sym: 0.000355  neg: 0.000482
--- Saved model to checkpoints/pid/state.pt ---
Epoch 88
Epoch 88 | Loss: 0.036072 | Val: 0.146018  |  mse: 0.034768  sym: 0.000657  neg: 0.000646
--- Saved model to checkpoints/pid/state.pt ---
Epoch 89
Epoch 89 | Loss: 0.028965 | Val: 0.145162  |  mse: 0.028037  sym: 0.000377  neg: 0.000552
--- Saved model to checkpoints/pid/state.pt ---
Epoch 90
Epoch 90 | Loss: 0.026725 | Val: 0.144752  |  mse: 0.025621  sym: 0.000621  neg: 0.000482
FITS files saved to results/pid/run_20260626_165125_seed43/generated_fits
Computing FID/KID/PDF at epoch 90...
  FID: 203.6996 | KID: 0.243745
  Pixel PDF W-dist: 0.7435
  Compliance — pct_negative: 0.0000  sym_score: 0.0183
--- Saved model to checkpoints/pid/state.pt ---
Epoch 91
Epoch 91 | Loss: 0.025925 | Val: 0.145505  |  mse: 0.024958  sym: 0.000463  neg: 0.000503
--- Saved model to checkpoints/pid/state.pt ---
Epoch 92
Epoch 92 | Loss: 0.026495 | Val: 0.146628  |  mse: 0.025545  sym: 0.000423  neg: 0.000528
--- Saved model to checkpoints/pid/state.pt ---
Epoch 93
Epoch 93 | Loss: 0.026849 | Val: 0.145329  |  mse: 0.025968  sym: 0.000393  neg: 0.000489
--- Saved model to checkpoints/pid/state.pt ---
Epoch 94
Epoch 94 | Loss: 0.028745 | Val: 0.145786  |  mse: 0.027903  sym: 0.000338  neg: 0.000504
--- Saved model to checkpoints/pid/state.pt ---
Epoch 95
Epoch 95 | Loss: 0.028225 | Val: 0.144478  |  mse: 0.027302  sym: 0.000411  neg: 0.000512
FITS files saved to results/pid/run_20260626_165125_seed43/generated_fits
Computing FID/KID/PDF at epoch 95...
  FID: 163.7928 | KID: 0.175609
  Pixel PDF W-dist: 0.6662
  Compliance — pct_negative: 0.0000  sym_score: 0.0168
--- Saved model to checkpoints/pid/state.pt ---
Epoch 96
Epoch 96 | Loss: 0.030149 | Val: 0.145427  |  mse: 0.028960  sym: 0.000630  neg: 0.000559
--- Saved model to checkpoints/pid/state.pt ---
Epoch 97
Epoch 97 | Loss: 0.033881 | Val: 0.144711  |  mse: 0.032949  sym: 0.000380  neg: 0.000552
--- Saved model to checkpoints/pid/state.pt ---
Epoch 98
Epoch 98 | Loss: 0.027221 | Val: 0.144561  |  mse: 0.026165  sym: 0.000505  neg: 0.000551
--- Saved model to checkpoints/pid/state.pt ---
Epoch 99
Epoch 99 | Loss: 0.031957 | Val: 0.143743  |  mse: 0.030723  sym: 0.000632  neg: 0.000601
--- Saved model to checkpoints/pid/state.pt ---
Epoch 100
Epoch 100 | Loss: 0.029085 | Val: 0.143307  |  mse: 0.028227  sym: 0.000333  neg: 0.000526
FITS files saved to results/pid/run_20260626_165125_seed43/generated_fits
Computing FID/KID/PDF at epoch 100...
  FID: 160.0135 | KID: 0.165494
  Pixel PDF W-dist: 0.6304
  Compliance — pct_negative: 0.0000  sym_score: 0.0147
--- Saved model to checkpoints/pid/state.pt ---
Epoch 101
Epoch 101 | Loss: 0.028800 | Val: 0.146624  |  mse: 0.027831  sym: 0.000456  neg: 0.000512
--- Saved model to checkpoints/pid/state.pt ---
Epoch 102
Epoch 102 | Loss: 0.027719 | Val: 0.146411  |  mse: 0.026525  sym: 0.000614  neg: 0.000580
--- Saved model to checkpoints/pid/state.pt ---
Epoch 103
Epoch 103 | Loss: 0.031736 | Val: 0.147052  |  mse: 0.030553  sym: 0.000624  neg: 0.000559
--- Saved model to checkpoints/pid/state.pt ---
Epoch 104
Epoch 104 | Loss: 0.033453 | Val: 0.144209  |  mse: 0.032545  sym: 0.000361  neg: 0.000547
--- Saved model to checkpoints/pid/state.pt ---
Epoch 105
Epoch 105 | Loss: 0.032078 | Val: 0.147980  |  mse: 0.031164  sym: 0.000394  neg: 0.000520
FITS files saved to results/pid/run_20260626_165125_seed43/generated_fits
Computing FID/KID/PDF at epoch 105...
  FID: 190.0328 | KID: 0.212032
  Pixel PDF W-dist: 0.8207
  Compliance — pct_negative: 0.0000  sym_score: 0.0140
--- Saved model to checkpoints/pid/state.pt ---
Epoch 106
Epoch 106 | Loss: 0.024002 | Val: 0.146308  |  mse: 0.022897  sym: 0.000565  neg: 0.000540
--- Saved model to checkpoints/pid/state.pt ---
Epoch 107
Epoch 107 | Loss: 0.027454 | Val: 0.146144  |  mse: 0.026355  sym: 0.000566  neg: 0.000534
--- Saved model to checkpoints/pid/state.pt ---
Epoch 108
Epoch 108 | Loss: 0.022169 | Val: 0.144283  |  mse: 0.021354  sym: 0.000311  neg: 0.000504
--- Saved model to checkpoints/pid/state.pt ---
Epoch 109
Epoch 109 | Loss: 0.026229 | Val: 0.144664  |  mse: 0.025334  sym: 0.000379  neg: 0.000516
--- Saved model to checkpoints/pid/state.pt ---
Epoch 110
Epoch 110 | Loss: 0.026459 | Val: 0.146028  |  mse: 0.025621  sym: 0.000348  neg: 0.000490
FITS files saved to results/pid/run_20260626_165125_seed43/generated_fits
Computing FID/KID/PDF at epoch 110...
  FID: 186.4888 | KID: 0.217194
  Pixel PDF W-dist: 0.7540
  Compliance — pct_negative: 0.0000  sym_score: 0.0178
--- Saved model to checkpoints/pid/state.pt ---
Epoch 111
Epoch 111 | Loss: 0.031253 | Val: 0.146247  |  mse: 0.030039  sym: 0.000674  neg: 0.000540
--- Saved model to checkpoints/pid/state.pt ---
Epoch 112
Epoch 112 | Loss: 0.029789 | Val: 0.146152  |  mse: 0.028610  sym: 0.000587  neg: 0.000593
--- Saved model to checkpoints/pid/state.pt ---
Epoch 113
Epoch 113 | Loss: 0.035635 | Val: 0.144185  |  mse: 0.034612  sym: 0.000415  neg: 0.000607
--- Saved model to checkpoints/pid/state.pt ---
Epoch 114
Epoch 114 | Loss: 0.028430 | Val: 0.144546  |  mse: 0.027573  sym: 0.000358  neg: 0.000499
--- Saved model to checkpoints/pid/state.pt ---
Epoch 115
