CUDA Memory Cleared. Current VRAM Usage: 0.00 MB
On device cuda
Getting data loader mirabest_fits
Loaded FITS stats: noise_rms=0.000274, peak_log=3.938847
Total unique classes found: 2
Label IDs: [0, 1]
Total images in dataset: 1221
Total batches: 107 (at batch size 8)
Starting diffusion optimization: 25 trials over ['learning_rate', 'label_dropout', 'weight_decay', 'embedding_dim']
Search is scheduled for 25 steps
======================= Summary =======================
Mode              : Best f   : Steps : Time            
----------------  : ----     : ----  : ----            
Initial solution  : -0.04121 : 1     : 08:18 (m:s)     
Random seeding    : -0.03405 : 5     : 41:21 (m:s)     
Local sampling    : -0.01976 : 18    : 02:29:06 (h:m:s)
Duplicates        : -        : 1     : -               
----------------  : ----     : ----  : ----            
Total             : -0.01976 : 25    : 03:18:46 (h:m:s)
=======================================================
Best params for diffusion: {'learning_rate': 8.312490839020278e-05, 'label_dropout': 0.05, 'weight_decay': 0.0027990251752209577, 'embedding_dim': 128}
Saved to results/diffusion/run_20260629_134616/best_params.json and results/diffusion/run_20260629_134616/best_params.yaml
