CUDA Memory Cleared. Current VRAM Usage: 0.00 MB
On device cuda
Getting data loader mirabest_fits
Loaded FITS stats: noise_rms=0.000274, peak_log=3.938847
Total unique classes found: 2
Label IDs: [0, 1]
Total images in dataset: 1221
Total batches: 107 (at batch size 8)
Starting pid optimization: 25 trials over ['learning_rate', 'label_dropout', 'weight_decay', 'embedding_dim', 'lambda_sym', 'lambda_neg']
Search is scheduled for 25 steps
Remote process caught exception in objective function: 
======================================================
Traceback (most recent call last):
  File "/idia/users/bevan/pid-radast/classifier-guided-physics-informed-diffusion/.venv/lib/python3.11/site-packages/pyhopper/parallel.py", line 227, in execute
    iter_or_result = objective_function(candidate, **kwargs)
                     ^^^^^^^^^^^^^^^^^^^^^^^^^^^^^^^^^^^^^^^
  File "/idia/users/bevan/pid-radast/classifier-guided-physics-informed-diffusion/src/pipelines/optimize_parameters_pipeline.py", line 510, in <lambda>
    objective = lambda params: objective_fn(params, cfg, trainloader, valloader, device,
                               ^^^^^^^^^^^^^^^^^^^^^^^^^^^^^^^^^^^^^^^^^^^^^^^^^^^^^^^^^
  File "/idia/users/bevan/pid-radast/classifier-guided-physics-informed-diffusion/src/pipelines/optimize_parameters_pipeline.py", line 269, in _objective_pid
    loss = mse + physics_loss(x_0_pred, lambda_sym, lambda_neg)
                 ^^^^^^^^^^^^^^^^^^^^^^^^^^^^^^^^^^^^^^^^^^^^^^
TypeError: physics_loss() takes 2 positional arguments but 3 were given

======================================================
