CUDA Memory Cleared. Current VRAM Usage: 0.00 MB
On device cuda
Getting data loader crumb
Total unique classes found: 2
Label IDs: [0, 1]
Total images in dataset: 2003
Total batches: 86 (at batch size 16)
Starting classification optimization: 25 trials over ['learning_rate', 'weight_decay', 'batch_size']
Search is scheduled for 25 steps
==================== Summary ===================
Mode              : Best f : Steps : Time       
----------------  : ----   : ----  : ----       
Initial solution  : 0.7114 : 1     : 52 s       
Random seeding    : 0.7522 : 5     : 02:39 (m:s)
Local sampling    : 0.7843 : 17    : 09:41 (m:s)
Duplicates        : -      : 2     : -          
----------------  : ----   : ----  : ----       
Total             : 0.7843 : 25    : 13:12 (m:s)
================================================
Best params for classification: {'learning_rate': 3.0861266651739854e-05, 'weight_decay': 0.0030841273535875168, 'batch_size': 16}
Saved to results/classification/run_20260628_191303/best_params.json and results/classification/run_20260628_191303/best_params.yaml
