CUDA Memory Cleared. Current VRAM Usage: 0.00 MB
On device cuda
Getting data loader crumb
Total unique classes found: 2
Label IDs: [0, 1]
Total images in dataset: 2003
Total batches: 86 (at batch size 16)
Starting robust_classification optimization: 25 trials over ['learning_rate', 'weight_decay', 'momentum', 'warmup_epochs', 'transition_epochs', 'trades_beta', 'pgd.epsilon', 'pgd.alpha', 'pgd.num_steps']
Search is scheduled for 25 steps
====================== Summary ======================
Mode              : Best f : Steps : Time            
----------------  : ----   : ----  : ----            
Initial solution  : 0.4752 : 1     : 03:27 (m:s)     
Random seeding    : 0.5481 : 5     : 23:56 (m:s)     
Local sampling    : 0.5277 : 19    : 01:12:45 (h:m:s)
----------------  : ----   : ----  : ----            
Total             : 0.5481 : 25    : 01:40:09 (h:m:s)
=====================================================
Best params for robust_classification: {'learning_rate': 0.0003860626299443583, 'weight_decay': 6.912507507810066e-05, 'momentum': 0.9601593338971406, 'warmup_epochs': 20, 'transition_epochs': 15, 'trades_beta': 8.401406312046173, 'pgd.epsilon': 0.013532639390515262, 'pgd.alpha': 0.0036998700546648183, 'pgd.num_steps': 10}
Saved to results/robust_classification/run_20260629_134558/best_params.json and results/robust_classification/run_20260629_134558/best_params.yaml
