CUDA Memory Cleared. Current VRAM Usage: 0.00 MB
On device cuda
Getting data loader crumb
Total unique classes found: 2
Label IDs: [0, 1]
Total images in dataset: 2003
Total batches: 86 (at batch size 16)
Starting robust_classification optimization: 25 trials over ['learning_rate', 'weight_decay', 'momentum', 'warmup_epochs', 'transition_epochs', 'trades_beta', 'pgd.epsilon', 'pgd.alpha', 'pgd.num_steps']
Search is scheduled for 25 steps
====================== Summary ======================
Mode              : Best f : Steps : Time            
----------------  : ----   : ----  : ----            
Initial solution  : 0.4781 : 1     : 03:16 (m:s)     
Random seeding    : 0.5452 : 5     : 36:30 (m:s)     
Local sampling    : 0.5219 : 19    : 02:33:56 (h:m:s)
----------------  : ----   : ----  : ----            
Total             : 0.5452 : 25    : 03:13:43 (h:m:s)
=====================================================
Best params for robust_classification: {'learning_rate': 0.003197267211783691, 'weight_decay': 0.0027584890854206985, 'momentum': 0.9116646213437151, 'warmup_epochs': 30, 'transition_epochs': 15, 'trades_beta': 3.577679870970874, 'pgd.epsilon': 0.09220277726992455, 'pgd.alpha': 0.0012337144983744607, 'pgd.num_steps': 40}
Saved to results/robust_classification/run_20260628_192629/best_params.json and results/robust_classification/run_20260628_192629/best_params.yaml
