CUDA Memory Cleared. Current VRAM Usage: 0.00 MB
On device cuda
Getting data loader crumb
Total unique classes found: 2
Label IDs: [0, 1]
Total images in dataset: 2003
Total batches: 86 (at batch size 16)
Starting classification optimization: 25 trials over ['learning_rate', 'weight_decay', 'batch_size']
Search is scheduled for 25 steps
==================== Summary ===================
Mode              : Best f : Steps : Time       
----------------  : ----   : ----  : ----       
Initial solution  : 0.7085 : 1     : 52 s       
Random seeding    : 0.7522 : 5     : 03:21 (m:s)
Local sampling    : 0.7872 : 17    : 11:05 (m:s)
Duplicates        : -      : 2     : -          
----------------  : ----   : ----  : ----       
Total             : 0.7872 : 25    : 15:18 (m:s)
================================================
Best params for classification: {'learning_rate': 1.6850506699025968e-05, 'weight_decay': 0.009500082335089189, 'batch_size': 8}
Saved to results/classification/run_20260629_134558/best_params.json and results/classification/run_20260629_134558/best_params.yaml
